Log file open, 05/30/23 15:42:12
LogWindows: Failed to load 'aqProf.dll' (GetLastError=126)
LogWindows: File 'aqProf.dll' does not exist
LogWindows: Failed to load 'VtuneApi.dll' (GetLastError=126)
LogWindows: File 'VtuneApi.dll' does not exist
LogWindows: Failed to load 'VtuneApi32e.dll' (GetLastError=126)
LogWindows: File 'VtuneApi32e.dll' does not exist
LogConsoleResponse: Display: Failed to find resolution value strings in scalability ini. Falling back to default.
LogConsoleResponse: Display: Failed to find resolution value strings in scalability ini. Falling back to default.
LogInit: Display: Running engine for game: Project
LogPlatformFile: Not using cached read wrapper
LogTaskGraph: Started task graph with 5 named threads and 23 total threads with 3 sets of task threads.
LogStats: Stats thread started at 0.275282
LogICUInternationalization: ICU TimeZone Detection - Raw Offset: +10:00, Platform Override: ''
LogInit: Display: Loading text-based GConfig....
LogPluginManager: Mounting plugin MeshPainting
LogPluginManager: Mounting plugin XGEController
LogPluginManager: Mounting plugin LiveLink
LogPluginManager: Mounting plugin Paper2D
LogPluginManager: Mounting plugin LightPropagationVolume
LogPluginManager: Mounting plugin OodleData
LogPluginManager: Mounting plugin OodleNetwork
LogPluginManager: Mounting plugin GameplayCameras
LogPluginManager: Mounting plugin CameraShakePreviewer
LogPluginManager: Mounting plugin AssetManagerEditor
LogPluginManager: Mounting plugin CryptoKeys
LogPluginManager: Mounting plugin CurveEditorTools
LogPluginManager: Mounting plugin DataValidation
LogPluginManager: Mounting plugin FacialAnimation
LogPluginManager: Mounting plugin GameplayTagsEditor
LogPluginManager: Mounting plugin GeometryMode
LogPluginManager: Mounting plugin MaterialAnalyzer
LogPluginManager: Mounting plugin MacGraphicsSwitching
LogPluginManager: Mounting plugin MobileLauncherProfileWizard
LogPluginManager: Mounting plugin PluginBrowser
LogPluginManager: Mounting plugin SpeedTreeImporter
LogPluginManager: Mounting plugin DatasmithContent
LogPluginManager: Mounting plugin AnimationSharing
LogPluginManager: Mounting plugin VariantManagerContent
LogPluginManager: Mounting plugin Niagara
LogPluginManager: Mounting plugin CLionSourceCodeAccess
LogPluginManager: Mounting plugin CodeLiteSourceCodeAccess
LogPluginManager: Mounting plugin GitSourceControl
LogPluginManager: Mounting plugin KDevelopSourceCodeAccess
LogPluginManager: Mounting plugin PixWinPlugin
LogPluginManager: Mounting plugin PerforceSourceControl
LogPluginManager: Mounting plugin NullSourceCodeAccess
LogPluginManager: Mounting plugin PlasticSourceControl
LogPluginManager: Mounting plugin PluginUtils
LogPluginManager: Mounting plugin PropertyAccessNode
LogPluginManager: Mounting plugin RiderSourceCodeAccess
LogPluginManager: Mounting plugin TextureFormatOodle
LogPluginManager: Mounting plugin SubversionSourceControl
LogPluginManager: Mounting plugin UObjectPlugin
LogPluginManager: Mounting plugin VisualStudioSourceCodeAccess
LogPluginManager: Mounting plugin VisualStudioCodeSourceCodeAccess
LogPluginManager: Mounting plugin XCodeSourceCodeAccess
LogPluginManager: Mounting plugin LuminPlatformFeatures
LogPluginManager: Mounting plugin MagicLeap
LogPluginManager: Mounting plugin MagicLeapLightEstimation
LogPluginManager: Mounting plugin MagicLeapMedia
LogPluginManager: Mounting plugin MagicLeapPassableWorld
LogPluginManager: Mounting plugin MLSDK
LogPluginManager: Mounting plugin AlembicImporter
LogPluginManager: Mounting plugin AutomationUtils
LogPluginManager: Mounting plugin BackChannel
LogPluginManager: Mounting plugin ChaosClothEditor
LogPluginManager: Mounting plugin ChaosCloth
LogPluginManager: Mounting plugin ChaosEditor
LogPluginManager: Mounting plugin ChaosSolverPlugin
LogPluginManager: Mounting plugin ChaosNiagara
LogPluginManager: Mounting plugin CharacterAI
LogPluginManager: Mounting plugin GeometryCache
LogPluginManager: Mounting plugin GeometryCollectionPlugin
LogPluginManager: Mounting plugin AndroidMedia
LogPluginManager: Mounting plugin AvfMedia
LogPluginManager: Mounting plugin TcpMessaging
LogPluginManager: Mounting plugin UdpMessaging
LogPluginManager: Mounting plugin ImgMedia
LogPluginManager: Mounting plugin MediaCompositing
LogPluginManager: Mounting plugin MediaPlayerEditor
LogPluginManager: Mounting plugin WebMMedia
LogPluginManager: Mounting plugin WmfMedia
LogPluginManager: Mounting plugin ActorSequence
LogPluginManager: Mounting plugin LevelSequenceEditor
LogPluginManager: Mounting plugin MatineeToLevelSequence
LogPluginManager: Mounting plugin TemplateSequence
LogPluginManager: Mounting plugin GeometryProcessing
LogPluginManager: Mounting plugin OpenImageDenoise
LogPluginManager: Mounting plugin MotoSynth
LogPluginManager: Mounting plugin PlanarCut
LogPluginManager: Mounting plugin PlatformCrypto
LogPluginManager: Mounting plugin ProxyLODPlugin
LogPluginManager: Mounting plugin PythonScriptPlugin
LogPluginManager: Mounting plugin SkeletalReduction
LogPluginManager: Mounting plugin LauncherChunkInstaller
LogPluginManager: Mounting plugin OnlineSubsystem
LogPluginManager: Mounting plugin OnlineSubsystemNull
LogPluginManager: Mounting plugin OnlineSubsystemUtils
LogPluginManager: Mounting plugin ActorLayerUtilities
LogPluginManager: Mounting plugin AndroidDeviceProfileSelector
LogPluginManager: Mounting plugin AndroidMoviePlayer
LogPluginManager: Mounting plugin AndroidPermission
LogPluginManager: Mounting plugin AppleImageUtils
LogPluginManager: Mounting plugin AppleMoviePlayer
LogPluginManager: Mounting plugin ArchVisCharacter
LogPluginManager: Mounting plugin AudioCapture
LogPluginManager: Mounting plugin AssetTags
LogPluginManager: Mounting plugin AudioSynesthesia
LogPluginManager: Mounting plugin ChunkDownloader
LogPluginManager: Mounting plugin CableComponent
LogPluginManager: Mounting plugin CustomMeshComponent
LogPluginManager: Mounting plugin EditableMesh
LogPluginManager: Mounting plugin ExampleDeviceProfileSelector
LogPluginManager: Mounting plugin GoogleCloudMessaging
LogPluginManager: Mounting plugin GooglePAD
LogPluginManager: Mounting plugin ScreenshotTools
LogPluginManager: Mounting plugin IOSDeviceProfileSelector
LogPluginManager: Mounting plugin LinuxDeviceProfileSelector
LogPluginManager: Mounting plugin LocationServicesBPLibrary
LogPluginManager: Mounting plugin MobilePatchingUtils
LogPluginManager: Mounting plugin OpenXR
LogPluginManager: Mounting plugin OpenXREyeTracker
LogPluginManager: Mounting plugin OpenXRHandTracking
LogPluginManager: Mounting plugin PhysXVehicles
LogPluginManager: Mounting plugin Takes
LogPluginManager: Mounting plugin PostSplashScreen
LogPluginManager: Mounting plugin ProceduralMeshComponent
LogPluginManager: Mounting plugin RuntimePhysXCooking
LogPluginManager: Mounting plugin SoundFields
LogPluginManager: Mounting plugin PropertyAccessEditor
LogPluginManager: Mounting plugin SignificanceManager
LogPluginManager: Mounting plugin Synthesis
LogPluginManager: Mounting plugin WebMMoviePlayer
LogPluginManager: Mounting plugin WindowsMoviePlayer
LogPluginManager: Mounting plugin AISupport
LogPluginManager: Mounting plugin EnvironmentQueryEditor
LogPluginManager: Mounting plugin ContentBrowserClassDataSource
LogPluginManager: Mounting plugin ContentBrowserAssetDataSource
LogPluginManager: Mounting plugin ContentBrowserFileDataSource
LogPluginManager: Mounting plugin OnlineSubsystemGooglePlay
LogPluginManager: Mounting plugin OnlineSubsystemIOS
LogPluginManager: Mounting plugin OculusVR
LogPluginManager: Mounting plugin SteamVR
PixWinPlugin: PIX capture plugin failed to initialize! Check that the process is launched from PIX.
LogInit: Using libcurl 7.55.1-DEV
LogInit:  - built for x86_64-pc-win32
LogInit:  - supports SSL with OpenSSL/1.1.1
LogInit:  - supports HTTP deflate (compression) using libz 1.2.8
LogInit:  - other features:
LogInit:      CURL_VERSION_SSL
LogInit:      CURL_VERSION_LIBZ
LogInit:      CURL_VERSION_IPV6
LogInit:      CURL_VERSION_ASYNCHDNS
LogInit:      CURL_VERSION_LARGEFILE
LogInit:      CURL_VERSION_IDN
LogInit:  CurlRequestOptions (configurable via config and command line):
LogInit:  - bVerifyPeer = true  - Libcurl will verify peer certificate
LogInit:  - bUseHttpProxy = false  - Libcurl will NOT use HTTP proxy
LogInit:  - bDontReuseConnections = false  - Libcurl will reuse connections
LogInit:  - MaxHostConnections = 16  - Libcurl will limit the number of connections to a host
LogInit:  - LocalHostAddr = Default
LogInit:  - BufferSize = 65536
LogOnline: OSS: Creating online subsystem instance for: NULL
LogInit: WinSock: version 1.1 (2.2), MaxSocks=32767, MaxUdp=65467
LogOnline: OSS: TryLoadSubsystemAndSetDefault: Loaded subsystem for module [NULL]
LogOculusPluginWrapper: OculusPlugin initialized successfully
LogHMD: Failed initializing OVRPlugin 1.59.0
LogInit: Build: ++UE4+Release-4.27-CL-18319896
LogInit: Engine Version: 4.27.2-18319896+++UE4+Release-4.27
LogInit: Compatible Engine Version: 4.27.0-17155196+++UE4+Release-4.27
LogInit: Net CL: 17155196
LogInit: OS: Windows 10 (Release 2009) (), CPU: Intel(R) Core(TM) i7-6700 CPU @ 3.40GHz, GPU: NVIDIA GeForce GTX 960
LogInit: Compiled (64-bit): Nov 30 2021 07:12:08
LogInit: Compiled with Visual C++: 19.24.28315.00
LogInit: Build Configuration: Development
LogInit: Branch Name: ++UE4+Release-4.27
LogInit: Command Line:  /Game/Level/MainLevel -game -PIEVIACONSOLE -Multiprocess GameUserSettingsINI=C:/Users/S214666/GitRepos/ClientProject/ProjectC/Project/Saved/Config/Windows/PIEGameUserSettings0.ini -MultiprocessSaveConfig -forcepassthrough -messaging -SessionName="Play in Standalone Game" -windowed -WinX=0 -WinY=24 SAVEWINPOS=1 -ResX=1910 -ResY=1006
LogInit: Base Directory: C:/Program Files/Epic Games/UE_4.27/Engine/Binaries/Win64/
LogInit: Allocator: TBB
LogInit: Installed Engine Build: 1
LogDevObjectVersion: Number of dev versions registered: 29
LogDevObjectVersion:   Dev-Blueprints (B0D832E4-1F89-4F0D-ACCF-7EB736FD4AA2): 10
LogDevObjectVersion:   Dev-Build (E1C64328-A22C-4D53-A36C-8E866417BD8C): 0
LogDevObjectVersion:   Dev-Core (375EC13C-06E4-48FB-B500-84F0262A717E): 4
LogDevObjectVersion:   Dev-Editor (E4B068ED-F494-42E9-A231-DA0B2E46BB41): 40
LogDevObjectVersion:   Dev-Framework (CFFC743F-43B0-4480-9391-14DF171D2073): 37
LogDevObjectVersion:   Dev-Mobile (B02B49B5-BB20-44E9-A304-32B752E40360): 3
LogDevObjectVersion:   Dev-Networking (A4E4105C-59A1-49B5-A7C5-40C4547EDFEE): 0
LogDevObjectVersion:   Dev-Online (39C831C9-5AE6-47DC-9A44-9C173E1C8E7C): 0
LogDevObjectVersion:   Dev-Physics (78F01B33-EBEA-4F98-B9B4-84EACCB95AA2): 14
LogDevObjectVersion:   Dev-Platform (6631380F-2D4D-43E0-8009-CF276956A95A): 0
LogDevObjectVersion:   Dev-Rendering (12F88B9F-8875-4AFC-A67C-D90C383ABD29): 45
LogDevObjectVersion:   Dev-Sequencer (7B5AE74C-D270-4C10-A958-57980B212A5A): 13
LogDevObjectVersion:   Dev-VR (D7296918-1DD6-4BDD-9DE2-64A83CC13884): 3
LogDevObjectVersion:   Dev-LoadTimes (C2A15278-BFE7-4AFE-6C17-90FF531DF755): 1
LogDevObjectVersion:   Private-Geometry (6EACA3D4-40EC-4CC1-B786-8BED09428FC5): 3
LogDevObjectVersion:   Dev-AnimPhys (29E575DD-E0A3-4627-9D10-D276232CDCEA): 17
LogDevObjectVersion:   Dev-Anim (AF43A65D-7FD3-4947-9873-3E8ED9C1BB05): 15
LogDevObjectVersion:   Dev-ReflectionCapture (6B266CEC-1EC7-4B8F-A30B-E4D90942FC07): 1
LogDevObjectVersion:   Dev-Automation (0DF73D61-A23F-47EA-B727-89E90C41499A): 1
LogDevObjectVersion:   FortniteMain (601D1886-AC64-4F84-AA16-D3DE0DEAC7D6): 47
LogDevObjectVersion:   FortniteRelease (E7086368-6B23-4C58-8439-1B7016265E91): 1
LogDevObjectVersion:   Dev-Enterprise (9DFFBCD6-494F-0158-E221-12823C92A888): 10
LogDevObjectVersion:   Dev-Niagara (F2AED0AC-9AFE-416F-8664-AA7FFA26D6FC): 1
LogDevObjectVersion:   Dev-Destruction (174F1F0B-B4C6-45A5-B13F-2EE8D0FB917D): 10
LogDevObjectVersion:   Dev-Physics-Ext (35F94A83-E258-406C-A318-09F59610247C): 41
LogDevObjectVersion:   Dev-PhysicsMaterial-Chaos (B68FC16E-8B1B-42E2-B453-215C058844FE): 1
LogDevObjectVersion:   Dev-CineCamera (B2E18506-4273-CFC2-A54E-F4BB758BBA07): 1
LogDevObjectVersion:   Dev-VirtualProduction (64F58936-FD1B-42BA-BA96-7289D5D0FA4E): 1
LogDevObjectVersion:   Dev-MediaFramework (6F0ED827-A609-4895-9C91-998D90180EA4): 2
LogInit: Presizing for max 25165824 objects, including 0 objects not considered by GC, pre-allocating 0 bytes for permanent pool.
LogConfig: Applying CVar settings from Section [/Script/Engine.StreamingSettings] File [C:/Users/S214666/GitRepos/ClientProject/ProjectC/Project/Saved/Config/Windows/Engine.ini]
LogConfig: Setting CVar [[s.MinBulkDataSizeForAsyncLoading:131072]]
LogConfig: Setting CVar [[s.AsyncLoadingThreadEnabled:0]]
LogConfig: Setting CVar [[s.EventDrivenLoaderEnabled:1]]
LogConfig: Setting CVar [[s.WarnIfTimeLimitExceeded:0]]
LogConfig: Setting CVar [[s.TimeLimitExceededMultiplier:1.5]]
LogConfig: Setting CVar [[s.TimeLimitExceededMinTime:0.005]]
LogConfig: Setting CVar [[s.UseBackgroundLevelStreaming:1]]
LogConfig: Setting CVar [[s.PriorityAsyncLoadingExtraTime:15.0]]
LogConfig: Setting CVar [[s.LevelStreamingActorsUpdateTimeLimit:5.0]]
LogConfig: Setting CVar [[s.PriorityLevelStreamingActorsUpdateExtraTime:5.0]]
LogConfig: Setting CVar [[s.LevelStreamingComponentsRegistrationGranularity:10]]
LogConfig: Setting CVar [[s.UnregisterComponentsTimeLimit:1.0]]
LogConfig: Setting CVar [[s.LevelStreamingComponentsUnregistrationGranularity:5]]
LogConfig: Setting CVar [[s.FlushStreamingOnExit:1]]
LogInit: Object subsystem initialized
LogConfig: Setting CVar [[con.DebugEarlyDefault:1]]
LogConfig: Setting CVar [[r.setres:1280x720]]
[2023.05.30-05.42.13:269][  0]LogConfig: Setting CVar [[con.DebugEarlyDefault:1]]
[2023.05.30-05.42.13:269][  0]LogConfig: Setting CVar [[r.setres:1280x720]]
[2023.05.30-05.42.13:269][  0]LogConfig: Applying CVar settings from Section [/Script/Engine.RendererSettings] File [C:/Users/S214666/GitRepos/ClientProject/ProjectC/Project/Saved/Config/Windows/Engine.ini]
[2023.05.30-05.42.13:269][  0]LogConfig: Setting CVar [[r.GPUCrashDebugging:0]]
[2023.05.30-05.42.13:269][  0]LogConfig: Applying CVar settings from Section [/Script/Engine.RendererOverrideSettings] File [C:/Users/S214666/GitRepos/ClientProject/ProjectC/Project/Saved/Config/Windows/Engine.ini]
[2023.05.30-05.42.13:269][  0]LogConfig: Applying CVar settings from Section [/Script/Engine.StreamingSettings] File [C:/Users/S214666/GitRepos/ClientProject/ProjectC/Project/Saved/Config/Windows/Engine.ini]
[2023.05.30-05.42.13:269][  0]LogConfig: Setting CVar [[s.MinBulkDataSizeForAsyncLoading:131072]]
[2023.05.30-05.42.13:269][  0]LogConfig: Setting CVar [[s.AsyncLoadingThreadEnabled:0]]
[2023.05.30-05.42.13:269][  0]LogConfig: Setting CVar [[s.EventDrivenLoaderEnabled:1]]
[2023.05.30-05.42.13:269][  0]LogConfig: Setting CVar [[s.WarnIfTimeLimitExceeded:0]]
[2023.05.30-05.42.13:269][  0]LogConfig: Setting CVar [[s.TimeLimitExceededMultiplier:1.5]]
[2023.05.30-05.42.13:269][  0]LogConfig: Setting CVar [[s.TimeLimitExceededMinTime:0.005]]
[2023.05.30-05.42.13:269][  0]LogConfig: Setting CVar [[s.UseBackgroundLevelStreaming:1]]
[2023.05.30-05.42.13:269][  0]LogConfig: Setting CVar [[s.PriorityAsyncLoadingExtraTime:15.0]]
[2023.05.30-05.42.13:269][  0]LogConfig: Setting CVar [[s.LevelStreamingActorsUpdateTimeLimit:5.0]]
[2023.05.30-05.42.13:269][  0]LogConfig: Setting CVar [[s.PriorityLevelStreamingActorsUpdateExtraTime:5.0]]
[2023.05.30-05.42.13:269][  0]LogConfig: Setting CVar [[s.LevelStreamingComponentsRegistrationGranularity:10]]
[2023.05.30-05.42.13:269][  0]LogConfig: Setting CVar [[s.UnregisterComponentsTimeLimit:1.0]]
[2023.05.30-05.42.13:269][  0]LogConfig: Setting CVar [[s.LevelStreamingComponentsUnregistrationGranularity:5]]
[2023.05.30-05.42.13:269][  0]LogConfig: Setting CVar [[s.FlushStreamingOnExit:1]]
[2023.05.30-05.42.13:269][  0]LogConfig: Applying CVar settings from Section [/Script/Engine.GarbageCollectionSettings] File [C:/Users/S214666/GitRepos/ClientProject/ProjectC/Project/Saved/Config/Windows/Engine.ini]
[2023.05.30-05.42.13:269][  0]LogConfig: Setting CVar [[gc.MaxObjectsNotConsideredByGC:1]]
[2023.05.30-05.42.13:269][  0]LogConfig: Setting CVar [[gc.SizeOfPermanentObjectPool:0]]
[2023.05.30-05.42.13:269][  0]LogConfig: Setting CVar [[gc.FlushStreamingOnGC:0]]
[2023.05.30-05.42.13:269][  0]LogConfig: Setting CVar [[gc.NumRetriesBeforeForcingGC:10]]
[2023.05.30-05.42.13:269][  0]LogConfig: Setting CVar [[gc.AllowParallelGC:1]]
[2023.05.30-05.42.13:269][  0]LogConfig: Setting CVar [[gc.TimeBetweenPurgingPendingKillObjects:61.1]]
[2023.05.30-05.42.13:269][  0]LogConfig: Setting CVar [[gc.MaxObjectsInEditor:25165824]]
[2023.05.30-05.42.13:270][  0]LogConfig: Setting CVar [[gc.IncrementalBeginDestroyEnabled:1]]
[2023.05.30-05.42.13:270][  0]LogConfig: Setting CVar [[gc.CreateGCClusters:1]]
[2023.05.30-05.42.13:270][  0]LogConfig: Setting CVar [[gc.MinGCClusterSize:5]]
[2023.05.30-05.42.13:270][  0]LogConfig: Setting CVar [[gc.ActorClusteringEnabled:0]]
[2023.05.30-05.42.13:270][  0]LogConfig: Setting CVar [[gc.BlueprintClusteringEnabled:0]]
[2023.05.30-05.42.13:270][  0]LogConfig: Setting CVar [[gc.UseDisregardForGCOnDedicatedServers:0]]
[2023.05.30-05.42.13:270][  0]LogConfig: Setting CVar [[gc.MultithreadedDestructionEnabled:1]]
[2023.05.30-05.42.13:270][  0]LogConfig: Applying CVar settings from Section [/Script/Engine.NetworkSettings] File [C:/Users/S214666/GitRepos/ClientProject/ProjectC/Project/Saved/Config/Windows/Engine.ini]
[2023.05.30-05.42.13:270][  0]LogConfig: Applying CVar settings from Section [/Script/UnrealEd.CookerSettings] File [C:/Users/S214666/GitRepos/ClientProject/ProjectC/Project/Saved/Config/Windows/Engine.ini]
[2023.05.30-05.42.13:283][  0]LogConfig: Applying CVar settings from Section [ViewDistanceQuality@3] File [C:/Users/S214666/GitRepos/ClientProject/ProjectC/Project/Saved/Config/Windows/Scalability.ini]
[2023.05.30-05.42.13:283][  0]LogConfig: Setting CVar [[r.SkeletalMeshLODBias:0]]
[2023.05.30-05.42.13:283][  0]LogConfig: Setting CVar [[r.ViewDistanceScale:1.0]]
[2023.05.30-05.42.13:283][  0]LogConfig: Applying CVar settings from Section [AntiAliasingQuality@3] File [C:/Users/S214666/GitRepos/ClientProject/ProjectC/Project/Saved/Config/Windows/Scalability.ini]
[2023.05.30-05.42.13:283][  0]LogConfig: Setting CVar [[r.PostProcessAAQuality:4]]
[2023.05.30-05.42.13:283][  0]LogConfig: Applying CVar settings from Section [ShadowQuality@3] File [C:/Users/S214666/GitRepos/ClientProject/ProjectC/Project/Saved/Config/Windows/Scalability.ini]
[2023.05.30-05.42.13:283][  0]LogConfig: Setting CVar [[r.LightFunctionQuality:1]]
[2023.05.30-05.42.13:283][  0]LogConfig: Setting CVar [[r.ShadowQuality:5]]
[2023.05.30-05.42.13:283][  0]LogConfig: Setting CVar [[r.Shadow.CSM.MaxCascades:10]]
[2023.05.30-05.42.13:283][  0]LogConfig: Setting CVar [[r.Shadow.MaxResolution:2048]]
[2023.05.30-05.42.13:283][  0]LogConfig: Setting CVar [[r.Shadow.MaxCSMResolution:2048]]
[2023.05.30-05.42.13:283][  0]LogConfig: Setting CVar [[r.Shadow.RadiusThreshold:0.01]]
[2023.05.30-05.42.13:283][  0]LogConfig: Setting CVar [[r.Shadow.DistanceScale:1.0]]
[2023.05.30-05.42.13:283][  0]LogConfig: Setting CVar [[r.Shadow.CSM.TransitionScale:1.0]]
[2023.05.30-05.42.13:283][  0]LogConfig: Setting CVar [[r.Shadow.PreShadowResolutionFactor:1.0]]
[2023.05.30-05.42.13:283][  0]LogConfig: Setting CVar [[r.DistanceFieldShadowing:1]]
[2023.05.30-05.42.13:283][  0]LogConfig: Setting CVar [[r.DistanceFieldAO:1]]
[2023.05.30-05.42.13:283][  0]LogConfig: Setting CVar [[r.AOQuality:2]]
[2023.05.30-05.42.13:283][  0]LogConfig: Setting CVar [[r.VolumetricFog:1]]
[2023.05.30-05.42.13:283][  0]LogConfig: Setting CVar [[r.VolumetricFog.GridPixelSize:8]]
[2023.05.30-05.42.13:283][  0]LogConfig: Setting CVar [[r.VolumetricFog.GridSizeZ:128]]
[2023.05.30-05.42.13:283][  0]LogConfig: Setting CVar [[r.VolumetricFog.HistoryMissSupersampleCount:4]]
[2023.05.30-05.42.13:283][  0]LogConfig: Setting CVar [[r.LightMaxDrawDistanceScale:1]]
[2023.05.30-05.42.13:283][  0]LogConfig: Setting CVar [[r.CapsuleShadows:1]]
[2023.05.30-05.42.13:283][  0]LogConfig: Applying CVar settings from Section [PostProcessQuality@3] File [C:/Users/S214666/GitRepos/ClientProject/ProjectC/Project/Saved/Config/Windows/Scalability.ini]
[2023.05.30-05.42.13:283][  0]LogConfig: Setting CVar [[r.MotionBlurQuality:4]]
[2023.05.30-05.42.13:283][  0]LogConfig: Setting CVar [[r.AmbientOcclusionMipLevelFactor:0.4]]
[2023.05.30-05.42.13:283][  0]LogConfig: Setting CVar [[r.AmbientOcclusionMaxQuality:100]]
[2023.05.30-05.42.13:283][  0]LogConfig: Setting CVar [[r.AmbientOcclusionLevels:-1]]
[2023.05.30-05.42.13:283][  0]LogConfig: Setting CVar [[r.AmbientOcclusionRadiusScale:1.0]]
[2023.05.30-05.42.13:283][  0]LogConfig: Setting CVar [[r.DepthOfFieldQuality:2]]
[2023.05.30-05.42.13:283][  0]LogConfig: Setting CVar [[r.RenderTargetPoolMin:400]]
[2023.05.30-05.42.13:283][  0]LogConfig: Setting CVar [[r.LensFlareQuality:2]]
[2023.05.30-05.42.13:283][  0]LogConfig: Setting CVar [[r.SceneColorFringeQuality:1]]
[2023.05.30-05.42.13:283][  0]LogConfig: Setting CVar [[r.EyeAdaptationQuality:2]]
[2023.05.30-05.42.13:283][  0]LogConfig: Setting CVar [[r.BloomQuality:5]]
[2023.05.30-05.42.13:283][  0]LogConfig: Setting CVar [[r.FastBlurThreshold:100]]
[2023.05.30-05.42.13:283][  0]LogConfig: Setting CVar [[r.Upscale.Quality:3]]
[2023.05.30-05.42.13:283][  0]LogConfig: Setting CVar [[r.Tonemapper.GrainQuantization:1]]
[2023.05.30-05.42.13:283][  0]LogConfig: Setting CVar [[r.LightShaftQuality:1]]
[2023.05.30-05.42.13:283][  0]LogConfig: Setting CVar [[r.Filter.SizeScale:1]]
[2023.05.30-05.42.13:283][  0]LogConfig: Setting CVar [[r.Tonemapper.Quality:5]]
[2023.05.30-05.42.13:283][  0]LogConfig: Setting CVar [[r.DOF.Gather.AccumulatorQuality:1        ; higher gathering accumulator quality]]
[2023.05.30-05.42.13:283][  0]LogConfig: Setting CVar [[r.DOF.Gather.PostfilterMethod:1          ; Median3x3 postfilering method]]
[2023.05.30-05.42.13:283][  0]LogConfig: Setting CVar [[r.DOF.Gather.EnableBokehSettings:0       ; no bokeh simulation when gathering]]
[2023.05.30-05.42.13:283][  0]LogConfig: Setting CVar [[r.DOF.Gather.RingCount:4                 ; medium number of samples when gathering]]
[2023.05.30-05.42.13:283][  0]LogConfig: Setting CVar [[r.DOF.Scatter.ForegroundCompositing:1    ; additive foreground scattering]]
[2023.05.30-05.42.13:283][  0]LogConfig: Setting CVar [[r.DOF.Scatter.BackgroundCompositing:2    ; additive background scattering]]
[2023.05.30-05.42.13:284][  0]LogConfig: Setting CVar [[r.DOF.Scatter.EnableBokehSettings:1      ; bokeh simulation when scattering]]
[2023.05.30-05.42.13:284][  0]LogConfig: Setting CVar [[r.DOF.Scatter.MaxSpriteRatio:0.1         ; only a maximum of 10% of scattered bokeh]]
[2023.05.30-05.42.13:284][  0]LogConfig: Setting CVar [[r.DOF.Recombine.Quality:1                ; cheap slight out of focus]]
[2023.05.30-05.42.13:284][  0]LogConfig: Setting CVar [[r.DOF.Recombine.EnableBokehSettings:0    ; no bokeh simulation on slight out of focus]]
[2023.05.30-05.42.13:284][  0]LogConfig: Setting CVar [[r.DOF.TemporalAAQuality:1                ; more stable temporal accumulation]]
[2023.05.30-05.42.13:284][  0]LogConfig: Setting CVar [[r.DOF.Kernel.MaxForegroundRadius:0.025]]
[2023.05.30-05.42.13:284][  0]LogConfig: Setting CVar [[r.DOF.Kernel.MaxBackgroundRadius:0.025]]
[2023.05.30-05.42.13:284][  0]LogConfig: Applying CVar settings from Section [TextureQuality@3] File [C:/Users/S214666/GitRepos/ClientProject/ProjectC/Project/Saved/Config/Windows/Scalability.ini]
[2023.05.30-05.42.13:284][  0]LogConfig: Setting CVar [[r.Streaming.MipBias:0]]
[2023.05.30-05.42.13:284][  0]LogConfig: Setting CVar [[r.Streaming.AmortizeCPUToGPUCopy:0]]
[2023.05.30-05.42.13:284][  0]LogConfig: Setting CVar [[r.Streaming.MaxNumTexturesToStreamPerFrame:0]]
[2023.05.30-05.42.13:284][  0]LogConfig: Setting CVar [[r.Streaming.Boost:1]]
[2023.05.30-05.42.13:284][  0]LogConfig: Setting CVar [[r.MaxAnisotropy:8]]
[2023.05.30-05.42.13:284][  0]LogConfig: Setting CVar [[r.VT.MaxAnisotropy:8]]
[2023.05.30-05.42.13:284][  0]LogConfig: Setting CVar [[r.Streaming.LimitPoolSizeToVRAM:0]]
[2023.05.30-05.42.13:284][  0]LogConfig: Setting CVar [[r.Streaming.PoolSize:1000]]
[2023.05.30-05.42.13:284][  0]LogConfig: Setting CVar [[r.Streaming.MaxEffectiveScreenSize:0]]
[2023.05.30-05.42.13:284][  0]LogConfig: Applying CVar settings from Section [EffectsQuality@3] File [C:/Users/S214666/GitRepos/ClientProject/ProjectC/Project/Saved/Config/Windows/Scalability.ini]
[2023.05.30-05.42.13:284][  0]LogConfig: Setting CVar [[r.TranslucencyLightingVolumeDim:64]]
[2023.05.30-05.42.13:284][  0]LogConfig: Setting CVar [[r.RefractionQuality:2]]
[2023.05.30-05.42.13:284][  0]LogConfig: Setting CVar [[r.SSR.Quality:3]]
[2023.05.30-05.42.13:284][  0]LogConfig: Setting CVar [[r.SSR.HalfResSceneColor:0]]
[2023.05.30-05.42.13:284][  0]LogConfig: Setting CVar [[r.SceneColorFormat:4]]
[2023.05.30-05.42.13:284][  0]LogConfig: Setting CVar [[r.DetailMode:2]]
[2023.05.30-05.42.13:284][  0]LogConfig: Setting CVar [[r.TranslucencyVolumeBlur:1]]
[2023.05.30-05.42.13:284][  0]LogConfig: Setting CVar [[r.MaterialQualityLevel:1 ; High quality]]
[2023.05.30-05.42.13:284][  0]LogConfig: Setting CVar [[r.AnisotropicMaterials:1]]
[2023.05.30-05.42.13:284][  0]LogConfig: Setting CVar [[r.SSS.Scale:1]]
[2023.05.30-05.42.13:285][  0]LogConfig: Setting CVar [[r.SSS.SampleSet:2]]
[2023.05.30-05.42.13:285][  0]LogConfig: Setting CVar [[r.SSS.Quality:1]]
[2023.05.30-05.42.13:285][  0]LogConfig: Setting CVar [[r.SSS.HalfRes:0]]
[2023.05.30-05.42.13:285][  0]LogConfig: Setting CVar [[r.SSGI.Quality:3]]
[2023.05.30-05.42.13:285][  0]LogConfig: Setting CVar [[r.EmitterSpawnRateScale:1.0]]
[2023.05.30-05.42.13:285][  0]LogConfig: Setting CVar [[r.ParticleLightQuality:2]]
[2023.05.30-05.42.13:285][  0]LogConfig: Setting CVar [[r.SkyAtmosphere.AerialPerspectiveLUT.FastApplyOnOpaque:1 ; Always have FastSkyLUT 1 in this case to avoid wrong sky]]
[2023.05.30-05.42.13:285][  0]LogConfig: Setting CVar [[r.SkyAtmosphere.AerialPerspectiveLUT.SampleCountMaxPerSlice:4]]
[2023.05.30-05.42.13:285][  0]LogConfig: Setting CVar [[r.SkyAtmosphere.AerialPerspectiveLUT.DepthResolution:16.0]]
[2023.05.30-05.42.13:285][  0]LogConfig: Setting CVar [[r.SkyAtmosphere.FastSkyLUT:1]]
[2023.05.30-05.42.13:285][  0]LogConfig: Setting CVar [[r.SkyAtmosphere.FastSkyLUT.SampleCountMin:4.0]]
[2023.05.30-05.42.13:285][  0]LogConfig: Setting CVar [[r.SkyAtmosphere.FastSkyLUT.SampleCountMax:128.0]]
[2023.05.30-05.42.13:285][  0]LogConfig: Setting CVar [[r.SkyAtmosphere.SampleCountMin:4.0]]
[2023.05.30-05.42.13:285][  0]LogConfig: Setting CVar [[r.SkyAtmosphere.SampleCountMax:128.0]]
[2023.05.30-05.42.13:285][  0]LogConfig: Setting CVar [[r.SkyAtmosphere.TransmittanceLUT.UseSmallFormat:0]]
[2023.05.30-05.42.13:285][  0]LogConfig: Setting CVar [[r.SkyAtmosphere.TransmittanceLUT.SampleCount:10.0]]
[2023.05.30-05.42.13:285][  0]LogConfig: Setting CVar [[r.SkyAtmosphere.MultiScatteringLUT.SampleCount:15.0]]
[2023.05.30-05.42.13:285][  0]LogConfig: Setting CVar [[r.SkyLight.RealTimeReflectionCapture:1]]
[2023.05.30-05.42.13:285][  0]LogConfig: Applying CVar settings from Section [FoliageQuality@3] File [C:/Users/S214666/GitRepos/ClientProject/ProjectC/Project/Saved/Config/Windows/Scalability.ini]
[2023.05.30-05.42.13:285][  0]LogConfig: Setting CVar [[foliage.DensityScale:1.0]]
[2023.05.30-05.42.13:285][  0]LogConfig: Setting CVar [[grass.DensityScale:1.0]]
[2023.05.30-05.42.13:285][  0]LogConfig: Applying CVar settings from Section [ShadingQuality@3] File [C:/Users/S214666/GitRepos/ClientProject/ProjectC/Project/Saved/Config/Windows/Scalability.ini]
[2023.05.30-05.42.13:285][  0]LogConfig: Setting CVar [[r.HairStrands.SkyLighting.IntegrationType:2]]
[2023.05.30-05.42.13:285][  0]LogConfig: Setting CVar [[r.HairStrands.SkyAO.SampleCount:4]]
[2023.05.30-05.42.13:285][  0]LogConfig: Setting CVar [[r.HairStrands.Visibility.MSAA.SamplePerPixel:4]]
[2023.05.30-05.42.13:285][  0]LogInit: Selected Device Profile: [Windows]
[2023.05.30-05.42.13:285][  0]LogInit: Applying CVar settings loaded from the selected device profile: [Windows]
[2023.05.30-05.42.13:285][  0]LogHAL: Display: Platform has ~ 32 GB [34314874880 / 34359738368 / 32], which maps to Largest [LargestMinGB=32, LargerMinGB=12, DefaultMinGB=8, SmallerMinGB=6, SmallestMinGB=0)
[2023.05.30-05.42.13:285][  0]LogInit: Going up to parent DeviceProfile []
[2023.05.30-05.42.13:285][  0]LogConfig: Applying CVar settings from Section [ViewDistanceQuality@3] File [C:/Users/S214666/GitRepos/ClientProject/ProjectC/Project/Saved/Config/Windows/Scalability.ini]
[2023.05.30-05.42.13:285][  0]LogConfig: Setting CVar [[r.SkeletalMeshLODBias:0]]
[2023.05.30-05.42.13:285][  0]LogConfig: Setting CVar [[r.ViewDistanceScale:1.0]]
[2023.05.30-05.42.13:285][  0]LogConfig: Applying CVar settings from Section [AntiAliasingQuality@3] File [C:/Users/S214666/GitRepos/ClientProject/ProjectC/Project/Saved/Config/Windows/Scalability.ini]
[2023.05.30-05.42.13:285][  0]LogConfig: Setting CVar [[r.PostProcessAAQuality:4]]
[2023.05.30-05.42.13:285][  0]LogConfig: Applying CVar settings from Section [ShadowQuality@3] File [C:/Users/S214666/GitRepos/ClientProject/ProjectC/Project/Saved/Config/Windows/Scalability.ini]
[2023.05.30-05.42.13:285][  0]LogConfig: Setting CVar [[r.LightFunctionQuality:1]]
[2023.05.30-05.42.13:285][  0]LogConfig: Setting CVar [[r.ShadowQuality:5]]
[2023.05.30-05.42.13:285][  0]LogConfig: Setting CVar [[r.Shadow.CSM.MaxCascades:10]]
[2023.05.30-05.42.13:285][  0]LogConfig: Setting CVar [[r.Shadow.MaxResolution:2048]]
[2023.05.30-05.42.13:285][  0]LogConfig: Setting CVar [[r.Shadow.MaxCSMResolution:2048]]
[2023.05.30-05.42.13:285][  0]LogConfig: Setting CVar [[r.Shadow.RadiusThreshold:0.01]]
[2023.05.30-05.42.13:285][  0]LogConfig: Setting CVar [[r.Shadow.DistanceScale:1.0]]
[2023.05.30-05.42.13:285][  0]LogConfig: Setting CVar [[r.Shadow.CSM.TransitionScale:1.0]]
[2023.05.30-05.42.13:285][  0]LogConfig: Setting CVar [[r.Shadow.PreShadowResolutionFactor:1.0]]
[2023.05.30-05.42.13:285][  0]LogConfig: Setting CVar [[r.DistanceFieldShadowing:1]]
[2023.05.30-05.42.13:285][  0]LogConfig: Setting CVar [[r.DistanceFieldAO:1]]
[2023.05.30-05.42.13:285][  0]LogConfig: Setting CVar [[r.AOQuality:2]]
[2023.05.30-05.42.13:285][  0]LogConfig: Setting CVar [[r.VolumetricFog:1]]
[2023.05.30-05.42.13:285][  0]LogConfig: Setting CVar [[r.VolumetricFog.GridPixelSize:8]]
[2023.05.30-05.42.13:285][  0]LogConfig: Setting CVar [[r.VolumetricFog.GridSizeZ:128]]
[2023.05.30-05.42.13:285][  0]LogConfig: Setting CVar [[r.VolumetricFog.HistoryMissSupersampleCount:4]]
[2023.05.30-05.42.13:285][  0]LogConfig: Setting CVar [[r.LightMaxDrawDistanceScale:1]]
[2023.05.30-05.42.13:285][  0]LogConfig: Setting CVar [[r.CapsuleShadows:1]]
[2023.05.30-05.42.13:285][  0]LogConfig: Applying CVar settings from Section [PostProcessQuality@3] File [C:/Users/S214666/GitRepos/ClientProject/ProjectC/Project/Saved/Config/Windows/Scalability.ini]
[2023.05.30-05.42.13:285][  0]LogConfig: Setting CVar [[r.MotionBlurQuality:4]]
[2023.05.30-05.42.13:285][  0]LogConfig: Setting CVar [[r.AmbientOcclusionMipLevelFactor:0.4]]
[2023.05.30-05.42.13:285][  0]LogConfig: Setting CVar [[r.AmbientOcclusionMaxQuality:100]]
[2023.05.30-05.42.13:285][  0]LogConfig: Setting CVar [[r.AmbientOcclusionLevels:-1]]
[2023.05.30-05.42.13:285][  0]LogConfig: Setting CVar [[r.AmbientOcclusionRadiusScale:1.0]]
[2023.05.30-05.42.13:285][  0]LogConfig: Setting CVar [[r.DepthOfFieldQuality:2]]
[2023.05.30-05.42.13:286][  0]LogConfig: Setting CVar [[r.RenderTargetPoolMin:400]]
[2023.05.30-05.42.13:286][  0]LogConfig: Setting CVar [[r.LensFlareQuality:2]]
[2023.05.30-05.42.13:286][  0]LogConfig: Setting CVar [[r.SceneColorFringeQuality:1]]
[2023.05.30-05.42.13:286][  0]LogConfig: Setting CVar [[r.EyeAdaptationQuality:2]]
[2023.05.30-05.42.13:286][  0]LogConfig: Setting CVar [[r.BloomQuality:5]]
[2023.05.30-05.42.13:286][  0]LogConfig: Setting CVar [[r.FastBlurThreshold:100]]
[2023.05.30-05.42.13:286][  0]LogConfig: Setting CVar [[r.Upscale.Quality:3]]
[2023.05.30-05.42.13:286][  0]LogConfig: Setting CVar [[r.Tonemapper.GrainQuantization:1]]
[2023.05.30-05.42.13:286][  0]LogConfig: Setting CVar [[r.LightShaftQuality:1]]
[2023.05.30-05.42.13:286][  0]LogConfig: Setting CVar [[r.Filter.SizeScale:1]]
[2023.05.30-05.42.13:286][  0]LogConfig: Setting CVar [[r.Tonemapper.Quality:5]]
[2023.05.30-05.42.13:286][  0]LogConfig: Setting CVar [[r.DOF.Gather.AccumulatorQuality:1        ; higher gathering accumulator quality]]
[2023.05.30-05.42.13:286][  0]LogConfig: Setting CVar [[r.DOF.Gather.PostfilterMethod:1          ; Median3x3 postfilering method]]
[2023.05.30-05.42.13:286][  0]LogConfig: Setting CVar [[r.DOF.Gather.EnableBokehSettings:0       ; no bokeh simulation when gathering]]
[2023.05.30-05.42.13:286][  0]LogConfig: Setting CVar [[r.DOF.Gather.RingCount:4                 ; medium number of samples when gathering]]
[2023.05.30-05.42.13:286][  0]LogConfig: Setting CVar [[r.DOF.Scatter.ForegroundCompositing:1    ; additive foreground scattering]]
[2023.05.30-05.42.13:286][  0]LogConfig: Setting CVar [[r.DOF.Scatter.BackgroundCompositing:2    ; additive background scattering]]
[2023.05.30-05.42.13:286][  0]LogConfig: Setting CVar [[r.DOF.Scatter.EnableBokehSettings:1      ; bokeh simulation when scattering]]
[2023.05.30-05.42.13:286][  0]LogConfig: Setting CVar [[r.DOF.Scatter.MaxSpriteRatio:0.1         ; only a maximum of 10% of scattered bokeh]]
[2023.05.30-05.42.13:286][  0]LogConfig: Setting CVar [[r.DOF.Recombine.Quality:1                ; cheap slight out of focus]]
[2023.05.30-05.42.13:286][  0]LogConfig: Setting CVar [[r.DOF.Recombine.EnableBokehSettings:0    ; no bokeh simulation on slight out of focus]]
[2023.05.30-05.42.13:286][  0]LogConfig: Setting CVar [[r.DOF.TemporalAAQuality:1                ; more stable temporal accumulation]]
[2023.05.30-05.42.13:286][  0]LogConfig: Setting CVar [[r.DOF.Kernel.MaxForegroundRadius:0.025]]
[2023.05.30-05.42.13:286][  0]LogConfig: Setting CVar [[r.DOF.Kernel.MaxBackgroundRadius:0.025]]
[2023.05.30-05.42.13:286][  0]LogConfig: Applying CVar settings from Section [TextureQuality@3] File [C:/Users/S214666/GitRepos/ClientProject/ProjectC/Project/Saved/Config/Windows/Scalability.ini]
[2023.05.30-05.42.13:286][  0]LogConfig: Setting CVar [[r.Streaming.MipBias:0]]
[2023.05.30-05.42.13:286][  0]LogConfig: Setting CVar [[r.Streaming.AmortizeCPUToGPUCopy:0]]
[2023.05.30-05.42.13:286][  0]LogConfig: Setting CVar [[r.Streaming.MaxNumTexturesToStreamPerFrame:0]]
[2023.05.30-05.42.13:286][  0]LogConfig: Setting CVar [[r.Streaming.Boost:1]]
[2023.05.30-05.42.13:286][  0]LogConfig: Setting CVar [[r.MaxAnisotropy:8]]
[2023.05.30-05.42.13:286][  0]LogConfig: Setting CVar [[r.VT.MaxAnisotropy:8]]
[2023.05.30-05.42.13:286][  0]LogConfig: Setting CVar [[r.Streaming.LimitPoolSizeToVRAM:0]]
[2023.05.30-05.42.13:286][  0]LogConfig: Setting CVar [[r.Streaming.PoolSize:1000]]
[2023.05.30-05.42.13:286][  0]LogConfig: Setting CVar [[r.Streaming.MaxEffectiveScreenSize:0]]
[2023.05.30-05.42.13:286][  0]LogConfig: Applying CVar settings from Section [EffectsQuality@3] File [C:/Users/S214666/GitRepos/ClientProject/ProjectC/Project/Saved/Config/Windows/Scalability.ini]
[2023.05.30-05.42.13:286][  0]LogConfig: Setting CVar [[r.TranslucencyLightingVolumeDim:64]]
[2023.05.30-05.42.13:286][  0]LogConfig: Setting CVar [[r.RefractionQuality:2]]
[2023.05.30-05.42.13:286][  0]LogConfig: Setting CVar [[r.SSR.Quality:3]]
[2023.05.30-05.42.13:286][  0]LogConfig: Setting CVar [[r.SSR.HalfResSceneColor:0]]
[2023.05.30-05.42.13:286][  0]LogConfig: Setting CVar [[r.SceneColorFormat:4]]
[2023.05.30-05.42.13:286][  0]LogConfig: Setting CVar [[r.DetailMode:2]]
[2023.05.30-05.42.13:286][  0]LogConfig: Setting CVar [[r.TranslucencyVolumeBlur:1]]
[2023.05.30-05.42.13:286][  0]LogConfig: Setting CVar [[r.MaterialQualityLevel:1 ; High quality]]
[2023.05.30-05.42.13:286][  0]LogConfig: Setting CVar [[r.AnisotropicMaterials:1]]
[2023.05.30-05.42.13:286][  0]LogConfig: Setting CVar [[r.SSS.Scale:1]]
[2023.05.30-05.42.13:286][  0]LogConfig: Setting CVar [[r.SSS.SampleSet:2]]
[2023.05.30-05.42.13:286][  0]LogConfig: Setting CVar [[r.SSS.Quality:1]]
[2023.05.30-05.42.13:286][  0]LogConfig: Setting CVar [[r.SSS.HalfRes:0]]
[2023.05.30-05.42.13:286][  0]LogConfig: Setting CVar [[r.SSGI.Quality:3]]
[2023.05.30-05.42.13:286][  0]LogConfig: Setting CVar [[r.EmitterSpawnRateScale:1.0]]
[2023.05.30-05.42.13:286][  0]LogConfig: Setting CVar [[r.ParticleLightQuality:2]]
[2023.05.30-05.42.13:286][  0]LogConfig: Setting CVar [[r.SkyAtmosphere.AerialPerspectiveLUT.FastApplyOnOpaque:1 ; Always have FastSkyLUT 1 in this case to avoid wrong sky]]
[2023.05.30-05.42.13:286][  0]LogConfig: Setting CVar [[r.SkyAtmosphere.AerialPerspectiveLUT.SampleCountMaxPerSlice:4]]
[2023.05.30-05.42.13:286][  0]LogConfig: Setting CVar [[r.SkyAtmosphere.AerialPerspectiveLUT.DepthResolution:16.0]]
[2023.05.30-05.42.13:286][  0]LogConfig: Setting CVar [[r.SkyAtmosphere.FastSkyLUT:1]]
[2023.05.30-05.42.13:286][  0]LogConfig: Setting CVar [[r.SkyAtmosphere.FastSkyLUT.SampleCountMin:4.0]]
[2023.05.30-05.42.13:286][  0]LogConfig: Setting CVar [[r.SkyAtmosphere.FastSkyLUT.SampleCountMax:128.0]]
[2023.05.30-05.42.13:286][  0]LogConfig: Setting CVar [[r.SkyAtmosphere.SampleCountMin:4.0]]
[2023.05.30-05.42.13:286][  0]LogConfig: Setting CVar [[r.SkyAtmosphere.SampleCountMax:128.0]]
[2023.05.30-05.42.13:286][  0]LogConfig: Setting CVar [[r.SkyAtmosphere.TransmittanceLUT.UseSmallFormat:0]]
[2023.05.30-05.42.13:286][  0]LogConfig: Setting CVar [[r.SkyAtmosphere.TransmittanceLUT.SampleCount:10.0]]
[2023.05.30-05.42.13:286][  0]LogConfig: Setting CVar [[r.SkyAtmosphere.MultiScatteringLUT.SampleCount:15.0]]
[2023.05.30-05.42.13:286][  0]LogConfig: Setting CVar [[r.SkyLight.RealTimeReflectionCapture:1]]
[2023.05.30-05.42.13:286][  0]LogConfig: Applying CVar settings from Section [FoliageQuality@3] File [C:/Users/S214666/GitRepos/ClientProject/ProjectC/Project/Saved/Config/Windows/Scalability.ini]
[2023.05.30-05.42.13:286][  0]LogConfig: Setting CVar [[foliage.DensityScale:1.0]]
[2023.05.30-05.42.13:286][  0]LogConfig: Setting CVar [[grass.DensityScale:1.0]]
[2023.05.30-05.42.13:287][  0]LogConfig: Applying CVar settings from Section [ShadingQuality@3] File [C:/Users/S214666/GitRepos/ClientProject/ProjectC/Project/Saved/Config/Windows/Scalability.ini]
[2023.05.30-05.42.13:287][  0]LogConfig: Setting CVar [[r.HairStrands.SkyLighting.IntegrationType:2]]
[2023.05.30-05.42.13:287][  0]LogConfig: Setting CVar [[r.HairStrands.SkyAO.SampleCount:4]]
[2023.05.30-05.42.13:287][  0]LogConfig: Setting CVar [[r.HairStrands.Visibility.MSAA.SamplePerPixel:4]]
[2023.05.30-05.42.13:287][  0]LogConfig: Applying CVar settings from Section [Startup] File [../../../Engine/Config/ConsoleVariables.ini]
[2023.05.30-05.42.13:287][  0]LogConfig: Setting CVar [[net.UseAdaptiveNetUpdateFrequency:0]]
[2023.05.30-05.42.13:287][  0]LogConfig: Setting CVar [[p.chaos.AllowCreatePhysxBodies:1]]
[2023.05.30-05.42.13:287][  0]LogConfig: Setting CVar [[fx.SkipVectorVMBackendOptimizations:1]]
[2023.05.30-05.42.13:287][  0]LogConfig: Applying CVar settings from Section [ConsoleVariables] File [C:/Users/S214666/GitRepos/ClientProject/ProjectC/Project/Saved/Config/Windows/Engine.ini]
[2023.05.30-05.42.13:287][  0]LogConfig: Applying CVar settings from Section [ConsoleVariables] File [C:/Users/S214666/GitRepos/ClientProject/ProjectC/Project/Saved/Config/Windows/Editor.ini]
[2023.05.30-05.42.13:287][  0]LogInit: Computer: SYD-6662B6
[2023.05.30-05.42.13:287][  0]LogInit: User: s214666
[2023.05.30-05.42.13:287][  0]LogInit: CPU Page size=4096, Cores=4
[2023.05.30-05.42.13:287][  0]LogInit: High frequency timer resolution =10.000000 MHz
[2023.05.30-05.42.13:287][  0]LogMemory: Memory total: Physical=32.0GB (32GB approx)
[2023.05.30-05.42.13:287][  0]LogMemory: Platform Memory Stats for Windows
[2023.05.30-05.42.13:287][  0]LogMemory: Process Physical Memory: 142.48 MB used, 142.48 MB peak
[2023.05.30-05.42.13:287][  0]LogMemory: Process Virtual Memory: 118.58 MB used, 118.58 MB peak
[2023.05.30-05.42.13:287][  0]LogMemory: Physical Memory: 13371.27 MB used,  19353.95 MB free, 32725.21 MB total
[2023.05.30-05.42.13:287][  0]LogMemory: Virtual Memory: 134203768.00 MB used,  13956.29 MB free, 134217728.00 MB total
[2023.05.30-05.42.13:292][  0]LogWindows: WindowsPlatformFeatures enabled
[2023.05.30-05.42.13:342][  0]LogInit: Physics initialised using underlying interface: PhysX
[2023.05.30-05.42.13:342][  0]LogInit: Using OS detected language (en-US).
[2023.05.30-05.42.13:342][  0]LogInit: Using OS detected locale (en-AU).
[2023.05.30-05.42.13:345][  0]LogTextLocalizationManager: No specific localization for 'en-US' exists, so the 'en' localization will be used.
[2023.05.30-05.42.13:597][  0]LogWindowsTextInputMethodSystem: Display: IME system deactivated.
[2023.05.30-05.42.13:630][  0]LogSlate: New Slate User Created.  User Index 0, Is Virtual User: 0
[2023.05.30-05.42.13:630][  0]LogSlate: Slate User Registered.  User Index 0, Is Virtual User: 0
[2023.05.30-05.42.13:656][  0]LogD3D11RHI: Loaded GFSDK_Aftermath_Lib.x64.dll
[2023.05.30-05.42.13:660][  0]LogHMD: Failed to initialize OpenVR with code 110
[2023.05.30-05.42.13:660][  0]LogD3D11RHI: D3D11 min allowed feature level: 11_0
[2023.05.30-05.42.13:660][  0]LogD3D11RHI: D3D11 max allowed feature level: 11_0
[2023.05.30-05.42.13:660][  0]LogD3D11RHI: D3D11 adapters:
[2023.05.30-05.42.13:795][  0]LogD3D11RHI:    0. 'NVIDIA GeForce GTX 960' (Feature Level 11_0)
[2023.05.30-05.42.13:795][  0]LogD3D11RHI:       2002/0/16362 MB DedicatedVideo/DedicatedSystem/SharedSystem, Outputs:2, VendorId:0x10de
[2023.05.30-05.42.13:797][  0]LogD3D11RHI:    1. 'Microsoft Basic Render Driver' (Feature Level 11_0)
[2023.05.30-05.42.13:797][  0]LogD3D11RHI:       0/0/16362 MB DedicatedVideo/DedicatedSystem/SharedSystem, Outputs:0, VendorId:0x1414
[2023.05.30-05.42.13:797][  0]LogD3D11RHI: Chosen D3D11 Adapter:
[2023.05.30-05.42.13:797][  0]LogD3D11RHI:     Description : NVIDIA GeForce GTX 960
[2023.05.30-05.42.13:797][  0]LogD3D11RHI:     VendorId    : 10de
[2023.05.30-05.42.13:797][  0]LogD3D11RHI:     DeviceId    : 1401
[2023.05.30-05.42.13:797][  0]LogD3D11RHI:     SubSysId    : 368f1458
[2023.05.30-05.42.13:797][  0]LogD3D11RHI:     Revision    : 00a1
[2023.05.30-05.42.13:797][  0]LogD3D11RHI:     DedicatedVideoMemory : 2099314688 bytes
[2023.05.30-05.42.13:797][  0]LogD3D11RHI:     DedicatedSystemMemory : 0 bytes
[2023.05.30-05.42.13:798][  0]LogD3D11RHI:     SharedSystemMemory : 17157437440 bytes
[2023.05.30-05.42.13:798][  0]LogD3D11RHI:     AdapterLuid : 0 52351
[2023.05.30-05.42.13:806][  0]LogD3D11RHI: Creating new Direct3DDevice
[2023.05.30-05.42.13:806][  0]LogD3D11RHI:     GPU DeviceId: 0x1401 (for the marketing name, search the web for "GPU Device Id")
[2023.05.30-05.42.13:806][  0]LogWindows: EnumDisplayDevices:
[2023.05.30-05.42.13:806][  0]LogWindows:    0. 'NVIDIA GeForce GTX 960' (P:1 D:1)
[2023.05.30-05.42.13:806][  0]LogWindows:    1. 'NVIDIA GeForce GTX 960' (P:0 D:1)
[2023.05.30-05.42.13:806][  0]LogWindows:    2. 'NVIDIA GeForce GTX 960' (P:0 D:0)
[2023.05.30-05.42.13:807][  0]LogWindows:    3. 'NVIDIA GeForce GTX 960' (P:0 D:0)
[2023.05.30-05.42.13:807][  0]LogWindows: DebugString: FoundDriverCount:4 
[2023.05.30-05.42.13:807][  0]LogD3D11RHI:     Adapter Name: NVIDIA GeForce GTX 960
[2023.05.30-05.42.13:807][  0]LogD3D11RHI:   Driver Version: 526.47 (internal:31.0.15.2647, unified:526.47)
[2023.05.30-05.42.13:807][  0]LogD3D11RHI:      Driver Date: 10-25-2022
[2023.05.30-05.42.13:807][  0]LogRHI: Texture pool is 1401 MB (70% of 2002 MB)
[2023.05.30-05.42.13:807][  0]LogD3D11RHI: Creating D3DDevice using adapter:
[2023.05.30-05.42.13:807][  0]LogD3D11RHI:     Description : NVIDIA GeForce GTX 960
[2023.05.30-05.42.13:807][  0]LogD3D11RHI:     VendorId    : 10de
[2023.05.30-05.42.13:807][  0]LogD3D11RHI:     DeviceId    : 1401
[2023.05.30-05.42.13:807][  0]LogD3D11RHI:     SubSysId    : 368f1458
[2023.05.30-05.42.13:807][  0]LogD3D11RHI:     Revision    : 00a1
[2023.05.30-05.42.13:807][  0]LogD3D11RHI:     DedicatedVideoMemory : 2099314688 bytes
[2023.05.30-05.42.13:807][  0]LogD3D11RHI:     DedicatedSystemMemory : 0 bytes
[2023.05.30-05.42.13:807][  0]LogD3D11RHI:     SharedSystemMemory : 17157437440 bytes
[2023.05.30-05.42.13:807][  0]LogD3D11RHI:     AdapterLuid : 0 52351
[2023.05.30-05.42.13:880][  0]LogD3D11RHI: RHI has support for 64 bit atomics
[2023.05.30-05.42.13:880][  0]LogD3D11RHI: Async texture creation enabled
[2023.05.30-05.42.13:880][  0]LogD3D11RHI: Array index from any shader is supported
[2023.05.30-05.42.13:906][  0]LogD3D11RHI: GPU Timing Frequency: 1000.000000 (Debug: 2 2)
[2023.05.30-05.42.13:956][  0]LogRHI: GeForceNow SDK initialized: 1
[2023.05.30-05.42.14:316][  0]LogTargetPlatformManager: Display: Loaded TargetPlatform 'WindowsNoEditor'
[2023.05.30-05.42.14:320][  0]LogTargetPlatformManager: Display: Loaded TargetPlatform 'Windows'
[2023.05.30-05.42.14:325][  0]LogTargetPlatformManager: Display: Loaded TargetPlatform 'WindowsClient'
[2023.05.30-05.42.14:329][  0]LogTargetPlatformManager: Display: Loaded TargetPlatform 'WindowsServer'
[2023.05.30-05.42.14:329][  0]LogTargetPlatformManager: Display: Building Assets For Windows
[2023.05.30-05.42.14:336][  0]LogAudioDebug: Display: Lib vorbis DLL was dynamically loaded.
[2023.05.30-05.42.14:367][  0]LogTextureFormatOodle: Display: Oodle Texture 2.9.0 init RDO Off
[2023.05.30-05.42.14:397][  0]LogRendererCore: Ray tracing is disabled. Reason: r.RayTracing=0.
[2023.05.30-05.42.14:397][  0]LogShaderCompilers: Guid format shader working directory is -23 characters bigger than the processId version (../../../../../../Users/S214666/GitRepos/ClientProject/ProjectC/Project/Intermediate/Shaders/WorkingDirectory/8464/).
[2023.05.30-05.42.14:397][  0]LogShaderCompilers: Cleaned the shader compiler working directory 'C:/Users/S214666/AppData/Local/Temp/UnrealShaderWorkingDir/46DAAEC34809FE0B9EC3D0ABDFA1E1B8/'.
[2023.05.30-05.42.14:397][  0]LogXGEController: Cannot use XGE Controller as Incredibuild is not installed on this machine.
[2023.05.30-05.42.14:397][  0]LogShaderCompilers: Cannot use XGE Shader Compiler as Incredibuild is not installed on this machine.
[2023.05.30-05.42.14:397][  0]LogShaderCompilers: Display: Using Local Shader Compiler.
[2023.05.30-05.42.15:272][  0]LogDerivedDataCache: Display: Max Cache Size: 512 MB
[2023.05.30-05.42.15:340][  0]LogDerivedDataCache: Loaded boot cache 0.07s 94MB C:/Users/S214666/AppData/Local/UnrealEngine/4.27/DerivedDataCache/Boot.ddc.
[2023.05.30-05.42.15:341][  0]LogDerivedDataCache: Display: Loaded Boot cache: C:/Users/S214666/AppData/Local/UnrealEngine/4.27/DerivedDataCache/Boot.ddc
[2023.05.30-05.42.15:341][  0]LogDerivedDataCache: FDerivedDataBackendGraph:  Pak pak cache file ../../../../../../Users/S214666/GitRepos/ClientProject/ProjectC/Project/DerivedDataCache/DDC.ddp not found, will not use a pak cache.
[2023.05.30-05.42.15:341][  0]LogDerivedDataCache: Unable to find inner node Pak for hierarchical cache Hierarchy.
[2023.05.30-05.42.15:341][  0]LogDerivedDataCache: FDerivedDataBackendGraph:  CompressedPak pak cache file ../../../../../../Users/S214666/GitRepos/ClientProject/ProjectC/Project/DerivedDataCache/Compressed.ddp not found, will not use a pak cache.
[2023.05.30-05.42.15:341][  0]LogDerivedDataCache: Unable to find inner node CompressedPak for hierarchical cache Hierarchy.
[2023.05.30-05.42.15:361][  0]LogDerivedDataCache: Display: Pak cache opened for reading ../../../Engine/DerivedDataCache/Compressed.ddp.
[2023.05.30-05.42.15:361][  0]LogDerivedDataCache: FDerivedDataBackendGraph:  EnterprisePak pak cache file ../../../Enterprise/DerivedDataCache/Compressed.ddp not found, will not use a pak cache.
[2023.05.30-05.42.15:361][  0]LogDerivedDataCache: Unable to find inner node EnterprisePak for hierarchical cache Hierarchy.
[2023.05.30-05.42.15:370][  0]LogDerivedDataCache: Speed tests for C:/Users/S214666/AppData/Local/UnrealEngine/Common/DerivedDataCache took 0.01 seconds
[2023.05.30-05.42.15:370][  0]LogDerivedDataCache: Display: Performance to C:/Users/S214666/AppData/Local/UnrealEngine/Common/DerivedDataCache: Latency=0.04ms. RandomReadSpeed=640.68MBs, RandomWriteSpeed=137.02MBs. Assigned SpeedClass 'Local'
[2023.05.30-05.42.15:375][  0]LogDerivedDataCache: Using Local data cache path C:/Users/S214666/AppData/Local/UnrealEngine/Common/DerivedDataCache: Writable
[2023.05.30-05.42.15:375][  0]LogDerivedDataCache: Shared data cache path not found in *engine.ini, will not use an Shared cache.
[2023.05.30-05.42.15:375][  0]LogDerivedDataCache: Unable to find inner node Shared for hierarchical cache Hierarchy.
[2023.05.30-05.42.15:421][  0]LogSlate: Using FreeType 2.10.0
[2023.05.30-05.42.15:421][  0]LogSlate: SlateFontServices - WITH_FREETYPE: 1, WITH_HARFBUZZ: 1
[2023.05.30-05.42.15:515][  0]LogInit: Using OS detected language (en-US).
[2023.05.30-05.42.15:515][  0]LogInit: Using OS detected locale (en-AU).
[2023.05.30-05.42.15:515][  0]LogTextLocalizationManager: No localization for 'en-US' exists, so 'en' will be used for the language.
[2023.05.30-05.42.15:515][  0]LogTextLocalizationManager: No localization for 'en-AU' exists, so 'en' will be used for the locale.
[2023.05.30-05.42.15:515][  0]LogSlate: FontCache flush requested. Reason: Culture for localization was changed
[2023.05.30-05.42.15:515][  0]LogSlate: FontCache flush requested. Reason: Culture for localization was changed
[2023.05.30-05.42.15:519][  0]LogTextLocalizationManager: Compacting localization data took   0.01ms
[2023.05.30-05.42.15:519][  0]LogAssetRegistry: FAssetRegistry took 0.0027 seconds to start up
[2023.05.30-05.42.15:716][  0]LogPackageLocalizationCache: Processed 27 localized package path(s) for 1 prioritized culture(s) in 0.001217 seconds
[2023.05.30-05.42.15:800][  0]LogInit: Selected Device Profile: [Windows]
[2023.05.30-05.42.15:800][  0]LogInit: Active device profile: [000002ADAD75FD00][000002ADAB8FE840 49] Windows
[2023.05.30-05.42.15:800][  0]LogInit: Profiles: [000002ADAD75FD00][000002ADAB8FE840 49] Windows, [000002ADAD714400][000002ADAB9069C0 49] WindowsNoEditor, [000002ADAD75C400][000002ADAB90AB40 49] WindowsServer, [000002ADAD717400][000002ADAB87ECC0 49] WindowsClient, [000002ADAD75F300][000002ADAB882E40 49] IOS, [000002ADAD714F00][000002ADAB886FC0 49] iPadAir, [000002ADAD75CE00][000002ADAB88B140 49] iPadAir2, [000002ADAD6D8300][000002ADAB893400 49] IPadPro, [000002ADAD6D8400][000002ADAB88F440 49] iPadAir3, [000002ADAD75F400][000002ADAB8975C0 49] iPadAir4, [000002ADAD6DB800][000002ADAB241740 49] iPadMini2, [000002ADAD75DB00][000002ADAB2458C0 49] iPadMini3, [000002ADAD6D9400][000002ADAB903A00 49] iPadMini4, [000002ADAD75E400][000002ADAB249B40 49] iPadMini5, [000002ADAD6C3B00][000002ADAB254240 49] iPhone6, [000002ADAD6C3C00][000002ADAB24C280 49] iPodTouch6, [000002ADAD6DB200][000002ADAB25C540 49] iPhone7, [000002ADAD6DB100][000002ADAB258580 49] iPodTouch7, [000002ADAD6C0900][000002ADAB260700 49] iPhone5S, [000002ADAD6D8D00][000002ADAB264880 49] iPhone6Plus, [000002ADAD6C2F00][000002ADAB268A00 49] iPhone6S, [000002ADAD6D8800][000002ADAB26CB80 49] iPhone6SPlus, [000002ADAD6C1200][000002ADAB270D00 49] iPhone7Plus, [000002ADAD6D8F00][000002ADAB274E80 49] iPhoneSE, [000002ADAD6C2600][000002ADAB279000 49] iPhone8, [000002ADAD6D9B00][000002ADAB27D180 49] iPhone8Plus, [000002ADAD6C3700][000002ADAB281300 49] iPhoneX, [000002ADAD6DA300][000002ADAB285480 49] iPhoneXS, [000002ADAD6C0A00][000002ADAB289600 49] iPhoneXSMax, [000002ADAD6DA600][000002ADAE14B780 49] iPhoneXR, [000002ADAD6C2D00][000002ADAE14F900 49] iPhone11, [000002ADAD6D9700][000002ADAE153A80 49] iPhone11Pro, [000002ADAD6C1500][000002ADAB251BC0 49] iPhone11ProMax, [000002ADAD6DA000][000002ADAE156180 49] iPhoneSE2, [000002ADAD6C3D00][000002ADAE15A2C0 49] iPhone12Mini, [000002ADAD6DB600][000002ADAE162440 49] iPhone12, [000002ADAD6C0500][000002ADAE1665C0 49] iPhone12Pro, [000002ADAD6DB400][000002ADAE16A740 49] iPhone12ProMax, [000002ADAD6C2800][000002ADAE16E8C0 49] iPadPro105, [000002ADAD6DA500][000002ADAE172A40 49] iPadPro129, [000002ADAD6C1700][000002ADAE176BC0 49] iPadPro97, [000002ADAD6DB500][000002ADAE17AD40 49] iPadPro2_129, [000002ADAD6C0C00][000002ADAE17EEC0 49] iPad5, [000002ADAD6DBD00][000002ADAE183040 49] iPad6, [000002ADAD6C2200][000002ADAE1871C0 49] iPad7, [000002ADAD6DA400][000002ADAE18B340 49] iPad8, [000002ADAD6C1800][000002ADAE18F4C0 49] iPadPro11, [000002ADAD6DB300][000002ADAE193640 49] iPadPro2_11, [000002ADAD6C2E00][000002ADAE1977C0 49] iPadPro3_129, [000002ADAD6DBF00][000002ADAE19B940 49] iPadPro4_129, [000002ADAD6C2700][000002ADAE19FAC0 49] AppleTV, [000002ADAD6DB000][000002ADAE1A20C0 49] AppleTV4K, [000002ADAD6C3600][000002ADAE15E200 49] TVOS, [000002ADAD6DAC00][000002ADAE1A6340 49] Mac, [000002ADAD6C0400][000002ADAE1AA480 49] MacClient, [000002ADAD6D9500][000002ADAE1AE5C0 49] MacNoEditor, [000002ADAD6C3A00][000002ADAE1B6740 49] MacServer, [000002ADAD6D9000][000002ADAE1BA8C0 49] Linux, [000002ADAD6C3500][000002ADAE1BEA40 49] LinuxAArch64, [000002ADAD6DAA00][000002ADAE1C2BC0 49] LinuxNoEditor, [000002ADAD6C0600][000002ADAE1C6D40 49] LinuxAArch64NoEditor, [000002ADAD6DAE00][000002ADAE1CAEC0 49] LinuxClient, [000002ADAD6C1A00][000002ADAE1CF040 49] LinuxAArch64Client, [000002ADAD6DBB00][000002ADAE1D31C0 49] LinuxServer, [000002ADAD6C1F00][000002ADAE1D7340 49] LinuxAArch64Server, [000002ADAD6D9F00][000002ADAE1DB4C0 49] Android, [000002ADAD716B00][000002ADAE1DF640 49] Android_Low, [000002ADAD796900][000002ADAE1E37C0 49] Android_Mid, [000002ADAD716D00][000002ADAE1E7940 49] Android_High, [000002ADAD794400][000002ADAE1EBAC0 49] Android_Default, [000002ADAD714600][000002ADAE1EE0C0 49] Android_Adreno4xx, [000002ADAD795B00][000002ADAE1F2240 49] Android_Adreno5xx_Low, [000002ADAD716E00][000002ADAE1B2380 49] Android_Adreno5xx, [000002ADAD796200][000002ADAE1F64C0 49] Android_Adreno6xx, [000002ADAD716600][000002ADAE1FA600 49] Android_Adreno6xx_Vulkan, [000002ADAD794E00][000002ADAE1FE740 49] Android_Mali_T6xx, [000002ADAD716300][000002ADAE2068C0 49] Android_Mali_T7xx, [000002ADAD795D00][000002ADAE20AA40 49] Android_Mali_T8xx, [000002ADAD714B00][000002ADAE20EBC0 49] Android_Mali_G71, [000002ADAD796400][000002ADAE212D40 49] Android_Mali_G72, [000002ADAD715900][000002ADAE216EC0 49] Android_Mali_G72_Vulkan, [000002ADAD795300][000002ADAE21B040 49] Android_Mali_G76, [000002ADAD715000][000002ADAE21F1C0 49] Android_Mali_G76_Vulkan, [000002ADAD794500][000002ADAE223340 49] Android_Mali_G77, [000002ADAD715E00][000002ADAE2274C0 49] Android_Mali_G77_Vulkan, [000002ADAD796500][000002ADAE22B640 49] Android_Mali_G78, [000002ADAD715300][000002ADAE22F7C0 49] Android_Mali_G78_Vulkan, [000002ADAD794300][000002ADAE233940 49] Android_Mali_G710, [000002ADAD717200][000002ADAE237AC0 49] Android_Mali_G710_Vulkan, [000002ADAD796300][000002ADAE23A0C0 49] Android_Vulkan_SM5, [000002ADAD717000][000002ADAE23E240 49] Android_PowerVR_G6xxx, [000002ADAD796F00][000002ADAE2423C0 49] Android_PowerVR_GT7xxx, [000002ADAD6D9300][000002ADAE246540 49] Android_PowerVR_GE8xxx, [000002ADAD794800][000002ADAE202680 49] Android_PowerVR_GM9xxx, [000002ADAD6D9C00][000002ADAE24A7C0 49] Android_PowerVR_GM9xxx_Vulkan, [000002ADAD794D00][000002ADAE24E900 49] Android_TegraK1, [000002ADAD6D8600][000002ADAE256A80 49] Android_Unknown_Vulkan, [000002ADAD796B00][000002ADAE25AC00 49] Lumin, [000002ADAD6D9A00][000002ADAE25ED80 49] Lumin_Desktop, [000002ADAD796000][000002ADAE262F00 49] HoloLens, 
[2023.05.30-05.42.15:842][  0]LogMeshReduction: Using QuadricMeshReduction for automatic static mesh reduction
[2023.05.30-05.42.15:842][  0]LogMeshReduction: Using SimplygonMeshReduction for automatic skeletal mesh reduction
[2023.05.30-05.42.15:842][  0]LogMeshReduction: Using ProxyLODMeshReduction for automatic mesh merging
[2023.05.30-05.42.15:842][  0]LogMeshReduction: No distributed automatic mesh merging module available
[2023.05.30-05.42.15:842][  0]LogMeshMerging: No distributed automatic mesh merging module available
[2023.05.30-05.42.15:968][  0]LogNetVersion: Project 1.0.0, NetCL: 17155196, EngineNetVer: 17, GameNetVer: 0 (Checksum: 3814265607)
[2023.05.30-05.42.16:239][  0]LogTexture: Default maximum texture size for cubemaps generated from long-lat sources has been changed from 512 to unlimited. In order to preserve old behaiour for '/Engine/MapTemplates/Sky/DaylightAmbientCubemap.DaylightAmbientCubemap', its maximum texture size has been explicitly set to 512.
[2023.05.30-05.42.16:310][  0]LogHMD: PokeAHoleMaterial loaded successfully
[2023.05.30-05.42.16:418][  0]LogMoviePlayer: Initializing movie player
[2023.05.30-05.42.16:534][  0]LogNiagaraDebuggerClient: Niagara Debugger Client Initialized | Session: 5CF53DD947A72105DD37F9A690BD2D43 | Instance: 5533F6C14B70B4389051D98362FE2F2B (SYD-6662B6-8464).
[2023.05.30-05.42.16:559][  0]LogCollectionManager: Loaded 0 collections in 0.002556 seconds
[2023.05.30-05.42.16:562][  0]LogFileCache: Scanning file cache for directory 'C:/Users/S214666/GitRepos/ClientProject/ProjectC/Project/Saved/Collections/' took 0.00s
[2023.05.30-05.42.16:562][  0]LogFileCache: Scanning file cache for directory 'C:/Users/S214666/GitRepos/ClientProject/ProjectC/Project/Content/Developers/s214666/Collections/' took 0.00s
[2023.05.30-05.42.16:562][  0]LogFileCache: Scanning file cache for directory 'C:/Users/S214666/GitRepos/ClientProject/ProjectC/Project/Content/Collections/' took 0.00s
[2023.05.30-05.42.16:562][  0]LogCollectionManager: Fixed up redirectors for 0 collections in 0.000003 seconds (updated 0 objects)
[2023.05.30-05.42.16:674][  0]LogTcpMessaging: Initializing TcpMessaging bridge
[2023.05.30-05.42.16:681][  0]LogUdpMessaging: Initializing bridge on interface 0.0.0.0:0 to multicast group 230.0.0.1:6666.
[2023.05.30-05.42.16:710][  0]LogPython: Using Python 3.7.7
[2023.05.30-05.42.17:316][  0]SourceControl: Source control is disabled
[2023.05.30-05.42.17:316][  0]SourceControl: Source control is disabled
[2023.05.30-05.42.17:319][  0]SourceControl: Source control is disabled
[2023.05.30-05.42.17:329][  0]LogUProjectInfo: Found projects:
[2023.05.30-05.42.17:434][  0]LogOpenImageDenoise: OIDN starting up
[2023.05.30-05.42.17:445][  0]LogAndroidPermission: UAndroidPermissionCallbackProxy::GetInstance
[2023.05.30-05.42.17:461][  0]LogAudioCaptureCore: Display: No Audio Capture implementations found. Audio input will be silent.
[2023.05.30-05.42.17:461][  0]LogAudioCaptureCore: Display: No Audio Capture implementations found. Audio input will be silent.
[2023.05.30-05.42.17:540][  0]LogOcInput: OculusInput pre-init called
[2023.05.30-05.42.17:549][  0]LogUObjectArray: 22121 objects as part of root set at end of initial load.
[2023.05.30-05.42.17:549][  0]LogUObjectAllocator: 5975632 out of 0 bytes used by permanent object pool.
[2023.05.30-05.42.17:549][  0]LogUObjectArray: CloseDisregardForGC: 0/0 objects in disregard for GC pool
[2023.05.30-05.42.17:597][  0]LogEngine: Initializing Engine...
[2023.05.30-05.42.17:600][  0]LogHMD: Failed to enumerate extensions. Please check that you have a valid OpenXR runtime installed.
[2023.05.30-05.42.17:600][  0]LogHMD: Failed to initialize OpenVR with code 110
[2023.05.30-05.42.17:600][  0]LogMagicLeap: Warning: VR disabled because ZI is not enabled.  To enable, in the editor, Edit -> Project Settings -> Plugins -> Magic Leap Plugin -> Enable Zero Iteration
[2023.05.30-05.42.17:602][  0]LogStats: UGameplayTagsManager::InitializeManager -  0.000 s
[2023.05.30-05.42.17:712][  0]LogInit: Initializing FReadOnlyCVARCache
[2023.05.30-05.42.17:712][  0]LogAudio: Display: Initializing Audio Device Manager...
[2023.05.30-05.42.17:715][  0]LogAudio: Display: Loading Default Audio Settings Objects...
[2023.05.30-05.42.17:715][  0]LogAudio: Display: No default SoundConcurrencyObject specified (or failed to load).
[2023.05.30-05.42.17:716][  0]LogAudio: Display: Audio Device Manager Initialized
[2023.05.30-05.42.17:716][  0]LogAudio: Display: Creating Audio Device:                 Id: 1, Scope: Shared, Realtime: True
[2023.05.30-05.42.17:716][  0]LogAudioMixer: Display: Audio Mixer Platform Settings:
[2023.05.30-05.42.17:716][  0]LogAudioMixer: Display: 	Sample Rate:						  48000
[2023.05.30-05.42.17:716][  0]LogAudioMixer: Display: 	Callback Buffer Frame Size Requested: 1024
[2023.05.30-05.42.17:716][  0]LogAudioMixer: Display: 	Callback Buffer Frame Size To Use:	  1024
[2023.05.30-05.42.17:716][  0]LogAudioMixer: Display: 	Number of buffers to queue:			  2
[2023.05.30-05.42.17:716][  0]LogAudioMixer: Display: 	Max Channels (voices):				  32
[2023.05.30-05.42.17:716][  0]LogAudioMixer: Display: 	Number of Async Source Workers:		  0
[2023.05.30-05.42.17:716][  0]LogAudio: Display: AudioDevice MaxSources: 32
[2023.05.30-05.42.17:716][  0]LogAudio: Display: Audio Spatialization Plugin: None (built-in).
[2023.05.30-05.42.17:716][  0]LogAudio: Display: Audio Reverb Plugin: None (built-in).
[2023.05.30-05.42.17:716][  0]LogAudio: Display: Audio Occlusion Plugin: None (built-in).
[2023.05.30-05.42.17:716][  0]LogAudioMixer: Display: Initializing audio mixer.
[2023.05.30-05.42.17:733][  0]LogAudioMixer: Display: 0: FrontLeft
[2023.05.30-05.42.17:733][  0]LogAudioMixer: Display: 1: FrontRight
[2023.05.30-05.42.17:748][  0]LogAudioMixer: Display: Using Audio Device Realtek HD Audio 2nd output (Realtek(R) Audio)
[2023.05.30-05.42.17:755][  0]LogAudioMixer: Display: Initializing Sound Submixes...
[2023.05.30-05.42.17:757][  0]LogAudioMixer: Display: Creating Master Submix 'MasterSubmixDefault'
[2023.05.30-05.42.17:757][  0]LogAudioMixer: Display: Creating Master Submix 'MasterReverbSubmixDefault'
[2023.05.30-05.42.17:758][  0]LogAudioMixer: Display: Creating Master Submix 'MasterEQSubmixDefault'
[2023.05.30-05.42.17:758][  0]LogAudioMixer: FMixerPlatformXAudio2::StartAudioStream() called
[2023.05.30-05.42.17:758][  0]LogAudioMixer: Display: Output buffers initialized: Frames=1024, Channels=2, Samples=2048
[2023.05.30-05.42.17:760][  0]LogAudioMixer: Display: Starting AudioMixerPlatformInterface::RunInternal()
[2023.05.30-05.42.17:760][  0]LogAudioMixer: Display: FMixerPlatformXAudio2::SubmitBuffer() called for the first time
[2023.05.30-05.42.17:760][  0]LogInit: FAudioDevice initialized.
[2023.05.30-05.42.17:762][  0]LogNetVersion: Set ProjectVersion to 1.0.0.0. Version Checksum will be recalculated on next use.
[2023.05.30-05.42.17:763][  0]LogInit: Texture streaming: Enabled
[2023.05.30-05.42.17:839][  0]LogAudio: Display: Audio Device (ID: 1) registered with world 'Untitled'.
[2023.05.30-05.42.17:839][  0]LogSlate: Updating window title bar state: overlay mode, drag disabled, window buttons hidden, title bar hidden
[2023.05.30-05.42.17:841][  0]LogInit: Display: Game Engine Initialized.
[2023.05.30-05.42.17:841][  0]LogNiagaraEditor: GEditor isn't valid! Particle reset commands will not work for Niagara components!
[2023.05.30-05.42.17:972][  0]LogInit: Display: Starting Game.
[2023.05.30-05.42.17:972][  0]LogNet: Browse: /Game/Level/MainLevel?Name=Player
[2023.05.30-05.42.17:973][  0]LogLoad: LoadMap: /Game/Level/MainLevel?Name=Player
[2023.05.30-05.42.17:973][  0]LogWorld: BeginTearingDown for /Temp/Untitled_0
[2023.05.30-05.42.17:974][  0]LogWorld: UWorld::CleanupWorld for Untitled, bSessionEnded=true, bCleanupResources=true
[2023.05.30-05.42.17:974][  0]LogSlate: InvalidateAllWidgets triggered.  All widgets were invalidated
[2023.05.30-05.42.17:979][  0]LogAudio: Display: Audio Device unregistered from world 'None'.
[2023.05.30-05.42.17:982][  0]LogUObjectHash: Compacting FUObjectHashTables data took   1.05ms
