Log file open, 05/29/23 16:16:16
LogWindows: Failed to load 'aqProf.dll' (GetLastError=126)
LogWindows: File 'aqProf.dll' does not exist
LogWindows: Failed to load 'VtuneApi.dll' (GetLastError=126)
LogWindows: File 'VtuneApi.dll' does not exist
LogWindows: Failed to load 'VtuneApi32e.dll' (GetLastError=126)
LogWindows: File 'VtuneApi32e.dll' does not exist
LogConsoleResponse: Display: Failed to find resolution value strings in scalability ini. Falling back to default.
LogConsoleResponse: Display: Failed to find resolution value strings in scalability ini. Falling back to default.
LogInit: Display: Running engine for game: Project
LogPlatformFile: Not using cached read wrapper
LogTaskGraph: Started task graph with 5 named threads and 59 total threads with 3 sets of task threads.
LogStats: Stats thread started at 0.212219
LogICUInternationalization: ICU TimeZone Detection - Raw Offset: +10:00, Platform Override: ''
LogInit: Display: Loading text-based GConfig....
LogPluginManager: Mounting plugin MeshPainting
LogPluginManager: Mounting plugin XGEController
LogPluginManager: Mounting plugin Paper2D
LogPluginManager: Mounting plugin AISupport
LogPluginManager: Mounting plugin EnvironmentQueryEditor
LogPluginManager: Mounting plugin LightPropagationVolume
LogPluginManager: Mounting plugin LiveLink
LogPluginManager: Mounting plugin GameplayCameras
LogPluginManager: Mounting plugin CameraShakePreviewer
LogPluginManager: Mounting plugin OodleData
LogPluginManager: Mounting plugin AnimationSharing
LogPluginManager: Mounting plugin CLionSourceCodeAccess
LogPluginManager: Mounting plugin OodleNetwork
LogPluginManager: Mounting plugin AutomationUtils
LogPluginManager: Mounting plugin AlembicImporter
LogPluginManager: Mounting plugin ChaosCloth
LogPluginManager: Mounting plugin BackChannel
LogPluginManager: Mounting plugin ChaosClothEditor
LogPluginManager: Mounting plugin ChaosEditor
LogPluginManager: Mounting plugin ChaosNiagara
LogPluginManager: Mounting plugin CharacterAI
LogPluginManager: Mounting plugin ChaosSolverPlugin
LogPluginManager: Mounting plugin DatasmithContent
LogPluginManager: Mounting plugin GeometryCache
LogPluginManager: Mounting plugin VariantManagerContent
LogPluginManager: Mounting plugin GeometryCollectionPlugin
LogPluginManager: Mounting plugin GeometryProcessing
LogPluginManager: Mounting plugin MotoSynth
LogPluginManager: Mounting plugin OpenImageDenoise
LogPluginManager: Mounting plugin PlatformCrypto
LogPluginManager: Mounting plugin PlanarCut
LogPluginManager: Mounting plugin ProxyLODPlugin
LogPluginManager: Mounting plugin PythonScriptPlugin
LogPluginManager: Mounting plugin SkeletalReduction
LogPluginManager: Mounting plugin Niagara
LogPluginManager: Mounting plugin LuminPlatformFeatures
LogPluginManager: Mounting plugin MagicLeap
LogPluginManager: Mounting plugin MagicLeapLightEstimation
LogPluginManager: Mounting plugin MagicLeapMedia
LogPluginManager: Mounting plugin MagicLeapPassableWorld
LogPluginManager: Mounting plugin MLSDK
LogPluginManager: Mounting plugin AndroidMedia
LogPluginManager: Mounting plugin AvfMedia
LogPluginManager: Mounting plugin ImgMedia
LogPluginManager: Mounting plugin MediaCompositing
LogPluginManager: Mounting plugin MediaPlayerEditor
LogPluginManager: Mounting plugin WebMMedia
LogPluginManager: Mounting plugin WmfMedia
LogPluginManager: Mounting plugin TcpMessaging
LogPluginManager: Mounting plugin ActorSequence
LogPluginManager: Mounting plugin UdpMessaging
LogPluginManager: Mounting plugin LevelSequenceEditor
LogPluginManager: Mounting plugin MatineeToLevelSequence
LogPluginManager: Mounting plugin TemplateSequence
LogPluginManager: Mounting plugin OnlineSubsystem
LogPluginManager: Mounting plugin OnlineSubsystemNull
LogPluginManager: Mounting plugin OnlineSubsystemUtils
LogPluginManager: Mounting plugin ActorLayerUtilities
LogPluginManager: Mounting plugin AndroidDeviceProfileSelector
LogPluginManager: Mounting plugin AndroidMoviePlayer
LogPluginManager: Mounting plugin AndroidPermission
LogPluginManager: Mounting plugin AppleImageUtils
LogPluginManager: Mounting plugin AppleMoviePlayer
LogPluginManager: Mounting plugin ArchVisCharacter
LogPluginManager: Mounting plugin AssetTags
LogPluginManager: Mounting plugin AudioCapture
LogPluginManager: Mounting plugin AudioSynesthesia
LogPluginManager: Mounting plugin CableComponent
LogPluginManager: Mounting plugin ChunkDownloader
LogPluginManager: Mounting plugin CustomMeshComponent
LogPluginManager: Mounting plugin EditableMesh
LogPluginManager: Mounting plugin ExampleDeviceProfileSelector
LogPluginManager: Mounting plugin GoogleCloudMessaging
LogPluginManager: Mounting plugin GooglePAD
LogPluginManager: Mounting plugin LauncherChunkInstaller
LogPluginManager: Mounting plugin LinuxDeviceProfileSelector
LogPluginManager: Mounting plugin IOSDeviceProfileSelector
LogPluginManager: Mounting plugin LocationServicesBPLibrary
LogPluginManager: Mounting plugin MobilePatchingUtils
LogPluginManager: Mounting plugin OpenXR
LogPluginManager: Mounting plugin OpenXREyeTracker
LogPluginManager: Mounting plugin OpenXRHandTracking
LogPluginManager: Mounting plugin PhysXVehicles
LogPluginManager: Mounting plugin ScreenshotTools
LogPluginManager: Mounting plugin PostSplashScreen
LogPluginManager: Mounting plugin ProceduralMeshComponent
LogPluginManager: Mounting plugin PropertyAccessEditor
LogPluginManager: Mounting plugin RuntimePhysXCooking
LogPluginManager: Mounting plugin SignificanceManager
LogPluginManager: Mounting plugin SoundFields
LogPluginManager: Mounting plugin Synthesis
LogPluginManager: Mounting plugin WebMMoviePlayer
LogPluginManager: Mounting plugin WindowsMoviePlayer
LogPluginManager: Mounting plugin Takes
LogPluginManager: Mounting plugin AssetManagerEditor
LogPluginManager: Mounting plugin CryptoKeys
LogPluginManager: Mounting plugin CurveEditorTools
LogPluginManager: Mounting plugin DataValidation
LogPluginManager: Mounting plugin FacialAnimation
LogPluginManager: Mounting plugin GameplayTagsEditor
LogPluginManager: Mounting plugin GeometryMode
LogPluginManager: Mounting plugin MacGraphicsSwitching
LogPluginManager: Mounting plugin MaterialAnalyzer
LogPluginManager: Mounting plugin MobileLauncherProfileWizard
LogPluginManager: Mounting plugin PluginBrowser
LogPluginManager: Mounting plugin SpeedTreeImporter
LogPluginManager: Mounting plugin CodeLiteSourceCodeAccess
LogPluginManager: Mounting plugin KDevelopSourceCodeAccess
LogPluginManager: Mounting plugin GitSourceControl
LogPluginManager: Mounting plugin NullSourceCodeAccess
LogPluginManager: Mounting plugin PerforceSourceControl
LogPluginManager: Mounting plugin PixWinPlugin
LogPluginManager: Mounting plugin PlasticSourceControl
LogPluginManager: Mounting plugin PropertyAccessNode
LogPluginManager: Mounting plugin PluginUtils
LogPluginManager: Mounting plugin RiderSourceCodeAccess
LogPluginManager: Mounting plugin SubversionSourceControl
LogPluginManager: Mounting plugin TextureFormatOodle
LogPluginManager: Mounting plugin UObjectPlugin
LogPluginManager: Mounting plugin VisualStudioCodeSourceCodeAccess
LogPluginManager: Mounting plugin VisualStudioSourceCodeAccess
LogPluginManager: Mounting plugin XCodeSourceCodeAccess
LogPluginManager: Mounting plugin OnlineSubsystemGooglePlay
LogPluginManager: Mounting plugin OnlineSubsystemIOS
LogPluginManager: Mounting plugin OculusVR
LogPluginManager: Mounting plugin SteamVR
LogPluginManager: Mounting plugin ContentBrowserAssetDataSource
LogPluginManager: Mounting plugin ContentBrowserClassDataSource
LogPluginManager: Mounting plugin ContentBrowserFileDataSource
LogInit: Using libcurl 7.55.1-DEV
LogInit:  - built for x86_64-pc-win32
LogInit:  - supports SSL with OpenSSL/1.1.1
LogInit:  - supports HTTP deflate (compression) using libz 1.2.8
LogInit:  - other features:
LogInit:      CURL_VERSION_SSL
LogInit:      CURL_VERSION_LIBZ
LogInit:      CURL_VERSION_IPV6
LogInit:      CURL_VERSION_ASYNCHDNS
LogInit:      CURL_VERSION_LARGEFILE
LogInit:      CURL_VERSION_IDN
LogInit:  CurlRequestOptions (configurable via config and command line):
LogInit:  - bVerifyPeer = true  - Libcurl will verify peer certificate
LogInit:  - bUseHttpProxy = false  - Libcurl will NOT use HTTP proxy
LogInit:  - bDontReuseConnections = false  - Libcurl will reuse connections
LogInit:  - MaxHostConnections = 16  - Libcurl will limit the number of connections to a host
LogInit:  - LocalHostAddr = Default
LogInit:  - BufferSize = 65536
LogOnline: OSS: Creating online subsystem instance for: NULL
LogInit: WinSock: version 1.1 (2.2), MaxSocks=32767, MaxUdp=65467
LogOnline: OSS: TryLoadSubsystemAndSetDefault: Loaded subsystem for module [NULL]
PixWinPlugin: PIX capture plugin failed to initialize! Check that the process is launched from PIX.
LogOculusPluginWrapper: OculusPlugin initialized successfully
LogHMD: Failed initializing OVRPlugin 1.59.0
LogInit: Build: ++UE4+Release-4.27-CL-18319896
LogInit: Engine Version: 4.27.2-18319896+++UE4+Release-4.27
LogInit: Compatible Engine Version: 4.27.0-17155196+++UE4+Release-4.27
LogInit: Net CL: 17155196
LogInit: OS: Windows 10 (Release 2009) (), CPU: Intel(R) Core(TM) i9-10850K CPU @ 3.60GHz, GPU: NVIDIA GeForce RTX 3080
LogInit: Compiled (64-bit): Nov 30 2021 07:12:08
LogInit: Compiled with Visual C++: 19.24.28315.00
LogInit: Build Configuration: Development
LogInit: Branch Name: ++UE4+Release-4.27
LogInit: Command Line:  /Game/Level/MainMenu -game -PIEVIACONSOLE -Multiprocess GameUserSettingsINI=D:/GitRepositories/ProjectC/Project/Saved/Config/Windows/PIEGameUserSettings0.ini -MultiprocessSaveConfig -forcepassthrough -messaging -SessionName="Play in Standalone Game" -windowed -WinX=62 -WinY=24 SAVEWINPOS=1 -ResX=1848 -ResY=1046
LogInit: Base Directory: D:/Games/UE_4.27/Engine/Binaries/Win64/
LogInit: Allocator: TBB
LogInit: Installed Engine Build: 1
LogDevObjectVersion: Number of dev versions registered: 29
LogDevObjectVersion:   Dev-Blueprints (B0D832E4-1F89-4F0D-ACCF-7EB736FD4AA2): 10
LogDevObjectVersion:   Dev-Build (E1C64328-A22C-4D53-A36C-8E866417BD8C): 0
LogDevObjectVersion:   Dev-Core (375EC13C-06E4-48FB-B500-84F0262A717E): 4
LogDevObjectVersion:   Dev-Editor (E4B068ED-F494-42E9-A231-DA0B2E46BB41): 40
LogDevObjectVersion:   Dev-Framework (CFFC743F-43B0-4480-9391-14DF171D2073): 37
LogDevObjectVersion:   Dev-Mobile (B02B49B5-BB20-44E9-A304-32B752E40360): 3
LogDevObjectVersion:   Dev-Networking (A4E4105C-59A1-49B5-A7C5-40C4547EDFEE): 0
LogDevObjectVersion:   Dev-Online (39C831C9-5AE6-47DC-9A44-9C173E1C8E7C): 0
LogDevObjectVersion:   Dev-Physics (78F01B33-EBEA-4F98-B9B4-84EACCB95AA2): 14
LogDevObjectVersion:   Dev-Platform (6631380F-2D4D-43E0-8009-CF276956A95A): 0
LogDevObjectVersion:   Dev-Rendering (12F88B9F-8875-4AFC-A67C-D90C383ABD29): 45
LogDevObjectVersion:   Dev-Sequencer (7B5AE74C-D270-4C10-A958-57980B212A5A): 13
LogDevObjectVersion:   Dev-VR (D7296918-1DD6-4BDD-9DE2-64A83CC13884): 3
LogDevObjectVersion:   Dev-LoadTimes (C2A15278-BFE7-4AFE-6C17-90FF531DF755): 1
LogDevObjectVersion:   Private-Geometry (6EACA3D4-40EC-4CC1-B786-8BED09428FC5): 3
LogDevObjectVersion:   Dev-AnimPhys (29E575DD-E0A3-4627-9D10-D276232CDCEA): 17
LogDevObjectVersion:   Dev-Anim (AF43A65D-7FD3-4947-9873-3E8ED9C1BB05): 15
LogDevObjectVersion:   Dev-ReflectionCapture (6B266CEC-1EC7-4B8F-A30B-E4D90942FC07): 1
LogDevObjectVersion:   Dev-Automation (0DF73D61-A23F-47EA-B727-89E90C41499A): 1
LogDevObjectVersion:   FortniteMain (601D1886-AC64-4F84-AA16-D3DE0DEAC7D6): 47
LogDevObjectVersion:   FortniteRelease (E7086368-6B23-4C58-8439-1B7016265E91): 1
LogDevObjectVersion:   Dev-Enterprise (9DFFBCD6-494F-0158-E221-12823C92A888): 10
LogDevObjectVersion:   Dev-Niagara (F2AED0AC-9AFE-416F-8664-AA7FFA26D6FC): 1
LogDevObjectVersion:   Dev-Destruction (174F1F0B-B4C6-45A5-B13F-2EE8D0FB917D): 10
LogDevObjectVersion:   Dev-Physics-Ext (35F94A83-E258-406C-A318-09F59610247C): 41
LogDevObjectVersion:   Dev-PhysicsMaterial-Chaos (B68FC16E-8B1B-42E2-B453-215C058844FE): 1
LogDevObjectVersion:   Dev-CineCamera (B2E18506-4273-CFC2-A54E-F4BB758BBA07): 1
LogDevObjectVersion:   Dev-VirtualProduction (64F58936-FD1B-42BA-BA96-7289D5D0FA4E): 1
LogDevObjectVersion:   Dev-MediaFramework (6F0ED827-A609-4895-9C91-998D90180EA4): 2
LogInit: Presizing for max 25165824 objects, including 0 objects not considered by GC, pre-allocating 0 bytes for permanent pool.
LogConfig: Applying CVar settings from Section [/Script/Engine.StreamingSettings] File [D:/GitRepositories/ProjectC/Project/Saved/Config/Windows/Engine.ini]
LogConfig: Setting CVar [[s.MinBulkDataSizeForAsyncLoading:131072]]
LogConfig: Setting CVar [[s.AsyncLoadingThreadEnabled:0]]
LogConfig: Setting CVar [[s.EventDrivenLoaderEnabled:1]]
LogConfig: Setting CVar [[s.WarnIfTimeLimitExceeded:0]]
LogConfig: Setting CVar [[s.TimeLimitExceededMultiplier:1.5]]
LogConfig: Setting CVar [[s.TimeLimitExceededMinTime:0.005]]
LogConfig: Setting CVar [[s.UseBackgroundLevelStreaming:1]]
LogConfig: Setting CVar [[s.PriorityAsyncLoadingExtraTime:15.0]]
LogConfig: Setting CVar [[s.LevelStreamingActorsUpdateTimeLimit:5.0]]
LogConfig: Setting CVar [[s.PriorityLevelStreamingActorsUpdateExtraTime:5.0]]
LogConfig: Setting CVar [[s.LevelStreamingComponentsRegistrationGranularity:10]]
LogConfig: Setting CVar [[s.UnregisterComponentsTimeLimit:1.0]]
LogConfig: Setting CVar [[s.LevelStreamingComponentsUnregistrationGranularity:5]]
LogConfig: Setting CVar [[s.FlushStreamingOnExit:1]]
LogInit: Object subsystem initialized
LogConfig: Setting CVar [[con.DebugEarlyDefault:1]]
LogConfig: Setting CVar [[r.setres:1280x720]]
[2023.05.29-06.16.16:666][  0]LogConfig: Setting CVar [[con.DebugEarlyDefault:1]]
[2023.05.29-06.16.16:666][  0]LogConfig: Setting CVar [[r.setres:1280x720]]
[2023.05.29-06.16.16:666][  0]LogConfig: Applying CVar settings from Section [/Script/Engine.RendererSettings] File [D:/GitRepositories/ProjectC/Project/Saved/Config/Windows/Engine.ini]
[2023.05.29-06.16.16:666][  0]LogConfig: Setting CVar [[r.GPUCrashDebugging:0]]
[2023.05.29-06.16.16:666][  0]LogConfig: Applying CVar settings from Section [/Script/Engine.RendererOverrideSettings] File [D:/GitRepositories/ProjectC/Project/Saved/Config/Windows/Engine.ini]
[2023.05.29-06.16.16:666][  0]LogConfig: Applying CVar settings from Section [/Script/Engine.StreamingSettings] File [D:/GitRepositories/ProjectC/Project/Saved/Config/Windows/Engine.ini]
[2023.05.29-06.16.16:666][  0]LogConfig: Setting CVar [[s.MinBulkDataSizeForAsyncLoading:131072]]
[2023.05.29-06.16.16:666][  0]LogConfig: Setting CVar [[s.AsyncLoadingThreadEnabled:0]]
[2023.05.29-06.16.16:666][  0]LogConfig: Setting CVar [[s.EventDrivenLoaderEnabled:1]]
[2023.05.29-06.16.16:666][  0]LogConfig: Setting CVar [[s.WarnIfTimeLimitExceeded:0]]
[2023.05.29-06.16.16:666][  0]LogConfig: Setting CVar [[s.TimeLimitExceededMultiplier:1.5]]
[2023.05.29-06.16.16:666][  0]LogConfig: Setting CVar [[s.TimeLimitExceededMinTime:0.005]]
[2023.05.29-06.16.16:666][  0]LogConfig: Setting CVar [[s.UseBackgroundLevelStreaming:1]]
[2023.05.29-06.16.16:666][  0]LogConfig: Setting CVar [[s.PriorityAsyncLoadingExtraTime:15.0]]
[2023.05.29-06.16.16:666][  0]LogConfig: Setting CVar [[s.LevelStreamingActorsUpdateTimeLimit:5.0]]
[2023.05.29-06.16.16:666][  0]LogConfig: Setting CVar [[s.PriorityLevelStreamingActorsUpdateExtraTime:5.0]]
[2023.05.29-06.16.16:666][  0]LogConfig: Setting CVar [[s.LevelStreamingComponentsRegistrationGranularity:10]]
[2023.05.29-06.16.16:666][  0]LogConfig: Setting CVar [[s.UnregisterComponentsTimeLimit:1.0]]
[2023.05.29-06.16.16:666][  0]LogConfig: Setting CVar [[s.LevelStreamingComponentsUnregistrationGranularity:5]]
[2023.05.29-06.16.16:666][  0]LogConfig: Setting CVar [[s.FlushStreamingOnExit:1]]
[2023.05.29-06.16.16:666][  0]LogConfig: Applying CVar settings from Section [/Script/Engine.GarbageCollectionSettings] File [D:/GitRepositories/ProjectC/Project/Saved/Config/Windows/Engine.ini]
[2023.05.29-06.16.16:666][  0]LogConfig: Setting CVar [[gc.MaxObjectsNotConsideredByGC:1]]
[2023.05.29-06.16.16:666][  0]LogConfig: Setting CVar [[gc.SizeOfPermanentObjectPool:0]]
[2023.05.29-06.16.16:666][  0]LogConfig: Setting CVar [[gc.FlushStreamingOnGC:0]]
[2023.05.29-06.16.16:666][  0]LogConfig: Setting CVar [[gc.NumRetriesBeforeForcingGC:10]]
[2023.05.29-06.16.16:666][  0]LogConfig: Setting CVar [[gc.AllowParallelGC:1]]
[2023.05.29-06.16.16:666][  0]LogConfig: Setting CVar [[gc.TimeBetweenPurgingPendingKillObjects:61.1]]
[2023.05.29-06.16.16:666][  0]LogConfig: Setting CVar [[gc.MaxObjectsInEditor:25165824]]
[2023.05.29-06.16.16:666][  0]LogConfig: Setting CVar [[gc.IncrementalBeginDestroyEnabled:1]]
[2023.05.29-06.16.16:666][  0]LogConfig: Setting CVar [[gc.CreateGCClusters:1]]
[2023.05.29-06.16.16:666][  0]LogConfig: Setting CVar [[gc.MinGCClusterSize:5]]
[2023.05.29-06.16.16:666][  0]LogConfig: Setting CVar [[gc.ActorClusteringEnabled:0]]
[2023.05.29-06.16.16:666][  0]LogConfig: Setting CVar [[gc.BlueprintClusteringEnabled:0]]
[2023.05.29-06.16.16:666][  0]LogConfig: Setting CVar [[gc.UseDisregardForGCOnDedicatedServers:0]]
[2023.05.29-06.16.16:666][  0]LogConfig: Setting CVar [[gc.MultithreadedDestructionEnabled:1]]
[2023.05.29-06.16.16:666][  0]LogConfig: Applying CVar settings from Section [/Script/Engine.NetworkSettings] File [D:/GitRepositories/ProjectC/Project/Saved/Config/Windows/Engine.ini]
[2023.05.29-06.16.16:666][  0]LogConfig: Applying CVar settings from Section [/Script/UnrealEd.CookerSettings] File [D:/GitRepositories/ProjectC/Project/Saved/Config/Windows/Engine.ini]
[2023.05.29-06.16.16:685][  0]LogConfig: Applying CVar settings from Section [ViewDistanceQuality@3] File [D:/GitRepositories/ProjectC/Project/Saved/Config/Windows/Scalability.ini]
[2023.05.29-06.16.16:685][  0]LogConfig: Setting CVar [[r.SkeletalMeshLODBias:0]]
[2023.05.29-06.16.16:685][  0]LogConfig: Setting CVar [[r.ViewDistanceScale:1.0]]
[2023.05.29-06.16.16:685][  0]LogConfig: Applying CVar settings from Section [AntiAliasingQuality@3] File [D:/GitRepositories/ProjectC/Project/Saved/Config/Windows/Scalability.ini]
[2023.05.29-06.16.16:685][  0]LogConfig: Setting CVar [[r.PostProcessAAQuality:4]]
[2023.05.29-06.16.16:685][  0]LogConfig: Applying CVar settings from Section [ShadowQuality@3] File [D:/GitRepositories/ProjectC/Project/Saved/Config/Windows/Scalability.ini]
[2023.05.29-06.16.16:685][  0]LogConfig: Setting CVar [[r.LightFunctionQuality:1]]
[2023.05.29-06.16.16:685][  0]LogConfig: Setting CVar [[r.ShadowQuality:5]]
[2023.05.29-06.16.16:685][  0]LogConfig: Setting CVar [[r.Shadow.CSM.MaxCascades:10]]
[2023.05.29-06.16.16:685][  0]LogConfig: Setting CVar [[r.Shadow.MaxResolution:2048]]
[2023.05.29-06.16.16:685][  0]LogConfig: Setting CVar [[r.Shadow.MaxCSMResolution:2048]]
[2023.05.29-06.16.16:685][  0]LogConfig: Setting CVar [[r.Shadow.RadiusThreshold:0.01]]
[2023.05.29-06.16.16:685][  0]LogConfig: Setting CVar [[r.Shadow.DistanceScale:1.0]]
[2023.05.29-06.16.16:685][  0]LogConfig: Setting CVar [[r.Shadow.CSM.TransitionScale:1.0]]
[2023.05.29-06.16.16:685][  0]LogConfig: Setting CVar [[r.Shadow.PreShadowResolutionFactor:1.0]]
[2023.05.29-06.16.16:685][  0]LogConfig: Setting CVar [[r.DistanceFieldShadowing:1]]
[2023.05.29-06.16.16:685][  0]LogConfig: Setting CVar [[r.DistanceFieldAO:1]]
[2023.05.29-06.16.16:685][  0]LogConfig: Setting CVar [[r.AOQuality:2]]
[2023.05.29-06.16.16:685][  0]LogConfig: Setting CVar [[r.VolumetricFog:1]]
[2023.05.29-06.16.16:685][  0]LogConfig: Setting CVar [[r.VolumetricFog.GridPixelSize:8]]
[2023.05.29-06.16.16:685][  0]LogConfig: Setting CVar [[r.VolumetricFog.GridSizeZ:128]]
[2023.05.29-06.16.16:685][  0]LogConfig: Setting CVar [[r.VolumetricFog.HistoryMissSupersampleCount:4]]
[2023.05.29-06.16.16:685][  0]LogConfig: Setting CVar [[r.LightMaxDrawDistanceScale:1]]
[2023.05.29-06.16.16:685][  0]LogConfig: Setting CVar [[r.CapsuleShadows:1]]
[2023.05.29-06.16.16:685][  0]LogConfig: Applying CVar settings from Section [PostProcessQuality@3] File [D:/GitRepositories/ProjectC/Project/Saved/Config/Windows/Scalability.ini]
[2023.05.29-06.16.16:685][  0]LogConfig: Setting CVar [[r.MotionBlurQuality:4]]
[2023.05.29-06.16.16:685][  0]LogConfig: Setting CVar [[r.AmbientOcclusionMipLevelFactor:0.4]]
[2023.05.29-06.16.16:685][  0]LogConfig: Setting CVar [[r.AmbientOcclusionMaxQuality:100]]
[2023.05.29-06.16.16:685][  0]LogConfig: Setting CVar [[r.AmbientOcclusionLevels:-1]]
[2023.05.29-06.16.16:685][  0]LogConfig: Setting CVar [[r.AmbientOcclusionRadiusScale:1.0]]
[2023.05.29-06.16.16:685][  0]LogConfig: Setting CVar [[r.DepthOfFieldQuality:2]]
[2023.05.29-06.16.16:685][  0]LogConfig: Setting CVar [[r.RenderTargetPoolMin:400]]
[2023.05.29-06.16.16:685][  0]LogConfig: Setting CVar [[r.LensFlareQuality:2]]
[2023.05.29-06.16.16:685][  0]LogConfig: Setting CVar [[r.SceneColorFringeQuality:1]]
[2023.05.29-06.16.16:685][  0]LogConfig: Setting CVar [[r.EyeAdaptationQuality:2]]
[2023.05.29-06.16.16:685][  0]LogConfig: Setting CVar [[r.BloomQuality:5]]
[2023.05.29-06.16.16:685][  0]LogConfig: Setting CVar [[r.FastBlurThreshold:100]]
[2023.05.29-06.16.16:685][  0]LogConfig: Setting CVar [[r.Upscale.Quality:3]]
[2023.05.29-06.16.16:685][  0]LogConfig: Setting CVar [[r.Tonemapper.GrainQuantization:1]]
[2023.05.29-06.16.16:685][  0]LogConfig: Setting CVar [[r.LightShaftQuality:1]]
[2023.05.29-06.16.16:685][  0]LogConfig: Setting CVar [[r.Filter.SizeScale:1]]
[2023.05.29-06.16.16:685][  0]LogConfig: Setting CVar [[r.Tonemapper.Quality:5]]
[2023.05.29-06.16.16:685][  0]LogConfig: Setting CVar [[r.DOF.Gather.AccumulatorQuality:1        ; higher gathering accumulator quality]]
[2023.05.29-06.16.16:685][  0]LogConfig: Setting CVar [[r.DOF.Gather.PostfilterMethod:1          ; Median3x3 postfilering method]]
[2023.05.29-06.16.16:685][  0]LogConfig: Setting CVar [[r.DOF.Gather.EnableBokehSettings:0       ; no bokeh simulation when gathering]]
[2023.05.29-06.16.16:685][  0]LogConfig: Setting CVar [[r.DOF.Gather.RingCount:4                 ; medium number of samples when gathering]]
[2023.05.29-06.16.16:685][  0]LogConfig: Setting CVar [[r.DOF.Scatter.ForegroundCompositing:1    ; additive foreground scattering]]
[2023.05.29-06.16.16:685][  0]LogConfig: Setting CVar [[r.DOF.Scatter.BackgroundCompositing:2    ; additive background scattering]]
[2023.05.29-06.16.16:685][  0]LogConfig: Setting CVar [[r.DOF.Scatter.EnableBokehSettings:1      ; bokeh simulation when scattering]]
[2023.05.29-06.16.16:685][  0]LogConfig: Setting CVar [[r.DOF.Scatter.MaxSpriteRatio:0.1         ; only a maximum of 10% of scattered bokeh]]
[2023.05.29-06.16.16:685][  0]LogConfig: Setting CVar [[r.DOF.Recombine.Quality:1                ; cheap slight out of focus]]
[2023.05.29-06.16.16:685][  0]LogConfig: Setting CVar [[r.DOF.Recombine.EnableBokehSettings:0    ; no bokeh simulation on slight out of focus]]
[2023.05.29-06.16.16:685][  0]LogConfig: Setting CVar [[r.DOF.TemporalAAQuality:1                ; more stable temporal accumulation]]
[2023.05.29-06.16.16:685][  0]LogConfig: Setting CVar [[r.DOF.Kernel.MaxForegroundRadius:0.025]]
[2023.05.29-06.16.16:685][  0]LogConfig: Setting CVar [[r.DOF.Kernel.MaxBackgroundRadius:0.025]]
[2023.05.29-06.16.16:685][  0]LogConfig: Applying CVar settings from Section [TextureQuality@3] File [D:/GitRepositories/ProjectC/Project/Saved/Config/Windows/Scalability.ini]
[2023.05.29-06.16.16:685][  0]LogConfig: Setting CVar [[r.Streaming.MipBias:0]]
[2023.05.29-06.16.16:685][  0]LogConfig: Setting CVar [[r.Streaming.AmortizeCPUToGPUCopy:0]]
[2023.05.29-06.16.16:685][  0]LogConfig: Setting CVar [[r.Streaming.MaxNumTexturesToStreamPerFrame:0]]
[2023.05.29-06.16.16:685][  0]LogConfig: Setting CVar [[r.Streaming.Boost:1]]
[2023.05.29-06.16.16:685][  0]LogConfig: Setting CVar [[r.MaxAnisotropy:8]]
[2023.05.29-06.16.16:685][  0]LogConfig: Setting CVar [[r.VT.MaxAnisotropy:8]]
[2023.05.29-06.16.16:685][  0]LogConfig: Setting CVar [[r.Streaming.LimitPoolSizeToVRAM:0]]
[2023.05.29-06.16.16:685][  0]LogConfig: Setting CVar [[r.Streaming.PoolSize:1000]]
[2023.05.29-06.16.16:685][  0]LogConfig: Setting CVar [[r.Streaming.MaxEffectiveScreenSize:0]]
[2023.05.29-06.16.16:685][  0]LogConfig: Applying CVar settings from Section [EffectsQuality@3] File [D:/GitRepositories/ProjectC/Project/Saved/Config/Windows/Scalability.ini]
[2023.05.29-06.16.16:685][  0]LogConfig: Setting CVar [[r.TranslucencyLightingVolumeDim:64]]
[2023.05.29-06.16.16:685][  0]LogConfig: Setting CVar [[r.RefractionQuality:2]]
[2023.05.29-06.16.16:685][  0]LogConfig: Setting CVar [[r.SSR.Quality:3]]
[2023.05.29-06.16.16:685][  0]LogConfig: Setting CVar [[r.SSR.HalfResSceneColor:0]]
[2023.05.29-06.16.16:685][  0]LogConfig: Setting CVar [[r.SceneColorFormat:4]]
[2023.05.29-06.16.16:685][  0]LogConfig: Setting CVar [[r.DetailMode:2]]
[2023.05.29-06.16.16:685][  0]LogConfig: Setting CVar [[r.TranslucencyVolumeBlur:1]]
[2023.05.29-06.16.16:685][  0]LogConfig: Setting CVar [[r.MaterialQualityLevel:1 ; High quality]]
[2023.05.29-06.16.16:685][  0]LogConfig: Setting CVar [[r.AnisotropicMaterials:1]]
[2023.05.29-06.16.16:685][  0]LogConfig: Setting CVar [[r.SSS.Scale:1]]
[2023.05.29-06.16.16:685][  0]LogConfig: Setting CVar [[r.SSS.SampleSet:2]]
[2023.05.29-06.16.16:685][  0]LogConfig: Setting CVar [[r.SSS.Quality:1]]
[2023.05.29-06.16.16:685][  0]LogConfig: Setting CVar [[r.SSS.HalfRes:0]]
[2023.05.29-06.16.16:685][  0]LogConfig: Setting CVar [[r.SSGI.Quality:3]]
[2023.05.29-06.16.16:685][  0]LogConfig: Setting CVar [[r.EmitterSpawnRateScale:1.0]]
[2023.05.29-06.16.16:685][  0]LogConfig: Setting CVar [[r.ParticleLightQuality:2]]
[2023.05.29-06.16.16:685][  0]LogConfig: Setting CVar [[r.SkyAtmosphere.AerialPerspectiveLUT.FastApplyOnOpaque:1 ; Always have FastSkyLUT 1 in this case to avoid wrong sky]]
[2023.05.29-06.16.16:686][  0]LogConfig: Setting CVar [[r.SkyAtmosphere.AerialPerspectiveLUT.SampleCountMaxPerSlice:4]]
[2023.05.29-06.16.16:686][  0]LogConfig: Setting CVar [[r.SkyAtmosphere.AerialPerspectiveLUT.DepthResolution:16.0]]
[2023.05.29-06.16.16:686][  0]LogConfig: Setting CVar [[r.SkyAtmosphere.FastSkyLUT:1]]
[2023.05.29-06.16.16:686][  0]LogConfig: Setting CVar [[r.SkyAtmosphere.FastSkyLUT.SampleCountMin:4.0]]
[2023.05.29-06.16.16:686][  0]LogConfig: Setting CVar [[r.SkyAtmosphere.FastSkyLUT.SampleCountMax:128.0]]
[2023.05.29-06.16.16:686][  0]LogConfig: Setting CVar [[r.SkyAtmosphere.SampleCountMin:4.0]]
[2023.05.29-06.16.16:686][  0]LogConfig: Setting CVar [[r.SkyAtmosphere.SampleCountMax:128.0]]
[2023.05.29-06.16.16:686][  0]LogConfig: Setting CVar [[r.SkyAtmosphere.TransmittanceLUT.UseSmallFormat:0]]
[2023.05.29-06.16.16:686][  0]LogConfig: Setting CVar [[r.SkyAtmosphere.TransmittanceLUT.SampleCount:10.0]]
[2023.05.29-06.16.16:686][  0]LogConfig: Setting CVar [[r.SkyAtmosphere.MultiScatteringLUT.SampleCount:15.0]]
[2023.05.29-06.16.16:686][  0]LogConfig: Setting CVar [[r.SkyLight.RealTimeReflectionCapture:1]]
[2023.05.29-06.16.16:686][  0]LogConfig: Applying CVar settings from Section [FoliageQuality@3] File [D:/GitRepositories/ProjectC/Project/Saved/Config/Windows/Scalability.ini]
[2023.05.29-06.16.16:686][  0]LogConfig: Setting CVar [[foliage.DensityScale:1.0]]
[2023.05.29-06.16.16:686][  0]LogConfig: Setting CVar [[grass.DensityScale:1.0]]
[2023.05.29-06.16.16:686][  0]LogConfig: Applying CVar settings from Section [ShadingQuality@3] File [D:/GitRepositories/ProjectC/Project/Saved/Config/Windows/Scalability.ini]
[2023.05.29-06.16.16:686][  0]LogConfig: Setting CVar [[r.HairStrands.SkyLighting.IntegrationType:2]]
[2023.05.29-06.16.16:686][  0]LogConfig: Setting CVar [[r.HairStrands.SkyAO.SampleCount:4]]
[2023.05.29-06.16.16:686][  0]LogConfig: Setting CVar [[r.HairStrands.Visibility.MSAA.SamplePerPixel:4]]
[2023.05.29-06.16.16:686][  0]LogInit: Selected Device Profile: [Windows]
[2023.05.29-06.16.16:686][  0]LogInit: Applying CVar settings loaded from the selected device profile: [Windows]
[2023.05.29-06.16.16:686][  0]LogHAL: Display: Platform has ~ 16 GB [17042870272 / 17179869184 / 16], which maps to Larger [LargestMinGB=32, LargerMinGB=12, DefaultMinGB=8, SmallerMinGB=6, SmallestMinGB=0)
[2023.05.29-06.16.16:686][  0]LogInit: Going up to parent DeviceProfile []
[2023.05.29-06.16.16:686][  0]LogConfig: Applying CVar settings from Section [ViewDistanceQuality@3] File [D:/GitRepositories/ProjectC/Project/Saved/Config/Windows/Scalability.ini]
[2023.05.29-06.16.16:686][  0]LogConfig: Setting CVar [[r.SkeletalMeshLODBias:0]]
[2023.05.29-06.16.16:686][  0]LogConfig: Setting CVar [[r.ViewDistanceScale:1.0]]
[2023.05.29-06.16.16:686][  0]LogConfig: Applying CVar settings from Section [AntiAliasingQuality@3] File [D:/GitRepositories/ProjectC/Project/Saved/Config/Windows/Scalability.ini]
[2023.05.29-06.16.16:686][  0]LogConfig: Setting CVar [[r.PostProcessAAQuality:4]]
[2023.05.29-06.16.16:686][  0]LogConfig: Applying CVar settings from Section [ShadowQuality@3] File [D:/GitRepositories/ProjectC/Project/Saved/Config/Windows/Scalability.ini]
[2023.05.29-06.16.16:686][  0]LogConfig: Setting CVar [[r.LightFunctionQuality:1]]
[2023.05.29-06.16.16:686][  0]LogConfig: Setting CVar [[r.ShadowQuality:5]]
[2023.05.29-06.16.16:686][  0]LogConfig: Setting CVar [[r.Shadow.CSM.MaxCascades:10]]
[2023.05.29-06.16.16:686][  0]LogConfig: Setting CVar [[r.Shadow.MaxResolution:2048]]
[2023.05.29-06.16.16:686][  0]LogConfig: Setting CVar [[r.Shadow.MaxCSMResolution:2048]]
[2023.05.29-06.16.16:686][  0]LogConfig: Setting CVar [[r.Shadow.RadiusThreshold:0.01]]
[2023.05.29-06.16.16:686][  0]LogConfig: Setting CVar [[r.Shadow.DistanceScale:1.0]]
[2023.05.29-06.16.16:686][  0]LogConfig: Setting CVar [[r.Shadow.CSM.TransitionScale:1.0]]
[2023.05.29-06.16.16:686][  0]LogConfig: Setting CVar [[r.Shadow.PreShadowResolutionFactor:1.0]]
[2023.05.29-06.16.16:686][  0]LogConfig: Setting CVar [[r.DistanceFieldShadowing:1]]
[2023.05.29-06.16.16:686][  0]LogConfig: Setting CVar [[r.DistanceFieldAO:1]]
[2023.05.29-06.16.16:686][  0]LogConfig: Setting CVar [[r.AOQuality:2]]
[2023.05.29-06.16.16:686][  0]LogConfig: Setting CVar [[r.VolumetricFog:1]]
[2023.05.29-06.16.16:686][  0]LogConfig: Setting CVar [[r.VolumetricFog.GridPixelSize:8]]
[2023.05.29-06.16.16:686][  0]LogConfig: Setting CVar [[r.VolumetricFog.GridSizeZ:128]]
[2023.05.29-06.16.16:686][  0]LogConfig: Setting CVar [[r.VolumetricFog.HistoryMissSupersampleCount:4]]
[2023.05.29-06.16.16:686][  0]LogConfig: Setting CVar [[r.LightMaxDrawDistanceScale:1]]
[2023.05.29-06.16.16:686][  0]LogConfig: Setting CVar [[r.CapsuleShadows:1]]
[2023.05.29-06.16.16:686][  0]LogConfig: Applying CVar settings from Section [PostProcessQuality@3] File [D:/GitRepositories/ProjectC/Project/Saved/Config/Windows/Scalability.ini]
[2023.05.29-06.16.16:686][  0]LogConfig: Setting CVar [[r.MotionBlurQuality:4]]
[2023.05.29-06.16.16:686][  0]LogConfig: Setting CVar [[r.AmbientOcclusionMipLevelFactor:0.4]]
[2023.05.29-06.16.16:686][  0]LogConfig: Setting CVar [[r.AmbientOcclusionMaxQuality:100]]
[2023.05.29-06.16.16:686][  0]LogConfig: Setting CVar [[r.AmbientOcclusionLevels:-1]]
[2023.05.29-06.16.16:686][  0]LogConfig: Setting CVar [[r.AmbientOcclusionRadiusScale:1.0]]
[2023.05.29-06.16.16:686][  0]LogConfig: Setting CVar [[r.DepthOfFieldQuality:2]]
[2023.05.29-06.16.16:686][  0]LogConfig: Setting CVar [[r.RenderTargetPoolMin:400]]
[2023.05.29-06.16.16:686][  0]LogConfig: Setting CVar [[r.LensFlareQuality:2]]
[2023.05.29-06.16.16:686][  0]LogConfig: Setting CVar [[r.SceneColorFringeQuality:1]]
[2023.05.29-06.16.16:686][  0]LogConfig: Setting CVar [[r.EyeAdaptationQuality:2]]
[2023.05.29-06.16.16:686][  0]LogConfig: Setting CVar [[r.BloomQuality:5]]
[2023.05.29-06.16.16:686][  0]LogConfig: Setting CVar [[r.FastBlurThreshold:100]]
[2023.05.29-06.16.16:686][  0]LogConfig: Setting CVar [[r.Upscale.Quality:3]]
[2023.05.29-06.16.16:686][  0]LogConfig: Setting CVar [[r.Tonemapper.GrainQuantization:1]]
[2023.05.29-06.16.16:686][  0]LogConfig: Setting CVar [[r.LightShaftQuality:1]]
[2023.05.29-06.16.16:686][  0]LogConfig: Setting CVar [[r.Filter.SizeScale:1]]
[2023.05.29-06.16.16:686][  0]LogConfig: Setting CVar [[r.Tonemapper.Quality:5]]
[2023.05.29-06.16.16:686][  0]LogConfig: Setting CVar [[r.DOF.Gather.AccumulatorQuality:1        ; higher gathering accumulator quality]]
[2023.05.29-06.16.16:686][  0]LogConfig: Setting CVar [[r.DOF.Gather.PostfilterMethod:1          ; Median3x3 postfilering method]]
[2023.05.29-06.16.16:686][  0]LogConfig: Setting CVar [[r.DOF.Gather.EnableBokehSettings:0       ; no bokeh simulation when gathering]]
[2023.05.29-06.16.16:686][  0]LogConfig: Setting CVar [[r.DOF.Gather.RingCount:4                 ; medium number of samples when gathering]]
[2023.05.29-06.16.16:686][  0]LogConfig: Setting CVar [[r.DOF.Scatter.ForegroundCompositing:1    ; additive foreground scattering]]
[2023.05.29-06.16.16:686][  0]LogConfig: Setting CVar [[r.DOF.Scatter.BackgroundCompositing:2    ; additive background scattering]]
[2023.05.29-06.16.16:686][  0]LogConfig: Setting CVar [[r.DOF.Scatter.EnableBokehSettings:1      ; bokeh simulation when scattering]]
[2023.05.29-06.16.16:686][  0]LogConfig: Setting CVar [[r.DOF.Scatter.MaxSpriteRatio:0.1         ; only a maximum of 10% of scattered bokeh]]
[2023.05.29-06.16.16:686][  0]LogConfig: Setting CVar [[r.DOF.Recombine.Quality:1                ; cheap slight out of focus]]
[2023.05.29-06.16.16:686][  0]LogConfig: Setting CVar [[r.DOF.Recombine.EnableBokehSettings:0    ; no bokeh simulation on slight out of focus]]
[2023.05.29-06.16.16:686][  0]LogConfig: Setting CVar [[r.DOF.TemporalAAQuality:1                ; more stable temporal accumulation]]
[2023.05.29-06.16.16:686][  0]LogConfig: Setting CVar [[r.DOF.Kernel.MaxForegroundRadius:0.025]]
[2023.05.29-06.16.16:686][  0]LogConfig: Setting CVar [[r.DOF.Kernel.MaxBackgroundRadius:0.025]]
[2023.05.29-06.16.16:686][  0]LogConfig: Applying CVar settings from Section [TextureQuality@3] File [D:/GitRepositories/ProjectC/Project/Saved/Config/Windows/Scalability.ini]
[2023.05.29-06.16.16:686][  0]LogConfig: Setting CVar [[r.Streaming.MipBias:0]]
[2023.05.29-06.16.16:686][  0]LogConfig: Setting CVar [[r.Streaming.AmortizeCPUToGPUCopy:0]]
[2023.05.29-06.16.16:686][  0]LogConfig: Setting CVar [[r.Streaming.MaxNumTexturesToStreamPerFrame:0]]
[2023.05.29-06.16.16:686][  0]LogConfig: Setting CVar [[r.Streaming.Boost:1]]
[2023.05.29-06.16.16:686][  0]LogConfig: Setting CVar [[r.MaxAnisotropy:8]]
[2023.05.29-06.16.16:686][  0]LogConfig: Setting CVar [[r.VT.MaxAnisotropy:8]]
[2023.05.29-06.16.16:686][  0]LogConfig: Setting CVar [[r.Streaming.LimitPoolSizeToVRAM:0]]
[2023.05.29-06.16.16:686][  0]LogConfig: Setting CVar [[r.Streaming.PoolSize:1000]]
[2023.05.29-06.16.16:686][  0]LogConfig: Setting CVar [[r.Streaming.MaxEffectiveScreenSize:0]]
[2023.05.29-06.16.16:686][  0]LogConfig: Applying CVar settings from Section [EffectsQuality@3] File [D:/GitRepositories/ProjectC/Project/Saved/Config/Windows/Scalability.ini]
[2023.05.29-06.16.16:686][  0]LogConfig: Setting CVar [[r.TranslucencyLightingVolumeDim:64]]
[2023.05.29-06.16.16:686][  0]LogConfig: Setting CVar [[r.RefractionQuality:2]]
[2023.05.29-06.16.16:686][  0]LogConfig: Setting CVar [[r.SSR.Quality:3]]
[2023.05.29-06.16.16:686][  0]LogConfig: Setting CVar [[r.SSR.HalfResSceneColor:0]]
[2023.05.29-06.16.16:686][  0]LogConfig: Setting CVar [[r.SceneColorFormat:4]]
[2023.05.29-06.16.16:686][  0]LogConfig: Setting CVar [[r.DetailMode:2]]
[2023.05.29-06.16.16:686][  0]LogConfig: Setting CVar [[r.TranslucencyVolumeBlur:1]]
[2023.05.29-06.16.16:686][  0]LogConfig: Setting CVar [[r.MaterialQualityLevel:1 ; High quality]]
[2023.05.29-06.16.16:686][  0]LogConfig: Setting CVar [[r.AnisotropicMaterials:1]]
[2023.05.29-06.16.16:686][  0]LogConfig: Setting CVar [[r.SSS.Scale:1]]
[2023.05.29-06.16.16:686][  0]LogConfig: Setting CVar [[r.SSS.SampleSet:2]]
[2023.05.29-06.16.16:686][  0]LogConfig: Setting CVar [[r.SSS.Quality:1]]
[2023.05.29-06.16.16:687][  0]LogConfig: Setting CVar [[r.SSS.HalfRes:0]]
[2023.05.29-06.16.16:687][  0]LogConfig: Setting CVar [[r.SSGI.Quality:3]]
[2023.05.29-06.16.16:687][  0]LogConfig: Setting CVar [[r.EmitterSpawnRateScale:1.0]]
[2023.05.29-06.16.16:687][  0]LogConfig: Setting CVar [[r.ParticleLightQuality:2]]
[2023.05.29-06.16.16:687][  0]LogConfig: Setting CVar [[r.SkyAtmosphere.AerialPerspectiveLUT.FastApplyOnOpaque:1 ; Always have FastSkyLUT 1 in this case to avoid wrong sky]]
[2023.05.29-06.16.16:687][  0]LogConfig: Setting CVar [[r.SkyAtmosphere.AerialPerspectiveLUT.SampleCountMaxPerSlice:4]]
[2023.05.29-06.16.16:687][  0]LogConfig: Setting CVar [[r.SkyAtmosphere.AerialPerspectiveLUT.DepthResolution:16.0]]
[2023.05.29-06.16.16:687][  0]LogConfig: Setting CVar [[r.SkyAtmosphere.FastSkyLUT:1]]
[2023.05.29-06.16.16:687][  0]LogConfig: Setting CVar [[r.SkyAtmosphere.FastSkyLUT.SampleCountMin:4.0]]
[2023.05.29-06.16.16:687][  0]LogConfig: Setting CVar [[r.SkyAtmosphere.FastSkyLUT.SampleCountMax:128.0]]
[2023.05.29-06.16.16:687][  0]LogConfig: Setting CVar [[r.SkyAtmosphere.SampleCountMin:4.0]]
[2023.05.29-06.16.16:687][  0]LogConfig: Setting CVar [[r.SkyAtmosphere.SampleCountMax:128.0]]
[2023.05.29-06.16.16:687][  0]LogConfig: Setting CVar [[r.SkyAtmosphere.TransmittanceLUT.UseSmallFormat:0]]
[2023.05.29-06.16.16:687][  0]LogConfig: Setting CVar [[r.SkyAtmosphere.TransmittanceLUT.SampleCount:10.0]]
[2023.05.29-06.16.16:687][  0]LogConfig: Setting CVar [[r.SkyAtmosphere.MultiScatteringLUT.SampleCount:15.0]]
[2023.05.29-06.16.16:687][  0]LogConfig: Setting CVar [[r.SkyLight.RealTimeReflectionCapture:1]]
[2023.05.29-06.16.16:687][  0]LogConfig: Applying CVar settings from Section [FoliageQuality@3] File [D:/GitRepositories/ProjectC/Project/Saved/Config/Windows/Scalability.ini]
[2023.05.29-06.16.16:687][  0]LogConfig: Setting CVar [[foliage.DensityScale:1.0]]
[2023.05.29-06.16.16:687][  0]LogConfig: Setting CVar [[grass.DensityScale:1.0]]
[2023.05.29-06.16.16:687][  0]LogConfig: Applying CVar settings from Section [ShadingQuality@3] File [D:/GitRepositories/ProjectC/Project/Saved/Config/Windows/Scalability.ini]
[2023.05.29-06.16.16:687][  0]LogConfig: Setting CVar [[r.HairStrands.SkyLighting.IntegrationType:2]]
[2023.05.29-06.16.16:687][  0]LogConfig: Setting CVar [[r.HairStrands.SkyAO.SampleCount:4]]
[2023.05.29-06.16.16:687][  0]LogConfig: Setting CVar [[r.HairStrands.Visibility.MSAA.SamplePerPixel:4]]
[2023.05.29-06.16.16:687][  0]LogConfig: Applying CVar settings from Section [Startup] File [../../../Engine/Config/ConsoleVariables.ini]
[2023.05.29-06.16.16:687][  0]LogConfig: Setting CVar [[net.UseAdaptiveNetUpdateFrequency:0]]
[2023.05.29-06.16.16:687][  0]LogConfig: Setting CVar [[p.chaos.AllowCreatePhysxBodies:1]]
[2023.05.29-06.16.16:687][  0]LogConfig: Setting CVar [[fx.SkipVectorVMBackendOptimizations:1]]
[2023.05.29-06.16.16:687][  0]LogConfig: Applying CVar settings from Section [ConsoleVariables] File [D:/GitRepositories/ProjectC/Project/Saved/Config/Windows/Engine.ini]
[2023.05.29-06.16.16:687][  0]LogConfig: Applying CVar settings from Section [ConsoleVariables] File [D:/GitRepositories/ProjectC/Project/Saved/Config/Windows/Editor.ini]
[2023.05.29-06.16.16:687][  0]LogInit: Computer: GLYNNPC
[2023.05.29-06.16.16:687][  0]LogInit: User: Glynn
[2023.05.29-06.16.16:687][  0]LogInit: CPU Page size=4096, Cores=10
[2023.05.29-06.16.16:687][  0]LogInit: High frequency timer resolution =10.000000 MHz
[2023.05.29-06.16.16:687][  0]LogMemory: Memory total: Physical=15.9GB (16GB approx)
[2023.05.29-06.16.16:687][  0]LogMemory: Platform Memory Stats for Windows
[2023.05.29-06.16.16:687][  0]LogMemory: Process Physical Memory: 155.43 MB used, 155.43 MB peak
[2023.05.29-06.16.16:687][  0]LogMemory: Process Virtual Memory: 134.68 MB used, 134.68 MB peak
[2023.05.29-06.16.16:687][  0]LogMemory: Physical Memory: 8720.44 MB used,  7532.91 MB free, 16253.35 MB total
[2023.05.29-06.16.16:687][  0]LogMemory: Virtual Memory: 134208256.00 MB used,  9475.16 MB free, 134217728.00 MB total
[2023.05.29-06.16.16:691][  0]LogWindows: WindowsPlatformFeatures enabled
[2023.05.29-06.16.16:723][  0]LogInit: Physics initialised using underlying interface: PhysX
[2023.05.29-06.16.16:723][  0]LogInit: Using OS detected language (en-US).
[2023.05.29-06.16.16:723][  0]LogInit: Using OS detected locale (en-AU).
[2023.05.29-06.16.16:754][  0]LogTextLocalizationManager: No specific localization for 'en-US' exists, so the 'en' localization will be used.
[2023.05.29-06.16.16:922][  0]LogWindowsTextInputMethodSystem: Display: IME system deactivated.
[2023.05.29-06.16.16:949][  0]LogSlate: New Slate User Created.  User Index 0, Is Virtual User: 0
[2023.05.29-06.16.16:949][  0]LogSlate: Slate User Registered.  User Index 0, Is Virtual User: 0
[2023.05.29-06.16.16:970][  0]LogD3D11RHI: Loaded GFSDK_Aftermath_Lib.x64.dll
[2023.05.29-06.16.16:985][  0]LogHMD: Failed to initialize OpenVR with code 110
[2023.05.29-06.16.16:985][  0]LogD3D11RHI: D3D11 min allowed feature level: 11_0
[2023.05.29-06.16.16:985][  0]LogD3D11RHI: D3D11 max allowed feature level: 11_0
[2023.05.29-06.16.16:985][  0]LogD3D11RHI: D3D11 adapters:
[2023.05.29-06.16.17:090][  0]LogD3D11RHI:    0. 'NVIDIA GeForce RTX 3080' (Feature Level 11_0)
[2023.05.29-06.16.17:090][  0]LogD3D11RHI:       10067/0/8126 MB DedicatedVideo/DedicatedSystem/SharedSystem, Outputs:2, VendorId:0x10de
[2023.05.29-06.16.17:091][  0]LogD3D11RHI:    1. 'Microsoft Basic Render Driver' (Feature Level 11_0)
[2023.05.29-06.16.17:091][  0]LogD3D11RHI:       0/0/8126 MB DedicatedVideo/DedicatedSystem/SharedSystem, Outputs:0, VendorId:0x1414
[2023.05.29-06.16.17:092][  0]LogD3D11RHI: Chosen D3D11 Adapter:
[2023.05.29-06.16.17:092][  0]LogD3D11RHI:     Description : NVIDIA GeForce RTX 3080
[2023.05.29-06.16.17:092][  0]LogD3D11RHI:     VendorId    : 10de
[2023.05.29-06.16.17:092][  0]LogD3D11RHI:     DeviceId    : 2216
[2023.05.29-06.16.17:092][  0]LogD3D11RHI:     SubSysId    : 403f1458
[2023.05.29-06.16.17:092][  0]LogD3D11RHI:     Revision    : 00a1
[2023.05.29-06.16.17:092][  0]LogD3D11RHI:     DedicatedVideoMemory : 10556014592 bytes
[2023.05.29-06.16.17:092][  0]LogD3D11RHI:     DedicatedSystemMemory : 0 bytes
[2023.05.29-06.16.17:092][  0]LogD3D11RHI:     SharedSystemMemory : 8521435136 bytes
[2023.05.29-06.16.17:092][  0]LogD3D11RHI:     AdapterLuid : 0 77860
[2023.05.29-06.16.17:096][  0]LogD3D11RHI: Creating new Direct3DDevice
[2023.05.29-06.16.17:096][  0]LogD3D11RHI:     GPU DeviceId: 0x2216 (for the marketing name, search the web for "GPU Device Id")
[2023.05.29-06.16.17:096][  0]LogWindows: EnumDisplayDevices:
[2023.05.29-06.16.17:096][  0]LogWindows:    0. 'NVIDIA GeForce RTX 3080' (P:1 D:1)
[2023.05.29-06.16.17:096][  0]LogWindows:    1. 'NVIDIA GeForce RTX 3080' (P:0 D:1)
[2023.05.29-06.16.17:096][  0]LogWindows:    2. 'NVIDIA GeForce RTX 3080' (P:0 D:0)
[2023.05.29-06.16.17:096][  0]LogWindows:    3. 'NVIDIA GeForce RTX 3080' (P:0 D:0)
[2023.05.29-06.16.17:097][  0]LogWindows: DebugString: FoundDriverCount:4 
[2023.05.29-06.16.17:097][  0]LogD3D11RHI:     Adapter Name: NVIDIA GeForce RTX 3080
[2023.05.29-06.16.17:097][  0]LogD3D11RHI:   Driver Version: 531.68 (internal:31.0.15.3168, unified:531.68)
[2023.05.29-06.16.17:097][  0]LogD3D11RHI:      Driver Date: 4-13-2023
[2023.05.29-06.16.17:097][  0]LogRHI: Texture pool is 7046 MB (70% of 10067 MB)
[2023.05.29-06.16.17:097][  0]LogD3D11RHI: Creating D3DDevice using adapter:
[2023.05.29-06.16.17:097][  0]LogD3D11RHI:     Description : NVIDIA GeForce RTX 3080
[2023.05.29-06.16.17:097][  0]LogD3D11RHI:     VendorId    : 10de
[2023.05.29-06.16.17:097][  0]LogD3D11RHI:     DeviceId    : 2216
[2023.05.29-06.16.17:097][  0]LogD3D11RHI:     SubSysId    : 403f1458
[2023.05.29-06.16.17:097][  0]LogD3D11RHI:     Revision    : 00a1
[2023.05.29-06.16.17:097][  0]LogD3D11RHI:     DedicatedVideoMemory : 10556014592 bytes
[2023.05.29-06.16.17:097][  0]LogD3D11RHI:     DedicatedSystemMemory : 0 bytes
[2023.05.29-06.16.17:097][  0]LogD3D11RHI:     SharedSystemMemory : 8521435136 bytes
[2023.05.29-06.16.17:097][  0]LogD3D11RHI:     AdapterLuid : 0 77860
[2023.05.29-06.16.17:174][  0]LogD3D11RHI: RHI has support for 64 bit atomics
[2023.05.29-06.16.17:174][  0]LogD3D11RHI: Async texture creation enabled
[2023.05.29-06.16.17:174][  0]LogD3D11RHI: Array index from any shader is supported
[2023.05.29-06.16.17:194][  0]LogD3D11RHI: GPU Timing Frequency: 1000.000000 (Debug: 2 2)
[2023.05.29-06.16.17:226][  0]LogRHI: GeForceNow SDK initialized: 1
[2023.05.29-06.16.17:478][  0]LogTargetPlatformManager: Display: Loaded TargetPlatform 'WindowsNoEditor'
[2023.05.29-06.16.17:481][  0]LogTargetPlatformManager: Display: Loaded TargetPlatform 'Windows'
[2023.05.29-06.16.17:484][  0]LogTargetPlatformManager: Display: Loaded TargetPlatform 'WindowsClient'
[2023.05.29-06.16.17:487][  0]LogTargetPlatformManager: Display: Loaded TargetPlatform 'WindowsServer'
[2023.05.29-06.16.17:487][  0]LogTargetPlatformManager: Display: Building Assets For Windows
[2023.05.29-06.16.17:492][  0]LogAudioDebug: Display: Lib vorbis DLL was dynamically loaded.
[2023.05.29-06.16.17:510][  0]LogTextureFormatOodle: Display: Oodle Texture 2.9.0 init RDO Off
[2023.05.29-06.16.17:531][  0]LogRendererCore: Ray tracing is disabled. Reason: r.RayTracing=0.
[2023.05.29-06.16.17:531][  0]LogShaderCompilers: Guid format shader working directory is -2 characters bigger than the processId version (../../../../../GitRepositories/ProjectC/Project/Intermediate/Shaders/WorkingDirectory/14824/).
[2023.05.29-06.16.17:531][  0]LogShaderCompilers: Cleaned the shader compiler working directory 'C:/Users/Glynn/AppData/Local/Temp/UnrealShaderWorkingDir/33CCEC6C44D655A264CA51ABF4B499B8/'.
[2023.05.29-06.16.17:531][  0]LogXGEController: Cannot use XGE Controller as Incredibuild is not installed on this machine.
[2023.05.29-06.16.17:531][  0]LogShaderCompilers: Cannot use XGE Shader Compiler as Incredibuild is not installed on this machine.
[2023.05.29-06.16.17:531][  0]LogShaderCompilers: Display: Using Local Shader Compiler.
[2023.05.29-06.16.18:150][  0]LogDerivedDataCache: Display: Max Cache Size: 512 MB
[2023.05.29-06.16.18:196][  0]LogDerivedDataCache: Loaded boot cache 0.05s 94MB C:/Users/Glynn/AppData/Local/UnrealEngine/4.27/DerivedDataCache/Boot.ddc.
[2023.05.29-06.16.18:196][  0]LogDerivedDataCache: Display: Loaded Boot cache: C:/Users/Glynn/AppData/Local/UnrealEngine/4.27/DerivedDataCache/Boot.ddc
[2023.05.29-06.16.18:196][  0]LogDerivedDataCache: FDerivedDataBackendGraph:  Pak pak cache file ../../../../../GitRepositories/ProjectC/Project/DerivedDataCache/DDC.ddp not found, will not use a pak cache.
[2023.05.29-06.16.18:196][  0]LogDerivedDataCache: Unable to find inner node Pak for hierarchical cache Hierarchy.
[2023.05.29-06.16.18:196][  0]LogDerivedDataCache: FDerivedDataBackendGraph:  CompressedPak pak cache file ../../../../../GitRepositories/ProjectC/Project/DerivedDataCache/Compressed.ddp not found, will not use a pak cache.
[2023.05.29-06.16.18:196][  0]LogDerivedDataCache: Unable to find inner node CompressedPak for hierarchical cache Hierarchy.
[2023.05.29-06.16.18:209][  0]LogDerivedDataCache: Display: Pak cache opened for reading ../../../Engine/DerivedDataCache/Compressed.ddp.
[2023.05.29-06.16.18:210][  0]LogDerivedDataCache: FDerivedDataBackendGraph:  EnterprisePak pak cache file ../../../Enterprise/DerivedDataCache/Compressed.ddp not found, will not use a pak cache.
[2023.05.29-06.16.18:210][  0]LogDerivedDataCache: Unable to find inner node EnterprisePak for hierarchical cache Hierarchy.
[2023.05.29-06.16.18:215][  0]LogDerivedDataCache: Speed tests for C:/Users/Glynn/AppData/Local/UnrealEngine/Common/DerivedDataCache took 0.01 seconds
[2023.05.29-06.16.18:216][  0]LogDerivedDataCache: Display: Performance to C:/Users/Glynn/AppData/Local/UnrealEngine/Common/DerivedDataCache: Latency=0.04ms. RandomReadSpeed=772.55MBs, RandomWriteSpeed=225.18MBs. Assigned SpeedClass 'Local'
[2023.05.29-06.16.18:216][  0]LogDerivedDataCache: Using Local data cache path C:/Users/Glynn/AppData/Local/UnrealEngine/Common/DerivedDataCache: Writable
[2023.05.29-06.16.18:216][  0]LogDerivedDataCache: Shared data cache path not found in *engine.ini, will not use an Shared cache.
[2023.05.29-06.16.18:216][  0]LogDerivedDataCache: Unable to find inner node Shared for hierarchical cache Hierarchy.
[2023.05.29-06.16.18:311][  0]LogSlate: Using FreeType 2.10.0
[2023.05.29-06.16.18:311][  0]LogSlate: SlateFontServices - WITH_FREETYPE: 1, WITH_HARFBUZZ: 1
[2023.05.29-06.16.18:462][  0]LogInit: Using OS detected language (en-US).
[2023.05.29-06.16.18:462][  0]LogInit: Using OS detected locale (en-AU).
[2023.05.29-06.16.18:462][  0]LogTextLocalizationManager: No localization for 'en-US' exists, so 'en' will be used for the language.
[2023.05.29-06.16.18:462][  0]LogTextLocalizationManager: No localization for 'en-AU' exists, so 'en' will be used for the locale.
[2023.05.29-06.16.18:462][  0]LogSlate: FontCache flush requested. Reason: Culture for localization was changed
[2023.05.29-06.16.18:462][  0]LogSlate: FontCache flush requested. Reason: Culture for localization was changed
[2023.05.29-06.16.18:481][  0]LogTextLocalizationManager: Compacting localization data took   0.00ms
[2023.05.29-06.16.18:481][  0]LogAssetRegistry: FAssetRegistry took 0.0012 seconds to start up
[2023.05.29-06.16.18:611][  0]LogPackageLocalizationCache: Processed 27 localized package path(s) for 1 prioritized culture(s) in 0.000843 seconds
[2023.05.29-06.16.18:659][  0]LogInit: Selected Device Profile: [Windows]
[2023.05.29-06.16.18:659][  0]LogInit: Active device profile: [000002AC40695A00][000002AC379CB640 49] Windows
[2023.05.29-06.16.18:659][  0]LogInit: Profiles: [000002AC40695A00][000002AC379CB640 49] Windows, [000002AC4065F100][000002AC379D37C0 49] WindowsNoEditor, [000002AC40697700][000002AC379D7940 49] WindowsServer, [000002AC4065CF00][000002AC3B157AC0 49] WindowsClient, [000002AC40695000][000002AC3B15A0C0 49] IOS, [000002AC4065DA00][000002AC3B15E240 49] iPadAir, [000002AC40696000][000002AC3B1623C0 49] iPadAir2, [000002AC40619300][000002AC3B16A680 49] IPadPro, [000002AC40619400][000002AC3B1666C0 49] iPadAir3, [000002AC4065DD00][000002AC3B16E840 49] iPadAir4, [000002AC4061B900][000002AC3B1729C0 49] iPadMini2, [000002AC4065ED00][000002AC3B176B40 49] iPadMini3, [000002AC40619E00][000002AC3B17ACC0 49] iPadMini4, [000002AC4065E900][000002AC3B17EE40 49] iPadMini5, [000002AC40644C00][000002AC3B187100 49] iPhone6, [000002AC40644D00][000002AC3B183140 49] iPodTouch6, [000002AC40695E00][000002AC3B18F400 49] iPhone7, [000002AC40697900][000002AC3B18B440 49] iPodTouch7, [000002AC40644300][000002AC379CF580 49] iPhone5S, [000002AC4061A800][000002AC3B1936C0 49] iPhone6Plus, [000002AC40646C00][000002AC3B197800 49] iPhone6S, [000002AC4061BF00][000002AC3B19B940 49] iPhone6SPlus, [000002AC40646B00][000002AC37E7FAC0 49] iPhone7Plus, [000002AC4061BD00][000002AC37E820C0 49] iPhoneSE, [000002AC40694900][000002AC37E86240 49] iPhone8, [000002AC40618900][000002AC37E8A3C0 49] iPhone8Plus, [000002AC40697E00][000002AC37E8E540 49] iPhoneX, [000002AC4061AB00][000002AC37E926C0 49] iPhoneXS, [000002AC40694400][000002AC37E96840 49] iPhoneXSMax, [000002AC4061A200][000002AC37E9A9C0 49] iPhoneXR, [000002AC40696400][000002AC37E9EB40 49] iPhone11, [000002AC4061A500][000002AC37EA2CC0 49] iPhone11Pro, [000002AC40694D00][000002AC37EA6E40 49] iPhone11ProMax, [000002AC40618200][000002AC37EAAFC0 49] iPhoneSE2, [000002AC40696B00][000002AC37EAF140 49] iPhone12Mini, [000002AC40619800][000002AC37EB32C0 49] iPhone12, [000002AC40696300][000002AC37EB7440 49] iPhone12Pro, [000002AC40619C00][000002AC37EBB5C0 49] iPhone12ProMax, [000002AC40695700][000002AC3B19F700 49] iPadPro105, [000002AC4061AC00][000002AC37EBF840 49] iPadPro129, [000002AC40696100][000002AC37EC3980 49] iPadPro97, [000002AC4061A700][000002AC37EC7AC0 49] iPadPro2_129, [000002AC40696C00][000002AC37ECE0C0 49] iPad5, [000002AC40619700][000002AC37ED2240 49] iPad6, [000002AC40696E00][000002AC37ED63C0 49] iPad7, [000002AC40618B00][000002AC37EDA540 49] iPad8, [000002AC40696700][000002AC37EDE6C0 49] iPadPro11, [000002AC40618400][000002AC37EE2840 49] iPadPro2_11, [000002AC40695600][000002AC37EE69C0 49] iPadPro3_129, [000002AC40619600][000002AC37EEAB40 49] iPadPro4_129, [000002AC40695D00][000002AC37EEECC0 49] AppleTV, [000002AC4061AF00][000002AC37EF2E40 49] AppleTV4K, [000002AC40694800][000002AC37EF6FC0 49] TVOS, [000002AC4061BA00][000002AC37EFB140 49] Mac, [000002AC40697A00][000002AC385732C0 49] MacClient, [000002AC4061AD00][000002AC38577440 49] MacNoEditor, [000002AC40696A00][000002AC3857B5C0 49] MacServer, [000002AC4061B600][000002AC3857F740 49] Linux, [000002AC40697800][000002AC385838C0 49] LinuxAArch64, [000002AC4061A100][000002AC37ECBA00 49] LinuxNoEditor, [000002AC40695300][000002AC38587B40 49] LinuxAArch64NoEditor, [000002AC4061B100][000002AC3858A100 49] LinuxClient, [000002AC40696600][000002AC38592280 49] LinuxAArch64Client, [000002AC4061A900][000002AC38596400 49] LinuxServer, [000002AC40696500][000002AC3859A580 49] LinuxAArch64Server, [000002AC40619100][000002AC3859E700 49] Android, [000002AC40694B00][000002AC385A2880 49] Android_Low, [000002AC40619B00][000002AC385A6A00 49] Android_Mid, [000002AC40697C00][000002AC385AAB80 49] Android_High, [000002AC40619D00][000002AC385AED00 49] Android_Default, [000002AC40695400][000002AC385B2E80 49] Android_Adreno4xx, [000002AC40618300][000002AC385B7000 49] Android_Adreno5xx_Low, [000002AC40696D00][000002AC385BB180 49] Android_Adreno5xx, [000002AC4061B400][000002AC385BF300 49] Android_Adreno6xx, [000002AC40696F00][000002AC385C3480 49] Android_Adreno6xx_Vulkan, [000002AC4061BB00][000002AC385C7600 49] Android_Mali_T6xx, [000002AC40695500][000002AC385CB780 49] Android_Mali_T7xx, [000002AC40618100][000002AC385CF900 49] Android_Mali_T8xx, [000002AC40694A00][000002AC385D3A80 49] Android_Mali_G71, [000002AC40619000][000002AC3858FBC0 49] Android_Mali_G72, [000002AC40697100][000002AC385D6180 49] Android_Mali_G72_Vulkan, [000002AC40618E00][000002AC385DA2C0 49] Android_Mali_G76, [000002AC40696900][000002AC385E2440 49] Android_Mali_G76_Vulkan, [000002AC4065EE00][000002AC385E65C0 49] Android_Mali_G77, [000002AC40647A00][000002AC385EA740 49] Android_Mali_G77_Vulkan, [000002AC4065C300][000002AC385EE8C0 49] Android_Mali_G78, [000002AC40646200][000002AC385F2A40 49] Android_Mali_G78_Vulkan, [000002AC4065DC00][000002AC385F6BC0 49] Android_Mali_G710, [000002AC40645600][000002AC385FAD40 49] Android_Mali_G710_Vulkan, [000002AC4065D400][000002AC385FEEC0 49] Android_Vulkan_SM5, [000002AC40646900][000002AC38603040 49] Android_PowerVR_G6xxx, [000002AC4065D500][000002AC386071C0 49] Android_PowerVR_GT7xxx, [000002AC40647600][000002AC3860B340 49] Android_PowerVR_GE8xxx, [000002AC4065E400][000002AC3860F4C0 49] Android_PowerVR_GM9xxx, [000002AC40647400][000002AC38613640 49] Android_PowerVR_GM9xxx_Vulkan, [000002AC4065D900][000002AC386177C0 49] Android_TegraK1, [000002AC40644F00][000002AC3861B940 49] Android_Unknown_Vulkan, [000002AC4065EF00][000002AC3861FAC0 49] Lumin, [000002AC40646D00][000002AC386220C0 49] Lumin_Desktop, [000002AC4065FC00][000002AC385DE200 49] HoloLens, 
[2023.05.29-06.16.18:686][  0]LogMeshReduction: Using QuadricMeshReduction for automatic static mesh reduction
[2023.05.29-06.16.18:686][  0]LogMeshReduction: Using SimplygonMeshReduction for automatic skeletal mesh reduction
[2023.05.29-06.16.18:686][  0]LogMeshReduction: Using ProxyLODMeshReduction for automatic mesh merging
[2023.05.29-06.16.18:686][  0]LogMeshReduction: No distributed automatic mesh merging module available
[2023.05.29-06.16.18:686][  0]LogMeshMerging: No distributed automatic mesh merging module available
[2023.05.29-06.16.18:778][  0]LogNetVersion: Project 1.0.0, NetCL: 17155196, EngineNetVer: 17, GameNetVer: 0 (Checksum: 3814265607)
[2023.05.29-06.16.18:954][  0]LogTexture: Default maximum texture size for cubemaps generated from long-lat sources has been changed from 512 to unlimited. In order to preserve old behaiour for '/Engine/MapTemplates/Sky/DaylightAmbientCubemap.DaylightAmbientCubemap', its maximum texture size has been explicitly set to 512.
[2023.05.29-06.16.18:995][  0]LogHMD: PokeAHoleMaterial loaded successfully
[2023.05.29-06.16.19:112][  0]LogMoviePlayer: Initializing movie player
[2023.05.29-06.16.19:191][  0]LogPython: Using Python 3.7.7
[2023.05.29-06.16.19:542][  0]LogNiagaraDebuggerClient: Niagara Debugger Client Initialized | Session: 9514801142510C989D656BA5AB1BE5C8 | Instance: 313BB29E4F48E3AAAF2660A5CBBEC289 (GLYNNPC-14824).
[2023.05.29-06.16.19:571][  0]LogCollectionManager: Loaded 0 collections in 0.000500 seconds
[2023.05.29-06.16.19:594][  0]LogFileCache: Scanning file cache for directory 'D:/GitRepositories/ProjectC/Project/Saved/Collections/' took 0.00s
[2023.05.29-06.16.19:594][  0]LogFileCache: Scanning file cache for directory 'D:/GitRepositories/ProjectC/Project/Content/Developers/Glynn/Collections/' took 0.00s
[2023.05.29-06.16.19:594][  0]LogFileCache: Scanning file cache for directory 'D:/GitRepositories/ProjectC/Project/Content/Collections/' took 0.00s
[2023.05.29-06.16.19:594][  0]LogCollectionManager: Fixed up redirectors for 0 collections in 0.000002 seconds (updated 0 objects)
[2023.05.29-06.16.19:682][  0]LogTcpMessaging: Initializing TcpMessaging bridge
[2023.05.29-06.16.19:687][  0]LogUdpMessaging: Initializing bridge on interface 0.0.0.0:0 to multicast group 230.0.0.1:6666.
[2023.05.29-06.16.19:811][  0]LogOpenImageDenoise: OIDN starting up
[2023.05.29-06.16.19:833][  0]LogAndroidPermission: UAndroidPermissionCallbackProxy::GetInstance
[2023.05.29-06.16.19:846][  0]LogAudioCaptureCore: Display: No Audio Capture implementations found. Audio input will be silent.
[2023.05.29-06.16.19:846][  0]LogAudioCaptureCore: Display: No Audio Capture implementations found. Audio input will be silent.
[2023.05.29-06.16.19:919][  0]SourceControl: Source control is disabled
[2023.05.29-06.16.19:919][  0]SourceControl: Source control is disabled
[2023.05.29-06.16.19:922][  0]SourceControl: Source control is disabled
[2023.05.29-06.16.19:925][  0]LogUProjectInfo: Found projects:
[2023.05.29-06.16.19:960][  0]LogOcInput: OculusInput pre-init called
[2023.05.29-06.16.19:967][  0]LogUObjectArray: 22121 objects as part of root set at end of initial load.
[2023.05.29-06.16.19:967][  0]LogUObjectAllocator: 5975632 out of 0 bytes used by permanent object pool.
[2023.05.29-06.16.19:967][  0]LogUObjectArray: CloseDisregardForGC: 0/0 objects in disregard for GC pool
[2023.05.29-06.16.20:003][  0]LogEngine: Initializing Engine...
[2023.05.29-06.16.20:005][  0]LogHMD: Failed to enumerate extensions. Please check that you have a valid OpenXR runtime installed.
[2023.05.29-06.16.20:005][  0]LogHMD: Failed to initialize OpenVR with code 110
[2023.05.29-06.16.20:005][  0]LogMagicLeap: Warning: VR disabled because ZI is not enabled.  To enable, in the editor, Edit -> Project Settings -> Plugins -> Magic Leap Plugin -> Enable Zero Iteration
[2023.05.29-06.16.20:006][  0]LogStats: UGameplayTagsManager::InitializeManager -  0.000 s
[2023.05.29-06.16.20:078][  0]LogInit: Initializing FReadOnlyCVARCache
[2023.05.29-06.16.20:078][  0]LogAudio: Display: Initializing Audio Device Manager...
[2023.05.29-06.16.20:081][  0]LogAudio: Display: Loading Default Audio Settings Objects...
[2023.05.29-06.16.20:081][  0]LogAudio: Display: No default SoundConcurrencyObject specified (or failed to load).
[2023.05.29-06.16.20:081][  0]LogAudio: Display: Audio Device Manager Initialized
[2023.05.29-06.16.20:081][  0]LogAudio: Display: Creating Audio Device:                 Id: 1, Scope: Shared, Realtime: True
[2023.05.29-06.16.20:081][  0]LogAudioMixer: Display: Audio Mixer Platform Settings:
[2023.05.29-06.16.20:081][  0]LogAudioMixer: Display: 	Sample Rate:						  48000
[2023.05.29-06.16.20:081][  0]LogAudioMixer: Display: 	Callback Buffer Frame Size Requested: 1024
[2023.05.29-06.16.20:081][  0]LogAudioMixer: Display: 	Callback Buffer Frame Size To Use:	  1024
[2023.05.29-06.16.20:081][  0]LogAudioMixer: Display: 	Number of buffers to queue:			  2
[2023.05.29-06.16.20:081][  0]LogAudioMixer: Display: 	Max Channels (voices):				  32
[2023.05.29-06.16.20:081][  0]LogAudioMixer: Display: 	Number of Async Source Workers:		  0
[2023.05.29-06.16.20:081][  0]LogAudio: Display: AudioDevice MaxSources: 32
[2023.05.29-06.16.20:082][  0]LogAudio: Display: Audio Spatialization Plugin: None (built-in).
[2023.05.29-06.16.20:082][  0]LogAudio: Display: Audio Reverb Plugin: None (built-in).
[2023.05.29-06.16.20:082][  0]LogAudio: Display: Audio Occlusion Plugin: None (built-in).
[2023.05.29-06.16.20:082][  0]LogAudioMixer: Display: Initializing audio mixer.
[2023.05.29-06.16.20:092][  0]LogAudioMixer: Display: 0: FrontLeft
[2023.05.29-06.16.20:092][  0]LogAudioMixer: Display: 1: FrontRight
[2023.05.29-06.16.20:102][  0]LogAudioMixer: Display: Using Audio Device Speakers (Realtek(R) Audio)
[2023.05.29-06.16.20:106][  0]LogAudioMixer: Display: Initializing Sound Submixes...
[2023.05.29-06.16.20:107][  0]LogAudioMixer: Display: Creating Master Submix 'MasterSubmixDefault'
[2023.05.29-06.16.20:107][  0]LogAudioMixer: Display: Creating Master Submix 'MasterReverbSubmixDefault'
[2023.05.29-06.16.20:108][  0]LogAudioMixer: Display: Creating Master Submix 'MasterEQSubmixDefault'
[2023.05.29-06.16.20:108][  0]LogAudioMixer: FMixerPlatformXAudio2::StartAudioStream() called
[2023.05.29-06.16.20:108][  0]LogAudioMixer: Display: Output buffers initialized: Frames=1024, Channels=2, Samples=2048
[2023.05.29-06.16.20:109][  0]LogAudioMixer: Display: Starting AudioMixerPlatformInterface::RunInternal()
[2023.05.29-06.16.20:109][  0]LogAudioMixer: Display: FMixerPlatformXAudio2::SubmitBuffer() called for the first time
[2023.05.29-06.16.20:109][  0]LogInit: FAudioDevice initialized.
[2023.05.29-06.16.20:128][  0]LogNetVersion: Set ProjectVersion to 1.0.0.0. Version Checksum will be recalculated on next use.
[2023.05.29-06.16.20:129][  0]LogInit: Texture streaming: Enabled
[2023.05.29-06.16.20:346][  0]LogAudio: Display: Audio Device (ID: 1) registered with world 'Untitled'.
[2023.05.29-06.16.20:347][  0]LogSlate: Updating window title bar state: overlay mode, drag disabled, window buttons hidden, title bar hidden
[2023.05.29-06.16.20:359][  0]LogInit: Display: Game Engine Initialized.
[2023.05.29-06.16.20:374][  0]LogNiagaraEditor: GEditor isn't valid! Particle reset commands will not work for Niagara components!
[2023.05.29-06.16.20:465][  0]LogInit: Display: Starting Game.
[2023.05.29-06.16.20:475][  0]LogNet: Browse: /Game/Level/MainMenu?Name=Player
[2023.05.29-06.16.20:475][  0]LogLoad: LoadMap: /Game/Level/MainMenu?Name=Player
[2023.05.29-06.16.20:475][  0]LogWorld: BeginTearingDown for /Temp/Untitled_0
[2023.05.29-06.16.20:476][  0]LogWorld: UWorld::CleanupWorld for Untitled, bSessionEnded=true, bCleanupResources=true
[2023.05.29-06.16.20:476][  0]LogSlate: InvalidateAllWidgets triggered.  All widgets were invalidated
[2023.05.29-06.16.20:480][  0]LogAudio: Display: Audio Device unregistered from world 'None'.
[2023.05.29-06.16.20:497][  0]LogUObjectHash: Compacting FUObjectHashTables data took   0.57ms
[2023.05.29-06.16.20:510][  0]LogAudio: Display: Audio Device (ID: 1) registered with world 'MainMenu'.
[2023.05.29-06.16.20:562][  0]LogAIModule: Creating AISystem for world MainMenu
[2023.05.29-06.16.20:562][  0]LogLoad: Game class is 'GameModeBase'
[2023.05.29-06.16.20:571][  0]LogWorld: Bringing World /Game/Level/MainMenu.MainMenu up for play (max tick rate 0) at 2023.05.29-16.16.20
[2023.05.29-06.16.20:571][  0]LogWorld: Bringing up level for play took: 0.000417
[2023.05.29-06.16.20:571][  0]LogGameMode: FindPlayerStart: PATHS NOT DEFINED or NO PLAYERSTART with positive rating
[2023.05.29-06.16.20:580][  0]LogLoad: Took 0.105147 seconds to LoadMap(/Game/Level/MainMenu)
[2023.05.29-06.16.20:666][  0]LogSlate: Took 0.000123 seconds to synchronously load lazily loaded font '../../../Engine/Content/Slate/Fonts/Roboto-Regular.ttf' (155K)
[2023.05.29-06.16.20:707][  0]LogRenderer: Reallocating scene render targets to support 1848x1048 Format 10 NumSamples 1 (Frame:1).
[2023.05.29-06.16.20:707][  0]LogInit: Display: Engine is initialized. Leaving FEngineLoop::Init()
[2023.05.29-06.16.20:707][  0]LogLoad: (Engine Initialization) Total time: 4.87 seconds
[2023.05.29-06.16.20:707][  0]LogLoad: (Engine Initialization) Total Blueprint compile time: 0.00 seconds
[2023.05.29-06.16.20:709][  0]LogContentStreaming: Texture pool size now 1000 MB
[2023.05.29-06.16.20:711][  0]LogSlate: InvalidateAllWidgets triggered.  All widgets were invalidated
[2023.05.29-06.16.20:739][  1]LogSlate: Took 0.000104 seconds to synchronously load lazily loaded font '../../../Engine/Content/Slate/Fonts/Roboto-Regular.ttf' (155K)
[2023.05.29-06.16.22:718][876]LogViewport: Display: Viewport MouseLockMode Changed, LockOnCapture -> DoNotLock
[2023.05.29-06.16.22:718][876]LogViewport: Display: Viewport MouseCaptureMode Changed, CapturePermanently_IncludingInitialMouseDown -> NoCapture
[2023.05.29-06.16.26:445][649]LogPackageName: SearchForPackageOnDisk took   0.051s to resolve MainLevel.umap.
[2023.05.29-06.16.26:491][649]LogPackageName: SearchForPackageOnDisk took   0.045s to resolve MainLevel.umap.
[2023.05.29-06.16.26:491][649]LogNet: Browse: /Game/Level/MainLevel?Name=Player
[2023.05.29-06.16.26:491][649]LogLoad: LoadMap: /Game/Level/MainLevel?Name=Player
[2023.05.29-06.16.26:491][649]LogWorld: BeginTearingDown for /Game/Level/MainMenu
[2023.05.29-06.16.26:492][649]LogWorld: UWorld::CleanupWorld for MainMenu, bSessionEnded=true, bCleanupResources=true
[2023.05.29-06.16.26:492][649]LogSlate: InvalidateAllWidgets triggered.  All widgets were invalidated
[2023.05.29-06.16.26:528][649]LogAudio: Display: Waited 35.687599 ms for audio thread.
[2023.05.29-06.16.26:534][649]LogAudio: Display: Waited 42.435200 ms for audio thread.
[2023.05.29-06.16.26:549][649]LogAudio: Display: Audio Device unregistered from world 'None'.
[2023.05.29-06.16.27:199][649]LogUObjectHash: Compacting FUObjectHashTables data took   0.58ms
[2023.05.29-06.16.27:424][649]LogAudio: Display: Audio Device (ID: 1) registered with world 'MainLevel'.
[2023.05.29-06.16.27:424][649]LogAIModule: Creating AISystem for world MainLevel
[2023.05.29-06.16.27:425][649]LogLoad: Game class is 'GM_Survival_C'
[2023.05.29-06.16.27:430][649]LogWorld: Bringing World /Game/Level/MainLevel.MainLevel up for play (max tick rate 0) at 2023.05.29-16.16.27
[2023.05.29-06.16.27:430][649]LogWorld: Bringing up level for play took: 0.004359
[2023.05.29-06.16.27:430][649]LogGameMode: FindPlayerStart: PATHS NOT DEFINED or NO PLAYERSTART with positive rating
[2023.05.29-06.16.27:431][649]LogViewport: Display: Viewport MouseLockMode Changed, DoNotLock -> LockOnCapture
[2023.05.29-06.16.27:431][649]LogViewport: Display: Viewport MouseCaptureMode Changed, NoCapture -> CapturePermanently
[2023.05.29-06.16.27:432][649]LogLoad: Took 0.940384 seconds to LoadMap(/Game/Level/MainLevel)
[2023.05.29-06.16.37:054][608]LogAudio: Warning: Detected orphaned looping sound 'AmbientBuzz'.
[2023.05.29-06.16.39:241][  3]LogBlueprintUserMessages: [BP_PlayerCamera_2] 96
[2023.05.29-06.16.39:342][ 27]LogBlueprintUserMessages: [BP_PlayerCamera_2] 98
[2023.05.29-06.16.39:540][ 61]LogBlueprintUserMessages: [BP_PlayerCamera_2] 100
[2023.05.29-06.16.43:344][665]LogSlate: Window 'Project (64-bit Development PCD3D_SM5) ' being destroyed
[2023.05.29-06.16.43:356][665]LogWindowsTextInputMethodSystem: Display: IME system deactivated.
[2023.05.29-06.16.43:358][665]LogSlate: Updating window title bar state: overlay mode, drag disabled, window buttons hidden, title bar hidden
[2023.05.29-06.16.43:358][665]LogEngine: All Windows Closed
[2023.05.29-06.16.43:358][665]LogWindows: FPlatformMisc::RequestExit(0)
[2023.05.29-06.16.43:358][665]LogWindows: FPlatformMisc::RequestExitWithStatus(0, 0)
[2023.05.29-06.16.43:358][665]LogCore: Engine exit requested (reason: Win RequestExit)
[2023.05.29-06.16.43:359][666]LogCore: Engine exit requested (reason: EngineExit() was called; note: exit was already requested)
[2023.05.29-06.16.43:359][666]LogInit: Display: PreExit Game.
[2023.05.29-06.16.43:365][666]LogWorld: BeginTearingDown for /Game/Level/MainLevel
[2023.05.29-06.16.43:365][666]LogWorld: UWorld::CleanupWorld for MainLevel, bSessionEnded=true, bCleanupResources=true
[2023.05.29-06.16.43:365][666]LogSlate: InvalidateAllWidgets triggered.  All widgets were invalidated
[2023.05.29-06.16.44:018][666]LogAudio: Display: Beginning Audio Device Manager Shutdown (Module: AudioMixerXAudio2)...
[2023.05.29-06.16.44:018][666]LogAudio: Display: Destroying 1 Remaining Audio Device(s)...
[2023.05.29-06.16.44:018][666]LogAudio: Display: Audio Device unregistered from world 'MainLevel'.
[2023.05.29-06.16.44:044][666]LogAudioMixer: FMixerPlatformXAudio2::StopAudioStream() called
[2023.05.29-06.16.44:045][666]LogAudioMixer: FMixerPlatformXAudio2::StopAudioStream() called
[2023.05.29-06.16.44:047][666]LogAudio: Display: Audio Device Manager Shutdown
[2023.05.29-06.16.44:115][666]LogExit: Preparing to exit.
[2023.05.29-06.16.44:764][666]LogSlate: Updating window title bar state: overlay mode, drag disabled, window buttons hidden, title bar hidden
[2023.05.29-06.16.44:779][666]LogUObjectHash: Compacting FUObjectHashTables data took   0.71ms
[2023.05.29-06.16.44:835][666]LogMoviePlayer: Shutting down movie player
[2023.05.29-06.16.45:529][666]LogDemo: Cleaned up 0 splitscreen connections with owner deletion
[2023.05.29-06.16.45:608][666]LogExit: Game engine shut down
[2023.05.29-06.16.47:136][666]LogExit: Object subsystem successfully closed.
[2023.05.29-06.16.47:150][666]LogShaderCompilers: Display: === FShaderJobCache stats ===
[2023.05.29-06.16.47:150][666]LogShaderCompilers: Display: Total job queries 0, among them cache hits 0 (0.00%)
[2023.05.29-06.16.47:150][666]LogShaderCompilers: Display: Tracking 0 distinct input hashes that result in 0 distinct outputs (0.00%)
[2023.05.29-06.16.47:150][666]LogShaderCompilers: Display: RAM used: 0.00 MB (0.00 GB) of 819.20 MB (0.80 GB) budget. Usage: 0.00%
[2023.05.29-06.16.47:150][666]LogShaderCompilers: Display: ================================================
[2023.05.29-06.16.47:337][666]LogShaderCompilers: Display: Shaders left to compile 0
[2023.05.29-06.16.48:188][666]LogModuleManager: Shutting down and abandoning module SequenceRecorderSections (558)
[2023.05.29-06.16.48:189][666]LogModuleManager: Shutting down and abandoning module SequenceRecorder (556)
[2023.05.29-06.16.48:190][666]LogModuleManager: Shutting down and abandoning module AutomationController (554)
[2023.05.29-06.16.48:190][666]LogModuleManager: Shutting down and abandoning module AutomationWorker (552)
[2023.05.29-06.16.48:197][666]LogModuleManager: Shutting down and abandoning module Voice (550)
[2023.05.29-06.16.48:203][666]LogModuleManager: Shutting down and abandoning module AIModule (548)
[2023.05.29-06.16.48:210][666]LogModuleManager: Shutting down and abandoning module GameplayDebugger (547)
[2023.05.29-06.16.48:210][666]LogModuleManager: Shutting down and abandoning module AITestSuite (545)
[2023.05.29-06.16.48:221][666]LogModuleManager: Shutting down and abandoning module NavigationSystem (543)
[2023.05.29-06.16.48:221][666]LogModuleManager: Shutting down and abandoning module SteamVREditor (540)
[2023.05.29-06.16.48:221][666]LogModuleManager: Shutting down and abandoning module ToolMenus (539)
[2023.05.29-06.16.48:221][666]LogModuleManager: Shutting down and abandoning module OculusMR (536)
[2023.05.29-06.16.48:221][666]LogModuleManager: Shutting down and abandoning module TakeRecorderSources (534)
[2023.05.29-06.16.48:252][666]LogModuleManager: Shutting down and abandoning module TakeRecorder (533)
[2023.05.29-06.16.48:271][666]LogModuleManager: Shutting down and abandoning module TakeTrackRecorders (530)
[2023.05.29-06.16.48:271][666]LogModuleManager: Shutting down and abandoning module TakesCore (528)
[2023.05.29-06.16.48:271][666]LogModuleManager: Shutting down and abandoning module OpenXRInput (526)
[2023.05.29-06.16.48:272][666]LogModuleManager: Shutting down and abandoning module WmfMediaFactory (524)
[2023.05.29-06.16.48:272][666]LogModuleManager: Shutting down and abandoning module WebMMediaFactory (522)
[2023.05.29-06.16.48:272][666]LogModuleManager: Shutting down and abandoning module WebMMedia (520)
[2023.05.29-06.16.48:279][666]LogModuleManager: Shutting down and abandoning module OpenExrWrapper (518)
[2023.05.29-06.16.48:279][666]LogModuleManager: Shutting down and abandoning module ImgMediaFactory (516)
[2023.05.29-06.16.48:279][666]LogModuleManager: Shutting down and abandoning module AvfMediaFactory (514)
[2023.05.29-06.16.48:279][666]LogModuleManager: Shutting down and abandoning module MagicLeapMediaCodecFactory (512)
[2023.05.29-06.16.48:280][666]LogModuleManager: Shutting down and abandoning module MagicLeapMediaFactory (510)
[2023.05.29-06.16.48:280][666]LogModuleManager: Shutting down and abandoning module PlanarCut (508)
[2023.05.29-06.16.48:289][666]LogModuleManager: Shutting down and abandoning module CharacterAI (506)
[2023.05.29-06.16.48:289][666]LogModuleManager: Shutting down and abandoning module SessionServices (504)
[2023.05.29-06.16.48:289][666]LogModuleManager: Shutting down and abandoning module MovieSceneCapture (502)
[2023.05.29-06.16.48:297][666]LogModuleManager: Shutting down and abandoning module LiveCoding (500)
[2023.05.29-06.16.48:314][666]LogModuleManager: Shutting down and abandoning module LevelSequence (498)
[2023.05.29-06.16.48:315][666]LogModuleManager: Shutting down and abandoning module MovieSceneTracks (496)
[2023.05.29-06.16.48:315][666]LogModuleManager: Shutting down and abandoning module MovieScene (494)
[2023.05.29-06.16.48:375][666]LogModuleManager: Shutting down and abandoning module StreamingPauseRendering (492)
[2023.05.29-06.16.48:389][666]LogModuleManager: Shutting down and abandoning module PortalServices (490)
[2023.05.29-06.16.48:390][666]LogModuleManager: Shutting down and abandoning module PortalRpc (488)
[2023.05.29-06.16.48:390][666]LogModuleManager: Shutting down and abandoning module MessagingRpc (486)
[2023.05.29-06.16.48:390][666]LogModuleManager: Shutting down and abandoning module AudioMixerXAudio2 (484)
[2023.05.29-06.16.48:390][666]LogModuleManager: Shutting down and abandoning module AudioMixerCore (483)
[2023.05.29-06.16.48:390][666]LogModuleManager: Shutting down and abandoning module ImageWriteQueue (480)
[2023.05.29-06.16.48:393][666]LogModuleManager: Shutting down and abandoning module ProfilerService (478)
[2023.05.29-06.16.48:523][666]LogModuleManager: Shutting down and abandoning module TaskGraph (476)
[2023.05.29-06.16.48:524][666]LogModuleManager: Shutting down and abandoning module OculusInput (474)
[2023.05.29-06.16.48:524][666]LogModuleManager: Shutting down and abandoning module VisualStudioSourceCodeAccess (472)
[2023.05.29-06.16.48:528][666]LogModuleManager: Shutting down and abandoning module HotReload (471)
[2023.05.29-06.16.48:528][666]LogModuleManager: Shutting down and abandoning module VisualStudioCodeSourceCodeAccess (468)
[2023.05.29-06.16.48:528][666]LogModuleManager: Shutting down and abandoning module UObjectPlugin (466)
[2023.05.29-06.16.48:528][666]LogModuleManager: Shutting down and abandoning module SubversionSourceControl (464)
[2023.05.29-06.16.48:544][666]LogModuleManager: Shutting down and abandoning module PerforceSourceControl (462)
[2023.05.29-06.16.48:560][666]LogModuleManager: Shutting down and abandoning module SourceControl (461)
[2023.05.29-06.16.48:560][666]LogModuleManager: Shutting down and abandoning module TakeMovieScene (458)
[2023.05.29-06.16.48:560][666]LogModuleManager: Shutting down and abandoning module Synthesis (456)
[2023.05.29-06.16.48:561][666]LogModuleManager: Shutting down and abandoning module ProceduralMeshComponent (454)
[2023.05.29-06.16.48:561][666]LogModuleManager: Shutting down and abandoning module MobilePatchingUtils (452)
[2023.05.29-06.16.48:561][666]LogModuleManager: Shutting down and abandoning module GooglePAD (450)
[2023.05.29-06.16.48:561][666]LogModuleManager: Shutting down and abandoning module EditableMesh (448)
[2023.05.29-06.16.48:561][666]LogModuleManager: Shutting down and abandoning module CustomMeshComponent (446)
[2023.05.29-06.16.48:561][666]LogModuleManager: Shutting down and abandoning module CableComponent (444)
[2023.05.29-06.16.48:561][666]LogModuleManager: Shutting down and abandoning module AudioCapture (442)
[2023.05.29-06.16.48:561][666]LogModuleManager: Shutting down and abandoning module AudioCaptureRtAudio (441)
[2023.05.29-06.16.48:576][666]LogModuleManager: Shutting down and abandoning module AssetTags (438)
[2023.05.29-06.16.48:576][666]LogModuleManager: Shutting down and abandoning module ArchVisCharacter (436)
[2023.05.29-06.16.48:576][666]LogModuleManager: Shutting down and abandoning module AppleImageUtilsBlueprintSupport (434)
[2023.05.29-06.16.48:576][666]LogModuleManager: Shutting down and abandoning module AppleImageUtils (432)
[2023.05.29-06.16.48:576][666]LogModuleManager: Shutting down and abandoning module AndroidPermission (430)
[2023.05.29-06.16.48:576][666]LogModuleManager: Shutting down and abandoning module ActorLayerUtilities (428)
[2023.05.29-06.16.48:576][666]LogModuleManager: Shutting down and abandoning module TemplateSequence (426)
[2023.05.29-06.16.48:609][666]LogModuleManager: Shutting down and abandoning module MediaCompositing (424)
[2023.05.29-06.16.48:609][666]LogModuleManager: Shutting down and abandoning module ImgMedia (422)
[2023.05.29-06.16.48:609][666]LogModuleManager: Shutting down and abandoning module MagicLeapSharedWorld (420)
[2023.05.29-06.16.48:609][666]LogModuleManager: Shutting down and abandoning module MagicLeapLightEstimation (418)
[2023.05.29-06.16.48:609][666]LogModuleManager: Shutting down and abandoning module MagicLeapHelperVulkan (416)
[2023.05.29-06.16.48:609][666]LogModuleManager: Shutting down and abandoning module MagicLeapHelperOpenGL (414)
[2023.05.29-06.16.48:609][666]LogModuleManager: Shutting down and abandoning module MagicLeapAudio (412)
[2023.05.29-06.16.48:609][666]LogModuleManager: Shutting down and abandoning module OpenImageDenoise (410)
[2023.05.29-06.16.48:609][666]LogOpenImageDenoise: OIDN shutting down
[2023.05.29-06.16.48:609][666]LogModuleManager: Shutting down and abandoning module MotoSynth (408)
[2023.05.29-06.16.48:609][666]LogModuleManager: Shutting down and abandoning module MeshConversion (406)
[2023.05.29-06.16.48:615][666]LogModuleManager: Shutting down and abandoning module DynamicMesh (404)
[2023.05.29-06.16.48:632][666]LogModuleManager: Shutting down and abandoning module GeometryAlgorithms (402)
[2023.05.29-06.16.48:633][666]LogModuleManager: Shutting down and abandoning module GeometricObjects (400)
[2023.05.29-06.16.48:634][666]LogModuleManager: Shutting down and abandoning module GeometryCollectionTracks (398)
[2023.05.29-06.16.48:634][666]LogModuleManager: Shutting down and abandoning module GeometryCollectionSequencer (397)
[2023.05.29-06.16.48:634][666]LogModuleManager: Shutting down and abandoning module GeometryCacheTracks (394)
[2023.05.29-06.16.48:634][666]LogModuleManager: Shutting down and abandoning module GeometryCacheSequencer (393)
[2023.05.29-06.16.48:634][666]LogModuleManager: Shutting down and abandoning module GeometryCache (390)
[2023.05.29-06.16.48:634][666]LogModuleManager: Shutting down and abandoning module GeometryCacheEd (389)
[2023.05.29-06.16.48:634][666]LogModuleManager: Shutting down and abandoning module ChaosNiagara (386)
[2023.05.29-06.16.48:634][666]LogModuleManager: Shutting down and abandoning module FieldSystemEngine (385)
[2023.05.29-06.16.48:634][666]LogModuleManager: Shutting down and abandoning module BackChannel (382)
[2023.05.29-06.16.48:643][666]LogModuleManager: Shutting down and abandoning module AutomationUtils (380)
[2023.05.29-06.16.48:643][666]LogModuleManager: Shutting down and abandoning module OodleNetworkHandlerComponent (378)
[2023.05.29-06.16.48:643][666]LogModuleManager: Shutting down and abandoning module CLionSourceCodeAccess (376)
[2023.05.29-06.16.48:643][666]LogModuleManager: Shutting down and abandoning module LiveLinkSequencer (374)
[2023.05.29-06.16.48:643][666]LogModuleManager: Shutting down and abandoning module LiveLinkMovieScene (372)
[2023.05.29-06.16.48:643][666]LogModuleManager: Shutting down and abandoning module LiveLinkGraphNode (370)
[2023.05.29-06.16.48:643][666]LogModuleManager: Shutting down and abandoning module LiveLinkComponents (368)
[2023.05.29-06.16.48:643][666]LogModuleManager: Shutting down and abandoning module LiveLink (366)
[2023.05.29-06.16.48:735][666]LogModuleManager: Shutting down and abandoning module PropertyAccessNode (364)
[2023.05.29-06.16.48:735][666]LogModuleManager: Shutting down and abandoning module GameplayTagsEditor (362)
[2023.05.29-06.16.48:756][666]LogModuleManager: Shutting down and abandoning module FacialAnimation (360)
[2023.05.29-06.16.48:756][666]LogModuleManager: Shutting down and abandoning module AssetManagerEditor (358)
[2023.05.29-06.16.48:756][666]LogModuleManager: Shutting down and abandoning module TreeMap (357)
[2023.05.29-06.16.48:757][666]LogModuleManager: Shutting down and abandoning module SoundFields (354)
[2023.05.29-06.16.48:757][666]LogModuleManager: Shutting down and abandoning module SignificanceManager (352)
[2023.05.29-06.16.48:757][666]LogModuleManager: Shutting down and abandoning module RuntimePhysXCooking (350)
[2023.05.29-06.16.48:757][666]LogModuleManager: Shutting down and abandoning module PropertyAccessEditor (348)
[2023.05.29-06.16.48:781][666]LogModuleManager: Shutting down and abandoning module PhysXVehiclesEditor (346)
[2023.05.29-06.16.48:781][666]LogModuleManager: Shutting down and abandoning module LocationServicesBPLibrary (342)
[2023.05.29-06.16.48:782][666]LogModuleManager: Shutting down and abandoning module AudioSynesthesia (340)
[2023.05.29-06.16.48:792][666]LogModuleManager: Shutting down and abandoning module AudioSynesthesiaCore (338)
[2023.05.29-06.16.48:792][666]LogModuleManager: Shutting down and abandoning module UdpMessaging (336)
[2023.05.29-06.16.48:893][666]LogModuleManager: Shutting down and abandoning module ActorSequence (334)
[2023.05.29-06.16.48:893][666]LogModuleManager: Shutting down and abandoning module TcpMessaging (332)
[2023.05.29-06.16.49:007][666]LogModuleManager: Shutting down and abandoning module ImgMediaEngine (330)
[2023.05.29-06.16.49:007][666]LogModuleManager: Shutting down and abandoning module MagicLeapARPin (328)
[2023.05.29-06.16.49:008][666]LogModuleManager: Shutting down and abandoning module MagicLeapHandMeshing (326)
[2023.05.29-06.16.49:008][666]LogModuleManager: Shutting down and abandoning module MagicLeapSecureStorage (324)
[2023.05.29-06.16.49:008][666]LogModuleManager: Shutting down and abandoning module MagicLeapPrivileges (322)
[2023.05.29-06.16.49:008][666]LogModuleManager: Shutting down and abandoning module MagicLeapPlanes (320)
[2023.05.29-06.16.49:036][666]LogMagicLeapPlanes: Planes tracker already destroyed.
[2023.05.29-06.16.49:036][666]LogModuleManager: Shutting down and abandoning module MagicLeapImageTracker (318)
[2023.05.29-06.16.49:036][666]LogModuleManager: Shutting down and abandoning module MagicLeapIdentity (316)
[2023.05.29-06.16.49:036][666]LogModuleManager: Shutting down and abandoning module MagicLeapHandTracking (314)
[2023.05.29-06.16.49:048][666]LogModuleManager: Shutting down and abandoning module MagicLeapEyeTracker (312)
[2023.05.29-06.16.49:048][666]LogModuleManager: Shutting down and abandoning module MagicLeapController (310)
[2023.05.29-06.16.49:048][666]LogModuleManager: Shutting down and abandoning module MagicLeapARPinImpl (308)
[2023.05.29-06.16.49:048][666]LogModuleManager: Shutting down and abandoning module MagicLeapAR (306)
[2023.05.29-06.16.49:048][666]LogModuleManager: Shutting down and abandoning module NiagaraAnimNotifies (304)
[2023.05.29-06.16.49:048][666]LogModuleManager: Shutting down and abandoning module Niagara (302)
[2023.05.29-06.16.49:283][666]LogModuleManager: Shutting down and abandoning module SignalProcessing (301)
[2023.05.29-06.16.49:283][666]LogModuleManager: Shutting down and abandoning module NiagaraEditor (299)
[2023.05.29-06.16.49:306][666]LogModuleManager: Shutting down and abandoning module ContentBrowser (298)
[2023.05.29-06.16.49:306][666]LogModuleManager: Shutting down and abandoning module CollectionManager (297)
[2023.05.29-06.16.49:324][666]LogModuleManager: Shutting down and abandoning module DirectoryWatcher (296)
[2023.05.29-06.16.49:324][666]LogModuleManager: Shutting down and abandoning module ContentBrowserData (293)
[2023.05.29-06.16.49:324][666]LogModuleManager: Shutting down and abandoning module NiagaraCore (288)
[2023.05.29-06.16.49:324][666]LogModuleManager: Shutting down and abandoning module PythonScriptPlugin (286)
[2023.05.29-06.16.49:324][666]LogModuleManager: Shutting down and abandoning module AnimationSharing (284)
[2023.05.29-06.16.49:324][666]LogModuleManager: Shutting down and abandoning module GameplayCameras (282)
[2023.05.29-06.16.49:324][666]LogModuleManager: Shutting down and abandoning module LightPropagationVolumeRuntime (280)
[2023.05.29-06.16.49:324][666]LogModuleManager: Shutting down and abandoning module EnvironmentQueryEditor (278)
[2023.05.29-06.16.49:325][666]LogModuleManager: Shutting down and abandoning module Paper2D (276)
[2023.05.29-06.16.49:325][666]LogModuleManager: Shutting down and abandoning module WindowsMoviePlayer (274)
[2023.05.29-06.16.49:342][666]LogModuleManager: Shutting down and abandoning module WebMMoviePlayer (272)
[2023.05.29-06.16.49:418][666]LogModuleManager: Shutting down and abandoning module NetworkReplayStreaming (270)
[2023.05.29-06.16.49:418][666]LogModuleManager: Shutting down and abandoning module PacketHandler (268)
[2023.05.29-06.16.49:418][666]LogModuleManager: Shutting down and abandoning module ClothingSystemEditor (266)
[2023.05.29-06.16.49:418][666]LogModuleManager: Shutting down and abandoning module ClothingSystemRuntimeNv (264)
[2023.05.29-06.16.49:477][666]LogModuleManager: Shutting down and abandoning module MediaAssets (262)
[2023.05.29-06.16.49:477][666]LogModuleManager: Shutting down and abandoning module Overlay (260)
[2023.05.29-06.16.49:477][666]LogModuleManager: Shutting down and abandoning module OverlayEditor (259)
[2023.05.29-06.16.49:477][666]LogModuleManager: Shutting down and abandoning module VREditor (256)
[2023.05.29-06.16.49:478][666]LogModuleManager: Shutting down and abandoning module StringTableEditor (254)
[2023.05.29-06.16.49:491][666]LogModuleManager: Shutting down and abandoning module GameplayTasksEditor (252)
[2023.05.29-06.16.49:491][666]LogModuleManager: Shutting down and abandoning module BehaviorTreeEditor (250)
[2023.05.29-06.16.49:544][666]LogModuleManager: Shutting down and abandoning module FunctionalTesting (248)
[2023.05.29-06.16.49:544][666]LogModuleManager: Shutting down and abandoning module CollisionAnalyzer (246)
[2023.05.29-06.16.49:572][666]LogModuleManager: Shutting down and abandoning module WorkspaceMenuStructure (245)
[2023.05.29-06.16.49:572][666]LogModuleManager: Shutting down and abandoning module UMG (242)
[2023.05.29-06.16.49:572][666]LogModuleManager: Shutting down and abandoning module UMGEditor (241)
[2023.05.29-06.16.49:573][666]LogModuleManager: Shutting down and abandoning module Sequencer (240)
[2023.05.29-06.16.49:573][666]LogModuleManager: Shutting down and abandoning module MessageLog (237)
[2023.05.29-06.16.49:573][666]LogModuleManager: Shutting down and abandoning module SlateReflector (232)
[2023.05.29-06.16.49:599][666]LogModuleManager: Shutting down and abandoning module Slate (230)
[2023.05.29-06.16.49:599][666]LogModuleManager: Shutting down and abandoning module SlateCore (228)
[2023.05.29-06.16.49:600][666]LogModuleManager: Shutting down and abandoning module LandscapeEditorUtilities (226)
[2023.05.29-06.16.49:600][666]LogModuleManager: Shutting down and abandoning module UnrealEd (224)
[2023.05.29-06.16.49:614][666]LogModuleManager: Shutting down and abandoning module MRMesh (222)
[2023.05.29-06.16.49:614][666]LogModuleManager: Shutting down and abandoning module Messaging (220)
[2023.05.29-06.16.49:614][666]LogModuleManager: Shutting down and abandoning module SourceCodeAccess (218)
[2023.05.29-06.16.49:614][666]LogModuleManager: Shutting down and abandoning module HeadMountedDisplay (216)
[2023.05.29-06.16.49:614][666]LogModuleManager: Shutting down and abandoning module XAudio2 (214)
[2023.05.29-06.16.49:614][666]LogModuleManager: Shutting down and abandoning module Networking (212)
[2023.05.29-06.16.49:614][666]LogModuleManager: Shutting down and abandoning module Core (210)
[2023.05.29-06.16.49:614][666]LogModuleManager: Shutting down and abandoning module MaterialEditor (208)
[2023.05.29-06.16.49:633][666]LogModuleManager: Shutting down and abandoning module MovieSceneTools (206)
[2023.05.29-06.16.49:651][666]LogModuleManager: Shutting down and abandoning module EditorStyle (205)
[2023.05.29-06.16.49:652][666]LogModuleManager: Shutting down and abandoning module KismetCompiler (202)
[2023.05.29-06.16.49:652][666]LogModuleManager: Shutting down and abandoning module MeshBuilder (200)
[2023.05.29-06.16.49:668][666]LogModuleManager: Shutting down and abandoning module MeshUtilities (198)
[2023.05.29-06.16.49:669][666]LogModuleManager: Shutting down and abandoning module MeshMergeUtilities (197)
[2023.05.29-06.16.49:669][666]LogModuleManager: Shutting down and abandoning module MeshReductionInterface (196)
[2023.05.29-06.16.49:669][666]LogModuleManager: Shutting down and abandoning module MeshBoneReduction (195)
[2023.05.29-06.16.49:670][666]LogModuleManager: Shutting down and abandoning module SkeletalMeshReduction (193)
[2023.05.29-06.16.49:670][666]LogModuleManager: Shutting down and abandoning module ProxyLODMeshReduction (191)
[2023.05.29-06.16.49:687][666]LogModuleManager: Shutting down and abandoning module QuadricMeshReduction (189)
[2023.05.29-06.16.49:687][666]LogModuleManager: Shutting down and abandoning module MaterialBaking (185)
[2023.05.29-06.16.49:705][666]LogModuleManager: Shutting down and abandoning module NullInstallBundleManager (180)
[2023.05.29-06.16.49:705][666]LogModuleManager: Shutting down and abandoning module PIEPreviewDeviceProfileSelector (178)
[2023.05.29-06.16.49:705][666]LogModuleManager: Shutting down and abandoning module DerivedDataCache (176)
[2023.05.29-06.16.49:714][666]LogModuleManager: Shutting down and abandoning module TargetPlatform (174)
[2023.05.29-06.16.49:722][666]LogModuleManager: Shutting down and abandoning module VulkanShaderFormat (173)
[2023.05.29-06.16.49:750][666]LogModuleManager: Shutting down and abandoning module ShaderFormatVectorVM (171)
[2023.05.29-06.16.49:768][666]LogModuleManager: Shutting down and abandoning module ShaderFormatOpenGL (169)
[2023.05.29-06.16.49:800][666]LogModuleManager: Shutting down and abandoning module ShaderFormatD3D (167)
[2023.05.29-06.16.49:816][666]LogModuleManager: Shutting down and abandoning module MetalShaderFormat (165)
[2023.05.29-06.16.49:816][666]LogModuleManager: Shutting down and abandoning module TextureFormatOodle (163)
[2023.05.29-06.16.49:832][666]LogModuleManager: Shutting down and abandoning module TextureFormatUncompressed (161)
[2023.05.29-06.16.49:832][666]LogModuleManager: Shutting down and abandoning module TextureFormatPVR (159)
[2023.05.29-06.16.49:832][666]LogModuleManager: Shutting down and abandoning module TextureFormatETC2 (157)
[2023.05.29-06.16.49:832][666]LogModuleManager: Shutting down and abandoning module TextureFormatDXT (155)
[2023.05.29-06.16.49:833][666]LogModuleManager: Shutting down and abandoning module TextureFormatIntelISPCTexComp (153)
[2023.05.29-06.16.49:844][666]LogModuleManager: Shutting down and abandoning module TextureFormatASTC (151)
[2023.05.29-06.16.49:844][666]LogModuleManager: Shutting down and abandoning module ImageWrapper (150)
[2023.05.29-06.16.49:844][666]LogModuleManager: Shutting down and abandoning module AudioFormatOpus (147)
[2023.05.29-06.16.49:844][666]LogModuleManager: Shutting down and abandoning module AudioFormatOgg (145)
[2023.05.29-06.16.49:844][666]LogModuleManager: Shutting down and abandoning module AudioFormatADPCM (143)
[2023.05.29-06.16.49:848][666]LogModuleManager: Shutting down and abandoning module WindowsServerTargetPlatform (141)
[2023.05.29-06.16.49:848][666]LogModuleManager: Shutting down and abandoning module WindowsClientTargetPlatform (139)
[2023.05.29-06.16.49:848][666]LogModuleManager: Shutting down and abandoning module WindowsTargetPlatform (137)
[2023.05.29-06.16.49:848][666]LogModuleManager: Shutting down and abandoning module WindowsNoEditorTargetPlatform (135)
[2023.05.29-06.16.49:848][666]LogModuleManager: Shutting down and abandoning module D3D11RHI (132)
[2023.05.29-06.16.49:848][666]LogModuleManager: Shutting down and abandoning module InputCore (130)
[2023.05.29-06.16.49:848][666]LogModuleManager: Shutting down and abandoning module Settings (128)
[2023.05.29-06.16.49:848][666]LogModuleManager: Shutting down and abandoning module PhysXCooking (126)
[2023.05.29-06.16.49:848][666]LogModuleManager: Shutting down and abandoning module Chaos (124)
[2023.05.29-06.16.49:859][666]LogModuleManager: Shutting down and abandoning module WindowsPlatformFeatures (122)
[2023.05.29-06.16.49:859][666]LogModuleManager: Shutting down and abandoning module GameplayMediaEncoder (121)
[2023.05.29-06.16.49:860][666]LogModuleManager: Shutting down and abandoning module AVEncoder (120)
[2023.05.29-06.16.49:875][666]LogModuleManager: Shutting down and abandoning module SteamVRInputDevice (116)
[2023.05.29-06.16.49:875][666]LogModuleManager: Shutting down and abandoning module SteamVRInput (114)
[2023.05.29-06.16.49:875][666]LogModuleManager: Shutting down and abandoning module SteamVR (112)
[2023.05.29-06.16.49:880][666]LogHMD: Freeing OpenVRDLLHandle.
[2023.05.29-06.16.49:880][666]LogModuleManager: Shutting down and abandoning module OculusHMD (110)
[2023.05.29-06.16.49:881][666]LogModuleManager: Shutting down and abandoning module PixWinPlugin (108)
[2023.05.29-06.16.49:888][666]LogModuleManager: Shutting down and abandoning module OpenXRHandTracking (106)
[2023.05.29-06.16.49:888][666]LogSlate: Slate User Destroyed.  User Index 0, Is Virtual User: 0
[2023.05.29-06.16.49:888][666]LogModuleManager: Shutting down and abandoning module OpenXREyeTracker (104)
[2023.05.29-06.16.49:888][666]LogModuleManager: Shutting down and abandoning module OpenXRAR (102)
[2023.05.29-06.16.49:889][666]LogModuleManager: Shutting down and abandoning module AugmentedReality (101)
[2023.05.29-06.16.49:889][666]LogModuleManager: Shutting down and abandoning module OpenXRHMD (98)
[2023.05.29-06.16.49:910][666]LogModuleManager: Shutting down and abandoning module LauncherChunkInstaller (96)
[2023.05.29-06.16.49:910][666]LogModuleManager: Shutting down and abandoning module ExampleDeviceProfileSelector (94)
[2023.05.29-06.16.49:910][666]LogModuleManager: Shutting down and abandoning module ChunkDownloader (92)
[2023.05.29-06.16.49:928][666]LogModuleManager: Shutting down and abandoning module OnlineBlueprintSupport (90)
[2023.05.29-06.16.49:928][666]LogModuleManager: Shutting down and abandoning module OnlineSubsystem (86)
[2023.05.29-06.16.49:941][666]LogModuleManager: Shutting down and abandoning module XMPP (81)
[2023.05.29-06.16.49:950][666]LogModuleManager: Shutting down and abandoning module WebSockets (80)
[2023.05.29-06.16.50:055][666]LogModuleManager: Shutting down and abandoning module HTTP (77)
[2023.05.29-06.16.50:055][666]LogHttp: Display: cleaning up 0 outstanding Http requests.
[2023.05.29-06.16.50:076][666]LogModuleManager: Shutting down and abandoning module SSL (76)
[2023.05.29-06.16.50:077][666]LogModuleManager: Shutting down and abandoning module WmfMedia (72)
[2023.05.29-06.16.50:095][666]LogModuleManager: Shutting down and abandoning module Media (71)
[2023.05.29-06.16.50:096][666]LogModuleManager: Shutting down and abandoning module MediaInfo (70)
[2023.05.29-06.16.50:096][666]LogModuleManager: Shutting down and abandoning module ExrReaderGpu (66)
[2023.05.29-06.16.50:096][666]LogModuleManager: Shutting down and abandoning module MLSDK (64)
[2023.05.29-06.16.50:109][666]LogModuleManager: Shutting down and abandoning module MagicLeap (62)
[2023.05.29-06.16.50:109][666]LogModuleManager: Shutting down and abandoning module NiagaraVertexFactories (60)
[2023.05.29-06.16.50:109][666]LogModuleManager: Shutting down and abandoning module NiagaraShader (58)
[2023.05.29-06.16.50:109][666]LogModuleManager: Shutting down and abandoning module VariantManagerContent (56)
[2023.05.29-06.16.50:109][666]LogModuleManager: Shutting down and abandoning module DatasmithContent (54)
[2023.05.29-06.16.50:109][666]LogModuleManager: Shutting down and abandoning module ChaosCloth (52)
[2023.05.29-06.16.50:109][666]LogModuleManager: Shutting down and abandoning module AISupportModule (50)
[2023.05.29-06.16.50:109][666]LogModuleManager: Shutting down and abandoning module DesktopPlatform (48)
[2023.05.29-06.16.50:109][666]LogModuleManager: Shutting down and abandoning module PythonScriptPluginPreload (46)
[2023.05.29-06.16.50:109][666]LogModuleManager: Shutting down and abandoning module PlatformCryptoOpenSSL (44)
[2023.05.29-06.16.50:119][666]LogModuleManager: Shutting down and abandoning module PlatformCryptoTypes (42)
[2023.05.29-06.16.50:119][666]LogModuleManager: Shutting down and abandoning module PlatformCrypto (40)
[2023.05.29-06.16.50:119][666]LogModuleManager: Shutting down and abandoning module OodleDataCompressionFormat (38)
[2023.05.29-06.16.50:124][666]LogModuleManager: Shutting down and abandoning module XGEController (36)
[2023.05.29-06.16.50:140][666]LogModuleManager: Shutting down and abandoning module AnimationModifiers (34)
[2023.05.29-06.16.50:153][666]LogModuleManager: Shutting down and abandoning module AudioEditor (32)
[2023.05.29-06.16.50:164][666]LogModuleManager: Shutting down and abandoning module PropertyEditor (31)
[2023.05.29-06.16.50:177][666]LogModuleManager: Shutting down and abandoning module TextureCompressor (28)
[2023.05.29-06.16.50:177][666]LogModuleManager: Shutting down and abandoning module RenderCore (26)
[2023.05.29-06.16.50:177][666]LogModuleManager: Shutting down and abandoning module Landscape (24)
[2023.05.29-06.16.50:177][666]LogModuleManager: Shutting down and abandoning module SlateRHIRenderer (22)
[2023.05.29-06.16.50:185][666]LogModuleManager: Shutting down and abandoning module AnimGraphRuntime (20)
[2023.05.29-06.16.50:204][666]LogModuleManager: Shutting down and abandoning module Renderer (18)
[2023.05.29-06.16.50:221][666]LogModuleManager: Shutting down and abandoning module Engine (16)
[2023.05.29-06.16.50:221][666]LogModuleManager: Shutting down and abandoning module CoreUObject (14)
[2023.05.29-06.16.50:221][666]LogModuleManager: Shutting down and abandoning module NetworkFile (12)
[2023.05.29-06.16.50:238][666]LogModuleManager: Shutting down and abandoning module CookedIterativeFile (10)
[2023.05.29-06.16.50:238][666]LogModuleManager: Shutting down and abandoning module StreamingFile (8)
[2023.05.29-06.16.50:238][666]LogModuleManager: Shutting down and abandoning module SandboxFile (6)
[2023.05.29-06.16.50:247][666]LogModuleManager: Shutting down and abandoning module PakFile (4)
[2023.05.29-06.16.50:247][666]LogModuleManager: Shutting down and abandoning module RSA (3)
[2023.05.29-06.16.50:699][666]LogContentStreaming: Display: There are 1 unreleased StreamingManagers
[2023.05.29-06.16.50:777][666]LogD3D11RHI: Shutdown
[2023.05.29-06.16.50:777][666]LogD3D11RHI: CleanupD3DDevice
[2023.05.29-06.16.50:813][666]LogExit: Exiting.
[2023.05.29-06.16.50:860][666]Log file closed, 05/29/23 16:16:50
