Log file open, 06/05/23 15:52:06
LogWindows: Failed to load 'aqProf.dll' (GetLastError=126)
LogWindows: File 'aqProf.dll' does not exist
LogWindows: Failed to load 'VtuneApi.dll' (GetLastError=126)
LogWindows: File 'VtuneApi.dll' does not exist
LogWindows: Failed to load 'VtuneApi32e.dll' (GetLastError=126)
LogWindows: File 'VtuneApi32e.dll' does not exist
LogConsoleResponse: Display: Failed to find resolution value strings in scalability ini. Falling back to default.
LogConsoleResponse: Display: Failed to find resolution value strings in scalability ini. Falling back to default.
LogInit: Display: Running engine for game: Project
LogPlatformFile: Not using cached read wrapper
LogTaskGraph: Started task graph with 5 named threads and 23 total threads with 3 sets of task threads.
LogStats: Stats thread started at 0.264758
LogICUInternationalization: ICU TimeZone Detection - Raw Offset: +10:00, Platform Override: ''
LogInit: Display: Loading text-based GConfig....
LogPluginManager: Mounting plugin MeshPainting
LogPluginManager: Mounting plugin XGEController
LogPluginManager: Mounting plugin Paper2D
LogPluginManager: Mounting plugin AISupport
LogPluginManager: Mounting plugin EnvironmentQueryEditor
LogPluginManager: Mounting plugin LiveLink
LogPluginManager: Mounting plugin LightPropagationVolume
LogPluginManager: Mounting plugin OodleData
LogPluginManager: Mounting plugin OodleNetwork
LogPluginManager: Mounting plugin DatasmithContent
LogPluginManager: Mounting plugin CameraShakePreviewer
LogPluginManager: Mounting plugin VariantManagerContent
LogPluginManager: Mounting plugin AssetManagerEditor
LogPluginManager: Mounting plugin GameplayCameras
LogPluginManager: Mounting plugin CryptoKeys
LogPluginManager: Mounting plugin DataValidation
LogPluginManager: Mounting plugin CurveEditorTools
LogPluginManager: Mounting plugin FacialAnimation
LogPluginManager: Mounting plugin GameplayTagsEditor
LogPluginManager: Mounting plugin GeometryMode
LogPluginManager: Mounting plugin MaterialAnalyzer
LogPluginManager: Mounting plugin MacGraphicsSwitching
LogPluginManager: Mounting plugin PluginBrowser
LogPluginManager: Mounting plugin MobileLauncherProfileWizard
LogPluginManager: Mounting plugin SpeedTreeImporter
LogPluginManager: Mounting plugin Niagara
LogPluginManager: Mounting plugin AnimationSharing
LogPluginManager: Mounting plugin CLionSourceCodeAccess
LogPluginManager: Mounting plugin CodeLiteSourceCodeAccess
LogPluginManager: Mounting plugin GitSourceControl
LogPluginManager: Mounting plugin NullSourceCodeAccess
LogPluginManager: Mounting plugin KDevelopSourceCodeAccess
LogPluginManager: Mounting plugin PerforceSourceControl
LogPluginManager: Mounting plugin PixWinPlugin
LogPluginManager: Mounting plugin PluginUtils
LogPluginManager: Mounting plugin PlasticSourceControl
LogPluginManager: Mounting plugin RiderSourceCodeAccess
LogPluginManager: Mounting plugin PropertyAccessNode
LogPluginManager: Mounting plugin TextureFormatOodle
LogPluginManager: Mounting plugin SubversionSourceControl
LogPluginManager: Mounting plugin UObjectPlugin
LogPluginManager: Mounting plugin VisualStudioCodeSourceCodeAccess
LogPluginManager: Mounting plugin VisualStudioSourceCodeAccess
LogPluginManager: Mounting plugin XCodeSourceCodeAccess
LogPluginManager: Mounting plugin LuminPlatformFeatures
LogPluginManager: Mounting plugin MagicLeap
LogPluginManager: Mounting plugin MagicLeapLightEstimation
LogPluginManager: Mounting plugin TcpMessaging
LogPluginManager: Mounting plugin UdpMessaging
LogPluginManager: Mounting plugin MagicLeapMedia
LogPluginManager: Mounting plugin MagicLeapPassableWorld
LogPluginManager: Mounting plugin AndroidMedia
LogPluginManager: Mounting plugin MLSDK
LogPluginManager: Mounting plugin AvfMedia
LogPluginManager: Mounting plugin ImgMedia
LogPluginManager: Mounting plugin MediaCompositing
LogPluginManager: Mounting plugin ActorSequence
LogPluginManager: Mounting plugin LevelSequenceEditor
LogPluginManager: Mounting plugin MatineeToLevelSequence
LogPluginManager: Mounting plugin MediaPlayerEditor
LogPluginManager: Mounting plugin TemplateSequence
LogPluginManager: Mounting plugin WebMMedia
LogPluginManager: Mounting plugin WmfMedia
LogPluginManager: Mounting plugin AlembicImporter
LogPluginManager: Mounting plugin AutomationUtils
LogPluginManager: Mounting plugin BackChannel
LogPluginManager: Mounting plugin ChaosCloth
LogPluginManager: Mounting plugin ChaosClothEditor
LogPluginManager: Mounting plugin ChaosEditor
LogPluginManager: Mounting plugin ChaosNiagara
LogPluginManager: Mounting plugin ChaosSolverPlugin
LogPluginManager: Mounting plugin CharacterAI
LogPluginManager: Mounting plugin GeometryCache
LogPluginManager: Mounting plugin GeometryCollectionPlugin
LogPluginManager: Mounting plugin OnlineSubsystem
LogPluginManager: Mounting plugin OnlineSubsystemNull
LogPluginManager: Mounting plugin OnlineSubsystemUtils
LogPluginManager: Mounting plugin GeometryProcessing
LogPluginManager: Mounting plugin LauncherChunkInstaller
LogPluginManager: Mounting plugin MotoSynth
LogPluginManager: Mounting plugin PlanarCut
LogPluginManager: Mounting plugin ProxyLODPlugin
LogPluginManager: Mounting plugin OpenImageDenoise
LogPluginManager: Mounting plugin PlatformCrypto
LogPluginManager: Mounting plugin PythonScriptPlugin
LogPluginManager: Mounting plugin SkeletalReduction
LogPluginManager: Mounting plugin AndroidDeviceProfileSelector
LogPluginManager: Mounting plugin AndroidMoviePlayer
LogPluginManager: Mounting plugin AndroidPermission
LogPluginManager: Mounting plugin ActorLayerUtilities
LogPluginManager: Mounting plugin AppleImageUtils
LogPluginManager: Mounting plugin AppleMoviePlayer
LogPluginManager: Mounting plugin ArchVisCharacter
LogPluginManager: Mounting plugin AssetTags
LogPluginManager: Mounting plugin AudioCapture
LogPluginManager: Mounting plugin CableComponent
LogPluginManager: Mounting plugin ChunkDownloader
LogPluginManager: Mounting plugin CustomMeshComponent
LogPluginManager: Mounting plugin ExampleDeviceProfileSelector
LogPluginManager: Mounting plugin AudioSynesthesia
LogPluginManager: Mounting plugin GoogleCloudMessaging
LogPluginManager: Mounting plugin GooglePAD
LogPluginManager: Mounting plugin ScreenshotTools
LogPluginManager: Mounting plugin EditableMesh
LogPluginManager: Mounting plugin IOSDeviceProfileSelector
LogPluginManager: Mounting plugin LinuxDeviceProfileSelector
LogPluginManager: Mounting plugin LocationServicesBPLibrary
LogPluginManager: Mounting plugin MobilePatchingUtils
LogPluginManager: Mounting plugin OpenXR
LogPluginManager: Mounting plugin OpenXREyeTracker
LogPluginManager: Mounting plugin PhysXVehicles
LogPluginManager: Mounting plugin PostSplashScreen
LogPluginManager: Mounting plugin ProceduralMeshComponent
LogPluginManager: Mounting plugin PropertyAccessEditor
LogPluginManager: Mounting plugin RuntimePhysXCooking
LogPluginManager: Mounting plugin SignificanceManager
LogPluginManager: Mounting plugin SoundFields
LogPluginManager: Mounting plugin Synthesis
LogPluginManager: Mounting plugin OpenXRHandTracking
LogPluginManager: Mounting plugin WebMMoviePlayer
LogPluginManager: Mounting plugin WindowsMoviePlayer
LogPluginManager: Mounting plugin Takes
LogPluginManager: Mounting plugin ContentBrowserAssetDataSource
LogPluginManager: Mounting plugin ContentBrowserClassDataSource
LogPluginManager: Mounting plugin ContentBrowserFileDataSource
LogPluginManager: Mounting plugin OnlineSubsystemGooglePlay
LogPluginManager: Mounting plugin OnlineSubsystemIOS
LogPluginManager: Mounting plugin OculusVR
LogPluginManager: Mounting plugin SteamVR
PixWinPlugin: PIX capture plugin failed to initialize! Check that the process is launched from PIX.
LogInit: Using libcurl 7.55.1-DEV
LogInit:  - built for x86_64-pc-win32
LogInit:  - supports SSL with OpenSSL/1.1.1
LogInit:  - supports HTTP deflate (compression) using libz 1.2.8
LogInit:  - other features:
LogInit:      CURL_VERSION_SSL
LogInit:      CURL_VERSION_LIBZ
LogInit:      CURL_VERSION_IPV6
LogInit:      CURL_VERSION_ASYNCHDNS
LogInit:      CURL_VERSION_LARGEFILE
LogInit:      CURL_VERSION_IDN
LogInit:  CurlRequestOptions (configurable via config and command line):
LogInit:  - bVerifyPeer = true  - Libcurl will verify peer certificate
LogInit:  - bUseHttpProxy = false  - Libcurl will NOT use HTTP proxy
LogInit:  - bDontReuseConnections = false  - Libcurl will reuse connections
LogInit:  - MaxHostConnections = 16  - Libcurl will limit the number of connections to a host
LogInit:  - LocalHostAddr = Default
LogInit:  - BufferSize = 65536
LogOnline: OSS: Creating online subsystem instance for: NULL
LogInit: WinSock: version 1.1 (2.2), MaxSocks=32767, MaxUdp=65467
LogOnline: OSS: TryLoadSubsystemAndSetDefault: Loaded subsystem for module [NULL]
LogOculusPluginWrapper: OculusPlugin initialized successfully
LogHMD: Failed initializing OVRPlugin 1.59.0
LogInit: Build: ++UE4+Release-4.27-CL-18319896
LogInit: Engine Version: 4.27.2-18319896+++UE4+Release-4.27
LogInit: Compatible Engine Version: 4.27.0-17155196+++UE4+Release-4.27
LogInit: Net CL: 17155196
LogInit: OS: Windows 10 (Release 2009) (), CPU: Intel(R) Core(TM) i7-6700 CPU @ 3.40GHz, GPU: NVIDIA GeForce GTX 960
LogInit: Compiled (64-bit): Nov 30 2021 07:12:08
LogInit: Compiled with Visual C++: 19.24.28315.00
LogInit: Build Configuration: Development
LogInit: Branch Name: ++UE4+Release-4.27
LogInit: Command Line:  /Game/Level/MainMenu -game -PIEVIACONSOLE -Multiprocess GameUserSettingsINI=C:/Users/S214666/GitRepos/ProjectCRepo/MonsterMunch/Project/Saved/Config/Windows/PIEGameUserSettings0.ini -MultiprocessSaveConfig -forcepassthrough -messaging -SessionName="Play in Standalone Game" -windowed -WinX=0 -WinY=24 SAVEWINPOS=1 -ResX=1910 -ResY=1006
LogInit: Base Directory: C:/Program Files/Epic Games/UE_4.27/Engine/Binaries/Win64/
LogInit: Allocator: TBB
LogInit: Installed Engine Build: 1
LogDevObjectVersion: Number of dev versions registered: 29
LogDevObjectVersion:   Dev-Blueprints (B0D832E4-1F89-4F0D-ACCF-7EB736FD4AA2): 10
LogDevObjectVersion:   Dev-Build (E1C64328-A22C-4D53-A36C-8E866417BD8C): 0
LogDevObjectVersion:   Dev-Core (375EC13C-06E4-48FB-B500-84F0262A717E): 4
LogDevObjectVersion:   Dev-Editor (E4B068ED-F494-42E9-A231-DA0B2E46BB41): 40
LogDevObjectVersion:   Dev-Framework (CFFC743F-43B0-4480-9391-14DF171D2073): 37
LogDevObjectVersion:   Dev-Mobile (B02B49B5-BB20-44E9-A304-32B752E40360): 3
LogDevObjectVersion:   Dev-Networking (A4E4105C-59A1-49B5-A7C5-40C4547EDFEE): 0
LogDevObjectVersion:   Dev-Online (39C831C9-5AE6-47DC-9A44-9C173E1C8E7C): 0
LogDevObjectVersion:   Dev-Physics (78F01B33-EBEA-4F98-B9B4-84EACCB95AA2): 14
LogDevObjectVersion:   Dev-Platform (6631380F-2D4D-43E0-8009-CF276956A95A): 0
LogDevObjectVersion:   Dev-Rendering (12F88B9F-8875-4AFC-A67C-D90C383ABD29): 45
LogDevObjectVersion:   Dev-Sequencer (7B5AE74C-D270-4C10-A958-57980B212A5A): 13
LogDevObjectVersion:   Dev-VR (D7296918-1DD6-4BDD-9DE2-64A83CC13884): 3
LogDevObjectVersion:   Dev-LoadTimes (C2A15278-BFE7-4AFE-6C17-90FF531DF755): 1
LogDevObjectVersion:   Private-Geometry (6EACA3D4-40EC-4CC1-B786-8BED09428FC5): 3
LogDevObjectVersion:   Dev-AnimPhys (29E575DD-E0A3-4627-9D10-D276232CDCEA): 17
LogDevObjectVersion:   Dev-Anim (AF43A65D-7FD3-4947-9873-3E8ED9C1BB05): 15
LogDevObjectVersion:   Dev-ReflectionCapture (6B266CEC-1EC7-4B8F-A30B-E4D90942FC07): 1
LogDevObjectVersion:   Dev-Automation (0DF73D61-A23F-47EA-B727-89E90C41499A): 1
LogDevObjectVersion:   FortniteMain (601D1886-AC64-4F84-AA16-D3DE0DEAC7D6): 47
LogDevObjectVersion:   FortniteRelease (E7086368-6B23-4C58-8439-1B7016265E91): 1
LogDevObjectVersion:   Dev-Enterprise (9DFFBCD6-494F-0158-E221-12823C92A888): 10
LogDevObjectVersion:   Dev-Niagara (F2AED0AC-9AFE-416F-8664-AA7FFA26D6FC): 1
LogDevObjectVersion:   Dev-Destruction (174F1F0B-B4C6-45A5-B13F-2EE8D0FB917D): 10
LogDevObjectVersion:   Dev-Physics-Ext (35F94A83-E258-406C-A318-09F59610247C): 41
LogDevObjectVersion:   Dev-PhysicsMaterial-Chaos (B68FC16E-8B1B-42E2-B453-215C058844FE): 1
LogDevObjectVersion:   Dev-CineCamera (B2E18506-4273-CFC2-A54E-F4BB758BBA07): 1
LogDevObjectVersion:   Dev-VirtualProduction (64F58936-FD1B-42BA-BA96-7289D5D0FA4E): 1
LogDevObjectVersion:   Dev-MediaFramework (6F0ED827-A609-4895-9C91-998D90180EA4): 2
LogInit: Presizing for max 25165824 objects, including 0 objects not considered by GC, pre-allocating 0 bytes for permanent pool.
LogConfig: Applying CVar settings from Section [/Script/Engine.StreamingSettings] File [C:/Users/S214666/GitRepos/ProjectCRepo/MonsterMunch/Project/Saved/Config/Windows/Engine.ini]
LogConfig: Setting CVar [[s.MinBulkDataSizeForAsyncLoading:131072]]
LogConfig: Setting CVar [[s.AsyncLoadingThreadEnabled:0]]
LogConfig: Setting CVar [[s.EventDrivenLoaderEnabled:1]]
LogConfig: Setting CVar [[s.WarnIfTimeLimitExceeded:0]]
LogConfig: Setting CVar [[s.TimeLimitExceededMultiplier:1.5]]
LogConfig: Setting CVar [[s.TimeLimitExceededMinTime:0.005]]
LogConfig: Setting CVar [[s.UseBackgroundLevelStreaming:1]]
LogConfig: Setting CVar [[s.PriorityAsyncLoadingExtraTime:15.0]]
LogConfig: Setting CVar [[s.LevelStreamingActorsUpdateTimeLimit:5.0]]
LogConfig: Setting CVar [[s.PriorityLevelStreamingActorsUpdateExtraTime:5.0]]
LogConfig: Setting CVar [[s.LevelStreamingComponentsRegistrationGranularity:10]]
LogConfig: Setting CVar [[s.UnregisterComponentsTimeLimit:1.0]]
LogConfig: Setting CVar [[s.LevelStreamingComponentsUnregistrationGranularity:5]]
LogConfig: Setting CVar [[s.FlushStreamingOnExit:1]]
LogInit: Object subsystem initialized
LogConfig: Setting CVar [[con.DebugEarlyDefault:1]]
LogConfig: Setting CVar [[r.setres:1280x720]]
[2023.06.05-05.52.07:356][  0]LogConfig: Setting CVar [[con.DebugEarlyDefault:1]]
[2023.06.05-05.52.07:356][  0]LogConfig: Setting CVar [[r.setres:1280x720]]
[2023.06.05-05.52.07:356][  0]LogConfig: Applying CVar settings from Section [/Script/Engine.RendererSettings] File [C:/Users/S214666/GitRepos/ProjectCRepo/MonsterMunch/Project/Saved/Config/Windows/Engine.ini]
[2023.06.05-05.52.07:356][  0]LogConfig: Setting CVar [[r.GPUCrashDebugging:0]]
[2023.06.05-05.52.07:356][  0]LogConfig: Applying CVar settings from Section [/Script/Engine.RendererOverrideSettings] File [C:/Users/S214666/GitRepos/ProjectCRepo/MonsterMunch/Project/Saved/Config/Windows/Engine.ini]
[2023.06.05-05.52.07:356][  0]LogConfig: Applying CVar settings from Section [/Script/Engine.StreamingSettings] File [C:/Users/S214666/GitRepos/ProjectCRepo/MonsterMunch/Project/Saved/Config/Windows/Engine.ini]
[2023.06.05-05.52.07:356][  0]LogConfig: Setting CVar [[s.MinBulkDataSizeForAsyncLoading:131072]]
[2023.06.05-05.52.07:356][  0]LogConfig: Setting CVar [[s.AsyncLoadingThreadEnabled:0]]
[2023.06.05-05.52.07:356][  0]LogConfig: Setting CVar [[s.EventDrivenLoaderEnabled:1]]
[2023.06.05-05.52.07:356][  0]LogConfig: Setting CVar [[s.WarnIfTimeLimitExceeded:0]]
[2023.06.05-05.52.07:356][  0]LogConfig: Setting CVar [[s.TimeLimitExceededMultiplier:1.5]]
[2023.06.05-05.52.07:356][  0]LogConfig: Setting CVar [[s.TimeLimitExceededMinTime:0.005]]
[2023.06.05-05.52.07:356][  0]LogConfig: Setting CVar [[s.UseBackgroundLevelStreaming:1]]
[2023.06.05-05.52.07:356][  0]LogConfig: Setting CVar [[s.PriorityAsyncLoadingExtraTime:15.0]]
[2023.06.05-05.52.07:356][  0]LogConfig: Setting CVar [[s.LevelStreamingActorsUpdateTimeLimit:5.0]]
[2023.06.05-05.52.07:356][  0]LogConfig: Setting CVar [[s.PriorityLevelStreamingActorsUpdateExtraTime:5.0]]
[2023.06.05-05.52.07:356][  0]LogConfig: Setting CVar [[s.LevelStreamingComponentsRegistrationGranularity:10]]
[2023.06.05-05.52.07:356][  0]LogConfig: Setting CVar [[s.UnregisterComponentsTimeLimit:1.0]]
[2023.06.05-05.52.07:356][  0]LogConfig: Setting CVar [[s.LevelStreamingComponentsUnregistrationGranularity:5]]
[2023.06.05-05.52.07:356][  0]LogConfig: Setting CVar [[s.FlushStreamingOnExit:1]]
[2023.06.05-05.52.07:356][  0]LogConfig: Applying CVar settings from Section [/Script/Engine.GarbageCollectionSettings] File [C:/Users/S214666/GitRepos/ProjectCRepo/MonsterMunch/Project/Saved/Config/Windows/Engine.ini]
[2023.06.05-05.52.07:356][  0]LogConfig: Setting CVar [[gc.MaxObjectsNotConsideredByGC:1]]
[2023.06.05-05.52.07:356][  0]LogConfig: Setting CVar [[gc.SizeOfPermanentObjectPool:0]]
[2023.06.05-05.52.07:356][  0]LogConfig: Setting CVar [[gc.FlushStreamingOnGC:0]]
[2023.06.05-05.52.07:356][  0]LogConfig: Setting CVar [[gc.NumRetriesBeforeForcingGC:10]]
[2023.06.05-05.52.07:356][  0]LogConfig: Setting CVar [[gc.AllowParallelGC:1]]
[2023.06.05-05.52.07:356][  0]LogConfig: Setting CVar [[gc.TimeBetweenPurgingPendingKillObjects:61.1]]
[2023.06.05-05.52.07:356][  0]LogConfig: Setting CVar [[gc.MaxObjectsInEditor:25165824]]
[2023.06.05-05.52.07:356][  0]LogConfig: Setting CVar [[gc.IncrementalBeginDestroyEnabled:1]]
[2023.06.05-05.52.07:356][  0]LogConfig: Setting CVar [[gc.CreateGCClusters:1]]
[2023.06.05-05.52.07:356][  0]LogConfig: Setting CVar [[gc.MinGCClusterSize:5]]
[2023.06.05-05.52.07:356][  0]LogConfig: Setting CVar [[gc.ActorClusteringEnabled:0]]
[2023.06.05-05.52.07:356][  0]LogConfig: Setting CVar [[gc.BlueprintClusteringEnabled:0]]
[2023.06.05-05.52.07:356][  0]LogConfig: Setting CVar [[gc.UseDisregardForGCOnDedicatedServers:0]]
[2023.06.05-05.52.07:356][  0]LogConfig: Setting CVar [[gc.MultithreadedDestructionEnabled:1]]
[2023.06.05-05.52.07:357][  0]LogConfig: Applying CVar settings from Section [/Script/Engine.NetworkSettings] File [C:/Users/S214666/GitRepos/ProjectCRepo/MonsterMunch/Project/Saved/Config/Windows/Engine.ini]
[2023.06.05-05.52.07:357][  0]LogConfig: Applying CVar settings from Section [/Script/UnrealEd.CookerSettings] File [C:/Users/S214666/GitRepos/ProjectCRepo/MonsterMunch/Project/Saved/Config/Windows/Engine.ini]
[2023.06.05-05.52.07:373][  0]LogConfig: Applying CVar settings from Section [ViewDistanceQuality@3] File [C:/Users/S214666/GitRepos/ProjectCRepo/MonsterMunch/Project/Saved/Config/Windows/Scalability.ini]
[2023.06.05-05.52.07:373][  0]LogConfig: Setting CVar [[r.SkeletalMeshLODBias:0]]
[2023.06.05-05.52.07:373][  0]LogConfig: Setting CVar [[r.ViewDistanceScale:1.0]]
[2023.06.05-05.52.07:373][  0]LogConfig: Applying CVar settings from Section [AntiAliasingQuality@3] File [C:/Users/S214666/GitRepos/ProjectCRepo/MonsterMunch/Project/Saved/Config/Windows/Scalability.ini]
[2023.06.05-05.52.07:373][  0]LogConfig: Setting CVar [[r.PostProcessAAQuality:4]]
[2023.06.05-05.52.07:373][  0]LogConfig: Applying CVar settings from Section [ShadowQuality@3] File [C:/Users/S214666/GitRepos/ProjectCRepo/MonsterMunch/Project/Saved/Config/Windows/Scalability.ini]
[2023.06.05-05.52.07:373][  0]LogConfig: Setting CVar [[r.LightFunctionQuality:1]]
[2023.06.05-05.52.07:373][  0]LogConfig: Setting CVar [[r.ShadowQuality:5]]
[2023.06.05-05.52.07:373][  0]LogConfig: Setting CVar [[r.Shadow.CSM.MaxCascades:10]]
[2023.06.05-05.52.07:373][  0]LogConfig: Setting CVar [[r.Shadow.MaxResolution:2048]]
[2023.06.05-05.52.07:373][  0]LogConfig: Setting CVar [[r.Shadow.MaxCSMResolution:2048]]
[2023.06.05-05.52.07:373][  0]LogConfig: Setting CVar [[r.Shadow.RadiusThreshold:0.01]]
[2023.06.05-05.52.07:373][  0]LogConfig: Setting CVar [[r.Shadow.DistanceScale:1.0]]
[2023.06.05-05.52.07:373][  0]LogConfig: Setting CVar [[r.Shadow.CSM.TransitionScale:1.0]]
[2023.06.05-05.52.07:373][  0]LogConfig: Setting CVar [[r.Shadow.PreShadowResolutionFactor:1.0]]
[2023.06.05-05.52.07:373][  0]LogConfig: Setting CVar [[r.DistanceFieldShadowing:1]]
[2023.06.05-05.52.07:373][  0]LogConfig: Setting CVar [[r.DistanceFieldAO:1]]
[2023.06.05-05.52.07:373][  0]LogConfig: Setting CVar [[r.AOQuality:2]]
[2023.06.05-05.52.07:373][  0]LogConfig: Setting CVar [[r.VolumetricFog:1]]
[2023.06.05-05.52.07:373][  0]LogConfig: Setting CVar [[r.VolumetricFog.GridPixelSize:8]]
[2023.06.05-05.52.07:373][  0]LogConfig: Setting CVar [[r.VolumetricFog.GridSizeZ:128]]
[2023.06.05-05.52.07:373][  0]LogConfig: Setting CVar [[r.VolumetricFog.HistoryMissSupersampleCount:4]]
[2023.06.05-05.52.07:373][  0]LogConfig: Setting CVar [[r.LightMaxDrawDistanceScale:1]]
[2023.06.05-05.52.07:373][  0]LogConfig: Setting CVar [[r.CapsuleShadows:1]]
[2023.06.05-05.52.07:373][  0]LogConfig: Applying CVar settings from Section [PostProcessQuality@3] File [C:/Users/S214666/GitRepos/ProjectCRepo/MonsterMunch/Project/Saved/Config/Windows/Scalability.ini]
[2023.06.05-05.52.07:373][  0]LogConfig: Setting CVar [[r.MotionBlurQuality:4]]
[2023.06.05-05.52.07:373][  0]LogConfig: Setting CVar [[r.AmbientOcclusionMipLevelFactor:0.4]]
[2023.06.05-05.52.07:373][  0]LogConfig: Setting CVar [[r.AmbientOcclusionMaxQuality:100]]
[2023.06.05-05.52.07:373][  0]LogConfig: Setting CVar [[r.AmbientOcclusionLevels:-1]]
[2023.06.05-05.52.07:373][  0]LogConfig: Setting CVar [[r.AmbientOcclusionRadiusScale:1.0]]
[2023.06.05-05.52.07:373][  0]LogConfig: Setting CVar [[r.DepthOfFieldQuality:2]]
[2023.06.05-05.52.07:373][  0]LogConfig: Setting CVar [[r.RenderTargetPoolMin:400]]
[2023.06.05-05.52.07:373][  0]LogConfig: Setting CVar [[r.LensFlareQuality:2]]
[2023.06.05-05.52.07:373][  0]LogConfig: Setting CVar [[r.SceneColorFringeQuality:1]]
[2023.06.05-05.52.07:373][  0]LogConfig: Setting CVar [[r.EyeAdaptationQuality:2]]
[2023.06.05-05.52.07:373][  0]LogConfig: Setting CVar [[r.BloomQuality:5]]
[2023.06.05-05.52.07:373][  0]LogConfig: Setting CVar [[r.FastBlurThreshold:100]]
[2023.06.05-05.52.07:373][  0]LogConfig: Setting CVar [[r.Upscale.Quality:3]]
[2023.06.05-05.52.07:373][  0]LogConfig: Setting CVar [[r.Tonemapper.GrainQuantization:1]]
[2023.06.05-05.52.07:373][  0]LogConfig: Setting CVar [[r.LightShaftQuality:1]]
[2023.06.05-05.52.07:373][  0]LogConfig: Setting CVar [[r.Filter.SizeScale:1]]
[2023.06.05-05.52.07:373][  0]LogConfig: Setting CVar [[r.Tonemapper.Quality:5]]
[2023.06.05-05.52.07:374][  0]LogConfig: Setting CVar [[r.DOF.Gather.AccumulatorQuality:1        ; higher gathering accumulator quality]]
[2023.06.05-05.52.07:374][  0]LogConfig: Setting CVar [[r.DOF.Gather.PostfilterMethod:1          ; Median3x3 postfilering method]]
[2023.06.05-05.52.07:374][  0]LogConfig: Setting CVar [[r.DOF.Gather.EnableBokehSettings:0       ; no bokeh simulation when gathering]]
[2023.06.05-05.52.07:374][  0]LogConfig: Setting CVar [[r.DOF.Gather.RingCount:4                 ; medium number of samples when gathering]]
[2023.06.05-05.52.07:374][  0]LogConfig: Setting CVar [[r.DOF.Scatter.ForegroundCompositing:1    ; additive foreground scattering]]
[2023.06.05-05.52.07:374][  0]LogConfig: Setting CVar [[r.DOF.Scatter.BackgroundCompositing:2    ; additive background scattering]]
[2023.06.05-05.52.07:374][  0]LogConfig: Setting CVar [[r.DOF.Scatter.EnableBokehSettings:1      ; bokeh simulation when scattering]]
[2023.06.05-05.52.07:374][  0]LogConfig: Setting CVar [[r.DOF.Scatter.MaxSpriteRatio:0.1         ; only a maximum of 10% of scattered bokeh]]
[2023.06.05-05.52.07:374][  0]LogConfig: Setting CVar [[r.DOF.Recombine.Quality:1                ; cheap slight out of focus]]
[2023.06.05-05.52.07:374][  0]LogConfig: Setting CVar [[r.DOF.Recombine.EnableBokehSettings:0    ; no bokeh simulation on slight out of focus]]
[2023.06.05-05.52.07:374][  0]LogConfig: Setting CVar [[r.DOF.TemporalAAQuality:1                ; more stable temporal accumulation]]
[2023.06.05-05.52.07:374][  0]LogConfig: Setting CVar [[r.DOF.Kernel.MaxForegroundRadius:0.025]]
[2023.06.05-05.52.07:374][  0]LogConfig: Setting CVar [[r.DOF.Kernel.MaxBackgroundRadius:0.025]]
[2023.06.05-05.52.07:374][  0]LogConfig: Applying CVar settings from Section [TextureQuality@3] File [C:/Users/S214666/GitRepos/ProjectCRepo/MonsterMunch/Project/Saved/Config/Windows/Scalability.ini]
[2023.06.05-05.52.07:374][  0]LogConfig: Setting CVar [[r.Streaming.MipBias:0]]
[2023.06.05-05.52.07:374][  0]LogConfig: Setting CVar [[r.Streaming.AmortizeCPUToGPUCopy:0]]
[2023.06.05-05.52.07:374][  0]LogConfig: Setting CVar [[r.Streaming.MaxNumTexturesToStreamPerFrame:0]]
[2023.06.05-05.52.07:374][  0]LogConfig: Setting CVar [[r.Streaming.Boost:1]]
[2023.06.05-05.52.07:374][  0]LogConfig: Setting CVar [[r.MaxAnisotropy:8]]
[2023.06.05-05.52.07:374][  0]LogConfig: Setting CVar [[r.VT.MaxAnisotropy:8]]
[2023.06.05-05.52.07:374][  0]LogConfig: Setting CVar [[r.Streaming.LimitPoolSizeToVRAM:0]]
[2023.06.05-05.52.07:374][  0]LogConfig: Setting CVar [[r.Streaming.PoolSize:1000]]
[2023.06.05-05.52.07:374][  0]LogConfig: Setting CVar [[r.Streaming.MaxEffectiveScreenSize:0]]
[2023.06.05-05.52.07:374][  0]LogConfig: Applying CVar settings from Section [EffectsQuality@3] File [C:/Users/S214666/GitRepos/ProjectCRepo/MonsterMunch/Project/Saved/Config/Windows/Scalability.ini]
[2023.06.05-05.52.07:374][  0]LogConfig: Setting CVar [[r.TranslucencyLightingVolumeDim:64]]
[2023.06.05-05.52.07:374][  0]LogConfig: Setting CVar [[r.RefractionQuality:2]]
[2023.06.05-05.52.07:374][  0]LogConfig: Setting CVar [[r.SSR.Quality:3]]
[2023.06.05-05.52.07:374][  0]LogConfig: Setting CVar [[r.SSR.HalfResSceneColor:0]]
[2023.06.05-05.52.07:374][  0]LogConfig: Setting CVar [[r.SceneColorFormat:4]]
[2023.06.05-05.52.07:374][  0]LogConfig: Setting CVar [[r.DetailMode:2]]
[2023.06.05-05.52.07:374][  0]LogConfig: Setting CVar [[r.TranslucencyVolumeBlur:1]]
[2023.06.05-05.52.07:374][  0]LogConfig: Setting CVar [[r.MaterialQualityLevel:1 ; High quality]]
[2023.06.05-05.52.07:374][  0]LogConfig: Setting CVar [[r.AnisotropicMaterials:1]]
[2023.06.05-05.52.07:374][  0]LogConfig: Setting CVar [[r.SSS.Scale:1]]
[2023.06.05-05.52.07:374][  0]LogConfig: Setting CVar [[r.SSS.SampleSet:2]]
[2023.06.05-05.52.07:374][  0]LogConfig: Setting CVar [[r.SSS.Quality:1]]
[2023.06.05-05.52.07:374][  0]LogConfig: Setting CVar [[r.SSS.HalfRes:0]]
[2023.06.05-05.52.07:374][  0]LogConfig: Setting CVar [[r.SSGI.Quality:3]]
[2023.06.05-05.52.07:374][  0]LogConfig: Setting CVar [[r.EmitterSpawnRateScale:1.0]]
[2023.06.05-05.52.07:374][  0]LogConfig: Setting CVar [[r.ParticleLightQuality:2]]
[2023.06.05-05.52.07:374][  0]LogConfig: Setting CVar [[r.SkyAtmosphere.AerialPerspectiveLUT.FastApplyOnOpaque:1 ; Always have FastSkyLUT 1 in this case to avoid wrong sky]]
[2023.06.05-05.52.07:374][  0]LogConfig: Setting CVar [[r.SkyAtmosphere.AerialPerspectiveLUT.SampleCountMaxPerSlice:4]]
[2023.06.05-05.52.07:374][  0]LogConfig: Setting CVar [[r.SkyAtmosphere.AerialPerspectiveLUT.DepthResolution:16.0]]
[2023.06.05-05.52.07:374][  0]LogConfig: Setting CVar [[r.SkyAtmosphere.FastSkyLUT:1]]
[2023.06.05-05.52.07:374][  0]LogConfig: Setting CVar [[r.SkyAtmosphere.FastSkyLUT.SampleCountMin:4.0]]
[2023.06.05-05.52.07:374][  0]LogConfig: Setting CVar [[r.SkyAtmosphere.FastSkyLUT.SampleCountMax:128.0]]
[2023.06.05-05.52.07:374][  0]LogConfig: Setting CVar [[r.SkyAtmosphere.SampleCountMin:4.0]]
[2023.06.05-05.52.07:374][  0]LogConfig: Setting CVar [[r.SkyAtmosphere.SampleCountMax:128.0]]
[2023.06.05-05.52.07:374][  0]LogConfig: Setting CVar [[r.SkyAtmosphere.TransmittanceLUT.UseSmallFormat:0]]
[2023.06.05-05.52.07:374][  0]LogConfig: Setting CVar [[r.SkyAtmosphere.TransmittanceLUT.SampleCount:10.0]]
[2023.06.05-05.52.07:374][  0]LogConfig: Setting CVar [[r.SkyAtmosphere.MultiScatteringLUT.SampleCount:15.0]]
[2023.06.05-05.52.07:374][  0]LogConfig: Setting CVar [[r.SkyLight.RealTimeReflectionCapture:1]]
[2023.06.05-05.52.07:374][  0]LogConfig: Applying CVar settings from Section [FoliageQuality@3] File [C:/Users/S214666/GitRepos/ProjectCRepo/MonsterMunch/Project/Saved/Config/Windows/Scalability.ini]
[2023.06.05-05.52.07:374][  0]LogConfig: Setting CVar [[foliage.DensityScale:1.0]]
[2023.06.05-05.52.07:374][  0]LogConfig: Setting CVar [[grass.DensityScale:1.0]]
[2023.06.05-05.52.07:374][  0]LogConfig: Applying CVar settings from Section [ShadingQuality@3] File [C:/Users/S214666/GitRepos/ProjectCRepo/MonsterMunch/Project/Saved/Config/Windows/Scalability.ini]
[2023.06.05-05.52.07:374][  0]LogConfig: Setting CVar [[r.HairStrands.SkyLighting.IntegrationType:2]]
[2023.06.05-05.52.07:374][  0]LogConfig: Setting CVar [[r.HairStrands.SkyAO.SampleCount:4]]
[2023.06.05-05.52.07:374][  0]LogConfig: Setting CVar [[r.HairStrands.Visibility.MSAA.SamplePerPixel:4]]
[2023.06.05-05.52.07:374][  0]LogInit: Selected Device Profile: [Windows]
[2023.06.05-05.52.07:374][  0]LogInit: Applying CVar settings loaded from the selected device profile: [Windows]
[2023.06.05-05.52.07:375][  0]LogHAL: Display: Platform has ~ 32 GB [34314874880 / 34359738368 / 32], which maps to Largest [LargestMinGB=32, LargerMinGB=12, DefaultMinGB=8, SmallerMinGB=6, SmallestMinGB=0)
[2023.06.05-05.52.07:375][  0]LogInit: Going up to parent DeviceProfile []
[2023.06.05-05.52.07:375][  0]LogConfig: Applying CVar settings from Section [ViewDistanceQuality@3] File [C:/Users/S214666/GitRepos/ProjectCRepo/MonsterMunch/Project/Saved/Config/Windows/Scalability.ini]
[2023.06.05-05.52.07:375][  0]LogConfig: Setting CVar [[r.SkeletalMeshLODBias:0]]
[2023.06.05-05.52.07:375][  0]LogConfig: Setting CVar [[r.ViewDistanceScale:1.0]]
[2023.06.05-05.52.07:375][  0]LogConfig: Applying CVar settings from Section [AntiAliasingQuality@3] File [C:/Users/S214666/GitRepos/ProjectCRepo/MonsterMunch/Project/Saved/Config/Windows/Scalability.ini]
[2023.06.05-05.52.07:375][  0]LogConfig: Setting CVar [[r.PostProcessAAQuality:4]]
[2023.06.05-05.52.07:375][  0]LogConfig: Applying CVar settings from Section [ShadowQuality@3] File [C:/Users/S214666/GitRepos/ProjectCRepo/MonsterMunch/Project/Saved/Config/Windows/Scalability.ini]
[2023.06.05-05.52.07:375][  0]LogConfig: Setting CVar [[r.LightFunctionQuality:1]]
[2023.06.05-05.52.07:375][  0]LogConfig: Setting CVar [[r.ShadowQuality:5]]
[2023.06.05-05.52.07:375][  0]LogConfig: Setting CVar [[r.Shadow.CSM.MaxCascades:10]]
[2023.06.05-05.52.07:375][  0]LogConfig: Setting CVar [[r.Shadow.MaxResolution:2048]]
[2023.06.05-05.52.07:375][  0]LogConfig: Setting CVar [[r.Shadow.MaxCSMResolution:2048]]
[2023.06.05-05.52.07:375][  0]LogConfig: Setting CVar [[r.Shadow.RadiusThreshold:0.01]]
[2023.06.05-05.52.07:375][  0]LogConfig: Setting CVar [[r.Shadow.DistanceScale:1.0]]
[2023.06.05-05.52.07:375][  0]LogConfig: Setting CVar [[r.Shadow.CSM.TransitionScale:1.0]]
[2023.06.05-05.52.07:375][  0]LogConfig: Setting CVar [[r.Shadow.PreShadowResolutionFactor:1.0]]
[2023.06.05-05.52.07:375][  0]LogConfig: Setting CVar [[r.DistanceFieldShadowing:1]]
[2023.06.05-05.52.07:375][  0]LogConfig: Setting CVar [[r.DistanceFieldAO:1]]
[2023.06.05-05.52.07:375][  0]LogConfig: Setting CVar [[r.AOQuality:2]]
[2023.06.05-05.52.07:375][  0]LogConfig: Setting CVar [[r.VolumetricFog:1]]
[2023.06.05-05.52.07:375][  0]LogConfig: Setting CVar [[r.VolumetricFog.GridPixelSize:8]]
[2023.06.05-05.52.07:375][  0]LogConfig: Setting CVar [[r.VolumetricFog.GridSizeZ:128]]
[2023.06.05-05.52.07:375][  0]LogConfig: Setting CVar [[r.VolumetricFog.HistoryMissSupersampleCount:4]]
[2023.06.05-05.52.07:375][  0]LogConfig: Setting CVar [[r.LightMaxDrawDistanceScale:1]]
[2023.06.05-05.52.07:375][  0]LogConfig: Setting CVar [[r.CapsuleShadows:1]]
[2023.06.05-05.52.07:375][  0]LogConfig: Applying CVar settings from Section [PostProcessQuality@3] File [C:/Users/S214666/GitRepos/ProjectCRepo/MonsterMunch/Project/Saved/Config/Windows/Scalability.ini]
[2023.06.05-05.52.07:375][  0]LogConfig: Setting CVar [[r.MotionBlurQuality:4]]
[2023.06.05-05.52.07:375][  0]LogConfig: Setting CVar [[r.AmbientOcclusionMipLevelFactor:0.4]]
[2023.06.05-05.52.07:375][  0]LogConfig: Setting CVar [[r.AmbientOcclusionMaxQuality:100]]
[2023.06.05-05.52.07:375][  0]LogConfig: Setting CVar [[r.AmbientOcclusionLevels:-1]]
[2023.06.05-05.52.07:375][  0]LogConfig: Setting CVar [[r.AmbientOcclusionRadiusScale:1.0]]
[2023.06.05-05.52.07:375][  0]LogConfig: Setting CVar [[r.DepthOfFieldQuality:2]]
[2023.06.05-05.52.07:375][  0]LogConfig: Setting CVar [[r.RenderTargetPoolMin:400]]
[2023.06.05-05.52.07:375][  0]LogConfig: Setting CVar [[r.LensFlareQuality:2]]
[2023.06.05-05.52.07:375][  0]LogConfig: Setting CVar [[r.SceneColorFringeQuality:1]]
[2023.06.05-05.52.07:375][  0]LogConfig: Setting CVar [[r.EyeAdaptationQuality:2]]
[2023.06.05-05.52.07:375][  0]LogConfig: Setting CVar [[r.BloomQuality:5]]
[2023.06.05-05.52.07:375][  0]LogConfig: Setting CVar [[r.FastBlurThreshold:100]]
[2023.06.05-05.52.07:375][  0]LogConfig: Setting CVar [[r.Upscale.Quality:3]]
[2023.06.05-05.52.07:375][  0]LogConfig: Setting CVar [[r.Tonemapper.GrainQuantization:1]]
[2023.06.05-05.52.07:375][  0]LogConfig: Setting CVar [[r.LightShaftQuality:1]]
[2023.06.05-05.52.07:375][  0]LogConfig: Setting CVar [[r.Filter.SizeScale:1]]
[2023.06.05-05.52.07:375][  0]LogConfig: Setting CVar [[r.Tonemapper.Quality:5]]
[2023.06.05-05.52.07:375][  0]LogConfig: Setting CVar [[r.DOF.Gather.AccumulatorQuality:1        ; higher gathering accumulator quality]]
[2023.06.05-05.52.07:375][  0]LogConfig: Setting CVar [[r.DOF.Gather.PostfilterMethod:1          ; Median3x3 postfilering method]]
[2023.06.05-05.52.07:375][  0]LogConfig: Setting CVar [[r.DOF.Gather.EnableBokehSettings:0       ; no bokeh simulation when gathering]]
[2023.06.05-05.52.07:375][  0]LogConfig: Setting CVar [[r.DOF.Gather.RingCount:4                 ; medium number of samples when gathering]]
[2023.06.05-05.52.07:375][  0]LogConfig: Setting CVar [[r.DOF.Scatter.ForegroundCompositing:1    ; additive foreground scattering]]
[2023.06.05-05.52.07:375][  0]LogConfig: Setting CVar [[r.DOF.Scatter.BackgroundCompositing:2    ; additive background scattering]]
[2023.06.05-05.52.07:375][  0]LogConfig: Setting CVar [[r.DOF.Scatter.EnableBokehSettings:1      ; bokeh simulation when scattering]]
[2023.06.05-05.52.07:375][  0]LogConfig: Setting CVar [[r.DOF.Scatter.MaxSpriteRatio:0.1         ; only a maximum of 10% of scattered bokeh]]
[2023.06.05-05.52.07:375][  0]LogConfig: Setting CVar [[r.DOF.Recombine.Quality:1                ; cheap slight out of focus]]
[2023.06.05-05.52.07:375][  0]LogConfig: Setting CVar [[r.DOF.Recombine.EnableBokehSettings:0    ; no bokeh simulation on slight out of focus]]
[2023.06.05-05.52.07:375][  0]LogConfig: Setting CVar [[r.DOF.TemporalAAQuality:1                ; more stable temporal accumulation]]
[2023.06.05-05.52.07:375][  0]LogConfig: Setting CVar [[r.DOF.Kernel.MaxForegroundRadius:0.025]]
[2023.06.05-05.52.07:375][  0]LogConfig: Setting CVar [[r.DOF.Kernel.MaxBackgroundRadius:0.025]]
[2023.06.05-05.52.07:376][  0]LogConfig: Applying CVar settings from Section [TextureQuality@3] File [C:/Users/S214666/GitRepos/ProjectCRepo/MonsterMunch/Project/Saved/Config/Windows/Scalability.ini]
[2023.06.05-05.52.07:376][  0]LogConfig: Setting CVar [[r.Streaming.MipBias:0]]
[2023.06.05-05.52.07:376][  0]LogConfig: Setting CVar [[r.Streaming.AmortizeCPUToGPUCopy:0]]
[2023.06.05-05.52.07:376][  0]LogConfig: Setting CVar [[r.Streaming.MaxNumTexturesToStreamPerFrame:0]]
[2023.06.05-05.52.07:376][  0]LogConfig: Setting CVar [[r.Streaming.Boost:1]]
[2023.06.05-05.52.07:376][  0]LogConfig: Setting CVar [[r.MaxAnisotropy:8]]
[2023.06.05-05.52.07:376][  0]LogConfig: Setting CVar [[r.VT.MaxAnisotropy:8]]
[2023.06.05-05.52.07:376][  0]LogConfig: Setting CVar [[r.Streaming.LimitPoolSizeToVRAM:0]]
[2023.06.05-05.52.07:376][  0]LogConfig: Setting CVar [[r.Streaming.PoolSize:1000]]
[2023.06.05-05.52.07:376][  0]LogConfig: Setting CVar [[r.Streaming.MaxEffectiveScreenSize:0]]
[2023.06.05-05.52.07:376][  0]LogConfig: Applying CVar settings from Section [EffectsQuality@3] File [C:/Users/S214666/GitRepos/ProjectCRepo/MonsterMunch/Project/Saved/Config/Windows/Scalability.ini]
[2023.06.05-05.52.07:376][  0]LogConfig: Setting CVar [[r.TranslucencyLightingVolumeDim:64]]
[2023.06.05-05.52.07:376][  0]LogConfig: Setting CVar [[r.RefractionQuality:2]]
[2023.06.05-05.52.07:376][  0]LogConfig: Setting CVar [[r.SSR.Quality:3]]
[2023.06.05-05.52.07:376][  0]LogConfig: Setting CVar [[r.SSR.HalfResSceneColor:0]]
[2023.06.05-05.52.07:376][  0]LogConfig: Setting CVar [[r.SceneColorFormat:4]]
[2023.06.05-05.52.07:376][  0]LogConfig: Setting CVar [[r.DetailMode:2]]
[2023.06.05-05.52.07:376][  0]LogConfig: Setting CVar [[r.TranslucencyVolumeBlur:1]]
[2023.06.05-05.52.07:376][  0]LogConfig: Setting CVar [[r.MaterialQualityLevel:1 ; High quality]]
[2023.06.05-05.52.07:376][  0]LogConfig: Setting CVar [[r.AnisotropicMaterials:1]]
[2023.06.05-05.52.07:376][  0]LogConfig: Setting CVar [[r.SSS.Scale:1]]
[2023.06.05-05.52.07:376][  0]LogConfig: Setting CVar [[r.SSS.SampleSet:2]]
[2023.06.05-05.52.07:376][  0]LogConfig: Setting CVar [[r.SSS.Quality:1]]
[2023.06.05-05.52.07:376][  0]LogConfig: Setting CVar [[r.SSS.HalfRes:0]]
[2023.06.05-05.52.07:376][  0]LogConfig: Setting CVar [[r.SSGI.Quality:3]]
[2023.06.05-05.52.07:376][  0]LogConfig: Setting CVar [[r.EmitterSpawnRateScale:1.0]]
[2023.06.05-05.52.07:376][  0]LogConfig: Setting CVar [[r.ParticleLightQuality:2]]
[2023.06.05-05.52.07:376][  0]LogConfig: Setting CVar [[r.SkyAtmosphere.AerialPerspectiveLUT.FastApplyOnOpaque:1 ; Always have FastSkyLUT 1 in this case to avoid wrong sky]]
[2023.06.05-05.52.07:376][  0]LogConfig: Setting CVar [[r.SkyAtmosphere.AerialPerspectiveLUT.SampleCountMaxPerSlice:4]]
[2023.06.05-05.52.07:376][  0]LogConfig: Setting CVar [[r.SkyAtmosphere.AerialPerspectiveLUT.DepthResolution:16.0]]
[2023.06.05-05.52.07:376][  0]LogConfig: Setting CVar [[r.SkyAtmosphere.FastSkyLUT:1]]
[2023.06.05-05.52.07:376][  0]LogConfig: Setting CVar [[r.SkyAtmosphere.FastSkyLUT.SampleCountMin:4.0]]
[2023.06.05-05.52.07:376][  0]LogConfig: Setting CVar [[r.SkyAtmosphere.FastSkyLUT.SampleCountMax:128.0]]
[2023.06.05-05.52.07:376][  0]LogConfig: Setting CVar [[r.SkyAtmosphere.SampleCountMin:4.0]]
[2023.06.05-05.52.07:376][  0]LogConfig: Setting CVar [[r.SkyAtmosphere.SampleCountMax:128.0]]
[2023.06.05-05.52.07:376][  0]LogConfig: Setting CVar [[r.SkyAtmosphere.TransmittanceLUT.UseSmallFormat:0]]
[2023.06.05-05.52.07:376][  0]LogConfig: Setting CVar [[r.SkyAtmosphere.TransmittanceLUT.SampleCount:10.0]]
[2023.06.05-05.52.07:376][  0]LogConfig: Setting CVar [[r.SkyAtmosphere.MultiScatteringLUT.SampleCount:15.0]]
[2023.06.05-05.52.07:376][  0]LogConfig: Setting CVar [[r.SkyLight.RealTimeReflectionCapture:1]]
[2023.06.05-05.52.07:376][  0]LogConfig: Applying CVar settings from Section [FoliageQuality@3] File [C:/Users/S214666/GitRepos/ProjectCRepo/MonsterMunch/Project/Saved/Config/Windows/Scalability.ini]
[2023.06.05-05.52.07:376][  0]LogConfig: Setting CVar [[foliage.DensityScale:1.0]]
[2023.06.05-05.52.07:376][  0]LogConfig: Setting CVar [[grass.DensityScale:1.0]]
[2023.06.05-05.52.07:376][  0]LogConfig: Applying CVar settings from Section [ShadingQuality@3] File [C:/Users/S214666/GitRepos/ProjectCRepo/MonsterMunch/Project/Saved/Config/Windows/Scalability.ini]
[2023.06.05-05.52.07:376][  0]LogConfig: Setting CVar [[r.HairStrands.SkyLighting.IntegrationType:2]]
[2023.06.05-05.52.07:376][  0]LogConfig: Setting CVar [[r.HairStrands.SkyAO.SampleCount:4]]
[2023.06.05-05.52.07:376][  0]LogConfig: Setting CVar [[r.HairStrands.Visibility.MSAA.SamplePerPixel:4]]
[2023.06.05-05.52.07:376][  0]LogConfig: Applying CVar settings from Section [Startup] File [../../../Engine/Config/ConsoleVariables.ini]
[2023.06.05-05.52.07:377][  0]LogConfig: Setting CVar [[net.UseAdaptiveNetUpdateFrequency:0]]
[2023.06.05-05.52.07:377][  0]LogConfig: Setting CVar [[p.chaos.AllowCreatePhysxBodies:1]]
[2023.06.05-05.52.07:377][  0]LogConfig: Setting CVar [[fx.SkipVectorVMBackendOptimizations:1]]
[2023.06.05-05.52.07:377][  0]LogConfig: Applying CVar settings from Section [ConsoleVariables] File [C:/Users/S214666/GitRepos/ProjectCRepo/MonsterMunch/Project/Saved/Config/Windows/Engine.ini]
[2023.06.05-05.52.07:377][  0]LogConfig: Applying CVar settings from Section [ConsoleVariables] File [C:/Users/S214666/GitRepos/ProjectCRepo/MonsterMunch/Project/Saved/Config/Windows/Editor.ini]
[2023.06.05-05.52.07:377][  0]LogInit: Computer: SYD-6662B6
[2023.06.05-05.52.07:377][  0]LogInit: User: s214666
[2023.06.05-05.52.07:377][  0]LogInit: CPU Page size=4096, Cores=4
[2023.06.05-05.52.07:377][  0]LogInit: High frequency timer resolution =10.000000 MHz
[2023.06.05-05.52.07:377][  0]LogMemory: Memory total: Physical=32.0GB (32GB approx)
[2023.06.05-05.52.07:377][  0]LogMemory: Platform Memory Stats for Windows
[2023.06.05-05.52.07:377][  0]LogMemory: Process Physical Memory: 142.42 MB used, 142.42 MB peak
[2023.06.05-05.52.07:377][  0]LogMemory: Process Virtual Memory: 126.37 MB used, 126.37 MB peak
[2023.06.05-05.52.07:377][  0]LogMemory: Physical Memory: 15013.46 MB used,  17711.76 MB free, 32725.21 MB total
[2023.06.05-05.52.07:377][  0]LogMemory: Virtual Memory: 134198152.00 MB used,  19576.00 MB free, 134217728.00 MB total
[2023.06.05-05.52.07:384][  0]LogWindows: WindowsPlatformFeatures enabled
[2023.06.05-05.52.07:437][  0]LogInit: Physics initialised using underlying interface: PhysX
[2023.06.05-05.52.07:437][  0]LogInit: Using OS detected language (en-US).
[2023.06.05-05.52.07:437][  0]LogInit: Using OS detected locale (en-AU).
[2023.06.05-05.52.07:442][  0]LogTextLocalizationManager: No specific localization for 'en-US' exists, so the 'en' localization will be used.
[2023.06.05-05.52.07:682][  0]LogWindowsTextInputMethodSystem: Display: IME system deactivated.
[2023.06.05-05.52.07:709][  0]LogSlate: New Slate User Created.  User Index 0, Is Virtual User: 0
[2023.06.05-05.52.07:709][  0]LogSlate: Slate User Registered.  User Index 0, Is Virtual User: 0
[2023.06.05-05.52.07:731][  0]LogD3D11RHI: Loaded GFSDK_Aftermath_Lib.x64.dll
[2023.06.05-05.52.07:734][  0]LogHMD: Failed to initialize OpenVR with code 110
[2023.06.05-05.52.07:734][  0]LogD3D11RHI: D3D11 min allowed feature level: 11_0
[2023.06.05-05.52.07:734][  0]LogD3D11RHI: D3D11 max allowed feature level: 11_0
[2023.06.05-05.52.07:734][  0]LogD3D11RHI: D3D11 adapters:
[2023.06.05-05.52.07:848][  0]LogD3D11RHI:    0. 'NVIDIA GeForce GTX 960' (Feature Level 11_0)
[2023.06.05-05.52.07:848][  0]LogD3D11RHI:       2002/0/16362 MB DedicatedVideo/DedicatedSystem/SharedSystem, Outputs:2, VendorId:0x10de
[2023.06.05-05.52.07:850][  0]LogD3D11RHI:    1. 'Microsoft Basic Render Driver' (Feature Level 11_0)
[2023.06.05-05.52.07:850][  0]LogD3D11RHI:       0/0/16362 MB DedicatedVideo/DedicatedSystem/SharedSystem, Outputs:0, VendorId:0x1414
[2023.06.05-05.52.07:850][  0]LogD3D11RHI: Chosen D3D11 Adapter:
[2023.06.05-05.52.07:850][  0]LogD3D11RHI:     Description : NVIDIA GeForce GTX 960
[2023.06.05-05.52.07:850][  0]LogD3D11RHI:     VendorId    : 10de
[2023.06.05-05.52.07:850][  0]LogD3D11RHI:     DeviceId    : 1401
[2023.06.05-05.52.07:850][  0]LogD3D11RHI:     SubSysId    : 368f1458
[2023.06.05-05.52.07:851][  0]LogD3D11RHI:     Revision    : 00a1
[2023.06.05-05.52.07:851][  0]LogD3D11RHI:     DedicatedVideoMemory : 2099314688 bytes
[2023.06.05-05.52.07:851][  0]LogD3D11RHI:     DedicatedSystemMemory : 0 bytes
[2023.06.05-05.52.07:851][  0]LogD3D11RHI:     SharedSystemMemory : 17157437440 bytes
[2023.06.05-05.52.07:851][  0]LogD3D11RHI:     AdapterLuid : 0 53420
[2023.06.05-05.52.07:857][  0]LogD3D11RHI: Creating new Direct3DDevice
[2023.06.05-05.52.07:857][  0]LogD3D11RHI:     GPU DeviceId: 0x1401 (for the marketing name, search the web for "GPU Device Id")
[2023.06.05-05.52.07:857][  0]LogWindows: EnumDisplayDevices:
[2023.06.05-05.52.07:857][  0]LogWindows:    0. 'NVIDIA GeForce GTX 960' (P:1 D:1)
[2023.06.05-05.52.07:858][  0]LogWindows:    1. 'NVIDIA GeForce GTX 960' (P:0 D:1)
[2023.06.05-05.52.07:858][  0]LogWindows:    2. 'NVIDIA GeForce GTX 960' (P:0 D:0)
[2023.06.05-05.52.07:858][  0]LogWindows:    3. 'NVIDIA GeForce GTX 960' (P:0 D:0)
[2023.06.05-05.52.07:858][  0]LogWindows: DebugString: FoundDriverCount:4 
[2023.06.05-05.52.07:858][  0]LogD3D11RHI:     Adapter Name: NVIDIA GeForce GTX 960
[2023.06.05-05.52.07:858][  0]LogD3D11RHI:   Driver Version: 526.47 (internal:31.0.15.2647, unified:526.47)
[2023.06.05-05.52.07:859][  0]LogD3D11RHI:      Driver Date: 10-25-2022
[2023.06.05-05.52.07:859][  0]LogRHI: Texture pool is 1401 MB (70% of 2002 MB)
[2023.06.05-05.52.07:859][  0]LogD3D11RHI: Creating D3DDevice using adapter:
[2023.06.05-05.52.07:859][  0]LogD3D11RHI:     Description : NVIDIA GeForce GTX 960
[2023.06.05-05.52.07:859][  0]LogD3D11RHI:     VendorId    : 10de
[2023.06.05-05.52.07:859][  0]LogD3D11RHI:     DeviceId    : 1401
[2023.06.05-05.52.07:859][  0]LogD3D11RHI:     SubSysId    : 368f1458
[2023.06.05-05.52.07:859][  0]LogD3D11RHI:     Revision    : 00a1
[2023.06.05-05.52.07:859][  0]LogD3D11RHI:     DedicatedVideoMemory : 2099314688 bytes
[2023.06.05-05.52.07:859][  0]LogD3D11RHI:     DedicatedSystemMemory : 0 bytes
[2023.06.05-05.52.07:859][  0]LogD3D11RHI:     SharedSystemMemory : 17157437440 bytes
[2023.06.05-05.52.07:859][  0]LogD3D11RHI:     AdapterLuid : 0 53420
[2023.06.05-05.52.07:935][  0]LogD3D11RHI: RHI has support for 64 bit atomics
[2023.06.05-05.52.07:936][  0]LogD3D11RHI: Async texture creation enabled
[2023.06.05-05.52.07:936][  0]LogD3D11RHI: Array index from any shader is supported
[2023.06.05-05.52.07:954][  0]LogD3D11RHI: GPU Timing Frequency: 1000.000000 (Debug: 2 1)
[2023.06.05-05.52.07:997][  0]LogRHI: GeForceNow SDK initialized: 1
[2023.06.05-05.52.08:332][  0]LogTargetPlatformManager: Display: Loaded TargetPlatform 'WindowsNoEditor'
[2023.06.05-05.52.08:336][  0]LogTargetPlatformManager: Display: Loaded TargetPlatform 'Windows'
[2023.06.05-05.52.08:341][  0]LogTargetPlatformManager: Display: Loaded TargetPlatform 'WindowsClient'
[2023.06.05-05.52.08:346][  0]LogTargetPlatformManager: Display: Loaded TargetPlatform 'WindowsServer'
[2023.06.05-05.52.08:346][  0]LogTargetPlatformManager: Display: Building Assets For Windows
[2023.06.05-05.52.08:353][  0]LogAudioDebug: Display: Lib vorbis DLL was dynamically loaded.
[2023.06.05-05.52.08:384][  0]LogTextureFormatOodle: Display: Oodle Texture 2.9.0 init RDO Off
[2023.06.05-05.52.08:414][  0]LogRendererCore: Ray tracing is disabled. Reason: r.RayTracing=0.
[2023.06.05-05.52.08:414][  0]LogShaderCompilers: Guid format shader working directory is -26 characters bigger than the processId version (../../../../../../Users/S214666/GitRepos/ProjectCRepo/MonsterMunch/Project/Intermediate/Shaders/WorkingDirectory/2528/).
[2023.06.05-05.52.08:414][  0]LogShaderCompilers: Cleaned the shader compiler working directory 'C:/Users/S214666/AppData/Local/Temp/UnrealShaderWorkingDir/4CB4377546DF64D78D1D8F907E328412/'.
[2023.06.05-05.52.08:414][  0]LogXGEController: Cannot use XGE Controller as Incredibuild is not installed on this machine.
[2023.06.05-05.52.08:415][  0]LogShaderCompilers: Cannot use XGE Shader Compiler as Incredibuild is not installed on this machine.
[2023.06.05-05.52.08:415][  0]LogShaderCompilers: Display: Using Local Shader Compiler.
[2023.06.05-05.52.09:155][  0]LogDerivedDataCache: Display: Max Cache Size: 512 MB
[2023.06.05-05.52.09:214][  0]LogDerivedDataCache: Loaded boot cache 0.06s 94MB C:/Users/S214666/AppData/Local/UnrealEngine/4.27/DerivedDataCache/Boot.ddc.
[2023.06.05-05.52.09:214][  0]LogDerivedDataCache: Display: Loaded Boot cache: C:/Users/S214666/AppData/Local/UnrealEngine/4.27/DerivedDataCache/Boot.ddc
[2023.06.05-05.52.09:215][  0]LogDerivedDataCache: FDerivedDataBackendGraph:  Pak pak cache file ../../../../../../Users/S214666/GitRepos/ProjectCRepo/MonsterMunch/Project/DerivedDataCache/DDC.ddp not found, will not use a pak cache.
[2023.06.05-05.52.09:215][  0]LogDerivedDataCache: Unable to find inner node Pak for hierarchical cache Hierarchy.
[2023.06.05-05.52.09:215][  0]LogDerivedDataCache: FDerivedDataBackendGraph:  CompressedPak pak cache file ../../../../../../Users/S214666/GitRepos/ProjectCRepo/MonsterMunch/Project/DerivedDataCache/Compressed.ddp not found, will not use a pak cache.
[2023.06.05-05.52.09:215][  0]LogDerivedDataCache: Unable to find inner node CompressedPak for hierarchical cache Hierarchy.
[2023.06.05-05.52.09:231][  0]LogDerivedDataCache: Display: Pak cache opened for reading ../../../Engine/DerivedDataCache/Compressed.ddp.
[2023.06.05-05.52.09:231][  0]LogDerivedDataCache: FDerivedDataBackendGraph:  EnterprisePak pak cache file ../../../Enterprise/DerivedDataCache/Compressed.ddp not found, will not use a pak cache.
[2023.06.05-05.52.09:231][  0]LogDerivedDataCache: Unable to find inner node EnterprisePak for hierarchical cache Hierarchy.
[2023.06.05-05.52.09:238][  0]LogDerivedDataCache: Speed tests for C:/Users/S214666/AppData/Local/UnrealEngine/Common/DerivedDataCache took 0.01 seconds
[2023.06.05-05.52.09:238][  0]LogDerivedDataCache: Display: Performance to C:/Users/S214666/AppData/Local/UnrealEngine/Common/DerivedDataCache: Latency=0.03ms. RandomReadSpeed=796.31MBs, RandomWriteSpeed=176.39MBs. Assigned SpeedClass 'Local'
[2023.06.05-05.52.09:239][  0]LogDerivedDataCache: Using Local data cache path C:/Users/S214666/AppData/Local/UnrealEngine/Common/DerivedDataCache: Writable
[2023.06.05-05.52.09:240][  0]LogDerivedDataCache: Shared data cache path not found in *engine.ini, will not use an Shared cache.
[2023.06.05-05.52.09:240][  0]LogDerivedDataCache: Unable to find inner node Shared for hierarchical cache Hierarchy.
[2023.06.05-05.52.09:281][  0]LogSlate: Using FreeType 2.10.0
[2023.06.05-05.52.09:282][  0]LogSlate: SlateFontServices - WITH_FREETYPE: 1, WITH_HARFBUZZ: 1
[2023.06.05-05.52.09:371][  0]LogInit: Using OS detected language (en-US).
[2023.06.05-05.52.09:371][  0]LogInit: Using OS detected locale (en-AU).
[2023.06.05-05.52.09:371][  0]LogTextLocalizationManager: No localization for 'en-US' exists, so 'en' will be used for the language.
[2023.06.05-05.52.09:371][  0]LogTextLocalizationManager: No localization for 'en-AU' exists, so 'en' will be used for the locale.
[2023.06.05-05.52.09:371][  0]LogSlate: FontCache flush requested. Reason: Culture for localization was changed
[2023.06.05-05.52.09:372][  0]LogSlate: FontCache flush requested. Reason: Culture for localization was changed
[2023.06.05-05.52.09:374][  0]LogTextLocalizationManager: Compacting localization data took   0.01ms
[2023.06.05-05.52.09:374][  0]LogAssetRegistry: FAssetRegistry took 0.0018 seconds to start up
[2023.06.05-05.52.09:545][  0]LogPackageLocalizationCache: Processed 27 localized package path(s) for 1 prioritized culture(s) in 0.001172 seconds
[2023.06.05-05.52.09:618][  0]LogInit: Selected Device Profile: [Windows]
[2023.06.05-05.52.09:618][  0]LogInit: Active device profile: [000002425774B000][0000024255D021C0 49] Windows
[2023.06.05-05.52.09:618][  0]LogInit: Profiles: [000002425774B000][0000024255D021C0 49] Windows, [0000024257709200][0000024255D0A340 49] WindowsNoEditor, [0000024257749200][0000024255C204C0 49] WindowsServer, [000002425770A800][0000024255C24640 49] WindowsClient, [000002425774A700][0000024255C287C0 49] IOS, [0000024257709B00][0000024255C2C940 49] iPadAir, [0000024257749A00][0000024255C30AC0 49] iPadAir2, [000002425769F700][0000024255C38D80 49] IPadPro, [000002425769F800][0000024255C34DC0 49] iPadAir3, [000002425774A100][0000024255C3CF40 49] iPadAir4, [000002425769D700][0000024255C410C0 49] iPadMini2, [000002425774B700][0000024255C45240 49] iPadMini3, [000002425769E200][0000024255C493C0 49] iPadMini4, [0000024257749400][0000024255C4D540 49] iPadMini5, [00000242576FB000][0000024255C55800 49] iPhone6, [00000242576FB100][0000024255C51840 49] iPodTouch6, [000002425769C800][0000024255D07AC0 49] iPhone7, [000002425769C600][0000024255C59B00 49] iPodTouch7, [00000242576F9600][0000024255C5C0C0 49] iPhone5S, [000002425769F500][0000024255698200 49] iPhone6Plus, [00000242576FA300][000002425569C340 49] iPhone6S, [000002425769D400][00000242556A44C0 49] iPhone6SPlus, [00000242576FB700][00000242556A8640 49] iPhone7Plus, [000002425769D900][00000242556AC7C0 49] iPhoneSE, [00000242576F8E00][00000242556B0940 49] iPhone8, [000002425769D200][00000242556B4AC0 49] iPhone8Plus, [00000242576FA100][00000242556B8C40 49] iPhoneX, [000002425769E900][00000242556BCDC0 49] iPhoneXS, [00000242576FB900][00000242556C0F40 49] iPhoneXSMax, [000002425769E800][00000242556C50C0 49] iPhoneXR, [00000242576F8100][00000242556C9240 49] iPhone11, [000002425769FC00][00000242556CD3C0 49] iPhone11Pro, [00000242576FBB00][00000242556D1540 49] iPhone11ProMax, [000002425769F300][00000242556D56C0 49] iPhoneSE2, [00000242576FB800][00000242556D9840 49] iPhone12Mini, [000002425769FA00][00000242556DD9C0 49] iPhone12, [00000242576FAA00][00000242556E1B40 49] iPhone12Pro, [000002425769D300][00000242575A8140 49] iPhone12ProMax, [00000242576F8D00][00000242556A0280 49] iPadPro105, [000002425769EF00][00000242575AC3C0 49] iPadPro129, [00000242576FB400][00000242575B0500 49] iPadPro97, [000002425769ED00][00000242575B8680 49] iPadPro2_129, [00000242576FAE00][00000242575BC800 49] iPad5, [000002425769CB00][00000242575C0980 49] iPad6, [00000242576F8800][00000242575C4B00 49] iPad7, [000002425769E400][00000242575C8C80 49] iPad8, [00000242576F9B00][00000242575CCE00 49] iPadPro11, [000002425769F400][00000242575D0F80 49] iPadPro2_11, [00000242576F8500][00000242575D5100 49] iPadPro3_129, [000002425769CF00][00000242575D9280 49] iPadPro4_129, [00000242576F9A00][00000242575DD400 49] AppleTV, [000002425769C100][00000242575E1580 49] AppleTV4K, [00000242576F9000][00000242575E5700 49] TVOS, [000002425769CA00][00000242575E9880 49] Mac, [000002425770BC00][00000242575EDA00 49] MacClient, [0000024257784A00][00000242575F1B80 49] MacNoEditor, [0000024257708A00][00000242575F4180 49] MacServer, [0000024257784200][00000242575F8300 49] Linux, [000002425770A600][00000242575B4440 49] LinuxAArch64, [0000024257785200][00000242575FC580 49] LinuxNoEditor, [000002425770AA00][00000242576006C0 49] LinuxAArch64NoEditor, [0000024257785300][0000024257608840 49] LinuxClient, [000002425770A400][000002425760C9C0 49] LinuxAArch64Client, [0000024257784100][000002425AA30B40 49] LinuxServer, [000002425770A000][000002425AA34CC0 49] LinuxAArch64Server, [0000024257785700][000002425AA38E40 49] Android, [000002425770A300][000002425AA3CFC0 49] Android_Low, [0000024257785600][000002425AA41140 49] Android_Mid, [000002425770B900][000002425AA452C0 49] Android_High, [0000024257784400][000002425AA49440 49] Android_Default, [000002425770B000][000002425AA4D5C0 49] Android_Adreno4xx, [0000024257785100][000002425AA51740 49] Android_Adreno5xx_Low, [000002425770AD00][000002425AA558C0 49] Android_Adreno5xx, [00000242576F8B00][000002425AA59A40 49] Android_Adreno6xx, [000002425769DA00][000002425AA5DBC0 49] Android_Adreno6xx_Vulkan, [00000242576FA200][000002425AA601C0 49] Android_Mali_T6xx, [000002425769C900][000002425AA64340 49] Android_Mali_T7xx, [00000242576FAC00][000002425AA684C0 49] Android_Mali_T8xx, [000002425769EE00][0000024257604600 49] Android_Mali_G71, [00000242576FB500][000002425AA6C740 49] Android_Mali_G72, [000002425769E600][000002425AA70880 49] Android_Mali_G72_Vulkan, [00000242576FAB00][000002425AA749C0 49] Android_Mali_G76, [000002425769DB00][000002425AA7CB40 49] Android_Mali_G76_Vulkan, [00000242576F8900][000002425AA80CC0 49] Android_Mali_G77, [000002425769FF00][000002425AA84E40 49] Android_Mali_G77_Vulkan, [00000242576FA600][000002425AA88FC0 49] Android_Mali_G78, [000002425769DE00][000002425AA8D140 49] Android_Mali_G78_Vulkan, [00000242576F9200][000002425AA912C0 49] Android_Mali_G710, [000002425769EB00][000002425AA95440 49] Android_Mali_G710_Vulkan, [0000024257785500][000002425AA995C0 49] Android_Vulkan_SM5, [000002425769FE00][000002425AA9D740 49] Android_PowerVR_G6xxx, [0000024257784900][000002425AAA18C0 49] Android_PowerVR_GT7xxx, [000002425769E700][000002425AAA5A40 49] Android_PowerVR_GE8xxx, [0000024257784B00][000002425AAA9BC0 49] Android_PowerVR_GM9xxx, [000002425769F600][000002425AAAC1C0 49] Android_PowerVR_GM9xxx_Vulkan, [0000024257786100][000002425AAB0340 49] Android_TegraK1, [000002425769E300][000002425AAB44C0 49] Android_Unknown_Vulkan, [0000024257784300][000002425AAB8640 49] Lumin, [000002425769D000][000002425AA78780 49] Lumin_Desktop, [0000024257785B00][000002425AABC8C0 49] HoloLens, 
[2023.06.05-05.52.09:736][  0]LogMeshReduction: Using QuadricMeshReduction for automatic static mesh reduction
[2023.06.05-05.52.09:736][  0]LogMeshReduction: Using SimplygonMeshReduction for automatic skeletal mesh reduction
[2023.06.05-05.52.09:736][  0]LogMeshReduction: Using ProxyLODMeshReduction for automatic mesh merging
[2023.06.05-05.52.09:736][  0]LogMeshReduction: No distributed automatic mesh merging module available
[2023.06.05-05.52.09:736][  0]LogMeshMerging: No distributed automatic mesh merging module available
[2023.06.05-05.52.09:764][  0]LogNetVersion: Project 1.0.0, NetCL: 17155196, EngineNetVer: 17, GameNetVer: 0 (Checksum: 3814265607)
[2023.06.05-05.52.09:999][  0]LogTexture: Default maximum texture size for cubemaps generated from long-lat sources has been changed from 512 to unlimited. In order to preserve old behaiour for '/Engine/MapTemplates/Sky/DaylightAmbientCubemap.DaylightAmbientCubemap', its maximum texture size has been explicitly set to 512.
[2023.06.05-05.52.10:056][  0]LogHMD: PokeAHoleMaterial loaded successfully
[2023.06.05-05.52.10:149][  0]LogMoviePlayer: Initializing movie player
[2023.06.05-05.52.10:243][  0]LogNiagaraDebuggerClient: Niagara Debugger Client Initialized | Session: 2237AD4E47745C2778749FA7AA8FF334 | Instance: 98BF93BF47E9D34FC81EBF93C2F67B56 (SYD-6662B6-2528).
[2023.06.05-05.52.10:263][  0]LogCollectionManager: Loaded 0 collections in 0.002450 seconds
[2023.06.05-05.52.10:266][  0]LogFileCache: Scanning file cache for directory 'C:/Users/S214666/GitRepos/ProjectCRepo/MonsterMunch/Project/Saved/Collections/' took 0.00s
[2023.06.05-05.52.10:266][  0]LogFileCache: Scanning file cache for directory 'C:/Users/S214666/GitRepos/ProjectCRepo/MonsterMunch/Project/Content/Developers/s214666/Collections/' took 0.00s
[2023.06.05-05.52.10:266][  0]LogFileCache: Scanning file cache for directory 'C:/Users/S214666/GitRepos/ProjectCRepo/MonsterMunch/Project/Content/Collections/' took 0.00s
[2023.06.05-05.52.10:266][  0]LogCollectionManager: Fixed up redirectors for 0 collections in 0.000002 seconds (updated 0 objects)
[2023.06.05-05.52.10:365][  0]LogTcpMessaging: Initializing TcpMessaging bridge
[2023.06.05-05.52.10:368][  0]LogUdpMessaging: Initializing bridge on interface 0.0.0.0:0 to multicast group 230.0.0.1:6666.
[2023.06.05-05.52.10:385][  0]LogPython: Using Python 3.7.7
[2023.06.05-05.52.10:896][  0]SourceControl: Source control is disabled
[2023.06.05-05.52.10:896][  0]SourceControl: Source control is disabled
[2023.06.05-05.52.10:899][  0]SourceControl: Source control is disabled
[2023.06.05-05.52.10:902][  0]LogUProjectInfo: Found projects:
[2023.06.05-05.52.10:996][  0]LogOpenImageDenoise: OIDN starting up
[2023.06.05-05.52.10:999][  0]LogAndroidPermission: UAndroidPermissionCallbackProxy::GetInstance
[2023.06.05-05.52.11:020][  0]LogAudioCaptureCore: Display: No Audio Capture implementations found. Audio input will be silent.
[2023.06.05-05.52.11:020][  0]LogAudioCaptureCore: Display: No Audio Capture implementations found. Audio input will be silent.
[2023.06.05-05.52.11:083][  0]LogOcInput: OculusInput pre-init called
[2023.06.05-05.52.11:092][  0]LogUObjectArray: 22121 objects as part of root set at end of initial load.
[2023.06.05-05.52.11:092][  0]LogUObjectAllocator: 5975632 out of 0 bytes used by permanent object pool.
[2023.06.05-05.52.11:092][  0]LogUObjectArray: CloseDisregardForGC: 0/0 objects in disregard for GC pool
[2023.06.05-05.52.11:134][  0]LogEngine: Initializing Engine...
[2023.06.05-05.52.11:136][  0]LogHMD: Failed to enumerate extensions. Please check that you have a valid OpenXR runtime installed.
[2023.06.05-05.52.11:136][  0]LogHMD: Failed to initialize OpenVR with code 110
[2023.06.05-05.52.11:136][  0]LogMagicLeap: Warning: VR disabled because ZI is not enabled.  To enable, in the editor, Edit -> Project Settings -> Plugins -> Magic Leap Plugin -> Enable Zero Iteration
[2023.06.05-05.52.11:138][  0]LogStats: UGameplayTagsManager::InitializeManager -  0.000 s
[2023.06.05-05.52.11:232][  0]LogInit: Initializing FReadOnlyCVARCache
[2023.06.05-05.52.11:232][  0]LogAudio: Display: Initializing Audio Device Manager...
[2023.06.05-05.52.11:235][  0]LogAudio: Display: Loading Default Audio Settings Objects...
[2023.06.05-05.52.11:236][  0]LogAudio: Display: No default SoundConcurrencyObject specified (or failed to load).
[2023.06.05-05.52.11:236][  0]LogAudio: Display: Audio Device Manager Initialized
[2023.06.05-05.52.11:236][  0]LogAudio: Display: Creating Audio Device:                 Id: 1, Scope: Shared, Realtime: True
[2023.06.05-05.52.11:236][  0]LogAudioMixer: Display: Audio Mixer Platform Settings:
[2023.06.05-05.52.11:236][  0]LogAudioMixer: Display: 	Sample Rate:						  48000
[2023.06.05-05.52.11:236][  0]LogAudioMixer: Display: 	Callback Buffer Frame Size Requested: 1024
[2023.06.05-05.52.11:237][  0]LogAudioMixer: Display: 	Callback Buffer Frame Size To Use:	  1024
[2023.06.05-05.52.11:237][  0]LogAudioMixer: Display: 	Number of buffers to queue:			  2
[2023.06.05-05.52.11:237][  0]LogAudioMixer: Display: 	Max Channels (voices):				  32
[2023.06.05-05.52.11:237][  0]LogAudioMixer: Display: 	Number of Async Source Workers:		  0
[2023.06.05-05.52.11:237][  0]LogAudio: Display: AudioDevice MaxSources: 32
[2023.06.05-05.52.11:237][  0]LogAudio: Display: Audio Spatialization Plugin: None (built-in).
[2023.06.05-05.52.11:237][  0]LogAudio: Display: Audio Reverb Plugin: None (built-in).
[2023.06.05-05.52.11:237][  0]LogAudio: Display: Audio Occlusion Plugin: None (built-in).
[2023.06.05-05.52.11:237][  0]LogAudioMixer: Display: Initializing audio mixer.
[2023.06.05-05.52.11:252][  0]LogAudioMixer: Display: 0: FrontLeft
[2023.06.05-05.52.11:252][  0]LogAudioMixer: Display: 1: FrontRight
[2023.06.05-05.52.11:264][  0]LogAudioMixer: Display: Using Audio Device Realtek HD Audio 2nd output (Realtek(R) Audio)
[2023.06.05-05.52.11:270][  0]LogAudioMixer: Display: Initializing Sound Submixes...
[2023.06.05-05.52.11:273][  0]LogAudioMixer: Display: Creating Master Submix 'MasterSubmixDefault'
[2023.06.05-05.52.11:273][  0]LogAudioMixer: Display: Creating Master Submix 'MasterReverbSubmixDefault'
[2023.06.05-05.52.11:274][  0]LogAudioMixer: Display: Creating Master Submix 'MasterEQSubmixDefault'
[2023.06.05-05.52.11:274][  0]LogAudioMixer: FMixerPlatformXAudio2::StartAudioStream() called
[2023.06.05-05.52.11:274][  0]LogAudioMixer: Display: Output buffers initialized: Frames=1024, Channels=2, Samples=2048
[2023.06.05-05.52.11:275][  0]LogAudioMixer: Display: Starting AudioMixerPlatformInterface::RunInternal()
[2023.06.05-05.52.11:275][  0]LogAudioMixer: Display: FMixerPlatformXAudio2::SubmitBuffer() called for the first time
[2023.06.05-05.52.11:275][  0]LogInit: FAudioDevice initialized.
[2023.06.05-05.52.11:277][  0]LogNetVersion: Set ProjectVersion to 1.0.0.0. Version Checksum will be recalculated on next use.
[2023.06.05-05.52.11:278][  0]LogInit: Texture streaming: Enabled
[2023.06.05-05.52.11:338][  0]LogAudio: Display: Audio Device (ID: 1) registered with world 'Untitled'.
[2023.06.05-05.52.11:338][  0]LogSlate: Updating window title bar state: overlay mode, drag disabled, window buttons hidden, title bar hidden
[2023.06.05-05.52.11:339][  0]LogInit: Display: Game Engine Initialized.
[2023.06.05-05.52.11:339][  0]LogNiagaraEditor: GEditor isn't valid! Particle reset commands will not work for Niagara components!
[2023.06.05-05.52.11:450][  0]LogInit: Display: Starting Game.
[2023.06.05-05.52.11:450][  0]LogNet: Browse: /Game/Level/MainMenu?Name=Player
[2023.06.05-05.52.11:450][  0]LogLoad: LoadMap: /Game/Level/MainMenu?Name=Player
[2023.06.05-05.52.11:450][  0]LogWorld: BeginTearingDown for /Temp/Untitled_0
[2023.06.05-05.52.11:452][  0]LogWorld: UWorld::CleanupWorld for Untitled, bSessionEnded=true, bCleanupResources=true
[2023.06.05-05.52.11:452][  0]LogSlate: InvalidateAllWidgets triggered.  All widgets were invalidated
[2023.06.05-05.52.11:456][  0]LogAudio: Display: Audio Device unregistered from world 'None'.
[2023.06.05-05.52.11:458][  0]LogUObjectHash: Compacting FUObjectHashTables data took   0.66ms
[2023.06.05-05.52.11:490][  0]LogAudio: Display: Audio Device (ID: 1) registered with world 'MainMenu'.
[2023.06.05-05.52.11:498][  0]LogAIModule: Creating AISystem for world MainMenu
[2023.06.05-05.52.11:498][  0]LogLoad: Game class is 'GameModeBase'
[2023.06.05-05.52.11:499][  0]LogWorld: Bringing World /Game/Level/MainMenu.MainMenu up for play (max tick rate 0) at 2023.06.05-15.52.11
[2023.06.05-05.52.11:500][  0]LogWorld: Bringing up level for play took: 0.000432
[2023.06.05-05.52.11:500][  0]LogGameMode: FindPlayerStart: PATHS NOT DEFINED or NO PLAYERSTART with positive rating
[2023.06.05-05.52.11:503][  0]LogLoad: Took 0.052711 seconds to LoadMap(/Game/Level/MainMenu)
[2023.06.05-05.52.11:569][  0]LogSlate: Took 0.000160 seconds to synchronously load lazily loaded font '../../../Engine/Content/Slate/Fonts/Roboto-Regular.ttf' (155K)
[2023.06.05-05.52.11:605][  0]LogRenderer: Reallocating scene render targets to support 1912x1008 Format 10 NumSamples 1 (Frame:1).
[2023.06.05-05.52.11:605][  0]LogInit: Display: Engine is initialized. Leaving FEngineLoop::Init()
[2023.06.05-05.52.11:605][  0]LogLoad: (Engine Initialization) Total time: 5.61 seconds
[2023.06.05-05.52.11:605][  0]LogLoad: (Engine Initialization) Total Blueprint compile time: 0.00 seconds
[2023.06.05-05.52.11:610][  0]LogContentStreaming: Texture pool size now 1000 MB
[2023.06.05-05.52.11:612][  0]LogAudio: Warning: Detected orphaned looping sound 'SC_TitleScreen'.
[2023.06.05-05.52.11:612][  0]LogSlate: InvalidateAllWidgets triggered.  All widgets were invalidated
[2023.06.05-05.52.11:705][  1]LogSlate: Took 0.000132 seconds to synchronously load lazily loaded font '../../../Engine/Content/Slate/Fonts/Roboto-Regular.ttf' (155K)
[2023.06.05-05.52.13:404][258]LogRenderer: Reallocating scene render targets to support 1920x1080 Format 10 NumSamples 1 (Frame:260).
[2023.06.05-05.52.13:404][258]LogConfig: Applying CVar settings from Section [ViewDistanceQuality@3] File [C:/Users/S214666/GitRepos/ProjectCRepo/MonsterMunch/Project/Saved/Config/Windows/Scalability.ini]
[2023.06.05-05.52.13:404][258]LogConfig: Setting CVar [[r.SkeletalMeshLODBias:0]]
[2023.06.05-05.52.13:404][258]LogConfig: Setting CVar [[r.ViewDistanceScale:1.0]]
[2023.06.05-05.52.13:404][258]LogConfig: Applying CVar settings from Section [AntiAliasingQuality@3] File [C:/Users/S214666/GitRepos/ProjectCRepo/MonsterMunch/Project/Saved/Config/Windows/Scalability.ini]
[2023.06.05-05.52.13:404][258]LogConfig: Setting CVar [[r.PostProcessAAQuality:4]]
[2023.06.05-05.52.13:404][258]LogConfig: Applying CVar settings from Section [ShadowQuality@3] File [C:/Users/S214666/GitRepos/ProjectCRepo/MonsterMunch/Project/Saved/Config/Windows/Scalability.ini]
[2023.06.05-05.52.13:404][258]LogConfig: Setting CVar [[r.LightFunctionQuality:1]]
[2023.06.05-05.52.13:404][258]LogConfig: Setting CVar [[r.ShadowQuality:5]]
[2023.06.05-05.52.13:404][258]LogConfig: Setting CVar [[r.Shadow.CSM.MaxCascades:10]]
[2023.06.05-05.52.13:404][258]LogConfig: Setting CVar [[r.Shadow.MaxResolution:2048]]
[2023.06.05-05.52.13:405][258]LogConfig: Setting CVar [[r.Shadow.MaxCSMResolution:2048]]
[2023.06.05-05.52.13:405][258]LogConfig: Setting CVar [[r.Shadow.RadiusThreshold:0.01]]
[2023.06.05-05.52.13:405][258]LogConfig: Setting CVar [[r.Shadow.DistanceScale:1.0]]
[2023.06.05-05.52.13:405][258]LogConfig: Setting CVar [[r.Shadow.CSM.TransitionScale:1.0]]
[2023.06.05-05.52.13:405][258]LogConfig: Setting CVar [[r.Shadow.PreShadowResolutionFactor:1.0]]
[2023.06.05-05.52.13:405][258]LogConfig: Setting CVar [[r.DistanceFieldShadowing:1]]
[2023.06.05-05.52.13:405][258]LogConfig: Setting CVar [[r.DistanceFieldAO:1]]
[2023.06.05-05.52.13:405][258]LogConfig: Setting CVar [[r.AOQuality:2]]
[2023.06.05-05.52.13:405][258]LogConfig: Setting CVar [[r.VolumetricFog:1]]
[2023.06.05-05.52.13:405][258]LogConfig: Setting CVar [[r.VolumetricFog.GridPixelSize:8]]
[2023.06.05-05.52.13:405][258]LogConfig: Setting CVar [[r.VolumetricFog.GridSizeZ:128]]
[2023.06.05-05.52.13:405][258]LogConfig: Setting CVar [[r.VolumetricFog.HistoryMissSupersampleCount:4]]
[2023.06.05-05.52.13:405][258]LogConfig: Setting CVar [[r.LightMaxDrawDistanceScale:1]]
[2023.06.05-05.52.13:405][258]LogConfig: Setting CVar [[r.CapsuleShadows:1]]
[2023.06.05-05.52.13:405][258]LogConfig: Applying CVar settings from Section [PostProcessQuality@3] File [C:/Users/S214666/GitRepos/ProjectCRepo/MonsterMunch/Project/Saved/Config/Windows/Scalability.ini]
[2023.06.05-05.52.13:405][258]LogConfig: Setting CVar [[r.MotionBlurQuality:4]]
[2023.06.05-05.52.13:405][258]LogConfig: Setting CVar [[r.AmbientOcclusionMipLevelFactor:0.4]]
[2023.06.05-05.52.13:405][258]LogConfig: Setting CVar [[r.AmbientOcclusionMaxQuality:100]]
[2023.06.05-05.52.13:405][258]LogConfig: Setting CVar [[r.AmbientOcclusionLevels:-1]]
[2023.06.05-05.52.13:405][258]LogConfig: Setting CVar [[r.AmbientOcclusionRadiusScale:1.0]]
[2023.06.05-05.52.13:405][258]LogConfig: Setting CVar [[r.DepthOfFieldQuality:2]]
[2023.06.05-05.52.13:405][258]LogConfig: Setting CVar [[r.RenderTargetPoolMin:400]]
[2023.06.05-05.52.13:405][258]LogConfig: Setting CVar [[r.LensFlareQuality:2]]
[2023.06.05-05.52.13:405][258]LogConfig: Setting CVar [[r.SceneColorFringeQuality:1]]
[2023.06.05-05.52.13:405][258]LogConfig: Setting CVar [[r.EyeAdaptationQuality:2]]
[2023.06.05-05.52.13:405][258]LogConfig: Setting CVar [[r.BloomQuality:5]]
[2023.06.05-05.52.13:405][258]LogConfig: Setting CVar [[r.FastBlurThreshold:100]]
[2023.06.05-05.52.13:405][258]LogConfig: Setting CVar [[r.Upscale.Quality:3]]
[2023.06.05-05.52.13:405][258]LogConfig: Setting CVar [[r.Tonemapper.GrainQuantization:1]]
[2023.06.05-05.52.13:405][258]LogConfig: Setting CVar [[r.LightShaftQuality:1]]
[2023.06.05-05.52.13:405][258]LogConfig: Setting CVar [[r.Filter.SizeScale:1]]
[2023.06.05-05.52.13:405][258]LogConfig: Setting CVar [[r.Tonemapper.Quality:5]]
[2023.06.05-05.52.13:405][258]LogConfig: Setting CVar [[r.DOF.Gather.AccumulatorQuality:1        ; higher gathering accumulator quality]]
[2023.06.05-05.52.13:405][258]LogConfig: Setting CVar [[r.DOF.Gather.PostfilterMethod:1          ; Median3x3 postfilering method]]
[2023.06.05-05.52.13:405][258]LogConfig: Setting CVar [[r.DOF.Gather.EnableBokehSettings:0       ; no bokeh simulation when gathering]]
[2023.06.05-05.52.13:406][258]LogConfig: Setting CVar [[r.DOF.Gather.RingCount:4                 ; medium number of samples when gathering]]
[2023.06.05-05.52.13:406][258]LogConfig: Setting CVar [[r.DOF.Scatter.ForegroundCompositing:1    ; additive foreground scattering]]
[2023.06.05-05.52.13:406][258]LogConfig: Setting CVar [[r.DOF.Scatter.BackgroundCompositing:2    ; additive background scattering]]
[2023.06.05-05.52.13:406][258]LogConfig: Setting CVar [[r.DOF.Scatter.EnableBokehSettings:1      ; bokeh simulation when scattering]]
[2023.06.05-05.52.13:406][258]LogConfig: Setting CVar [[r.DOF.Scatter.MaxSpriteRatio:0.1         ; only a maximum of 10% of scattered bokeh]]
[2023.06.05-05.52.13:406][258]LogConfig: Setting CVar [[r.DOF.Recombine.Quality:1                ; cheap slight out of focus]]
[2023.06.05-05.52.13:406][258]LogConfig: Setting CVar [[r.DOF.Recombine.EnableBokehSettings:0    ; no bokeh simulation on slight out of focus]]
[2023.06.05-05.52.13:406][258]LogConfig: Setting CVar [[r.DOF.TemporalAAQuality:1                ; more stable temporal accumulation]]
[2023.06.05-05.52.13:406][258]LogConfig: Setting CVar [[r.DOF.Kernel.MaxForegroundRadius:0.025]]
[2023.06.05-05.52.13:406][258]LogConfig: Setting CVar [[r.DOF.Kernel.MaxBackgroundRadius:0.025]]
[2023.06.05-05.52.13:406][258]LogConfig: Applying CVar settings from Section [TextureQuality@3] File [C:/Users/S214666/GitRepos/ProjectCRepo/MonsterMunch/Project/Saved/Config/Windows/Scalability.ini]
[2023.06.05-05.52.13:406][258]LogConfig: Setting CVar [[r.Streaming.MipBias:0]]
[2023.06.05-05.52.13:406][258]LogConfig: Setting CVar [[r.Streaming.AmortizeCPUToGPUCopy:0]]
[2023.06.05-05.52.13:406][258]LogConfig: Setting CVar [[r.Streaming.MaxNumTexturesToStreamPerFrame:0]]
[2023.06.05-05.52.13:406][258]LogConfig: Setting CVar [[r.Streaming.Boost:1]]
[2023.06.05-05.52.13:406][258]LogConfig: Setting CVar [[r.MaxAnisotropy:8]]
[2023.06.05-05.52.13:406][258]LogConfig: Setting CVar [[r.VT.MaxAnisotropy:8]]
[2023.06.05-05.52.13:406][258]LogConfig: Setting CVar [[r.Streaming.LimitPoolSizeToVRAM:0]]
[2023.06.05-05.52.13:406][258]LogConfig: Setting CVar [[r.Streaming.PoolSize:1000]]
[2023.06.05-05.52.13:406][258]LogConfig: Setting CVar [[r.Streaming.MaxEffectiveScreenSize:0]]
[2023.06.05-05.52.13:406][258]LogConfig: Applying CVar settings from Section [EffectsQuality@3] File [C:/Users/S214666/GitRepos/ProjectCRepo/MonsterMunch/Project/Saved/Config/Windows/Scalability.ini]
[2023.06.05-05.52.13:406][258]LogConfig: Setting CVar [[r.TranslucencyLightingVolumeDim:64]]
[2023.06.05-05.52.13:406][258]LogConfig: Setting CVar [[r.RefractionQuality:2]]
[2023.06.05-05.52.13:406][258]LogConfig: Setting CVar [[r.SSR.Quality:3]]
[2023.06.05-05.52.13:406][258]LogConfig: Setting CVar [[r.SSR.HalfResSceneColor:0]]
[2023.06.05-05.52.13:406][258]LogConfig: Setting CVar [[r.SceneColorFormat:4]]
[2023.06.05-05.52.13:406][258]LogConfig: Setting CVar [[r.DetailMode:2]]
[2023.06.05-05.52.13:406][258]LogConfig: Setting CVar [[r.TranslucencyVolumeBlur:1]]
[2023.06.05-05.52.13:406][258]LogConfig: Setting CVar [[r.MaterialQualityLevel:1 ; High quality]]
[2023.06.05-05.52.13:406][258]LogConfig: Setting CVar [[r.AnisotropicMaterials:1]]
[2023.06.05-05.52.13:406][258]LogConfig: Setting CVar [[r.SSS.Scale:1]]
[2023.06.05-05.52.13:406][258]LogConfig: Setting CVar [[r.SSS.SampleSet:2]]
[2023.06.05-05.52.13:406][258]LogConfig: Setting CVar [[r.SSS.Quality:1]]
[2023.06.05-05.52.13:406][258]LogConfig: Setting CVar [[r.SSS.HalfRes:0]]
[2023.06.05-05.52.13:406][258]LogConfig: Setting CVar [[r.SSGI.Quality:3]]
[2023.06.05-05.52.13:406][258]LogConfig: Setting CVar [[r.EmitterSpawnRateScale:1.0]]
[2023.06.05-05.52.13:406][258]LogConfig: Setting CVar [[r.ParticleLightQuality:2]]
[2023.06.05-05.52.13:406][258]LogConfig: Setting CVar [[r.SkyAtmosphere.AerialPerspectiveLUT.FastApplyOnOpaque:1 ; Always have FastSkyLUT 1 in this case to avoid wrong sky]]
[2023.06.05-05.52.13:406][258]LogConfig: Setting CVar [[r.SkyAtmosphere.AerialPerspectiveLUT.SampleCountMaxPerSlice:4]]
[2023.06.05-05.52.13:406][258]LogConfig: Setting CVar [[r.SkyAtmosphere.AerialPerspectiveLUT.DepthResolution:16.0]]
[2023.06.05-05.52.13:406][258]LogConfig: Setting CVar [[r.SkyAtmosphere.FastSkyLUT:1]]
[2023.06.05-05.52.13:407][258]LogConfig: Setting CVar [[r.SkyAtmosphere.FastSkyLUT.SampleCountMin:4.0]]
[2023.06.05-05.52.13:407][258]LogConfig: Setting CVar [[r.SkyAtmosphere.FastSkyLUT.SampleCountMax:128.0]]
[2023.06.05-05.52.13:407][258]LogConfig: Setting CVar [[r.SkyAtmosphere.SampleCountMin:4.0]]
[2023.06.05-05.52.13:407][258]LogConfig: Setting CVar [[r.SkyAtmosphere.SampleCountMax:128.0]]
[2023.06.05-05.52.13:407][258]LogConfig: Setting CVar [[r.SkyAtmosphere.TransmittanceLUT.UseSmallFormat:0]]
[2023.06.05-05.52.13:407][258]LogConfig: Setting CVar [[r.SkyAtmosphere.TransmittanceLUT.SampleCount:10.0]]
[2023.06.05-05.52.13:407][258]LogConfig: Setting CVar [[r.SkyAtmosphere.MultiScatteringLUT.SampleCount:15.0]]
[2023.06.05-05.52.13:407][258]LogConfig: Setting CVar [[r.SkyLight.RealTimeReflectionCapture:1]]
[2023.06.05-05.52.13:407][258]LogConfig: Setting CVar [[fx.Niagara.QualityLevel:3]]
[2023.06.05-05.52.13:407][258]LogConfig: Applying CVar settings from Section [FoliageQuality@3] File [C:/Users/S214666/GitRepos/ProjectCRepo/MonsterMunch/Project/Saved/Config/Windows/Scalability.ini]
[2023.06.05-05.52.13:407][258]LogConfig: Setting CVar [[foliage.DensityScale:1.0]]
[2023.06.05-05.52.13:407][258]LogConfig: Setting CVar [[grass.DensityScale:1.0]]
[2023.06.05-05.52.13:407][258]LogConfig: Applying CVar settings from Section [ShadingQuality@3] File [C:/Users/S214666/GitRepos/ProjectCRepo/MonsterMunch/Project/Saved/Config/Windows/Scalability.ini]
[2023.06.05-05.52.13:407][258]LogConfig: Setting CVar [[r.HairStrands.SkyLighting.IntegrationType:2]]
[2023.06.05-05.52.13:407][258]LogConfig: Setting CVar [[r.HairStrands.SkyAO.SampleCount:4]]
[2023.06.05-05.52.13:407][258]LogConfig: Setting CVar [[r.HairStrands.Visibility.MSAA.SamplePerPixel:4]]
[2023.06.05-05.52.18:612][  6]LogViewport: Display: Viewport MouseLockMode Changed, LockOnCapture -> DoNotLock
[2023.06.05-05.52.18:612][  6]LogViewport: Display: Viewport MouseCaptureMode Changed, CapturePermanently_IncludingInitialMouseDown -> NoCapture
