Log file open, 06/05/23 11:03:32
LogWindows: Failed to load 'aqProf.dll' (GetLastError=126)
LogWindows: File 'aqProf.dll' does not exist
LogWindows: Failed to load 'VtuneApi.dll' (GetLastError=126)
LogWindows: File 'VtuneApi.dll' does not exist
LogWindows: Failed to load 'VtuneApi32e.dll' (GetLastError=126)
LogWindows: File 'VtuneApi32e.dll' does not exist
LogConsoleResponse: Display: Failed to find resolution value strings in scalability ini. Falling back to default.
LogConsoleResponse: Display: Failed to find resolution value strings in scalability ini. Falling back to default.
LogInit: Display: Running engine for game: Project
LogPlatformFile: Not using cached read wrapper
LogTaskGraph: Started task graph with 5 named threads and 23 total threads with 3 sets of task threads.
LogStats: Stats thread started at 1.354657
LogICUInternationalization: ICU TimeZone Detection - Raw Offset: +10:00, Platform Override: ''
LogInit: Display: Loading text-based GConfig....
LogPluginManager: Mounting plugin MeshPainting
LogPluginManager: Mounting plugin XGEController
LogPluginManager: Mounting plugin Paper2D
LogPluginManager: Mounting plugin AISupport
LogPluginManager: Mounting plugin EnvironmentQueryEditor
LogPluginManager: Mounting plugin LiveLink
LogPluginManager: Mounting plugin LightPropagationVolume
LogPluginManager: Mounting plugin CameraShakePreviewer
LogPluginManager: Mounting plugin GameplayCameras
LogPluginManager: Mounting plugin OodleData
LogPluginManager: Mounting plugin OodleNetwork
LogPluginManager: Mounting plugin AnimationSharing
LogPluginManager: Mounting plugin CLionSourceCodeAccess
LogPluginManager: Mounting plugin CodeLiteSourceCodeAccess
LogPluginManager: Mounting plugin GitSourceControl
LogPluginManager: Mounting plugin KDevelopSourceCodeAccess
LogPluginManager: Mounting plugin NullSourceCodeAccess
LogPluginManager: Mounting plugin PixWinPlugin
LogPluginManager: Mounting plugin PluginUtils
LogPluginManager: Mounting plugin PlasticSourceControl
LogPluginManager: Mounting plugin PropertyAccessNode
LogPluginManager: Mounting plugin PerforceSourceControl
LogPluginManager: Mounting plugin RiderSourceCodeAccess
LogPluginManager: Mounting plugin SubversionSourceControl
LogPluginManager: Mounting plugin TextureFormatOodle
LogPluginManager: Mounting plugin UObjectPlugin
LogPluginManager: Mounting plugin VisualStudioCodeSourceCodeAccess
LogPluginManager: Mounting plugin AssetManagerEditor
LogPluginManager: Mounting plugin VisualStudioSourceCodeAccess
LogPluginManager: Mounting plugin CryptoKeys
LogPluginManager: Mounting plugin XCodeSourceCodeAccess
LogPluginManager: Mounting plugin CurveEditorTools
LogPluginManager: Mounting plugin DataValidation
LogPluginManager: Mounting plugin FacialAnimation
LogPluginManager: Mounting plugin GameplayTagsEditor
LogPluginManager: Mounting plugin GeometryMode
LogPluginManager: Mounting plugin MacGraphicsSwitching
LogPluginManager: Mounting plugin MaterialAnalyzer
LogPluginManager: Mounting plugin PluginBrowser
LogPluginManager: Mounting plugin MobileLauncherProfileWizard
LogPluginManager: Mounting plugin SpeedTreeImporter
LogPluginManager: Mounting plugin DatasmithContent
LogPluginManager: Mounting plugin VariantManagerContent
LogPluginManager: Mounting plugin Niagara
LogPluginManager: Mounting plugin AlembicImporter
LogPluginManager: Mounting plugin AutomationUtils
LogPluginManager: Mounting plugin BackChannel
LogPluginManager: Mounting plugin ChaosCloth
LogPluginManager: Mounting plugin ChaosClothEditor
LogPluginManager: Mounting plugin ChaosEditor
LogPluginManager: Mounting plugin ChaosNiagara
LogPluginManager: Mounting plugin ChaosSolverPlugin
LogPluginManager: Mounting plugin CharacterAI
LogPluginManager: Mounting plugin GeometryCache
LogPluginManager: Mounting plugin GeometryCollectionPlugin
LogPluginManager: Mounting plugin GeometryProcessing
LogPluginManager: Mounting plugin MotoSynth
LogPluginManager: Mounting plugin OpenImageDenoise
LogPluginManager: Mounting plugin PlatformCrypto
LogPluginManager: Mounting plugin ProxyLODPlugin
LogPluginManager: Mounting plugin PlanarCut
LogPluginManager: Mounting plugin PythonScriptPlugin
LogPluginManager: Mounting plugin LuminPlatformFeatures
LogPluginManager: Mounting plugin MagicLeap
LogPluginManager: Mounting plugin SkeletalReduction
LogPluginManager: Mounting plugin MagicLeapLightEstimation
LogPluginManager: Mounting plugin MagicLeapMedia
LogPluginManager: Mounting plugin MagicLeapPassableWorld
LogPluginManager: Mounting plugin MLSDK
LogPluginManager: Mounting plugin AndroidMedia
LogPluginManager: Mounting plugin AvfMedia
LogPluginManager: Mounting plugin ImgMedia
LogPluginManager: Mounting plugin MediaCompositing
LogPluginManager: Mounting plugin MediaPlayerEditor
LogPluginManager: Mounting plugin WebMMedia
LogPluginManager: Mounting plugin WmfMedia
LogPluginManager: Mounting plugin ActorSequence
LogPluginManager: Mounting plugin LevelSequenceEditor
LogPluginManager: Mounting plugin MatineeToLevelSequence
LogPluginManager: Mounting plugin TemplateSequence
LogPluginManager: Mounting plugin TcpMessaging
LogPluginManager: Mounting plugin UdpMessaging
LogPluginManager: Mounting plugin OnlineSubsystem
LogPluginManager: Mounting plugin OnlineSubsystemNull
LogPluginManager: Mounting plugin OnlineSubsystemUtils
LogPluginManager: Mounting plugin LauncherChunkInstaller
LogPluginManager: Mounting plugin ActorLayerUtilities
LogPluginManager: Mounting plugin AndroidDeviceProfileSelector
LogPluginManager: Mounting plugin AndroidMoviePlayer
LogPluginManager: Mounting plugin AndroidPermission
LogPluginManager: Mounting plugin AppleMoviePlayer
LogPluginManager: Mounting plugin AppleImageUtils
LogPluginManager: Mounting plugin AssetTags
LogPluginManager: Mounting plugin ArchVisCharacter
LogPluginManager: Mounting plugin AudioCapture
LogPluginManager: Mounting plugin AudioSynesthesia
LogPluginManager: Mounting plugin CableComponent
LogPluginManager: Mounting plugin ChunkDownloader
LogPluginManager: Mounting plugin CustomMeshComponent
LogPluginManager: Mounting plugin EditableMesh
LogPluginManager: Mounting plugin ExampleDeviceProfileSelector
LogPluginManager: Mounting plugin GoogleCloudMessaging
LogPluginManager: Mounting plugin GooglePAD
LogPluginManager: Mounting plugin IOSDeviceProfileSelector
LogPluginManager: Mounting plugin LinuxDeviceProfileSelector
LogPluginManager: Mounting plugin LocationServicesBPLibrary
LogPluginManager: Mounting plugin MobilePatchingUtils
LogPluginManager: Mounting plugin OpenXR
LogPluginManager: Mounting plugin OpenXREyeTracker
LogPluginManager: Mounting plugin OpenXRHandTracking
LogPluginManager: Mounting plugin PhysXVehicles
LogPluginManager: Mounting plugin ScreenshotTools
LogPluginManager: Mounting plugin ProceduralMeshComponent
LogPluginManager: Mounting plugin PostSplashScreen
LogPluginManager: Mounting plugin PropertyAccessEditor
LogPluginManager: Mounting plugin RuntimePhysXCooking
LogPluginManager: Mounting plugin SignificanceManager
LogPluginManager: Mounting plugin SoundFields
LogPluginManager: Mounting plugin Synthesis
LogPluginManager: Mounting plugin WebMMoviePlayer
LogPluginManager: Mounting plugin WindowsMoviePlayer
LogPluginManager: Mounting plugin Takes
LogPluginManager: Mounting plugin ContentBrowserAssetDataSource
LogPluginManager: Mounting plugin ContentBrowserClassDataSource
LogPluginManager: Mounting plugin ContentBrowserFileDataSource
LogPluginManager: Mounting plugin OnlineSubsystemGooglePlay
LogPluginManager: Mounting plugin OnlineSubsystemIOS
LogPluginManager: Mounting plugin OculusVR
LogPluginManager: Mounting plugin SteamVR
PixWinPlugin: PIX capture plugin failed to initialize! Check that the process is launched from PIX.
LogInit: Using libcurl 7.55.1-DEV
LogInit:  - built for x86_64-pc-win32
LogInit:  - supports SSL with OpenSSL/1.1.1
LogInit:  - supports HTTP deflate (compression) using libz 1.2.8
LogInit:  - other features:
LogInit:      CURL_VERSION_SSL
LogInit:      CURL_VERSION_LIBZ
LogInit:      CURL_VERSION_IPV6
LogInit:      CURL_VERSION_ASYNCHDNS
LogInit:      CURL_VERSION_LARGEFILE
LogInit:      CURL_VERSION_IDN
LogInit:  CurlRequestOptions (configurable via config and command line):
LogInit:  - bVerifyPeer = true  - Libcurl will verify peer certificate
LogInit:  - bUseHttpProxy = false  - Libcurl will NOT use HTTP proxy
LogInit:  - bDontReuseConnections = false  - Libcurl will reuse connections
LogInit:  - MaxHostConnections = 16  - Libcurl will limit the number of connections to a host
LogInit:  - LocalHostAddr = Default
LogInit:  - BufferSize = 65536
LogOnline: OSS: Creating online subsystem instance for: NULL
LogInit: WinSock: version 1.1 (2.2), MaxSocks=32767, MaxUdp=65467
LogOnline: OSS: TryLoadSubsystemAndSetDefault: Loaded subsystem for module [NULL]
LogOculusPluginWrapper: OculusPlugin initialized successfully
LogHMD: Failed initializing OVRPlugin 1.59.0
LogInit: Build: ++UE4+Release-4.27-CL-18319896
LogInit: Engine Version: 4.27.2-18319896+++UE4+Release-4.27
LogInit: Compatible Engine Version: 4.27.0-17155196+++UE4+Release-4.27
LogInit: Net CL: 17155196
LogInit: OS: Windows 10 (Release 2009) (), CPU: Intel(R) Core(TM) i7-6700 CPU @ 3.40GHz, GPU: NVIDIA GeForce GTX 960
LogInit: Compiled (64-bit): Nov 30 2021 07:12:08
LogInit: Compiled with Visual C++: 19.24.28315.00
LogInit: Build Configuration: Development
LogInit: Branch Name: ++UE4+Release-4.27
LogInit: Command Line: 
LogInit: Base Directory: C:/Program Files/Epic Games/UE_4.27/Engine/Binaries/Win64/
LogInit: Allocator: TBB
LogInit: Installed Engine Build: 1
LogDevObjectVersion: Number of dev versions registered: 29
LogDevObjectVersion:   Dev-Blueprints (B0D832E4-1F89-4F0D-ACCF-7EB736FD4AA2): 10
LogDevObjectVersion:   Dev-Build (E1C64328-A22C-4D53-A36C-8E866417BD8C): 0
LogDevObjectVersion:   Dev-Core (375EC13C-06E4-48FB-B500-84F0262A717E): 4
LogDevObjectVersion:   Dev-Editor (E4B068ED-F494-42E9-A231-DA0B2E46BB41): 40
LogDevObjectVersion:   Dev-Framework (CFFC743F-43B0-4480-9391-14DF171D2073): 37
LogDevObjectVersion:   Dev-Mobile (B02B49B5-BB20-44E9-A304-32B752E40360): 3
LogDevObjectVersion:   Dev-Networking (A4E4105C-59A1-49B5-A7C5-40C4547EDFEE): 0
LogDevObjectVersion:   Dev-Online (39C831C9-5AE6-47DC-9A44-9C173E1C8E7C): 0
LogDevObjectVersion:   Dev-Physics (78F01B33-EBEA-4F98-B9B4-84EACCB95AA2): 14
LogDevObjectVersion:   Dev-Platform (6631380F-2D4D-43E0-8009-CF276956A95A): 0
LogDevObjectVersion:   Dev-Rendering (12F88B9F-8875-4AFC-A67C-D90C383ABD29): 45
LogDevObjectVersion:   Dev-Sequencer (7B5AE74C-D270-4C10-A958-57980B212A5A): 13
LogDevObjectVersion:   Dev-VR (D7296918-1DD6-4BDD-9DE2-64A83CC13884): 3
LogDevObjectVersion:   Dev-LoadTimes (C2A15278-BFE7-4AFE-6C17-90FF531DF755): 1
LogDevObjectVersion:   Private-Geometry (6EACA3D4-40EC-4CC1-B786-8BED09428FC5): 3
LogDevObjectVersion:   Dev-AnimPhys (29E575DD-E0A3-4627-9D10-D276232CDCEA): 17
LogDevObjectVersion:   Dev-Anim (AF43A65D-7FD3-4947-9873-3E8ED9C1BB05): 15
LogDevObjectVersion:   Dev-ReflectionCapture (6B266CEC-1EC7-4B8F-A30B-E4D90942FC07): 1
LogDevObjectVersion:   Dev-Automation (0DF73D61-A23F-47EA-B727-89E90C41499A): 1
LogDevObjectVersion:   FortniteMain (601D1886-AC64-4F84-AA16-D3DE0DEAC7D6): 47
LogDevObjectVersion:   FortniteRelease (E7086368-6B23-4C58-8439-1B7016265E91): 1
LogDevObjectVersion:   Dev-Enterprise (9DFFBCD6-494F-0158-E221-12823C92A888): 10
LogDevObjectVersion:   Dev-Niagara (F2AED0AC-9AFE-416F-8664-AA7FFA26D6FC): 1
LogDevObjectVersion:   Dev-Destruction (174F1F0B-B4C6-45A5-B13F-2EE8D0FB917D): 10
LogDevObjectVersion:   Dev-Physics-Ext (35F94A83-E258-406C-A318-09F59610247C): 41
LogDevObjectVersion:   Dev-PhysicsMaterial-Chaos (B68FC16E-8B1B-42E2-B453-215C058844FE): 1
LogDevObjectVersion:   Dev-CineCamera (B2E18506-4273-CFC2-A54E-F4BB758BBA07): 1
LogDevObjectVersion:   Dev-VirtualProduction (64F58936-FD1B-42BA-BA96-7289D5D0FA4E): 1
LogDevObjectVersion:   Dev-MediaFramework (6F0ED827-A609-4895-9C91-998D90180EA4): 2
LogInit: Presizing for max 25165824 objects, including 0 objects not considered by GC, pre-allocating 0 bytes for permanent pool.
LogConfig: Applying CVar settings from Section [/Script/Engine.StreamingSettings] File [C:/Users/S214666/GitRepos/ProjectCRepo/MonsterMunch/Project/Saved/Config/Windows/Engine.ini]
LogConfig: Setting CVar [[s.MinBulkDataSizeForAsyncLoading:131072]]
LogConfig: Setting CVar [[s.AsyncLoadingThreadEnabled:0]]
LogConfig: Setting CVar [[s.EventDrivenLoaderEnabled:1]]
LogConfig: Setting CVar [[s.WarnIfTimeLimitExceeded:0]]
LogConfig: Setting CVar [[s.TimeLimitExceededMultiplier:1.5]]
LogConfig: Setting CVar [[s.TimeLimitExceededMinTime:0.005]]
LogConfig: Setting CVar [[s.UseBackgroundLevelStreaming:1]]
LogConfig: Setting CVar [[s.PriorityAsyncLoadingExtraTime:15.0]]
LogConfig: Setting CVar [[s.LevelStreamingActorsUpdateTimeLimit:5.0]]
LogConfig: Setting CVar [[s.PriorityLevelStreamingActorsUpdateExtraTime:5.0]]
LogConfig: Setting CVar [[s.LevelStreamingComponentsRegistrationGranularity:10]]
LogConfig: Setting CVar [[s.UnregisterComponentsTimeLimit:1.0]]
LogConfig: Setting CVar [[s.LevelStreamingComponentsUnregistrationGranularity:5]]
LogConfig: Setting CVar [[s.FlushStreamingOnExit:1]]
LogInit: Object subsystem initialized
LogConfig: Setting CVar [[con.DebugEarlyDefault:1]]
LogConfig: Setting CVar [[r.setres:1280x720]]
[2023.06.05-01.03.33:878][  0]LogConfig: Setting CVar [[r.VSync:0]]
[2023.06.05-01.03.33:878][  0]LogConfig: Setting CVar [[r.RHICmdBypass:0]]
[2023.06.05-01.03.33:879][  0]LogConfig: Applying CVar settings from Section [/Script/Engine.RendererSettings] File [C:/Users/S214666/GitRepos/ProjectCRepo/MonsterMunch/Project/Saved/Config/Windows/Engine.ini]
[2023.06.05-01.03.33:879][  0]LogConfig: Setting CVar [[r.GPUCrashDebugging:0]]
[2023.06.05-01.03.33:879][  0]LogConfig: Applying CVar settings from Section [/Script/Engine.RendererOverrideSettings] File [C:/Users/S214666/GitRepos/ProjectCRepo/MonsterMunch/Project/Saved/Config/Windows/Engine.ini]
[2023.06.05-01.03.33:879][  0]LogConfig: Applying CVar settings from Section [/Script/Engine.StreamingSettings] File [C:/Users/S214666/GitRepos/ProjectCRepo/MonsterMunch/Project/Saved/Config/Windows/Engine.ini]
[2023.06.05-01.03.33:879][  0]LogConfig: Setting CVar [[s.MinBulkDataSizeForAsyncLoading:131072]]
[2023.06.05-01.03.33:879][  0]LogConfig: Setting CVar [[s.AsyncLoadingThreadEnabled:0]]
[2023.06.05-01.03.33:879][  0]LogConfig: Setting CVar [[s.EventDrivenLoaderEnabled:1]]
[2023.06.05-01.03.33:879][  0]LogConfig: Setting CVar [[s.WarnIfTimeLimitExceeded:0]]
[2023.06.05-01.03.33:879][  0]LogConfig: Setting CVar [[s.TimeLimitExceededMultiplier:1.5]]
[2023.06.05-01.03.33:879][  0]LogConfig: Setting CVar [[s.TimeLimitExceededMinTime:0.005]]
[2023.06.05-01.03.33:879][  0]LogConfig: Setting CVar [[s.UseBackgroundLevelStreaming:1]]
[2023.06.05-01.03.33:879][  0]LogConfig: Setting CVar [[s.PriorityAsyncLoadingExtraTime:15.0]]
[2023.06.05-01.03.33:879][  0]LogConfig: Setting CVar [[s.LevelStreamingActorsUpdateTimeLimit:5.0]]
[2023.06.05-01.03.33:879][  0]LogConfig: Setting CVar [[s.PriorityLevelStreamingActorsUpdateExtraTime:5.0]]
[2023.06.05-01.03.33:879][  0]LogConfig: Setting CVar [[s.LevelStreamingComponentsRegistrationGranularity:10]]
[2023.06.05-01.03.33:879][  0]LogConfig: Setting CVar [[s.UnregisterComponentsTimeLimit:1.0]]
[2023.06.05-01.03.33:879][  0]LogConfig: Setting CVar [[s.LevelStreamingComponentsUnregistrationGranularity:5]]
[2023.06.05-01.03.33:879][  0]LogConfig: Setting CVar [[s.FlushStreamingOnExit:1]]
[2023.06.05-01.03.33:879][  0]LogConfig: Applying CVar settings from Section [/Script/Engine.GarbageCollectionSettings] File [C:/Users/S214666/GitRepos/ProjectCRepo/MonsterMunch/Project/Saved/Config/Windows/Engine.ini]
[2023.06.05-01.03.33:879][  0]LogConfig: Setting CVar [[gc.MaxObjectsNotConsideredByGC:1]]
[2023.06.05-01.03.33:879][  0]LogConfig: Setting CVar [[gc.SizeOfPermanentObjectPool:0]]
[2023.06.05-01.03.33:879][  0]LogConfig: Setting CVar [[gc.FlushStreamingOnGC:0]]
[2023.06.05-01.03.33:879][  0]LogConfig: Setting CVar [[gc.NumRetriesBeforeForcingGC:10]]
[2023.06.05-01.03.33:879][  0]LogConfig: Setting CVar [[gc.AllowParallelGC:1]]
[2023.06.05-01.03.33:879][  0]LogConfig: Setting CVar [[gc.TimeBetweenPurgingPendingKillObjects:61.1]]
[2023.06.05-01.03.33:879][  0]LogConfig: Setting CVar [[gc.MaxObjectsInEditor:25165824]]
[2023.06.05-01.03.33:879][  0]LogConfig: Setting CVar [[gc.IncrementalBeginDestroyEnabled:1]]
[2023.06.05-01.03.33:879][  0]LogConfig: Setting CVar [[gc.CreateGCClusters:1]]
[2023.06.05-01.03.33:879][  0]LogConfig: Setting CVar [[gc.MinGCClusterSize:5]]
[2023.06.05-01.03.33:879][  0]LogConfig: Setting CVar [[gc.ActorClusteringEnabled:0]]
[2023.06.05-01.03.33:879][  0]LogConfig: Setting CVar [[gc.BlueprintClusteringEnabled:0]]
[2023.06.05-01.03.33:879][  0]LogConfig: Setting CVar [[gc.UseDisregardForGCOnDedicatedServers:0]]
[2023.06.05-01.03.33:879][  0]LogConfig: Setting CVar [[gc.MultithreadedDestructionEnabled:1]]
[2023.06.05-01.03.33:879][  0]LogConfig: Applying CVar settings from Section [/Script/Engine.NetworkSettings] File [C:/Users/S214666/GitRepos/ProjectCRepo/MonsterMunch/Project/Saved/Config/Windows/Engine.ini]
[2023.06.05-01.03.33:879][  0]LogConfig: Applying CVar settings from Section [/Script/UnrealEd.CookerSettings] File [C:/Users/S214666/GitRepos/ProjectCRepo/MonsterMunch/Project/Saved/Config/Windows/Engine.ini]
[2023.06.05-01.03.33:895][  0]LogConfig: Applying CVar settings from Section [ViewDistanceQuality@3] File [C:/Users/S214666/GitRepos/ProjectCRepo/MonsterMunch/Project/Saved/Config/Windows/Scalability.ini]
[2023.06.05-01.03.33:895][  0]LogConfig: Setting CVar [[r.SkeletalMeshLODBias:0]]
[2023.06.05-01.03.33:895][  0]LogConfig: Setting CVar [[r.ViewDistanceScale:1.0]]
[2023.06.05-01.03.33:895][  0]LogConfig: Applying CVar settings from Section [AntiAliasingQuality@3] File [C:/Users/S214666/GitRepos/ProjectCRepo/MonsterMunch/Project/Saved/Config/Windows/Scalability.ini]
[2023.06.05-01.03.33:895][  0]LogConfig: Setting CVar [[r.PostProcessAAQuality:4]]
[2023.06.05-01.03.33:895][  0]LogConfig: Applying CVar settings from Section [ShadowQuality@3] File [C:/Users/S214666/GitRepos/ProjectCRepo/MonsterMunch/Project/Saved/Config/Windows/Scalability.ini]
[2023.06.05-01.03.33:895][  0]LogConfig: Setting CVar [[r.LightFunctionQuality:1]]
[2023.06.05-01.03.33:895][  0]LogConfig: Setting CVar [[r.ShadowQuality:5]]
[2023.06.05-01.03.33:895][  0]LogConfig: Setting CVar [[r.Shadow.CSM.MaxCascades:10]]
[2023.06.05-01.03.33:895][  0]LogConfig: Setting CVar [[r.Shadow.MaxResolution:2048]]
[2023.06.05-01.03.33:895][  0]LogConfig: Setting CVar [[r.Shadow.MaxCSMResolution:2048]]
[2023.06.05-01.03.33:895][  0]LogConfig: Setting CVar [[r.Shadow.RadiusThreshold:0.01]]
[2023.06.05-01.03.33:895][  0]LogConfig: Setting CVar [[r.Shadow.DistanceScale:1.0]]
[2023.06.05-01.03.33:895][  0]LogConfig: Setting CVar [[r.Shadow.CSM.TransitionScale:1.0]]
[2023.06.05-01.03.33:895][  0]LogConfig: Setting CVar [[r.Shadow.PreShadowResolutionFactor:1.0]]
[2023.06.05-01.03.33:895][  0]LogConfig: Setting CVar [[r.DistanceFieldShadowing:1]]
[2023.06.05-01.03.33:895][  0]LogConfig: Setting CVar [[r.DistanceFieldAO:1]]
[2023.06.05-01.03.33:895][  0]LogConfig: Setting CVar [[r.AOQuality:2]]
[2023.06.05-01.03.33:895][  0]LogConfig: Setting CVar [[r.VolumetricFog:1]]
[2023.06.05-01.03.33:895][  0]LogConfig: Setting CVar [[r.VolumetricFog.GridPixelSize:8]]
[2023.06.05-01.03.33:895][  0]LogConfig: Setting CVar [[r.VolumetricFog.GridSizeZ:128]]
[2023.06.05-01.03.33:895][  0]LogConfig: Setting CVar [[r.VolumetricFog.HistoryMissSupersampleCount:4]]
[2023.06.05-01.03.33:895][  0]LogConfig: Setting CVar [[r.LightMaxDrawDistanceScale:1]]
[2023.06.05-01.03.33:895][  0]LogConfig: Setting CVar [[r.CapsuleShadows:1]]
[2023.06.05-01.03.33:895][  0]LogConfig: Applying CVar settings from Section [PostProcessQuality@3] File [C:/Users/S214666/GitRepos/ProjectCRepo/MonsterMunch/Project/Saved/Config/Windows/Scalability.ini]
[2023.06.05-01.03.33:895][  0]LogConfig: Setting CVar [[r.MotionBlurQuality:4]]
[2023.06.05-01.03.33:895][  0]LogConfig: Setting CVar [[r.AmbientOcclusionMipLevelFactor:0.4]]
[2023.06.05-01.03.33:895][  0]LogConfig: Setting CVar [[r.AmbientOcclusionMaxQuality:100]]
[2023.06.05-01.03.33:895][  0]LogConfig: Setting CVar [[r.AmbientOcclusionLevels:-1]]
[2023.06.05-01.03.33:895][  0]LogConfig: Setting CVar [[r.AmbientOcclusionRadiusScale:1.0]]
[2023.06.05-01.03.33:895][  0]LogConfig: Setting CVar [[r.DepthOfFieldQuality:2]]
[2023.06.05-01.03.33:895][  0]LogConfig: Setting CVar [[r.RenderTargetPoolMin:400]]
[2023.06.05-01.03.33:895][  0]LogConfig: Setting CVar [[r.LensFlareQuality:2]]
[2023.06.05-01.03.33:895][  0]LogConfig: Setting CVar [[r.SceneColorFringeQuality:1]]
[2023.06.05-01.03.33:895][  0]LogConfig: Setting CVar [[r.EyeAdaptationQuality:2]]
[2023.06.05-01.03.33:895][  0]LogConfig: Setting CVar [[r.BloomQuality:5]]
[2023.06.05-01.03.33:895][  0]LogConfig: Setting CVar [[r.FastBlurThreshold:100]]
[2023.06.05-01.03.33:895][  0]LogConfig: Setting CVar [[r.Upscale.Quality:3]]
[2023.06.05-01.03.33:895][  0]LogConfig: Setting CVar [[r.Tonemapper.GrainQuantization:1]]
[2023.06.05-01.03.33:895][  0]LogConfig: Setting CVar [[r.LightShaftQuality:1]]
[2023.06.05-01.03.33:895][  0]LogConfig: Setting CVar [[r.Filter.SizeScale:1]]
[2023.06.05-01.03.33:895][  0]LogConfig: Setting CVar [[r.Tonemapper.Quality:5]]
[2023.06.05-01.03.33:895][  0]LogConfig: Setting CVar [[r.DOF.Gather.AccumulatorQuality:1        ; higher gathering accumulator quality]]
[2023.06.05-01.03.33:895][  0]LogConfig: Setting CVar [[r.DOF.Gather.PostfilterMethod:1          ; Median3x3 postfilering method]]
[2023.06.05-01.03.33:895][  0]LogConfig: Setting CVar [[r.DOF.Gather.EnableBokehSettings:0       ; no bokeh simulation when gathering]]
[2023.06.05-01.03.33:895][  0]LogConfig: Setting CVar [[r.DOF.Gather.RingCount:4                 ; medium number of samples when gathering]]
[2023.06.05-01.03.33:895][  0]LogConfig: Setting CVar [[r.DOF.Scatter.ForegroundCompositing:1    ; additive foreground scattering]]
[2023.06.05-01.03.33:895][  0]LogConfig: Setting CVar [[r.DOF.Scatter.BackgroundCompositing:2    ; additive background scattering]]
[2023.06.05-01.03.33:895][  0]LogConfig: Setting CVar [[r.DOF.Scatter.EnableBokehSettings:1      ; bokeh simulation when scattering]]
[2023.06.05-01.03.33:895][  0]LogConfig: Setting CVar [[r.DOF.Scatter.MaxSpriteRatio:0.1         ; only a maximum of 10% of scattered bokeh]]
[2023.06.05-01.03.33:896][  0]LogConfig: Setting CVar [[r.DOF.Recombine.Quality:1                ; cheap slight out of focus]]
[2023.06.05-01.03.33:896][  0]LogConfig: Setting CVar [[r.DOF.Recombine.EnableBokehSettings:0    ; no bokeh simulation on slight out of focus]]
[2023.06.05-01.03.33:896][  0]LogConfig: Setting CVar [[r.DOF.TemporalAAQuality:1                ; more stable temporal accumulation]]
[2023.06.05-01.03.33:896][  0]LogConfig: Setting CVar [[r.DOF.Kernel.MaxForegroundRadius:0.025]]
[2023.06.05-01.03.33:896][  0]LogConfig: Setting CVar [[r.DOF.Kernel.MaxBackgroundRadius:0.025]]
[2023.06.05-01.03.33:896][  0]LogConfig: Applying CVar settings from Section [TextureQuality@3] File [C:/Users/S214666/GitRepos/ProjectCRepo/MonsterMunch/Project/Saved/Config/Windows/Scalability.ini]
[2023.06.05-01.03.33:896][  0]LogConfig: Setting CVar [[r.Streaming.MipBias:0]]
[2023.06.05-01.03.33:896][  0]LogConfig: Setting CVar [[r.Streaming.AmortizeCPUToGPUCopy:0]]
[2023.06.05-01.03.33:896][  0]LogConfig: Setting CVar [[r.Streaming.MaxNumTexturesToStreamPerFrame:0]]
[2023.06.05-01.03.33:896][  0]LogConfig: Setting CVar [[r.Streaming.Boost:1]]
[2023.06.05-01.03.33:896][  0]LogConfig: Setting CVar [[r.MaxAnisotropy:8]]
[2023.06.05-01.03.33:896][  0]LogConfig: Setting CVar [[r.VT.MaxAnisotropy:8]]
[2023.06.05-01.03.33:896][  0]LogConfig: Setting CVar [[r.Streaming.LimitPoolSizeToVRAM:0]]
[2023.06.05-01.03.33:896][  0]LogConfig: Setting CVar [[r.Streaming.PoolSize:1000]]
[2023.06.05-01.03.33:896][  0]LogConfig: Setting CVar [[r.Streaming.MaxEffectiveScreenSize:0]]
[2023.06.05-01.03.33:896][  0]LogConfig: Applying CVar settings from Section [EffectsQuality@3] File [C:/Users/S214666/GitRepos/ProjectCRepo/MonsterMunch/Project/Saved/Config/Windows/Scalability.ini]
[2023.06.05-01.03.33:896][  0]LogConfig: Setting CVar [[r.TranslucencyLightingVolumeDim:64]]
[2023.06.05-01.03.33:896][  0]LogConfig: Setting CVar [[r.RefractionQuality:2]]
[2023.06.05-01.03.33:896][  0]LogConfig: Setting CVar [[r.SSR.Quality:3]]
[2023.06.05-01.03.33:896][  0]LogConfig: Setting CVar [[r.SSR.HalfResSceneColor:0]]
[2023.06.05-01.03.33:896][  0]LogConfig: Setting CVar [[r.SceneColorFormat:4]]
[2023.06.05-01.03.33:896][  0]LogConfig: Setting CVar [[r.DetailMode:2]]
[2023.06.05-01.03.33:896][  0]LogConfig: Setting CVar [[r.TranslucencyVolumeBlur:1]]
[2023.06.05-01.03.33:896][  0]LogConfig: Setting CVar [[r.MaterialQualityLevel:1 ; High quality]]
[2023.06.05-01.03.33:896][  0]LogConfig: Setting CVar [[r.AnisotropicMaterials:1]]
[2023.06.05-01.03.33:896][  0]LogConfig: Setting CVar [[r.SSS.Scale:1]]
[2023.06.05-01.03.33:896][  0]LogConfig: Setting CVar [[r.SSS.SampleSet:2]]
[2023.06.05-01.03.33:896][  0]LogConfig: Setting CVar [[r.SSS.Quality:1]]
[2023.06.05-01.03.33:896][  0]LogConfig: Setting CVar [[r.SSS.HalfRes:0]]
[2023.06.05-01.03.33:896][  0]LogConfig: Setting CVar [[r.SSGI.Quality:3]]
[2023.06.05-01.03.33:896][  0]LogConfig: Setting CVar [[r.EmitterSpawnRateScale:1.0]]
[2023.06.05-01.03.33:896][  0]LogConfig: Setting CVar [[r.ParticleLightQuality:2]]
[2023.06.05-01.03.33:896][  0]LogConfig: Setting CVar [[r.SkyAtmosphere.AerialPerspectiveLUT.FastApplyOnOpaque:1 ; Always have FastSkyLUT 1 in this case to avoid wrong sky]]
[2023.06.05-01.03.33:896][  0]LogConfig: Setting CVar [[r.SkyAtmosphere.AerialPerspectiveLUT.SampleCountMaxPerSlice:4]]
[2023.06.05-01.03.33:896][  0]LogConfig: Setting CVar [[r.SkyAtmosphere.AerialPerspectiveLUT.DepthResolution:16.0]]
[2023.06.05-01.03.33:896][  0]LogConfig: Setting CVar [[r.SkyAtmosphere.FastSkyLUT:1]]
[2023.06.05-01.03.33:896][  0]LogConfig: Setting CVar [[r.SkyAtmosphere.FastSkyLUT.SampleCountMin:4.0]]
[2023.06.05-01.03.33:896][  0]LogConfig: Setting CVar [[r.SkyAtmosphere.FastSkyLUT.SampleCountMax:128.0]]
[2023.06.05-01.03.33:896][  0]LogConfig: Setting CVar [[r.SkyAtmosphere.SampleCountMin:4.0]]
[2023.06.05-01.03.33:896][  0]LogConfig: Setting CVar [[r.SkyAtmosphere.SampleCountMax:128.0]]
[2023.06.05-01.03.33:896][  0]LogConfig: Setting CVar [[r.SkyAtmosphere.TransmittanceLUT.UseSmallFormat:0]]
[2023.06.05-01.03.33:896][  0]LogConfig: Setting CVar [[r.SkyAtmosphere.TransmittanceLUT.SampleCount:10.0]]
[2023.06.05-01.03.33:896][  0]LogConfig: Setting CVar [[r.SkyAtmosphere.MultiScatteringLUT.SampleCount:15.0]]
[2023.06.05-01.03.33:896][  0]LogConfig: Setting CVar [[r.SkyLight.RealTimeReflectionCapture:1]]
[2023.06.05-01.03.33:896][  0]LogConfig: Applying CVar settings from Section [FoliageQuality@3] File [C:/Users/S214666/GitRepos/ProjectCRepo/MonsterMunch/Project/Saved/Config/Windows/Scalability.ini]
[2023.06.05-01.03.33:896][  0]LogConfig: Setting CVar [[foliage.DensityScale:1.0]]
[2023.06.05-01.03.33:896][  0]LogConfig: Setting CVar [[grass.DensityScale:1.0]]
[2023.06.05-01.03.33:896][  0]LogConfig: Applying CVar settings from Section [ShadingQuality@3] File [C:/Users/S214666/GitRepos/ProjectCRepo/MonsterMunch/Project/Saved/Config/Windows/Scalability.ini]
[2023.06.05-01.03.33:896][  0]LogConfig: Setting CVar [[r.HairStrands.SkyLighting.IntegrationType:2]]
[2023.06.05-01.03.33:896][  0]LogConfig: Setting CVar [[r.HairStrands.SkyAO.SampleCount:4]]
[2023.06.05-01.03.33:896][  0]LogConfig: Setting CVar [[r.HairStrands.Visibility.MSAA.SamplePerPixel:4]]
[2023.06.05-01.03.33:897][  0]LogInit: Selected Device Profile: [Windows]
[2023.06.05-01.03.33:898][  0]LogInit: Applying CVar settings loaded from the selected device profile: [Windows]
[2023.06.05-01.03.33:899][  0]LogHAL: Display: Platform has ~ 32 GB [34314874880 / 34359738368 / 32], which maps to Largest [LargestMinGB=32, LargerMinGB=12, DefaultMinGB=8, SmallerMinGB=6, SmallestMinGB=0)
[2023.06.05-01.03.33:899][  0]LogInit: Going up to parent DeviceProfile []
[2023.06.05-01.03.33:899][  0]LogConfig: Applying CVar settings from Section [ViewDistanceQuality@3] File [C:/Users/S214666/GitRepos/ProjectCRepo/MonsterMunch/Project/Saved/Config/Windows/Scalability.ini]
[2023.06.05-01.03.33:899][  0]LogConfig: Setting CVar [[r.SkeletalMeshLODBias:0]]
[2023.06.05-01.03.33:899][  0]LogConfig: Setting CVar [[r.ViewDistanceScale:1.0]]
[2023.06.05-01.03.33:899][  0]LogConfig: Applying CVar settings from Section [AntiAliasingQuality@3] File [C:/Users/S214666/GitRepos/ProjectCRepo/MonsterMunch/Project/Saved/Config/Windows/Scalability.ini]
[2023.06.05-01.03.33:899][  0]LogConfig: Setting CVar [[r.PostProcessAAQuality:4]]
[2023.06.05-01.03.33:899][  0]LogConfig: Applying CVar settings from Section [ShadowQuality@3] File [C:/Users/S214666/GitRepos/ProjectCRepo/MonsterMunch/Project/Saved/Config/Windows/Scalability.ini]
[2023.06.05-01.03.33:899][  0]LogConfig: Setting CVar [[r.LightFunctionQuality:1]]
[2023.06.05-01.03.33:899][  0]LogConfig: Setting CVar [[r.ShadowQuality:5]]
[2023.06.05-01.03.33:899][  0]LogConfig: Setting CVar [[r.Shadow.CSM.MaxCascades:10]]
[2023.06.05-01.03.33:899][  0]LogConfig: Setting CVar [[r.Shadow.MaxResolution:2048]]
[2023.06.05-01.03.33:899][  0]LogConfig: Setting CVar [[r.Shadow.MaxCSMResolution:2048]]
[2023.06.05-01.03.33:899][  0]LogConfig: Setting CVar [[r.Shadow.RadiusThreshold:0.01]]
[2023.06.05-01.03.33:900][  0]LogConfig: Setting CVar [[r.Shadow.DistanceScale:1.0]]
[2023.06.05-01.03.33:900][  0]LogConfig: Setting CVar [[r.Shadow.CSM.TransitionScale:1.0]]
[2023.06.05-01.03.33:900][  0]LogConfig: Setting CVar [[r.Shadow.PreShadowResolutionFactor:1.0]]
[2023.06.05-01.03.33:900][  0]LogConfig: Setting CVar [[r.DistanceFieldShadowing:1]]
[2023.06.05-01.03.33:900][  0]LogConfig: Setting CVar [[r.DistanceFieldAO:1]]
[2023.06.05-01.03.33:900][  0]LogConfig: Setting CVar [[r.AOQuality:2]]
[2023.06.05-01.03.33:900][  0]LogConfig: Setting CVar [[r.VolumetricFog:1]]
[2023.06.05-01.03.33:900][  0]LogConfig: Setting CVar [[r.VolumetricFog.GridPixelSize:8]]
[2023.06.05-01.03.33:900][  0]LogConfig: Setting CVar [[r.VolumetricFog.GridSizeZ:128]]
[2023.06.05-01.03.33:900][  0]LogConfig: Setting CVar [[r.VolumetricFog.HistoryMissSupersampleCount:4]]
[2023.06.05-01.03.33:900][  0]LogConfig: Setting CVar [[r.LightMaxDrawDistanceScale:1]]
[2023.06.05-01.03.33:900][  0]LogConfig: Setting CVar [[r.CapsuleShadows:1]]
[2023.06.05-01.03.33:900][  0]LogConfig: Applying CVar settings from Section [PostProcessQuality@3] File [C:/Users/S214666/GitRepos/ProjectCRepo/MonsterMunch/Project/Saved/Config/Windows/Scalability.ini]
[2023.06.05-01.03.33:900][  0]LogConfig: Setting CVar [[r.MotionBlurQuality:4]]
[2023.06.05-01.03.33:900][  0]LogConfig: Setting CVar [[r.AmbientOcclusionMipLevelFactor:0.4]]
[2023.06.05-01.03.33:900][  0]LogConfig: Setting CVar [[r.AmbientOcclusionMaxQuality:100]]
[2023.06.05-01.03.33:900][  0]LogConfig: Setting CVar [[r.AmbientOcclusionLevels:-1]]
[2023.06.05-01.03.33:900][  0]LogConfig: Setting CVar [[r.AmbientOcclusionRadiusScale:1.0]]
[2023.06.05-01.03.33:900][  0]LogConfig: Setting CVar [[r.DepthOfFieldQuality:2]]
[2023.06.05-01.03.33:900][  0]LogConfig: Setting CVar [[r.RenderTargetPoolMin:400]]
[2023.06.05-01.03.33:900][  0]LogConfig: Setting CVar [[r.LensFlareQuality:2]]
[2023.06.05-01.03.33:900][  0]LogConfig: Setting CVar [[r.SceneColorFringeQuality:1]]
[2023.06.05-01.03.33:900][  0]LogConfig: Setting CVar [[r.EyeAdaptationQuality:2]]
[2023.06.05-01.03.33:900][  0]LogConfig: Setting CVar [[r.BloomQuality:5]]
[2023.06.05-01.03.33:900][  0]LogConfig: Setting CVar [[r.FastBlurThreshold:100]]
[2023.06.05-01.03.33:900][  0]LogConfig: Setting CVar [[r.Upscale.Quality:3]]
[2023.06.05-01.03.33:900][  0]LogConfig: Setting CVar [[r.Tonemapper.GrainQuantization:1]]
[2023.06.05-01.03.33:900][  0]LogConfig: Setting CVar [[r.LightShaftQuality:1]]
[2023.06.05-01.03.33:900][  0]LogConfig: Setting CVar [[r.Filter.SizeScale:1]]
[2023.06.05-01.03.33:900][  0]LogConfig: Setting CVar [[r.Tonemapper.Quality:5]]
[2023.06.05-01.03.33:900][  0]LogConfig: Setting CVar [[r.DOF.Gather.AccumulatorQuality:1        ; higher gathering accumulator quality]]
[2023.06.05-01.03.33:900][  0]LogConfig: Setting CVar [[r.DOF.Gather.PostfilterMethod:1          ; Median3x3 postfilering method]]
[2023.06.05-01.03.33:900][  0]LogConfig: Setting CVar [[r.DOF.Gather.EnableBokehSettings:0       ; no bokeh simulation when gathering]]
[2023.06.05-01.03.33:900][  0]LogConfig: Setting CVar [[r.DOF.Gather.RingCount:4                 ; medium number of samples when gathering]]
[2023.06.05-01.03.33:900][  0]LogConfig: Setting CVar [[r.DOF.Scatter.ForegroundCompositing:1    ; additive foreground scattering]]
[2023.06.05-01.03.33:900][  0]LogConfig: Setting CVar [[r.DOF.Scatter.BackgroundCompositing:2    ; additive background scattering]]
[2023.06.05-01.03.33:900][  0]LogConfig: Setting CVar [[r.DOF.Scatter.EnableBokehSettings:1      ; bokeh simulation when scattering]]
[2023.06.05-01.03.33:900][  0]LogConfig: Setting CVar [[r.DOF.Scatter.MaxSpriteRatio:0.1         ; only a maximum of 10% of scattered bokeh]]
[2023.06.05-01.03.33:900][  0]LogConfig: Setting CVar [[r.DOF.Recombine.Quality:1                ; cheap slight out of focus]]
[2023.06.05-01.03.33:900][  0]LogConfig: Setting CVar [[r.DOF.Recombine.EnableBokehSettings:0    ; no bokeh simulation on slight out of focus]]
[2023.06.05-01.03.33:900][  0]LogConfig: Setting CVar [[r.DOF.TemporalAAQuality:1                ; more stable temporal accumulation]]
[2023.06.05-01.03.33:900][  0]LogConfig: Setting CVar [[r.DOF.Kernel.MaxForegroundRadius:0.025]]
[2023.06.05-01.03.33:900][  0]LogConfig: Setting CVar [[r.DOF.Kernel.MaxBackgroundRadius:0.025]]
[2023.06.05-01.03.33:900][  0]LogConfig: Applying CVar settings from Section [TextureQuality@3] File [C:/Users/S214666/GitRepos/ProjectCRepo/MonsterMunch/Project/Saved/Config/Windows/Scalability.ini]
[2023.06.05-01.03.33:900][  0]LogConfig: Setting CVar [[r.Streaming.MipBias:0]]
[2023.06.05-01.03.33:900][  0]LogConfig: Setting CVar [[r.Streaming.AmortizeCPUToGPUCopy:0]]
[2023.06.05-01.03.33:900][  0]LogConfig: Setting CVar [[r.Streaming.MaxNumTexturesToStreamPerFrame:0]]
[2023.06.05-01.03.33:900][  0]LogConfig: Setting CVar [[r.Streaming.Boost:1]]
[2023.06.05-01.03.33:900][  0]LogConfig: Setting CVar [[r.MaxAnisotropy:8]]
[2023.06.05-01.03.33:900][  0]LogConfig: Setting CVar [[r.VT.MaxAnisotropy:8]]
[2023.06.05-01.03.33:900][  0]LogConfig: Setting CVar [[r.Streaming.LimitPoolSizeToVRAM:0]]
[2023.06.05-01.03.33:900][  0]LogConfig: Setting CVar [[r.Streaming.PoolSize:1000]]
[2023.06.05-01.03.33:900][  0]LogConfig: Setting CVar [[r.Streaming.MaxEffectiveScreenSize:0]]
[2023.06.05-01.03.33:900][  0]LogConfig: Applying CVar settings from Section [EffectsQuality@3] File [C:/Users/S214666/GitRepos/ProjectCRepo/MonsterMunch/Project/Saved/Config/Windows/Scalability.ini]
[2023.06.05-01.03.33:900][  0]LogConfig: Setting CVar [[r.TranslucencyLightingVolumeDim:64]]
[2023.06.05-01.03.33:900][  0]LogConfig: Setting CVar [[r.RefractionQuality:2]]
[2023.06.05-01.03.33:900][  0]LogConfig: Setting CVar [[r.SSR.Quality:3]]
[2023.06.05-01.03.33:900][  0]LogConfig: Setting CVar [[r.SSR.HalfResSceneColor:0]]
[2023.06.05-01.03.33:900][  0]LogConfig: Setting CVar [[r.SceneColorFormat:4]]
[2023.06.05-01.03.33:900][  0]LogConfig: Setting CVar [[r.DetailMode:2]]
[2023.06.05-01.03.33:900][  0]LogConfig: Setting CVar [[r.TranslucencyVolumeBlur:1]]
[2023.06.05-01.03.33:900][  0]LogConfig: Setting CVar [[r.MaterialQualityLevel:1 ; High quality]]
[2023.06.05-01.03.33:900][  0]LogConfig: Setting CVar [[r.AnisotropicMaterials:1]]
[2023.06.05-01.03.33:900][  0]LogConfig: Setting CVar [[r.SSS.Scale:1]]
[2023.06.05-01.03.33:900][  0]LogConfig: Setting CVar [[r.SSS.SampleSet:2]]
[2023.06.05-01.03.33:900][  0]LogConfig: Setting CVar [[r.SSS.Quality:1]]
[2023.06.05-01.03.33:900][  0]LogConfig: Setting CVar [[r.SSS.HalfRes:0]]
[2023.06.05-01.03.33:900][  0]LogConfig: Setting CVar [[r.SSGI.Quality:3]]
[2023.06.05-01.03.33:900][  0]LogConfig: Setting CVar [[r.EmitterSpawnRateScale:1.0]]
[2023.06.05-01.03.33:900][  0]LogConfig: Setting CVar [[r.ParticleLightQuality:2]]
[2023.06.05-01.03.33:901][  0]LogConfig: Setting CVar [[r.SkyAtmosphere.AerialPerspectiveLUT.FastApplyOnOpaque:1 ; Always have FastSkyLUT 1 in this case to avoid wrong sky]]
[2023.06.05-01.03.33:901][  0]LogConfig: Setting CVar [[r.SkyAtmosphere.AerialPerspectiveLUT.SampleCountMaxPerSlice:4]]
[2023.06.05-01.03.33:901][  0]LogConfig: Setting CVar [[r.SkyAtmosphere.AerialPerspectiveLUT.DepthResolution:16.0]]
[2023.06.05-01.03.33:901][  0]LogConfig: Setting CVar [[r.SkyAtmosphere.FastSkyLUT:1]]
[2023.06.05-01.03.33:901][  0]LogConfig: Setting CVar [[r.SkyAtmosphere.FastSkyLUT.SampleCountMin:4.0]]
[2023.06.05-01.03.33:901][  0]LogConfig: Setting CVar [[r.SkyAtmosphere.FastSkyLUT.SampleCountMax:128.0]]
[2023.06.05-01.03.33:901][  0]LogConfig: Setting CVar [[r.SkyAtmosphere.SampleCountMin:4.0]]
[2023.06.05-01.03.33:901][  0]LogConfig: Setting CVar [[r.SkyAtmosphere.SampleCountMax:128.0]]
[2023.06.05-01.03.33:901][  0]LogConfig: Setting CVar [[r.SkyAtmosphere.TransmittanceLUT.UseSmallFormat:0]]
[2023.06.05-01.03.33:901][  0]LogConfig: Setting CVar [[r.SkyAtmosphere.TransmittanceLUT.SampleCount:10.0]]
[2023.06.05-01.03.33:901][  0]LogConfig: Setting CVar [[r.SkyAtmosphere.MultiScatteringLUT.SampleCount:15.0]]
[2023.06.05-01.03.33:901][  0]LogConfig: Setting CVar [[r.SkyLight.RealTimeReflectionCapture:1]]
[2023.06.05-01.03.33:901][  0]LogConfig: Applying CVar settings from Section [FoliageQuality@3] File [C:/Users/S214666/GitRepos/ProjectCRepo/MonsterMunch/Project/Saved/Config/Windows/Scalability.ini]
[2023.06.05-01.03.33:901][  0]LogConfig: Setting CVar [[foliage.DensityScale:1.0]]
[2023.06.05-01.03.33:901][  0]LogConfig: Setting CVar [[grass.DensityScale:1.0]]
[2023.06.05-01.03.33:901][  0]LogConfig: Applying CVar settings from Section [ShadingQuality@3] File [C:/Users/S214666/GitRepos/ProjectCRepo/MonsterMunch/Project/Saved/Config/Windows/Scalability.ini]
[2023.06.05-01.03.33:901][  0]LogConfig: Setting CVar [[r.HairStrands.SkyLighting.IntegrationType:2]]
[2023.06.05-01.03.33:901][  0]LogConfig: Setting CVar [[r.HairStrands.SkyAO.SampleCount:4]]
[2023.06.05-01.03.33:901][  0]LogConfig: Setting CVar [[r.HairStrands.Visibility.MSAA.SamplePerPixel:4]]
[2023.06.05-01.03.33:901][  0]LogConfig: Applying CVar settings from Section [Startup] File [../../../Engine/Config/ConsoleVariables.ini]
[2023.06.05-01.03.33:906][  0]LogConfig: Setting CVar [[net.UseAdaptiveNetUpdateFrequency:0]]
[2023.06.05-01.03.33:906][  0]LogConfig: Setting CVar [[p.chaos.AllowCreatePhysxBodies:1]]
[2023.06.05-01.03.33:906][  0]LogConfig: Setting CVar [[fx.SkipVectorVMBackendOptimizations:1]]
[2023.06.05-01.03.33:906][  0]LogConfig: Applying CVar settings from Section [ConsoleVariables] File [C:/Users/S214666/GitRepos/ProjectCRepo/MonsterMunch/Project/Saved/Config/Windows/Engine.ini]
[2023.06.05-01.03.33:906][  0]LogConfig: Applying CVar settings from Section [ConsoleVariables] File [C:/Users/S214666/GitRepos/ProjectCRepo/MonsterMunch/Project/Saved/Config/Windows/Editor.ini]
[2023.06.05-01.03.33:907][  0]LogInit: Computer: SYD-6662B6
[2023.06.05-01.03.33:907][  0]LogInit: User: s214666
[2023.06.05-01.03.33:907][  0]LogInit: CPU Page size=4096, Cores=4
[2023.06.05-01.03.33:907][  0]LogInit: High frequency timer resolution =10.000000 MHz
[2023.06.05-01.03.33:908][  0]LogMemory: Memory total: Physical=32.0GB (32GB approx)
[2023.06.05-01.03.33:908][  0]LogMemory: Platform Memory Stats for Windows
[2023.06.05-01.03.33:908][  0]LogMemory: Process Physical Memory: 148.74 MB used, 148.75 MB peak
[2023.06.05-01.03.33:908][  0]LogMemory: Process Virtual Memory: 128.39 MB used, 128.39 MB peak
[2023.06.05-01.03.33:908][  0]LogMemory: Physical Memory: 8469.82 MB used,  24255.39 MB free, 32725.21 MB total
[2023.06.05-01.03.33:908][  0]LogMemory: Virtual Memory: 134189352.00 MB used,  28374.03 MB free, 134217728.00 MB total
[2023.06.05-01.03.33:916][  0]LogWindows: WindowsPlatformFeatures enabled
[2023.06.05-01.03.34:147][  0]LogInit: Physics initialised using underlying interface: PhysX
[2023.06.05-01.03.34:151][  0]LogInit: Using OS detected language (en-US).
[2023.06.05-01.03.34:151][  0]LogInit: Using OS detected locale (en-AU).
[2023.06.05-01.03.34:157][  0]LogTextLocalizationManager: No specific localization for 'en-US' exists, so the 'en' localization will be used.
[2023.06.05-01.03.34:781][  0]LogInit: Setting process to per monitor DPI aware
[2023.06.05-01.03.34:828][  0]LogWindowsTextInputMethodSystem: Display: IME system deactivated.
[2023.06.05-01.03.34:964][  0]LogSlate: New Slate User Created.  User Index 0, Is Virtual User: 0
[2023.06.05-01.03.34:964][  0]LogSlate: Slate User Registered.  User Index 0, Is Virtual User: 0
[2023.06.05-01.03.38:127][  0]LogD3D11RHI: Loaded GFSDK_Aftermath_Lib.x64.dll
[2023.06.05-01.03.38:139][  0]LogHMD: Failed to initialize OpenVR with code 110
[2023.06.05-01.03.38:139][  0]LogD3D11RHI: D3D11 min allowed feature level: 11_0
[2023.06.05-01.03.38:139][  0]LogD3D11RHI: D3D11 max allowed feature level: 11_0
[2023.06.05-01.03.38:139][  0]LogD3D11RHI: D3D11 adapters:
[2023.06.05-01.03.38:256][  0]LogD3D11RHI:    0. 'NVIDIA GeForce GTX 960' (Feature Level 11_0)
[2023.06.05-01.03.38:256][  0]LogD3D11RHI:       2002/0/16362 MB DedicatedVideo/DedicatedSystem/SharedSystem, Outputs:2, VendorId:0x10de
[2023.06.05-01.03.38:265][  0]LogD3D11RHI:    1. 'Microsoft Basic Render Driver' (Feature Level 11_0)
[2023.06.05-01.03.38:265][  0]LogD3D11RHI:       0/0/16362 MB DedicatedVideo/DedicatedSystem/SharedSystem, Outputs:0, VendorId:0x1414
[2023.06.05-01.03.38:265][  0]LogD3D11RHI: Chosen D3D11 Adapter:
[2023.06.05-01.03.38:265][  0]LogD3D11RHI:     Description : NVIDIA GeForce GTX 960
[2023.06.05-01.03.38:265][  0]LogD3D11RHI:     VendorId    : 10de
[2023.06.05-01.03.38:265][  0]LogD3D11RHI:     DeviceId    : 1401
[2023.06.05-01.03.38:265][  0]LogD3D11RHI:     SubSysId    : 368f1458
[2023.06.05-01.03.38:265][  0]LogD3D11RHI:     Revision    : 00a1
[2023.06.05-01.03.38:265][  0]LogD3D11RHI:     DedicatedVideoMemory : 2099314688 bytes
[2023.06.05-01.03.38:265][  0]LogD3D11RHI:     DedicatedSystemMemory : 0 bytes
[2023.06.05-01.03.38:265][  0]LogD3D11RHI:     SharedSystemMemory : 17157437440 bytes
[2023.06.05-01.03.38:265][  0]LogD3D11RHI:     AdapterLuid : 0 53420
[2023.06.05-01.03.38:277][  0]LogD3D11RHI: Creating new Direct3DDevice
[2023.06.05-01.03.38:277][  0]LogD3D11RHI:     GPU DeviceId: 0x1401 (for the marketing name, search the web for "GPU Device Id")
[2023.06.05-01.03.38:277][  0]LogWindows: EnumDisplayDevices:
[2023.06.05-01.03.38:277][  0]LogWindows:    0. 'NVIDIA GeForce GTX 960' (P:1 D:1)
[2023.06.05-01.03.38:277][  0]LogWindows:    1. 'NVIDIA GeForce GTX 960' (P:0 D:1)
[2023.06.05-01.03.38:278][  0]LogWindows:    2. 'NVIDIA GeForce GTX 960' (P:0 D:0)
[2023.06.05-01.03.38:278][  0]LogWindows:    3. 'NVIDIA GeForce GTX 960' (P:0 D:0)
[2023.06.05-01.03.38:278][  0]LogWindows: DebugString: FoundDriverCount:4 
[2023.06.05-01.03.38:278][  0]LogD3D11RHI:     Adapter Name: NVIDIA GeForce GTX 960
[2023.06.05-01.03.38:280][  0]LogD3D11RHI:   Driver Version: 526.47 (internal:31.0.15.2647, unified:526.47)
[2023.06.05-01.03.38:281][  0]LogD3D11RHI:      Driver Date: 10-25-2022
[2023.06.05-01.03.38:281][  0]LogRHI: Texture pool is 1401 MB (70% of 2002 MB)
[2023.06.05-01.03.38:281][  0]LogD3D11RHI: Creating D3DDevice using adapter:
[2023.06.05-01.03.38:281][  0]LogD3D11RHI:     Description : NVIDIA GeForce GTX 960
[2023.06.05-01.03.38:281][  0]LogD3D11RHI:     VendorId    : 10de
[2023.06.05-01.03.38:281][  0]LogD3D11RHI:     DeviceId    : 1401
[2023.06.05-01.03.38:281][  0]LogD3D11RHI:     SubSysId    : 368f1458
[2023.06.05-01.03.38:281][  0]LogD3D11RHI:     Revision    : 00a1
[2023.06.05-01.03.38:281][  0]LogD3D11RHI:     DedicatedVideoMemory : 2099314688 bytes
[2023.06.05-01.03.38:281][  0]LogD3D11RHI:     DedicatedSystemMemory : 0 bytes
[2023.06.05-01.03.38:281][  0]LogD3D11RHI:     SharedSystemMemory : 17157437440 bytes
[2023.06.05-01.03.38:281][  0]LogD3D11RHI:     AdapterLuid : 0 53420
[2023.06.05-01.03.38:379][  0]LogD3D11RHI: RHI has support for 64 bit atomics
[2023.06.05-01.03.38:380][  0]LogD3D11RHI: Async texture creation enabled
[2023.06.05-01.03.38:380][  0]LogD3D11RHI: Array index from any shader is supported
[2023.06.05-01.03.38:459][  0]LogD3D11RHI: GPU Timing Frequency: 1000.000000 (Debug: 2 1)
[2023.06.05-01.03.38:536][  0]LogRHI: GeForceNow SDK initialized: 1
[2023.06.05-01.03.39:008][  0]LogTargetPlatformManager: Display: Loaded TargetPlatform 'AllDesktop'
[2023.06.05-01.03.39:044][  0]LogTargetPlatformManager: Display: Loaded TargetPlatform 'Android'
[2023.06.05-01.03.39:044][  0]LogTargetPlatformManager: Display: Loaded TargetPlatform 'Android_ASTC'
[2023.06.05-01.03.39:044][  0]LogTargetPlatformManager: Display: Loaded TargetPlatform 'Android_DXT'
[2023.06.05-01.03.39:044][  0]LogTargetPlatformManager: Display: Loaded TargetPlatform 'Android_ETC2'
[2023.06.05-01.03.39:044][  0]LogTargetPlatformManager: Display: Loaded TargetPlatform 'AndroidClient'
[2023.06.05-01.03.39:044][  0]LogTargetPlatformManager: Display: Loaded TargetPlatform 'Android_ASTCClient'
[2023.06.05-01.03.39:044][  0]LogTargetPlatformManager: Display: Loaded TargetPlatform 'Android_DXTClient'
[2023.06.05-01.03.39:044][  0]LogTargetPlatformManager: Display: Loaded TargetPlatform 'Android_ETC2Client'
[2023.06.05-01.03.39:044][  0]LogTargetPlatformManager: Display: Loaded TargetPlatform 'Android_Multi'
[2023.06.05-01.03.39:044][  0]LogTargetPlatformManager: Display: Loaded TargetPlatform 'Android_MultiClient'
[2023.06.05-01.03.39:068][  0]LogTargetPlatformManager: Display: Loaded TargetPlatform 'IOSClient'
[2023.06.05-01.03.39:068][  0]LogTargetPlatformManager: Display: Loaded TargetPlatform 'IOS'
[2023.06.05-01.03.39:093][  0]LogTargetPlatformManager: Display: Loaded TargetPlatform 'Linux'
[2023.06.05-01.03.39:103][  0]LogTargetPlatformManager: Display: Loaded TargetPlatform 'LinuxNoEditor'
[2023.06.05-01.03.39:110][  0]LogTargetPlatformManager: Display: Loaded TargetPlatform 'LinuxClient'
[2023.06.05-01.03.39:119][  0]LogTargetPlatformManager: Display: Loaded TargetPlatform 'LinuxServer'
[2023.06.05-01.03.39:138][  0]LogTargetPlatformManager: Display: Loaded TargetPlatform 'LinuxAArch64NoEditor'
[2023.06.05-01.03.39:145][  0]LogTargetPlatformManager: Display: Loaded TargetPlatform 'LinuxAArch64Client'
[2023.06.05-01.03.39:155][  0]LogTargetPlatformManager: Display: Loaded TargetPlatform 'LinuxAArch64Server'
[2023.06.05-01.03.39:187][  0]LogTargetPlatformManager: Display: Loaded TargetPlatform 'Lumin'
[2023.06.05-01.03.39:187][  0]LogTargetPlatformManager: Display: Loaded TargetPlatform 'LuminClient'
[2023.06.05-01.03.39:207][  0]LogTargetPlatformManager: Display: Loaded TargetPlatform 'MacNoEditor'
[2023.06.05-01.03.39:222][  0]LogTargetPlatformManager: Display: Loaded TargetPlatform 'Mac'
[2023.06.05-01.03.39:227][  0]LogTargetPlatformManager: Display: Loaded TargetPlatform 'MacClient'
[2023.06.05-01.03.39:234][  0]LogTargetPlatformManager: Display: Loaded TargetPlatform 'MacServer'
[2023.06.05-01.03.39:246][  0]LogTargetPlatformManager: Display: Loaded TargetPlatform 'TVOSClient'
[2023.06.05-01.03.39:246][  0]LogTargetPlatformManager: Display: Loaded TargetPlatform 'TVOS'
[2023.06.05-01.03.39:265][  0]LogTargetPlatformManager: Display: Loaded TargetPlatform 'WindowsNoEditor'
[2023.06.05-01.03.39:271][  0]LogTargetPlatformManager: Display: Loaded TargetPlatform 'Windows'
[2023.06.05-01.03.39:278][  0]LogTargetPlatformManager: Display: Loaded TargetPlatform 'WindowsClient'
[2023.06.05-01.03.39:286][  0]LogTargetPlatformManager: Display: Loaded TargetPlatform 'WindowsServer'
[2023.06.05-01.03.39:286][  0]LogTargetPlatformManager: Display: Building Assets For Windows
[2023.06.05-01.03.39:308][  0]LogAudioDebug: Display: Lib vorbis DLL was dynamically loaded.
[2023.06.05-01.03.39:444][  0]LogTextureFormatOodle: Display: Oodle Texture 2.9.0 init RDO Off
[2023.06.05-01.03.39:636][  0]LogRendererCore: Ray tracing is disabled. Reason: r.RayTracing=0.
[2023.06.05-01.03.39:638][  0]LogShaderCompilers: Guid format shader working directory is -26 characters bigger than the processId version (../../../../../../Users/S214666/GitRepos/ProjectCRepo/MonsterMunch/Project/Intermediate/Shaders/WorkingDirectory/4488/).
[2023.06.05-01.03.39:638][  0]LogShaderCompilers: Cleaned the shader compiler working directory 'C:/Users/S214666/AppData/Local/Temp/UnrealShaderWorkingDir/019CB9214A0F7F1F09D6789FD7665522/'.
[2023.06.05-01.03.39:640][  0]LogXGEController: Cannot use XGE Controller as Incredibuild is not installed on this machine.
[2023.06.05-01.03.39:640][  0]LogShaderCompilers: Cannot use XGE Shader Compiler as Incredibuild is not installed on this machine.
[2023.06.05-01.03.39:640][  0]LogShaderCompilers: Display: Using Local Shader Compiler.
[2023.06.05-01.03.44:290][  0]LogDerivedDataCache: Display: Max Cache Size: 512 MB
[2023.06.05-01.03.44:615][  0]LogDerivedDataCache: Loaded boot cache 0.32s 94MB C:/Users/S214666/AppData/Local/UnrealEngine/4.27/DerivedDataCache/Boot.ddc.
[2023.06.05-01.03.44:615][  0]LogDerivedDataCache: Display: Loaded Boot cache: C:/Users/S214666/AppData/Local/UnrealEngine/4.27/DerivedDataCache/Boot.ddc
[2023.06.05-01.03.44:615][  0]LogDerivedDataCache: FDerivedDataBackendGraph:  Pak pak cache file ../../../../../../Users/S214666/GitRepos/ProjectCRepo/MonsterMunch/Project/DerivedDataCache/DDC.ddp not found, will not use a pak cache.
[2023.06.05-01.03.44:615][  0]LogDerivedDataCache: Unable to find inner node Pak for hierarchical cache Hierarchy.
[2023.06.05-01.03.44:615][  0]LogDerivedDataCache: FDerivedDataBackendGraph:  CompressedPak pak cache file ../../../../../../Users/S214666/GitRepos/ProjectCRepo/MonsterMunch/Project/DerivedDataCache/Compressed.ddp not found, will not use a pak cache.
[2023.06.05-01.03.44:615][  0]LogDerivedDataCache: Unable to find inner node CompressedPak for hierarchical cache Hierarchy.
[2023.06.05-01.03.44:648][  0]LogDerivedDataCache: Display: Pak cache opened for reading ../../../Engine/DerivedDataCache/Compressed.ddp.
[2023.06.05-01.03.44:648][  0]LogDerivedDataCache: FDerivedDataBackendGraph:  EnterprisePak pak cache file ../../../Enterprise/DerivedDataCache/Compressed.ddp not found, will not use a pak cache.
[2023.06.05-01.03.44:648][  0]LogDerivedDataCache: Unable to find inner node EnterprisePak for hierarchical cache Hierarchy.
[2023.06.05-01.03.44:709][  0]LogDerivedDataCache: Speed tests for C:/Users/S214666/AppData/Local/UnrealEngine/Common/DerivedDataCache took 0.06 seconds
[2023.06.05-01.03.44:709][  0]LogDerivedDataCache: Display: Performance to C:/Users/S214666/AppData/Local/UnrealEngine/Common/DerivedDataCache: Latency=0.05ms. RandomReadSpeed=16.84MBs, RandomWriteSpeed=177.27MBs. Assigned SpeedClass 'Local'
[2023.06.05-01.03.44:714][  0]LogDerivedDataCache: Using Local data cache path C:/Users/S214666/AppData/Local/UnrealEngine/Common/DerivedDataCache: Writable
[2023.06.05-01.03.44:714][  0]LogDerivedDataCache: Shared data cache path not found in *engine.ini, will not use an Shared cache.
[2023.06.05-01.03.44:714][  0]LogDerivedDataCache: Unable to find inner node Shared for hierarchical cache Hierarchy.
[2023.06.05-01.03.44:791][  0]LogSlate: Using FreeType 2.10.0
[2023.06.05-01.03.44:814][  0]LogSlate: SlateFontServices - WITH_FREETYPE: 1, WITH_HARFBUZZ: 1
[2023.06.05-01.03.44:884][  0]LogAssetRegistry: FAssetRegistry took 0.0080 seconds to start up
[2023.06.05-01.03.45:615][  0]LogInit: Selected Device Profile: [Windows]
[2023.06.05-01.03.45:616][  0]LogInit: Active device profile: [000001F3FA108F00][000001F3F2AC3380 49] Windows
[2023.06.05-01.03.45:616][  0]LogInit: Profiles: [000001F3FA108F00][000001F3F2AC3380 49] Windows, [000001F3FA0CA400][000001F3F2ACB500 49] WindowsNoEditor, [000001F3FA109F00][000001F3F2ACF680 49] WindowsServer, [000001F3FA0C9600][000001F3F2AD3800 49] WindowsClient, [000001F3FA109000][000001F3F6CDB980 49] IOS, [000001F3FA0CBA00][000001F3F6CDFB00 49] iPadAir, [000001F3FA10B300][000001F3F6CE2100 49] iPadAir2, [000001F3FA071300][000001F3F6CEA3C0 49] IPadPro, [000001F3FA071400][000001F3F6CE6400 49] iPadAir3, [000001F3FA0C8B00][000001F3F6CEE580 49] iPadAir4, [000001F3FA072100][000001F3F6CF2700 49] iPadMini2, [000001F3FA0CB400][000001F3F6CF6880 49] iPadMini3, [000001F3FA072C00][000001F3F6CFAA00 49] iPadMini4, [000001F3FA0CA700][000001F3F2AC6B40 49] iPadMini5, [000001F3FA0A0E00][000001F3F6D02D80 49] iPhone6, [000001F3FA0A0F00][000001F3F6CFEDC0 49] iPodTouch6, [000001F3FA10A800][000001F3F6D0F040 49] iPhone7, [000001F3FA10A900][000001F3F6D07080 49] iPodTouch7, [000001F3FA070C00][000001F3F6D13200 49] iPhone5S, [000001F3FA109300][000001F3F91F9380 49] iPhone6Plus, [000001F3FA10BA00][000001F3F91FD500 49] iPhone6S, [000001F3FA0A1300][000001F3F9201680 49] iPhone6SPlus, [000001F3FA108B00][000001F3F9205800 49] iPhone7Plus, [000001F3FA0A1600][000001F3F9209980 49] iPhoneSE, [000001F3FA108A00][000001F3F920DB00 49] iPhone8, [000001F3FA0A1200][000001F3F9210100 49] iPhone8Plus, [000001F3FA072B00][000001F3F9214280 49] iPhoneX, [000001F3FA0A0C00][000001F3F9218400 49] iPhoneXS, [000001F3FA073A00][000001F3F921C580 49] iPhoneXSMax, [000001F3FA0A3800][000001F3F9220700 49] iPhoneXR, [000001F3FA070D00][000001F3F9224880 49] iPhone11, [000001F3FA0A2600][000001F3F9228A00 49] iPhone11Pro, [000001F3FA072900][000001F3F922CB80 49] iPhone11ProMax, [000001F3FA0A0200][000001F3F9230D00 49] iPhoneSE2, [000001F3FA070B00][000001F3F6D0AE40 49] iPhone12Mini, [000001F3FA0A2A00][000001F3F9234F80 49] iPhone12, [000001F3FA072E00][000001F3F92390C0 49] iPhone12Pro, [000001F3FA0A0A00][000001F3F9241240 49] iPhone12ProMax, [000001F3FA073200][000001F3F92453C0 49] iPadPro105, [000001F3FA0A3600][000001F3F9249540 49] iPadPro129, [000001F3FA072000][000001F3F924D6C0 49] iPadPro97, [000001F3FA0A2000][000001F3F9251840 49] iPadPro2_129, [000001F3FA072400][000001F3F92559C0 49] iPad5, [000001F3FA0A1400][000001F3F9259B40 49] iPad6, [000001F3FA071000][000001F3F925C140 49] iPad7, [000001F3FA0A1700][000001F3F92602C0 49] iPad8, [000001F3FA073C00][000001F3F9264440 49] iPadPro11, [000001F3FA0A1800][000001F3F92685C0 49] iPadPro2_11, [000001F3FA070600][000001F3F926C740 49] iPadPro3_129, [000001F3FA0A0D00][000001F3F92708C0 49] iPadPro4_129, [000001F3FA073100][000001F3F9274A40 49] AppleTV, [000001F3FA0A0800][000001F3F9278BC0 49] AppleTV4K, [000001F3FA070500][000001F3F927CD40 49] TVOS, [000001F3FA0A0500][000001F3F9280EC0 49] Mac, [000001F3FA070700][000001F3F923D000 49] MacClient, [000001F3FA0A1500][000001F3F9285140 49] MacNoEditor, [000001F3FA071500][000001F3F9289280 49] MacServer, [000001F3FA0A2E00][000001F3F928D3C0 49] Linux, [000001F3FA070400][000001F3F9295540 49] LinuxAArch64, [000001F3FA0A1E00][000001F3F92996C0 49] LinuxNoEditor, [000001F3FA071C00][000001F3F929D840 49] LinuxAArch64NoEditor, [000001F3FA0A2900][000001F3F92A19C0 49] LinuxClient, [000001F3FA072D00][000001F3F92A5B40 49] LinuxAArch64Client, [000001F3FA0A0100][000001F3F92A8140 49] LinuxServer, [000001F3FA071E00][000001F3F92AC2C0 49] LinuxAArch64Server, [000001F3FA0A0B00][000001F3FA2C0440 49] Android, [000001F3FA071A00][000001F3FA2C45C0 49] Android_Low, [000001F3FA0A2F00][000001F3FA2C8740 49] Android_Mid, [000001F3FA071100][000001F3FA2CC8C0 49] Android_High, [000001F3FA0A3000][000001F3FA2D0A40 49] Android_Default, [000001F3FA071700][000001F3FA2D4BC0 49] Android_Adreno4xx, [000001F3FA0A1900][000001F3FA2D8D40 49] Android_Adreno5xx_Low, [000001F3FA070A00][000001F3FA2DCEC0 49] Android_Adreno5xx, [000001F3FA0A3400][000001F3FA2E1040 49] Android_Adreno6xx, [000001F3FA070E00][000001F3F9291180 49] Android_Adreno6xx_Vulkan, [000001F3FA0A3100][000001F3FA2E52C0 49] Android_Mali_T6xx, [000001F3FA109E00][000001F3FA2E9400 49] Android_Mali_T7xx, [000001F3FA0C8800][000001F3FA2ED540 49] Android_Mali_T8xx, [000001F3FA109200][000001F3FA2F56C0 49] Android_Mali_G71, [000001F3FA0C8E00][000001F3FA2F9840 49] Android_Mali_G72, [000001F3FA109100][000001F3FA2FD9C0 49] Android_Mali_G72_Vulkan, [000001F3FA0CA500][000001F3FA301B40 49] Android_Mali_G76, [000001F3FA109500][000001F3FA304140 49] Android_Mali_G76_Vulkan, [000001F3FA0CA000][000001F3FA3082C0 49] Android_Mali_G77, [000001F3FA10BF00][000001F3FA30C440 49] Android_Mali_G77_Vulkan, [000001F3FA0C9D00][000001F3FA3105C0 49] Android_Mali_G78, [000001F3FA108300][000001F3FA314740 49] Android_Mali_G78_Vulkan, [000001F3FA0C8400][000001F3FA3188C0 49] Android_Mali_G710, [000001F3FA10B700][000001F3FA31CA40 49] Android_Mali_G710_Vulkan, [000001F3FA0CB100][000001F3FA320BC0 49] Android_Vulkan_SM5, [000001F3FA108800][000001F3FA324D40 49] Android_PowerVR_G6xxx, [000001F3FA0C8A00][000001F3FA328EC0 49] Android_PowerVR_GT7xxx, [000001F3FA108D00][000001F3FA32D040 49] Android_PowerVR_GE8xxx, [000001F3FA0CBC00][000001F3FA3311C0 49] Android_PowerVR_GM9xxx, [000001F3FA108600][000001F3FA335340 49] Android_PowerVR_GM9xxx_Vulkan, [000001F3FA0C9200][000001F3FA2F1480 49] Android_TegraK1, [000001F3FA10AB00][000001F3FA3395C0 49] Android_Unknown_Vulkan, [000001F3FA0CB000][000001F3FA33D700 49] Lumin, [000001F3FA10A000][000001F3FA345880 49] Lumin_Desktop, [000001F3FA0CAE00][000001F3FA349A00 49] HoloLens, 
[2023.06.05-01.03.46:099][  0]LogMeshReduction: Using QuadricMeshReduction for automatic static mesh reduction
[2023.06.05-01.03.46:099][  0]LogMeshReduction: Using SimplygonMeshReduction for automatic skeletal mesh reduction
[2023.06.05-01.03.46:099][  0]LogMeshReduction: Using ProxyLODMeshReduction for automatic mesh merging
[2023.06.05-01.03.46:099][  0]LogMeshReduction: No distributed automatic mesh merging module available
[2023.06.05-01.03.46:100][  0]LogMeshMerging: No distributed automatic mesh merging module available
[2023.06.05-01.03.46:220][  0]LogNetVersion: Project 1.0.0, NetCL: 17155196, EngineNetVer: 17, GameNetVer: 0 (Checksum: 3814265607)
[2023.06.05-01.03.48:158][  0]LogTexture: Default maximum texture size for cubemaps generated from long-lat sources has been changed from 512 to unlimited. In order to preserve old behaiour for '/Engine/MapTemplates/Sky/DaylightAmbientCubemap.DaylightAmbientCubemap', its maximum texture size has been explicitly set to 512.
[2023.06.05-01.03.48:454][  0]LogHMD: PokeAHoleMaterial loaded successfully
[2023.06.05-01.03.48:469][  0]LogUObjectArray: 17178 objects as part of root set at end of initial load.
[2023.06.05-01.03.48:469][  0]LogUObjectAllocator: 4302048 out of 0 bytes used by permanent object pool.
[2023.06.05-01.03.48:469][  0]LogUObjectArray: CloseDisregardForGC: 0/0 objects in disregard for GC pool
[2023.06.05-01.03.49:582][  0]LogNiagaraDebuggerClient: Niagara Debugger Client Initialized | Session: F6D321ED48B0E40F6ED4848FBFCBEBAB | Instance: 9F212CB743132A161DA47BBE64555532 (SYD-6662B6-4488).
[2023.06.05-01.03.49:736][  0]LogPython: Using Python 3.7.7
[2023.06.05-01.03.50:854][  0]LogTcpMessaging: Initializing TcpMessaging bridge
[2023.06.05-01.03.50:865][  0]LogUdpMessaging: Initializing bridge on interface 0.0.0.0:0 to multicast group 230.0.0.1:6666.
[2023.06.05-01.03.51:211][  0]SourceControl: Source control is disabled
[2023.06.05-01.03.51:211][  0]SourceControl: Source control is disabled
[2023.06.05-01.03.51:223][  0]SourceControl: Source control is disabled
[2023.06.05-01.03.51:236][  0]SourceControl: Source control is disabled
[2023.06.05-01.03.51:264][  0]SourceControl: Source control is disabled
[2023.06.05-01.03.51:271][  0]LogUProjectInfo: Found projects:
[2023.06.05-01.03.51:902][  0]LogOpenImageDenoise: OIDN starting up
[2023.06.05-01.03.51:970][  0]LogAndroidPermission: UAndroidPermissionCallbackProxy::GetInstance
[2023.06.05-01.03.51:999][  0]LogAudioCaptureCore: Display: No Audio Capture implementations found. Audio input will be silent.
[2023.06.05-01.03.51:999][  0]LogAudioCaptureCore: Display: No Audio Capture implementations found. Audio input will be silent.
[2023.06.05-01.03.52:415][  0]LogCollectionManager: Loaded 0 collections in 0.003936 seconds
[2023.06.05-01.03.52:488][  0]LogFileCache: Scanning file cache for directory 'C:/Users/S214666/GitRepos/ProjectCRepo/MonsterMunch/Project/Saved/Collections/' took 0.00s
[2023.06.05-01.03.52:488][  0]LogFileCache: Scanning file cache for directory 'C:/Users/S214666/GitRepos/ProjectCRepo/MonsterMunch/Project/Content/Developers/s214666/Collections/' took 0.00s
[2023.06.05-01.03.52:488][  0]LogFileCache: Scanning file cache for directory 'C:/Users/S214666/GitRepos/ProjectCRepo/MonsterMunch/Project/Content/Collections/' took 0.00s
[2023.06.05-01.03.52:488][  0]LogOcInput: OculusInput pre-init called
[2023.06.05-01.03.52:988][  0]LogEngine: Initializing Engine...
[2023.06.05-01.03.53:047][  0]LogHMD: Failed to enumerate extensions. Please check that you have a valid OpenXR runtime installed.
[2023.06.05-01.03.53:047][  0]LogHMD: Failed to initialize OpenVR with code 110
[2023.06.05-01.03.53:047][  0]LogMagicLeap: Warning: VR disabled because ZI is not enabled.  To enable, in the editor, Edit -> Project Settings -> Plugins -> Magic Leap Plugin -> Enable Zero Iteration
[2023.06.05-01.03.53:056][  0]LogStats: UGameplayTagsManager::InitializeManager -  0.002 s
[2023.06.05-01.03.53:443][  0]LogInit: Initializing FReadOnlyCVARCache
[2023.06.05-01.03.53:524][  0]LogAIModule: Creating AISystem for world Untitled
[2023.06.05-01.03.53:542][  0]LogAudio: Display: Initializing Audio Device Manager...
[2023.06.05-01.03.53:547][  0]LogAudio: Display: Loading Default Audio Settings Objects...
[2023.06.05-01.03.53:552][  0]LogAudio: Display: No default SoundConcurrencyObject specified (or failed to load).
[2023.06.05-01.03.53:555][  0]LogAudio: Display: Audio Device Manager Initialized
[2023.06.05-01.03.53:555][  0]LogAudio: Display: Creating Audio Device:                 Id: 1, Scope: Shared, Realtime: True
[2023.06.05-01.03.53:556][  0]LogAudioMixer: Display: Audio Mixer Platform Settings:
[2023.06.05-01.03.53:556][  0]LogAudioMixer: Display: 	Sample Rate:						  48000
[2023.06.05-01.03.53:556][  0]LogAudioMixer: Display: 	Callback Buffer Frame Size Requested: 1024
[2023.06.05-01.03.53:556][  0]LogAudioMixer: Display: 	Callback Buffer Frame Size To Use:	  1024
[2023.06.05-01.03.53:556][  0]LogAudioMixer: Display: 	Number of buffers to queue:			  2
[2023.06.05-01.03.53:556][  0]LogAudioMixer: Display: 	Max Channels (voices):				  32
[2023.06.05-01.03.53:556][  0]LogAudioMixer: Display: 	Number of Async Source Workers:		  0
[2023.06.05-01.03.53:556][  0]LogAudio: Display: AudioDevice MaxSources: 32
[2023.06.05-01.03.53:559][  0]LogAudio: Display: Audio Spatialization Plugin: None (built-in).
[2023.06.05-01.03.53:559][  0]LogAudio: Display: Audio Reverb Plugin: None (built-in).
[2023.06.05-01.03.53:559][  0]LogAudio: Display: Audio Occlusion Plugin: None (built-in).
[2023.06.05-01.03.53:559][  0]LogAudioMixer: Display: Initializing audio mixer.
[2023.06.05-01.03.53:585][  0]LogAudioMixer: Display: 0: FrontLeft
[2023.06.05-01.03.53:585][  0]LogAudioMixer: Display: 1: FrontRight
[2023.06.05-01.03.53:620][  0]LogAudioMixer: Display: Using Audio Device Realtek HD Audio 2nd output (Realtek(R) Audio)
[2023.06.05-01.03.53:622][  0]LogAudioMixer: Display: Initializing Sound Submixes...
[2023.06.05-01.03.53:646][  0]LogAudioMixer: Display: Creating Master Submix 'MasterSubmixDefault'
[2023.06.05-01.03.53:647][  0]LogAudioMixer: Display: Creating Master Submix 'MasterReverbSubmixDefault'
[2023.06.05-01.03.53:650][  0]LogAudioMixer: Display: Creating Master Submix 'MasterEQSubmixDefault'
[2023.06.05-01.03.53:650][  0]LogAudioMixer: FMixerPlatformXAudio2::StartAudioStream() called
[2023.06.05-01.03.53:650][  0]LogAudioMixer: Display: Output buffers initialized: Frames=1024, Channels=2, Samples=2048
[2023.06.05-01.03.53:651][  0]LogAudioMixer: Display: Starting AudioMixerPlatformInterface::RunInternal()
[2023.06.05-01.03.53:651][  0]LogAudioMixer: Display: FMixerPlatformXAudio2::SubmitBuffer() called for the first time
[2023.06.05-01.03.53:651][  0]LogInit: FAudioDevice initialized.
[2023.06.05-01.03.53:654][  0]LogAudio: Display: Audio Device (ID: 1) registered with world 'Untitled'.
[2023.06.05-01.03.53:654][  0]LogNetVersion: Set ProjectVersion to 1.0.0.0. Version Checksum will be recalculated on next use.
[2023.06.05-01.03.53:745][  0]LogDerivedDataCache: Saved boot cache 0.09s 94MB C:/Users/S214666/AppData/Local/UnrealEngine/4.27/DerivedDataCache/Boot.ddc.
[2023.06.05-01.03.53:745][  0]LogInit: Texture streaming: Enabled
[2023.06.05-01.03.53:769][  0]LogAnalytics: Display: [UEEditor.Rocket.Release] APIServer = https://datarouter.ol.epicgames.com/. AppVersion = 4.27.2-18319896+++UE4+Release-4.27
[2023.06.05-01.03.53:774][  0]LogEngineSessionManager: EngineSessionManager initialized
[2023.06.05-01.03.53:774][  0]LogEditorSessionSummary: Verbose: Initializing EditorSessionSummaryWriter for editor session tracking
[2023.06.05-01.03.53:779][  0]LogEditorSessionSummary: EditorSessionSummaryWriter initialized
[2023.06.05-01.03.53:827][  0]LogInit: Transaction tracking system initialized
[2023.06.05-01.03.53:879][  0]BlueprintLog: New page: Editor Load
[2023.06.05-01.03.54:036][  0]LocalizationService: Localization service is disabled
[2023.06.05-01.03.54:111][  0]TimingProfiler: Initialize
[2023.06.05-01.03.54:114][  0]TimingProfiler: OnSessionChanged
[2023.06.05-01.03.54:114][  0]LoadingProfiler: Initialize
[2023.06.05-01.03.54:115][  0]LoadingProfiler: OnSessionChanged
[2023.06.05-01.03.54:115][  0]NetworkingProfiler: Initialize
[2023.06.05-01.03.54:116][  0]NetworkingProfiler: OnSessionChanged
[2023.06.05-01.03.54:116][  0]MemoryProfiler: Initialize
[2023.06.05-01.03.54:116][  0]MemoryProfiler: OnSessionChanged
[2023.06.05-01.03.54:374][  0]LogSlate: Took 0.005289 seconds to synchronously load lazily loaded font '../../../Engine/Content/Slate/Fonts/Roboto-Regular.ttf' (155K)
[2023.06.05-01.04.00:579][  0]LogSlate: Window 'Low drive space warning' being destroyed
[2023.06.05-01.04.00:581][  0]LogWindowsTextInputMethodSystem: Display: IME system deactivated.
[2023.06.05-01.04.00:587][  0]Message dialog closed, result: Ok, title: Low drive space warning, text: The following drive locations have limited free space.
It is recommended that you free some space to avoid issues such as crashed and data loss due to files not being able to be written and saved.

  3,383 MB Free 		 C:/Program Files/Epic Games/UE_4.27/Engine/Binaries/Win64/
 				 The base engine directory. 

  3,383 MB Free 		 C:/Users/S214666/GitRepos/ProjectCRepo/MonsterMunch/Project/
 				 The project directory. 

[2023.06.05-01.04.00:997][  0]LogCook: Display: CookSettings for Memory: MemoryMaxUsedVirtual 0MiB, MemoryMaxUsedPhysical 16384MiB, MemoryMinFreeVirtual 0MiB, MemoryMinFreePhysical 1024MiB
[2023.06.05-01.04.00:997][  0]LogCook: Display: Mobile HDR setting 1
[2023.06.05-01.04.01:421][  0]LogFileCache: Scanning file cache for directory 'C:/Users/S214666/GitRepos/ProjectCRepo/MonsterMunch/Project/Content/' took 0.01s
[2023.06.05-01.04.01:639][  0]LogInit: Display: Engine is initialized. Leaving FEngineLoop::Init()
[2023.06.05-01.04.01:651][  0]SourceControl: Source control is disabled
[2023.06.05-01.04.01:651][  0]LogUnrealEdMisc: Loading editor; pre map load, took 32.713
[2023.06.05-01.04.01:654][  0]Cmd: MAP LOAD FILE="../../../../../../Users/S214666/GitRepos/ProjectCRepo/MonsterMunch/Project/Content/Level/MainLevel.umap" TEMPLATE=0 SHOWPROGRESS=1 FEATURELEVEL=3
[2023.06.05-01.04.01:655][  0]LightingResults: New page: Lighting Build
[2023.06.05-01.04.01:669][  0]LogWorld: UWorld::CleanupWorld for Untitled, bSessionEnded=true, bCleanupResources=true
[2023.06.05-01.04.01:673][  0]LogSlate: InvalidateAllWidgets triggered.  All widgets were invalidated
[2023.06.05-01.04.01:678][  0]MapCheck: New page: Map Check
[2023.06.05-01.04.01:678][  0]LightingResults: New page: Lighting Build
[2023.06.05-01.04.01:700][  0]LogAudio: Display: Audio Device unregistered from world 'None'.
[2023.06.05-01.04.01:725][  0]LogUObjectHash: Compacting FUObjectHashTables data took   1.08ms
[2023.06.05-01.04.03:019][  0]LogAudio: Display: Audio Device (ID: 1) registered with world 'MainLevel'.
[2023.06.05-01.04.03:021][  0]LogAIModule: Creating AISystem for world MainLevel
[2023.06.05-01.04.03:077][  0]LogEditorServer: Finished looking for orphan Actors (0.000 secs)
[2023.06.05-01.04.03:097][  0]LogUObjectHash: Compacting FUObjectHashTables data took   0.94ms
[2023.06.05-01.04.03:102][  0]Cmd: MAP CHECKDEP NOCLEARLOG
[2023.06.05-01.04.03:102][  0]MapCheck: Map check complete: 0 Error(s), 0 Warning(s), took 0.38ms to complete.
[2023.06.05-01.04.03:102][  0]LogFileHelpers: Loading map 'MainLevel' took 1.450
[2023.06.05-01.04.03:152][  0]LogUnrealEdMisc: Total Editor Startup Time, took 34.214
[2023.06.05-01.04.03:221][  0]LogWindowsTextInputMethodSystem: Display: IME system deactivated.
[2023.06.05-01.04.03:951][  0]LogSlate: Only BGRA pngs, bmps or icos are supported in by External Image Picker
[2023.06.05-01.04.04:142][  0]LogSlate: Updating window title bar state: overlay mode, drag disabled, window buttons hidden, title bar hidden
[2023.06.05-01.04.04:153][  0]LogSlate: Updating window title bar state: overlay mode, drag disabled, window buttons hidden, title bar hidden
[2023.06.05-01.04.04:161][  0]LogSlate: Updating window title bar state: overlay mode, drag disabled, window buttons hidden, title bar hidden
[2023.06.05-01.04.04:168][  0]LogSlate: Updating window title bar state: overlay mode, drag disabled, window buttons hidden, title bar hidden
[2023.06.05-01.04.04:224][  0]LogNativeClassHierarchy: Verbose: Native class hierarchy populated in 0.0098 seconds. Added 3822 classes and 928 folders.
[2023.06.05-01.04.04:237][  0]LogNativeClassHierarchy: Verbose: Native class hierarchy updated for 'WidgetCarousel' in 0.0004 seconds. Added 0 classes and 0 folders.
[2023.06.05-01.04.04:252][  0]LogPakFile: PakFile PrimaryIndexSize=187
[2023.06.05-01.04.04:252][  0]LogPakFile: PakFile PathHashIndexSize=101
[2023.06.05-01.04.04:252][  0]LogPakFile: PakFile FullDirectoryIndexSize=148
[2023.06.05-01.04.04:253][  0]LogShaderLibrary: Display: ShaderCodeLibraryPakFileMountedCallback: PakFile 'C:/Program Files/Epic Games/UE_4.27/FeaturePacks/FP_FirstPerson.upack' (chunk index -1, root 'root:/') mounted
[2023.06.05-01.04.04:253][  0]LogShaderLibrary: Display: ShaderCodeLibraryPakFileMountedCallback: pending pak file info (ChunkID:-1 Root:root:/ File:C:/Program Files/Epic Games/UE_4.27/FeaturePacks/FP_FirstPerson.upack)
[2023.06.05-01.04.04:253][  0]LogPakFile: OnPakFileMounted2Time == 0.001299
[2023.06.05-01.04.04:266][  0]LogPakFile: PakFile PrimaryIndexSize=189
[2023.06.05-01.04.04:266][  0]LogPakFile: PakFile PathHashIndexSize=101
[2023.06.05-01.04.04:266][  0]LogPakFile: PakFile FullDirectoryIndexSize=152
[2023.06.05-01.04.04:266][  0]LogShaderLibrary: Display: ShaderCodeLibraryPakFileMountedCallback: PakFile 'C:/Program Files/Epic Games/UE_4.27/FeaturePacks/FP_FirstPersonBP.upack' (chunk index -1, root 'root:/') mounted
[2023.06.05-01.04.04:266][  0]LogShaderLibrary: Display: ShaderCodeLibraryPakFileMountedCallback: pending pak file info (ChunkID:-1 Root:root:/ File:C:/Program Files/Epic Games/UE_4.27/FeaturePacks/FP_FirstPersonBP.upack)
[2023.06.05-01.04.04:266][  0]LogPakFile: OnPakFileMounted2Time == 0.000374
[2023.06.05-01.04.04:273][  0]LogPakFile: PakFile PrimaryIndexSize=191
[2023.06.05-01.04.04:273][  0]LogPakFile: PakFile PathHashIndexSize=101
[2023.06.05-01.04.04:273][  0]LogPakFile: PakFile FullDirectoryIndexSize=160
[2023.06.05-01.04.04:273][  0]LogShaderLibrary: Display: ShaderCodeLibraryPakFileMountedCallback: PakFile 'C:/Program Files/Epic Games/UE_4.27/FeaturePacks/MobileStarterContent.upack' (chunk index -1, root 'root:/') mounted
[2023.06.05-01.04.04:273][  0]LogShaderLibrary: Display: ShaderCodeLibraryPakFileMountedCallback: pending pak file info (ChunkID:-1 Root:root:/ File:C:/Program Files/Epic Games/UE_4.27/FeaturePacks/MobileStarterContent.upack)
[2023.06.05-01.04.04:273][  0]LogPakFile: OnPakFileMounted2Time == 0.000044
[2023.06.05-01.04.04:279][  0]LogPakFile: PakFile PrimaryIndexSize=185
[2023.06.05-01.04.04:279][  0]LogPakFile: PakFile PathHashIndexSize=101
[2023.06.05-01.04.04:279][  0]LogPakFile: PakFile FullDirectoryIndexSize=148
[2023.06.05-01.04.04:279][  0]LogShaderLibrary: Display: ShaderCodeLibraryPakFileMountedCallback: PakFile 'C:/Program Files/Epic Games/UE_4.27/FeaturePacks/StarterContent.upack' (chunk index -1, root 'root:/') mounted
[2023.06.05-01.04.04:279][  0]LogShaderLibrary: Display: ShaderCodeLibraryPakFileMountedCallback: pending pak file info (ChunkID:-1 Root:root:/ File:C:/Program Files/Epic Games/UE_4.27/FeaturePacks/StarterContent.upack)
[2023.06.05-01.04.04:279][  0]LogPakFile: OnPakFileMounted2Time == 0.000047
[2023.06.05-01.04.04:286][  0]LogPakFile: PakFile PrimaryIndexSize=190
[2023.06.05-01.04.04:286][  0]LogPakFile: PakFile PathHashIndexSize=101
[2023.06.05-01.04.04:286][  0]LogPakFile: PakFile FullDirectoryIndexSize=154
[2023.06.05-01.04.04:286][  0]LogShaderLibrary: Display: ShaderCodeLibraryPakFileMountedCallback: PakFile 'C:/Program Files/Epic Games/UE_4.27/FeaturePacks/TP_2DSideScroller.upack' (chunk index -1, root 'root:/') mounted
[2023.06.05-01.04.04:286][  0]LogShaderLibrary: Display: ShaderCodeLibraryPakFileMountedCallback: pending pak file info (ChunkID:-1 Root:root:/ File:C:/Program Files/Epic Games/UE_4.27/FeaturePacks/TP_2DSideScroller.upack)
[2023.06.05-01.04.04:286][  0]LogPakFile: OnPakFileMounted2Time == 0.000076
[2023.06.05-01.04.04:292][  0]LogPakFile: PakFile PrimaryIndexSize=192
[2023.06.05-01.04.04:292][  0]LogPakFile: PakFile PathHashIndexSize=101
[2023.06.05-01.04.04:292][  0]LogPakFile: PakFile FullDirectoryIndexSize=158
[2023.06.05-01.04.04:292][  0]LogShaderLibrary: Display: ShaderCodeLibraryPakFileMountedCallback: PakFile 'C:/Program Files/Epic Games/UE_4.27/FeaturePacks/TP_2DSideScrollerBP.upack' (chunk index -1, root 'root:/') mounted
[2023.06.05-01.04.04:293][  0]LogShaderLibrary: Display: ShaderCodeLibraryPakFileMountedCallback: pending pak file info (ChunkID:-1 Root:root:/ File:C:/Program Files/Epic Games/UE_4.27/FeaturePacks/TP_2DSideScrollerBP.upack)
[2023.06.05-01.04.04:293][  0]LogPakFile: OnPakFileMounted2Time == 0.000060
[2023.06.05-01.04.04:299][  0]LogPakFile: PakFile PrimaryIndexSize=182
[2023.06.05-01.04.04:299][  0]LogPakFile: PakFile PathHashIndexSize=101
[2023.06.05-01.04.04:299][  0]LogPakFile: PakFile FullDirectoryIndexSize=138
[2023.06.05-01.04.04:299][  0]LogShaderLibrary: Display: ShaderCodeLibraryPakFileMountedCallback: PakFile 'C:/Program Files/Epic Games/UE_4.27/FeaturePacks/TP_Flying.upack' (chunk index -1, root 'root:/') mounted
[2023.06.05-01.04.04:299][  0]LogShaderLibrary: Display: ShaderCodeLibraryPakFileMountedCallback: pending pak file info (ChunkID:-1 Root:root:/ File:C:/Program Files/Epic Games/UE_4.27/FeaturePacks/TP_Flying.upack)
[2023.06.05-01.04.04:299][  0]LogPakFile: OnPakFileMounted2Time == 0.000045
[2023.06.05-01.04.04:306][  0]LogPakFile: PakFile PrimaryIndexSize=184
[2023.06.05-01.04.04:306][  0]LogPakFile: PakFile PathHashIndexSize=101
[2023.06.05-01.04.04:306][  0]LogPakFile: PakFile FullDirectoryIndexSize=142
[2023.06.05-01.04.04:306][  0]LogShaderLibrary: Display: ShaderCodeLibraryPakFileMountedCallback: PakFile 'C:/Program Files/Epic Games/UE_4.27/FeaturePacks/TP_FlyingBP.upack' (chunk index -1, root 'root:/') mounted
[2023.06.05-01.04.04:306][  0]LogShaderLibrary: Display: ShaderCodeLibraryPakFileMountedCallback: pending pak file info (ChunkID:-1 Root:root:/ File:C:/Program Files/Epic Games/UE_4.27/FeaturePacks/TP_FlyingBP.upack)
[2023.06.05-01.04.04:306][  0]LogPakFile: OnPakFileMounted2Time == 0.000047
[2023.06.05-01.04.04:313][  0]LogPakFile: PakFile PrimaryIndexSize=188
[2023.06.05-01.04.04:313][  0]LogPakFile: PakFile PathHashIndexSize=101
[2023.06.05-01.04.04:313][  0]LogPakFile: PakFile FullDirectoryIndexSize=150
[2023.06.05-01.04.04:313][  0]LogShaderLibrary: Display: ShaderCodeLibraryPakFileMountedCallback: PakFile 'C:/Program Files/Epic Games/UE_4.27/FeaturePacks/TP_HandheldARBP.upack' (chunk index -1, root 'root:/') mounted
[2023.06.05-01.04.04:313][  0]LogShaderLibrary: Display: ShaderCodeLibraryPakFileMountedCallback: pending pak file info (ChunkID:-1 Root:root:/ File:C:/Program Files/Epic Games/UE_4.27/FeaturePacks/TP_HandheldARBP.upack)
[2023.06.05-01.04.04:313][  0]LogPakFile: OnPakFileMounted2Time == 0.000051
[2023.06.05-01.04.04:323][  0]LogPakFile: PakFile PrimaryIndexSize=182
[2023.06.05-01.04.04:324][  0]LogPakFile: PakFile PathHashIndexSize=101
[2023.06.05-01.04.04:324][  0]LogPakFile: PakFile FullDirectoryIndexSize=138
[2023.06.05-01.04.04:324][  0]LogShaderLibrary: Display: ShaderCodeLibraryPakFileMountedCallback: PakFile 'C:/Program Files/Epic Games/UE_4.27/FeaturePacks/TP_Puzzle.upack' (chunk index -1, root 'root:/') mounted
[2023.06.05-01.04.04:324][  0]LogShaderLibrary: Display: ShaderCodeLibraryPakFileMountedCallback: pending pak file info (ChunkID:-1 Root:root:/ File:C:/Program Files/Epic Games/UE_4.27/FeaturePacks/TP_Puzzle.upack)
[2023.06.05-01.04.04:324][  0]LogPakFile: OnPakFileMounted2Time == 0.000056
[2023.06.05-01.04.04:330][  0]LogPakFile: PakFile PrimaryIndexSize=184
[2023.06.05-01.04.04:330][  0]LogPakFile: PakFile PathHashIndexSize=101
[2023.06.05-01.04.04:331][  0]LogPakFile: PakFile FullDirectoryIndexSize=142
[2023.06.05-01.04.04:331][  0]LogShaderLibrary: Display: ShaderCodeLibraryPakFileMountedCallback: PakFile 'C:/Program Files/Epic Games/UE_4.27/FeaturePacks/TP_PuzzleBP.upack' (chunk index -1, root 'root:/') mounted
[2023.06.05-01.04.04:331][  0]LogShaderLibrary: Display: ShaderCodeLibraryPakFileMountedCallback: pending pak file info (ChunkID:-1 Root:root:/ File:C:/Program Files/Epic Games/UE_4.27/FeaturePacks/TP_PuzzleBP.upack)
[2023.06.05-01.04.04:331][  0]LogPakFile: OnPakFileMounted2Time == 0.000052
[2023.06.05-01.04.04:337][  0]LogPakFile: PakFile PrimaryIndexSize=183
[2023.06.05-01.04.04:337][  0]LogPakFile: PakFile PathHashIndexSize=101
[2023.06.05-01.04.04:337][  0]LogPakFile: PakFile FullDirectoryIndexSize=140
[2023.06.05-01.04.04:337][  0]LogShaderLibrary: Display: ShaderCodeLibraryPakFileMountedCallback: PakFile 'C:/Program Files/Epic Games/UE_4.27/FeaturePacks/TP_Rolling.upack' (chunk index -1, root 'root:/') mounted
[2023.06.05-01.04.04:338][  0]LogShaderLibrary: Display: ShaderCodeLibraryPakFileMountedCallback: pending pak file info (ChunkID:-1 Root:root:/ File:C:/Program Files/Epic Games/UE_4.27/FeaturePacks/TP_Rolling.upack)
[2023.06.05-01.04.04:338][  0]LogPakFile: OnPakFileMounted2Time == 0.000094
[2023.06.05-01.04.04:345][  0]LogPakFile: PakFile PrimaryIndexSize=185
[2023.06.05-01.04.04:345][  0]LogPakFile: PakFile PathHashIndexSize=101
[2023.06.05-01.04.04:345][  0]LogPakFile: PakFile FullDirectoryIndexSize=144
[2023.06.05-01.04.04:345][  0]LogShaderLibrary: Display: ShaderCodeLibraryPakFileMountedCallback: PakFile 'C:/Program Files/Epic Games/UE_4.27/FeaturePacks/TP_RollingBP.upack' (chunk index -1, root 'root:/') mounted
[2023.06.05-01.04.04:345][  0]LogShaderLibrary: Display: ShaderCodeLibraryPakFileMountedCallback: pending pak file info (ChunkID:-1 Root:root:/ File:C:/Program Files/Epic Games/UE_4.27/FeaturePacks/TP_RollingBP.upack)
[2023.06.05-01.04.04:345][  0]LogPakFile: OnPakFileMounted2Time == 0.000047
[2023.06.05-01.04.04:353][  0]LogPakFile: PakFile PrimaryIndexSize=188
[2023.06.05-01.04.04:353][  0]LogPakFile: PakFile PathHashIndexSize=101
[2023.06.05-01.04.04:353][  0]LogPakFile: PakFile FullDirectoryIndexSize=150
[2023.06.05-01.04.04:353][  0]LogShaderLibrary: Display: ShaderCodeLibraryPakFileMountedCallback: PakFile 'C:/Program Files/Epic Games/UE_4.27/FeaturePacks/TP_SideScroller.upack' (chunk index -1, root 'root:/') mounted
[2023.06.05-01.04.04:353][  0]LogShaderLibrary: Display: ShaderCodeLibraryPakFileMountedCallback: pending pak file info (ChunkID:-1 Root:root:/ File:C:/Program Files/Epic Games/UE_4.27/FeaturePacks/TP_SideScroller.upack)
[2023.06.05-01.04.04:353][  0]LogPakFile: OnPakFileMounted2Time == 0.000076
[2023.06.05-01.04.04:376][  0]LogPakFile: PakFile PrimaryIndexSize=190
[2023.06.05-01.04.04:376][  0]LogPakFile: PakFile PathHashIndexSize=101
[2023.06.05-01.04.04:376][  0]LogPakFile: PakFile FullDirectoryIndexSize=154
[2023.06.05-01.04.04:376][  0]LogShaderLibrary: Display: ShaderCodeLibraryPakFileMountedCallback: PakFile 'C:/Program Files/Epic Games/UE_4.27/FeaturePacks/TP_SideScrollerBP.upack' (chunk index -1, root 'root:/') mounted
[2023.06.05-01.04.04:376][  0]LogShaderLibrary: Display: ShaderCodeLibraryPakFileMountedCallback: pending pak file info (ChunkID:-1 Root:root:/ File:C:/Program Files/Epic Games/UE_4.27/FeaturePacks/TP_SideScrollerBP.upack)
[2023.06.05-01.04.04:376][  0]LogPakFile: OnPakFileMounted2Time == 0.000055
[2023.06.05-01.04.04:384][  0]LogPakFile: PakFile PrimaryIndexSize=187
[2023.06.05-01.04.04:384][  0]LogPakFile: PakFile PathHashIndexSize=101
[2023.06.05-01.04.04:384][  0]LogPakFile: PakFile FullDirectoryIndexSize=148
[2023.06.05-01.04.04:384][  0]LogShaderLibrary: Display: ShaderCodeLibraryPakFileMountedCallback: PakFile 'C:/Program Files/Epic Games/UE_4.27/FeaturePacks/TP_ThirdPerson.upack' (chunk index -1, root 'root:/') mounted
[2023.06.05-01.04.04:384][  0]LogShaderLibrary: Display: ShaderCodeLibraryPakFileMountedCallback: pending pak file info (ChunkID:-1 Root:root:/ File:C:/Program Files/Epic Games/UE_4.27/FeaturePacks/TP_ThirdPerson.upack)
[2023.06.05-01.04.04:384][  0]LogPakFile: OnPakFileMounted2Time == 0.000110
[2023.06.05-01.04.04:396][  0]LogPakFile: PakFile PrimaryIndexSize=189
[2023.06.05-01.04.04:396][  0]LogPakFile: PakFile PathHashIndexSize=101
[2023.06.05-01.04.04:396][  0]LogPakFile: PakFile FullDirectoryIndexSize=152
[2023.06.05-01.04.04:396][  0]LogShaderLibrary: Display: ShaderCodeLibraryPakFileMountedCallback: PakFile 'C:/Program Files/Epic Games/UE_4.27/FeaturePacks/TP_ThirdPersonBP.upack' (chunk index -1, root 'root:/') mounted
[2023.06.05-01.04.04:396][  0]LogShaderLibrary: Display: ShaderCodeLibraryPakFileMountedCallback: pending pak file info (ChunkID:-1 Root:root:/ File:C:/Program Files/Epic Games/UE_4.27/FeaturePacks/TP_ThirdPersonBP.upack)
[2023.06.05-01.04.04:396][  0]LogPakFile: OnPakFileMounted2Time == 0.000076
[2023.06.05-01.04.04:405][  0]LogPakFile: PakFile PrimaryIndexSize=183
[2023.06.05-01.04.04:405][  0]LogPakFile: PakFile PathHashIndexSize=101
[2023.06.05-01.04.04:405][  0]LogPakFile: PakFile FullDirectoryIndexSize=140
[2023.06.05-01.04.04:405][  0]LogShaderLibrary: Display: ShaderCodeLibraryPakFileMountedCallback: PakFile 'C:/Program Files/Epic Games/UE_4.27/FeaturePacks/TP_TopDown.upack' (chunk index -1, root 'root:/') mounted
[2023.06.05-01.04.04:405][  0]LogShaderLibrary: Display: ShaderCodeLibraryPakFileMountedCallback: pending pak file info (ChunkID:-1 Root:root:/ File:C:/Program Files/Epic Games/UE_4.27/FeaturePacks/TP_TopDown.upack)
[2023.06.05-01.04.04:405][  0]LogPakFile: OnPakFileMounted2Time == 0.000056
[2023.06.05-01.04.04:415][  0]LogPakFile: PakFile PrimaryIndexSize=185
[2023.06.05-01.04.04:415][  0]LogPakFile: PakFile PathHashIndexSize=101
[2023.06.05-01.04.04:415][  0]LogPakFile: PakFile FullDirectoryIndexSize=144
[2023.06.05-01.04.04:415][  0]LogShaderLibrary: Display: ShaderCodeLibraryPakFileMountedCallback: PakFile 'C:/Program Files/Epic Games/UE_4.27/FeaturePacks/TP_TopDownBP.upack' (chunk index -1, root 'root:/') mounted
[2023.06.05-01.04.04:415][  0]LogShaderLibrary: Display: ShaderCodeLibraryPakFileMountedCallback: pending pak file info (ChunkID:-1 Root:root:/ File:C:/Program Files/Epic Games/UE_4.27/FeaturePacks/TP_TopDownBP.upack)
[2023.06.05-01.04.04:416][  0]LogPakFile: OnPakFileMounted2Time == 0.000065
[2023.06.05-01.04.04:431][  0]LogPakFile: PakFile PrimaryIndexSize=185
[2023.06.05-01.04.04:431][  0]LogPakFile: PakFile PathHashIndexSize=101
[2023.06.05-01.04.04:431][  0]LogPakFile: PakFile FullDirectoryIndexSize=144
[2023.06.05-01.04.04:431][  0]LogShaderLibrary: Display: ShaderCodeLibraryPakFileMountedCallback: PakFile 'C:/Program Files/Epic Games/UE_4.27/FeaturePacks/TP_TwinStick.upack' (chunk index -1, root 'root:/') mounted
[2023.06.05-01.04.04:431][  0]LogShaderLibrary: Display: ShaderCodeLibraryPakFileMountedCallback: pending pak file info (ChunkID:-1 Root:root:/ File:C:/Program Files/Epic Games/UE_4.27/FeaturePacks/TP_TwinStick.upack)
[2023.06.05-01.04.04:431][  0]LogPakFile: OnPakFileMounted2Time == 0.000043
[2023.06.05-01.04.04:439][  0]LogPakFile: PakFile PrimaryIndexSize=187
[2023.06.05-01.04.04:439][  0]LogPakFile: PakFile PathHashIndexSize=101
[2023.06.05-01.04.04:439][  0]LogPakFile: PakFile FullDirectoryIndexSize=148
[2023.06.05-01.04.04:439][  0]LogShaderLibrary: Display: ShaderCodeLibraryPakFileMountedCallback: PakFile 'C:/Program Files/Epic Games/UE_4.27/FeaturePacks/TP_TwinStickBP.upack' (chunk index -1, root 'root:/') mounted
[2023.06.05-01.04.04:439][  0]LogShaderLibrary: Display: ShaderCodeLibraryPakFileMountedCallback: pending pak file info (ChunkID:-1 Root:root:/ File:C:/Program Files/Epic Games/UE_4.27/FeaturePacks/TP_TwinStickBP.upack)
[2023.06.05-01.04.04:439][  0]LogPakFile: OnPakFileMounted2Time == 0.000070
[2023.06.05-01.04.04:447][  0]LogPakFile: PakFile PrimaryIndexSize=183
[2023.06.05-01.04.04:447][  0]LogPakFile: PakFile PathHashIndexSize=101
[2023.06.05-01.04.04:447][  0]LogPakFile: PakFile FullDirectoryIndexSize=140
[2023.06.05-01.04.04:447][  0]LogShaderLibrary: Display: ShaderCodeLibraryPakFileMountedCallback: PakFile 'C:/Program Files/Epic Games/UE_4.27/FeaturePacks/TP_Vehicle.upack' (chunk index -1, root 'root:/') mounted
[2023.06.05-01.04.04:447][  0]LogShaderLibrary: Display: ShaderCodeLibraryPakFileMountedCallback: pending pak file info (ChunkID:-1 Root:root:/ File:C:/Program Files/Epic Games/UE_4.27/FeaturePacks/TP_Vehicle.upack)
[2023.06.05-01.04.04:447][  0]LogPakFile: OnPakFileMounted2Time == 0.000054
[2023.06.05-01.04.04:455][  0]LogPakFile: PakFile PrimaryIndexSize=186
[2023.06.05-01.04.04:455][  0]LogPakFile: PakFile PathHashIndexSize=101
[2023.06.05-01.04.04:455][  0]LogPakFile: PakFile FullDirectoryIndexSize=146
[2023.06.05-01.04.04:456][  0]LogShaderLibrary: Display: ShaderCodeLibraryPakFileMountedCallback: PakFile 'C:/Program Files/Epic Games/UE_4.27/FeaturePacks/TP_VehicleAdv.upack' (chunk index -1, root 'root:/') mounted
[2023.06.05-01.04.04:456][  0]LogShaderLibrary: Display: ShaderCodeLibraryPakFileMountedCallback: pending pak file info (ChunkID:-1 Root:root:/ File:C:/Program Files/Epic Games/UE_4.27/FeaturePacks/TP_VehicleAdv.upack)
[2023.06.05-01.04.04:456][  0]LogPakFile: OnPakFileMounted2Time == 0.000077
[2023.06.05-01.04.04:465][  0]LogPakFile: PakFile PrimaryIndexSize=188
[2023.06.05-01.04.04:465][  0]LogPakFile: PakFile PathHashIndexSize=101
[2023.06.05-01.04.04:465][  0]LogPakFile: PakFile FullDirectoryIndexSize=150
[2023.06.05-01.04.04:465][  0]LogShaderLibrary: Display: ShaderCodeLibraryPakFileMountedCallback: PakFile 'C:/Program Files/Epic Games/UE_4.27/FeaturePacks/TP_VehicleAdvBP.upack' (chunk index -1, root 'root:/') mounted
[2023.06.05-01.04.04:465][  0]LogShaderLibrary: Display: ShaderCodeLibraryPakFileMountedCallback: pending pak file info (ChunkID:-1 Root:root:/ File:C:/Program Files/Epic Games/UE_4.27/FeaturePacks/TP_VehicleAdvBP.upack)
[2023.06.05-01.04.04:466][  0]LogPakFile: OnPakFileMounted2Time == 0.000083
[2023.06.05-01.04.04:473][  0]LogPakFile: PakFile PrimaryIndexSize=185
[2023.06.05-01.04.04:473][  0]LogPakFile: PakFile PathHashIndexSize=101
[2023.06.05-01.04.04:473][  0]LogPakFile: PakFile FullDirectoryIndexSize=144
[2023.06.05-01.04.04:473][  0]LogShaderLibrary: Display: ShaderCodeLibraryPakFileMountedCallback: PakFile 'C:/Program Files/Epic Games/UE_4.27/FeaturePacks/TP_VehicleBP.upack' (chunk index -1, root 'root:/') mounted
[2023.06.05-01.04.04:473][  0]LogShaderLibrary: Display: ShaderCodeLibraryPakFileMountedCallback: pending pak file info (ChunkID:-1 Root:root:/ File:C:/Program Files/Epic Games/UE_4.27/FeaturePacks/TP_VehicleBP.upack)
[2023.06.05-01.04.04:473][  0]LogPakFile: OnPakFileMounted2Time == 0.000048
[2023.06.05-01.04.04:479][  0]LogPakFile: PakFile PrimaryIndexSize=192
[2023.06.05-01.04.04:479][  0]LogPakFile: PakFile PathHashIndexSize=101
[2023.06.05-01.04.04:479][  0]LogPakFile: PakFile FullDirectoryIndexSize=158
[2023.06.05-01.04.04:479][  0]LogShaderLibrary: Display: ShaderCodeLibraryPakFileMountedCallback: PakFile 'C:/Program Files/Epic Games/UE_4.27/FeaturePacks/TP_VirtualRealityBP.upack' (chunk index -1, root 'root:/') mounted
[2023.06.05-01.04.04:479][  0]LogShaderLibrary: Display: ShaderCodeLibraryPakFileMountedCallback: pending pak file info (ChunkID:-1 Root:root:/ File:C:/Program Files/Epic Games/UE_4.27/FeaturePacks/TP_VirtualRealityBP.upack)
[2023.06.05-01.04.04:479][  0]LogPakFile: OnPakFileMounted2Time == 0.000046
[2023.06.05-01.04.04:778][  0]LogNativeClassHierarchy: Verbose: Native class hierarchy updated for 'AddContentDialog' in 0.0003 seconds. Added 0 classes and 0 folders.
[2023.06.05-01.04.04:908][  0]LogSlate: Took 0.006068 seconds to synchronously load lazily loaded font '../../../Engine/Content/Editor/Slate/Fonts/FontAwesome.ttf' (139K)
[2023.06.05-01.04.04:924][  0]LogSlate: Took 0.005281 seconds to synchronously load lazily loaded font '../../../Engine/Content/Slate/Fonts/Roboto-Bold.ttf' (160K)
[2023.06.05-01.04.05:046][  0]LogRenderer: Reallocating scene render targets to support 1240x652 Format 10 NumSamples 1 (Frame:1).
[2023.06.05-01.04.05:276][  0]LogNativeClassHierarchy: Verbose: Native class hierarchy updated for 'HierarchicalLODOutliner' in 0.0004 seconds. Added 0 classes and 0 folders.
[2023.06.05-01.04.05:276][  0]LogLoad: (Engine Initialization) Total time: 36.34 seconds
[2023.06.05-01.04.05:276][  0]LogLoad: (Engine Initialization) Total Blueprint compile time: 0.00 seconds
[2023.06.05-01.04.05:404][  0]LogContentStreaming: Texture pool size now 1000 MB
[2023.06.05-01.04.05:457][  1]LogAssetRegistry: Asset discovery search completed in 20.5760 seconds
[2023.06.05-01.04.05:500][  1]LogCollectionManager: Fixed up redirectors for 0 collections in 0.000264 seconds (updated 0 objects)
[2023.06.05-01.04.05:569][  2]LogSlate: Took 0.000822 seconds to synchronously load lazily loaded font '../../../Engine/Content/Slate/Fonts/Roboto-Light.ttf' (167K)
[2023.06.05-01.04.06:304][ 86]LogSlate: Took 0.000167 seconds to synchronously load lazily loaded font '../../../Engine/Content/Slate/Fonts/Roboto-Light.ttf' (167K)
[2023.06.05-01.04.06:323][ 86]LogAssetEditorSubsystem: Opening Asset editor for Blueprint /Game/Blueprints/Family/BP_Mother1.BP_Mother1
[2023.06.05-01.04.07:252][ 86]LogNativeClassHierarchy: Verbose: Native class hierarchy updated for 'BlueprintGraph' in 0.0005 seconds. Added 126 classes and 0 folders.
[2023.06.05-01.04.08:386][ 86]LogAssetEditorSubsystem: Opening Asset editor for Blueprint /Game/Blueprints/Family/BP_Father1.BP_Father1
[2023.06.05-01.04.08:769][ 86]LogAssetEditorSubsystem: Opening Asset editor for Blueprint /Game/Blueprints/Family/BP_Child.BP_Child
[2023.06.05-01.04.09:135][ 86]LogAssetEditorSubsystem: Opening Asset editor for Blueprint /Game/Blueprints/Family/BP_Family1.BP_Family1
[2023.06.05-01.04.09:619][ 86]LogAssetEditorSubsystem: Opening Asset editor for WidgetBlueprint /Game/Blueprints/UI/UI_MainMenu.UI_MainMenu
[2023.06.05-01.04.10:136][ 86]LogAssetEditorSubsystem: Opening Asset editor for Blueprint /Game/Blueprints/Player/BP_PlayerCamera.BP_PlayerCamera
[2023.06.05-01.04.10:536][ 86]LogAssetEditorSubsystem: Opening Asset editor for Blueprint /Game/Blueprints/Player/SG_HighScore.SG_HighScore
[2023.06.05-01.04.11:555][ 86]LogSlate: Took 0.006875 seconds to synchronously load lazily loaded font '../../../Engine/Content/Slate/Fonts/Roboto-BoldCondensed.ttf' (158K)
[2023.06.05-01.04.11:734][ 87]LogPropertyNode: Warning: Clamp Min (0.1) >= Clamp Max (0,.9) for Ranged Numeric property /Game/Blueprints/Player/BP_PlayerCamera.BP_PlayerCamera_C:Scoring Rate
[2023.06.05-01.04.11:734][ 87]LogPropertyNode: Warning: UI Min (0.1) >= UI Max (0,.9) for Ranged Numeric property /Game/Blueprints/Player/BP_PlayerCamera.BP_PlayerCamera_C:Scoring Rate
[2023.06.05-01.04.15:952][529]LogSlate: Took 0.007883 seconds to synchronously load lazily loaded font '../../../Engine/Content/Slate/Fonts/Roboto-Italic.ttf' (157K)
[2023.06.05-01.04.16:238][563]LogSlate: Window 'BP_Mother1' being destroyed
