Log file open, 05/30/23 23:08:41
LogWindows: Failed to load 'aqProf.dll' (GetLastError=126)
LogWindows: File 'aqProf.dll' does not exist
LogWindows: Failed to load 'VtuneApi.dll' (GetLastError=126)
LogWindows: File 'VtuneApi.dll' does not exist
LogWindows: Failed to load 'VtuneApi32e.dll' (GetLastError=126)
LogWindows: File 'VtuneApi32e.dll' does not exist
LogConsoleResponse: Display: Failed to find resolution value strings in scalability ini. Falling back to default.
LogConsoleResponse: Display: Failed to find resolution value strings in scalability ini. Falling back to default.
LogInit: Display: Running engine for game: Project
LogPlatformFile: Not using cached read wrapper
LogTaskGraph: Started task graph with 5 named threads and 59 total threads with 3 sets of task threads.
LogStats: Stats thread started at 0.186953
LogICUInternationalization: ICU TimeZone Detection - Raw Offset: +10:00, Platform Override: ''
LogInit: Display: Loading text-based GConfig....
LogPluginManager: Mounting plugin MeshPainting
LogPluginManager: Mounting plugin XGEController
LogPluginManager: Mounting plugin Paper2D
LogPluginManager: Mounting plugin LiveLink
LogPluginManager: Mounting plugin EnvironmentQueryEditor
LogPluginManager: Mounting plugin AISupport
LogPluginManager: Mounting plugin LightPropagationVolume
LogPluginManager: Mounting plugin AnimationSharing
LogPluginManager: Mounting plugin CLionSourceCodeAccess
LogPluginManager: Mounting plugin CodeLiteSourceCodeAccess
LogPluginManager: Mounting plugin NullSourceCodeAccess
LogPluginManager: Mounting plugin GitSourceControl
LogPluginManager: Mounting plugin KDevelopSourceCodeAccess
LogPluginManager: Mounting plugin PerforceSourceControl
LogPluginManager: Mounting plugin OodleData
LogPluginManager: Mounting plugin PixWinPlugin
LogPluginManager: Mounting plugin PlasticSourceControl
LogPluginManager: Mounting plugin PluginUtils
LogPluginManager: Mounting plugin PropertyAccessNode
LogPluginManager: Mounting plugin OodleNetwork
LogPluginManager: Mounting plugin AssetManagerEditor
LogPluginManager: Mounting plugin SubversionSourceControl
LogPluginManager: Mounting plugin TextureFormatOodle
LogPluginManager: Mounting plugin UObjectPlugin
LogPluginManager: Mounting plugin VisualStudioCodeSourceCodeAccess
LogPluginManager: Mounting plugin VisualStudioSourceCodeAccess
LogPluginManager: Mounting plugin RiderSourceCodeAccess
LogPluginManager: Mounting plugin AlembicImporter
LogPluginManager: Mounting plugin XCodeSourceCodeAccess
LogPluginManager: Mounting plugin AutomationUtils
LogPluginManager: Mounting plugin BackChannel
LogPluginManager: Mounting plugin Niagara
LogPluginManager: Mounting plugin ChaosCloth
LogPluginManager: Mounting plugin ChaosEditor
LogPluginManager: Mounting plugin ChaosNiagara
LogPluginManager: Mounting plugin ChaosClothEditor
LogPluginManager: Mounting plugin ChaosSolverPlugin
LogPluginManager: Mounting plugin CurveEditorTools
LogPluginManager: Mounting plugin CryptoKeys
LogPluginManager: Mounting plugin DataValidation
LogPluginManager: Mounting plugin CharacterAI
LogPluginManager: Mounting plugin FacialAnimation
LogPluginManager: Mounting plugin GameplayTagsEditor
LogPluginManager: Mounting plugin GeometryCache
LogPluginManager: Mounting plugin GeometryMode
LogPluginManager: Mounting plugin GeometryCollectionPlugin
LogPluginManager: Mounting plugin MacGraphicsSwitching
LogPluginManager: Mounting plugin MaterialAnalyzer
LogPluginManager: Mounting plugin DatasmithContent
LogPluginManager: Mounting plugin MobileLauncherProfileWizard
LogPluginManager: Mounting plugin PluginBrowser
LogPluginManager: Mounting plugin SpeedTreeImporter
LogPluginManager: Mounting plugin GeometryProcessing
LogPluginManager: Mounting plugin VariantManagerContent
LogPluginManager: Mounting plugin MotoSynth
LogPluginManager: Mounting plugin OpenImageDenoise
LogPluginManager: Mounting plugin PlanarCut
LogPluginManager: Mounting plugin PlatformCrypto
LogPluginManager: Mounting plugin ProxyLODPlugin
LogPluginManager: Mounting plugin PythonScriptPlugin
LogPluginManager: Mounting plugin SkeletalReduction
LogPluginManager: Mounting plugin LuminPlatformFeatures
LogPluginManager: Mounting plugin MagicLeap
LogPluginManager: Mounting plugin MagicLeapLightEstimation
LogPluginManager: Mounting plugin MagicLeapMedia
LogPluginManager: Mounting plugin MagicLeapPassableWorld
LogPluginManager: Mounting plugin AndroidMedia
LogPluginManager: Mounting plugin MLSDK
LogPluginManager: Mounting plugin AvfMedia
LogPluginManager: Mounting plugin ImgMedia
LogPluginManager: Mounting plugin MediaPlayerEditor
LogPluginManager: Mounting plugin WebMMedia
LogPluginManager: Mounting plugin WmfMedia
LogPluginManager: Mounting plugin MediaCompositing
LogPluginManager: Mounting plugin TcpMessaging
LogPluginManager: Mounting plugin UdpMessaging
LogPluginManager: Mounting plugin ActorSequence
LogPluginManager: Mounting plugin LevelSequenceEditor
LogPluginManager: Mounting plugin MatineeToLevelSequence
LogPluginManager: Mounting plugin TemplateSequence
LogPluginManager: Mounting plugin OnlineSubsystem
LogPluginManager: Mounting plugin OnlineSubsystemNull
LogPluginManager: Mounting plugin LauncherChunkInstaller
LogPluginManager: Mounting plugin OnlineSubsystemUtils
LogPluginManager: Mounting plugin ActorLayerUtilities
LogPluginManager: Mounting plugin AndroidDeviceProfileSelector
LogPluginManager: Mounting plugin AndroidPermission
LogPluginManager: Mounting plugin AndroidMoviePlayer
LogPluginManager: Mounting plugin AppleImageUtils
LogPluginManager: Mounting plugin AppleMoviePlayer
LogPluginManager: Mounting plugin ArchVisCharacter
LogPluginManager: Mounting plugin AssetTags
LogPluginManager: Mounting plugin AudioSynesthesia
LogPluginManager: Mounting plugin AudioCapture
LogPluginManager: Mounting plugin CustomMeshComponent
LogPluginManager: Mounting plugin ChunkDownloader
LogPluginManager: Mounting plugin CableComponent
LogPluginManager: Mounting plugin GoogleCloudMessaging
LogPluginManager: Mounting plugin GooglePAD
LogPluginManager: Mounting plugin ExampleDeviceProfileSelector
LogPluginManager: Mounting plugin EditableMesh
LogPluginManager: Mounting plugin IOSDeviceProfileSelector
LogPluginManager: Mounting plugin LinuxDeviceProfileSelector
LogPluginManager: Mounting plugin LocationServicesBPLibrary
LogPluginManager: Mounting plugin MobilePatchingUtils
LogPluginManager: Mounting plugin OpenXR
LogPluginManager: Mounting plugin OpenXREyeTracker
LogPluginManager: Mounting plugin OpenXRHandTracking
LogPluginManager: Mounting plugin SignificanceManager
LogPluginManager: Mounting plugin ProceduralMeshComponent
LogPluginManager: Mounting plugin PostSplashScreen
LogPluginManager: Mounting plugin RuntimePhysXCooking
LogPluginManager: Mounting plugin ScreenshotTools
LogPluginManager: Mounting plugin SoundFields
LogPluginManager: Mounting plugin PhysXVehicles
LogPluginManager: Mounting plugin PropertyAccessEditor
LogPluginManager: Mounting plugin Synthesis
LogPluginManager: Mounting plugin WebMMoviePlayer
LogPluginManager: Mounting plugin WindowsMoviePlayer
LogPluginManager: Mounting plugin GameplayCameras
LogPluginManager: Mounting plugin Takes
LogPluginManager: Mounting plugin CameraShakePreviewer
LogPluginManager: Mounting plugin ContentBrowserAssetDataSource
LogPluginManager: Mounting plugin ContentBrowserFileDataSource
LogPluginManager: Mounting plugin ContentBrowserClassDataSource
LogPluginManager: Mounting plugin OnlineSubsystemGooglePlay
LogPluginManager: Mounting plugin OnlineSubsystemIOS
LogPluginManager: Mounting plugin OculusVR
LogPluginManager: Mounting plugin SteamVR
PixWinPlugin: PIX capture plugin failed to initialize! Check that the process is launched from PIX.
LogInit: Using libcurl 7.55.1-DEV
LogInit:  - built for x86_64-pc-win32
LogInit:  - supports SSL with OpenSSL/1.1.1
LogInit:  - supports HTTP deflate (compression) using libz 1.2.8
LogInit:  - other features:
LogInit:      CURL_VERSION_SSL
LogInit:      CURL_VERSION_LIBZ
LogInit:      CURL_VERSION_IPV6
LogInit:      CURL_VERSION_ASYNCHDNS
LogInit:      CURL_VERSION_LARGEFILE
LogInit:      CURL_VERSION_IDN
LogInit:  CurlRequestOptions (configurable via config and command line):
LogInit:  - bVerifyPeer = true  - Libcurl will verify peer certificate
LogInit:  - bUseHttpProxy = false  - Libcurl will NOT use HTTP proxy
LogInit:  - bDontReuseConnections = false  - Libcurl will reuse connections
LogInit:  - MaxHostConnections = 16  - Libcurl will limit the number of connections to a host
LogInit:  - LocalHostAddr = Default
LogInit:  - BufferSize = 65536
LogOnline: OSS: Creating online subsystem instance for: NULL
LogInit: WinSock: version 1.1 (2.2), MaxSocks=32767, MaxUdp=65467
LogOnline: OSS: TryLoadSubsystemAndSetDefault: Loaded subsystem for module [NULL]
LogOculusPluginWrapper: OculusPlugin initialized successfully
LogHMD: Failed initializing OVRPlugin 1.59.0
LogInit: Build: ++UE4+Release-4.27-CL-18319896
LogInit: Engine Version: 4.27.2-18319896+++UE4+Release-4.27
LogInit: Compatible Engine Version: 4.27.0-17155196+++UE4+Release-4.27
LogInit: Net CL: 17155196
LogInit: OS: Windows 10 (Release 2009) (), CPU: Intel(R) Core(TM) i9-10850K CPU @ 3.60GHz, GPU: NVIDIA GeForce RTX 3080
LogInit: Compiled (64-bit): Nov 30 2021 07:12:08
LogInit: Compiled with Visual C++: 19.24.28315.00
LogInit: Build Configuration: Development
LogInit: Branch Name: ++UE4+Release-4.27
LogInit: Command Line:  /Game/Level/MainMenu -game -PIEVIACONSOLE -Multiprocess GameUserSettingsINI=D:/GitRepositories/ProjectC/Project/Saved/Config/Windows/PIEGameUserSettings0.ini -MultiprocessSaveConfig -forcepassthrough -messaging -SessionName="Play in Standalone Game" -windowed -WinX=0 -WinY=24 SAVEWINPOS=1 -ResX=1910 -ResY=1006
LogInit: Base Directory: D:/Games/UE_4.27/Engine/Binaries/Win64/
LogInit: Allocator: TBB
LogInit: Installed Engine Build: 1
LogDevObjectVersion: Number of dev versions registered: 29
LogDevObjectVersion:   Dev-Blueprints (B0D832E4-1F89-4F0D-ACCF-7EB736FD4AA2): 10
LogDevObjectVersion:   Dev-Build (E1C64328-A22C-4D53-A36C-8E866417BD8C): 0
LogDevObjectVersion:   Dev-Core (375EC13C-06E4-48FB-B500-84F0262A717E): 4
LogDevObjectVersion:   Dev-Editor (E4B068ED-F494-42E9-A231-DA0B2E46BB41): 40
LogDevObjectVersion:   Dev-Framework (CFFC743F-43B0-4480-9391-14DF171D2073): 37
LogDevObjectVersion:   Dev-Mobile (B02B49B5-BB20-44E9-A304-32B752E40360): 3
LogDevObjectVersion:   Dev-Networking (A4E4105C-59A1-49B5-A7C5-40C4547EDFEE): 0
LogDevObjectVersion:   Dev-Online (39C831C9-5AE6-47DC-9A44-9C173E1C8E7C): 0
LogDevObjectVersion:   Dev-Physics (78F01B33-EBEA-4F98-B9B4-84EACCB95AA2): 14
LogDevObjectVersion:   Dev-Platform (6631380F-2D4D-43E0-8009-CF276956A95A): 0
LogDevObjectVersion:   Dev-Rendering (12F88B9F-8875-4AFC-A67C-D90C383ABD29): 45
LogDevObjectVersion:   Dev-Sequencer (7B5AE74C-D270-4C10-A958-57980B212A5A): 13
LogDevObjectVersion:   Dev-VR (D7296918-1DD6-4BDD-9DE2-64A83CC13884): 3
LogDevObjectVersion:   Dev-LoadTimes (C2A15278-BFE7-4AFE-6C17-90FF531DF755): 1
LogDevObjectVersion:   Private-Geometry (6EACA3D4-40EC-4CC1-B786-8BED09428FC5): 3
LogDevObjectVersion:   Dev-AnimPhys (29E575DD-E0A3-4627-9D10-D276232CDCEA): 17
LogDevObjectVersion:   Dev-Anim (AF43A65D-7FD3-4947-9873-3E8ED9C1BB05): 15
LogDevObjectVersion:   Dev-ReflectionCapture (6B266CEC-1EC7-4B8F-A30B-E4D90942FC07): 1
LogDevObjectVersion:   Dev-Automation (0DF73D61-A23F-47EA-B727-89E90C41499A): 1
LogDevObjectVersion:   FortniteMain (601D1886-AC64-4F84-AA16-D3DE0DEAC7D6): 47
LogDevObjectVersion:   FortniteRelease (E7086368-6B23-4C58-8439-1B7016265E91): 1
LogDevObjectVersion:   Dev-Enterprise (9DFFBCD6-494F-0158-E221-12823C92A888): 10
LogDevObjectVersion:   Dev-Niagara (F2AED0AC-9AFE-416F-8664-AA7FFA26D6FC): 1
LogDevObjectVersion:   Dev-Destruction (174F1F0B-B4C6-45A5-B13F-2EE8D0FB917D): 10
LogDevObjectVersion:   Dev-Physics-Ext (35F94A83-E258-406C-A318-09F59610247C): 41
LogDevObjectVersion:   Dev-PhysicsMaterial-Chaos (B68FC16E-8B1B-42E2-B453-215C058844FE): 1
LogDevObjectVersion:   Dev-CineCamera (B2E18506-4273-CFC2-A54E-F4BB758BBA07): 1
LogDevObjectVersion:   Dev-VirtualProduction (64F58936-FD1B-42BA-BA96-7289D5D0FA4E): 1
LogDevObjectVersion:   Dev-MediaFramework (6F0ED827-A609-4895-9C91-998D90180EA4): 2
LogInit: Presizing for max 25165824 objects, including 0 objects not considered by GC, pre-allocating 0 bytes for permanent pool.
LogConfig: Applying CVar settings from Section [/Script/Engine.StreamingSettings] File [D:/GitRepositories/ProjectC/Project/Saved/Config/Windows/Engine.ini]
LogConfig: Setting CVar [[s.MinBulkDataSizeForAsyncLoading:131072]]
LogConfig: Setting CVar [[s.AsyncLoadingThreadEnabled:0]]
LogConfig: Setting CVar [[s.EventDrivenLoaderEnabled:1]]
LogConfig: Setting CVar [[s.WarnIfTimeLimitExceeded:0]]
LogConfig: Setting CVar [[s.TimeLimitExceededMultiplier:1.5]]
LogConfig: Setting CVar [[s.TimeLimitExceededMinTime:0.005]]
LogConfig: Setting CVar [[s.UseBackgroundLevelStreaming:1]]
LogConfig: Setting CVar [[s.PriorityAsyncLoadingExtraTime:15.0]]
LogConfig: Setting CVar [[s.LevelStreamingActorsUpdateTimeLimit:5.0]]
LogConfig: Setting CVar [[s.PriorityLevelStreamingActorsUpdateExtraTime:5.0]]
LogConfig: Setting CVar [[s.LevelStreamingComponentsRegistrationGranularity:10]]
LogConfig: Setting CVar [[s.UnregisterComponentsTimeLimit:1.0]]
LogConfig: Setting CVar [[s.LevelStreamingComponentsUnregistrationGranularity:5]]
LogConfig: Setting CVar [[s.FlushStreamingOnExit:1]]
LogInit: Object subsystem initialized
LogConfig: Setting CVar [[con.DebugEarlyDefault:1]]
LogConfig: Setting CVar [[r.setres:1280x720]]
[2023.05.30-13.08.41:741][  0]LogConfig: Setting CVar [[con.DebugEarlyDefault:1]]
[2023.05.30-13.08.41:741][  0]LogConfig: Setting CVar [[r.setres:1280x720]]
[2023.05.30-13.08.41:741][  0]LogConfig: Applying CVar settings from Section [/Script/Engine.RendererSettings] File [D:/GitRepositories/ProjectC/Project/Saved/Config/Windows/Engine.ini]
[2023.05.30-13.08.41:741][  0]LogConfig: Setting CVar [[r.GPUCrashDebugging:0]]
[2023.05.30-13.08.41:741][  0]LogConfig: Applying CVar settings from Section [/Script/Engine.RendererOverrideSettings] File [D:/GitRepositories/ProjectC/Project/Saved/Config/Windows/Engine.ini]
[2023.05.30-13.08.41:741][  0]LogConfig: Applying CVar settings from Section [/Script/Engine.StreamingSettings] File [D:/GitRepositories/ProjectC/Project/Saved/Config/Windows/Engine.ini]
[2023.05.30-13.08.41:741][  0]LogConfig: Setting CVar [[s.MinBulkDataSizeForAsyncLoading:131072]]
[2023.05.30-13.08.41:741][  0]LogConfig: Setting CVar [[s.AsyncLoadingThreadEnabled:0]]
[2023.05.30-13.08.41:741][  0]LogConfig: Setting CVar [[s.EventDrivenLoaderEnabled:1]]
[2023.05.30-13.08.41:741][  0]LogConfig: Setting CVar [[s.WarnIfTimeLimitExceeded:0]]
[2023.05.30-13.08.41:741][  0]LogConfig: Setting CVar [[s.TimeLimitExceededMultiplier:1.5]]
[2023.05.30-13.08.41:741][  0]LogConfig: Setting CVar [[s.TimeLimitExceededMinTime:0.005]]
[2023.05.30-13.08.41:741][  0]LogConfig: Setting CVar [[s.UseBackgroundLevelStreaming:1]]
[2023.05.30-13.08.41:741][  0]LogConfig: Setting CVar [[s.PriorityAsyncLoadingExtraTime:15.0]]
[2023.05.30-13.08.41:741][  0]LogConfig: Setting CVar [[s.LevelStreamingActorsUpdateTimeLimit:5.0]]
[2023.05.30-13.08.41:741][  0]LogConfig: Setting CVar [[s.PriorityLevelStreamingActorsUpdateExtraTime:5.0]]
[2023.05.30-13.08.41:741][  0]LogConfig: Setting CVar [[s.LevelStreamingComponentsRegistrationGranularity:10]]
[2023.05.30-13.08.41:741][  0]LogConfig: Setting CVar [[s.UnregisterComponentsTimeLimit:1.0]]
[2023.05.30-13.08.41:741][  0]LogConfig: Setting CVar [[s.LevelStreamingComponentsUnregistrationGranularity:5]]
[2023.05.30-13.08.41:741][  0]LogConfig: Setting CVar [[s.FlushStreamingOnExit:1]]
[2023.05.30-13.08.41:741][  0]LogConfig: Applying CVar settings from Section [/Script/Engine.GarbageCollectionSettings] File [D:/GitRepositories/ProjectC/Project/Saved/Config/Windows/Engine.ini]
[2023.05.30-13.08.41:741][  0]LogConfig: Setting CVar [[gc.MaxObjectsNotConsideredByGC:1]]
[2023.05.30-13.08.41:741][  0]LogConfig: Setting CVar [[gc.SizeOfPermanentObjectPool:0]]
[2023.05.30-13.08.41:741][  0]LogConfig: Setting CVar [[gc.FlushStreamingOnGC:0]]
[2023.05.30-13.08.41:741][  0]LogConfig: Setting CVar [[gc.NumRetriesBeforeForcingGC:10]]
[2023.05.30-13.08.41:741][  0]LogConfig: Setting CVar [[gc.AllowParallelGC:1]]
[2023.05.30-13.08.41:741][  0]LogConfig: Setting CVar [[gc.TimeBetweenPurgingPendingKillObjects:61.1]]
[2023.05.30-13.08.41:741][  0]LogConfig: Setting CVar [[gc.MaxObjectsInEditor:25165824]]
[2023.05.30-13.08.41:741][  0]LogConfig: Setting CVar [[gc.IncrementalBeginDestroyEnabled:1]]
[2023.05.30-13.08.41:741][  0]LogConfig: Setting CVar [[gc.CreateGCClusters:1]]
[2023.05.30-13.08.41:741][  0]LogConfig: Setting CVar [[gc.MinGCClusterSize:5]]
[2023.05.30-13.08.41:741][  0]LogConfig: Setting CVar [[gc.ActorClusteringEnabled:0]]
[2023.05.30-13.08.41:741][  0]LogConfig: Setting CVar [[gc.BlueprintClusteringEnabled:0]]
[2023.05.30-13.08.41:741][  0]LogConfig: Setting CVar [[gc.UseDisregardForGCOnDedicatedServers:0]]
[2023.05.30-13.08.41:741][  0]LogConfig: Setting CVar [[gc.MultithreadedDestructionEnabled:1]]
[2023.05.30-13.08.41:741][  0]LogConfig: Applying CVar settings from Section [/Script/Engine.NetworkSettings] File [D:/GitRepositories/ProjectC/Project/Saved/Config/Windows/Engine.ini]
[2023.05.30-13.08.41:741][  0]LogConfig: Applying CVar settings from Section [/Script/UnrealEd.CookerSettings] File [D:/GitRepositories/ProjectC/Project/Saved/Config/Windows/Engine.ini]
[2023.05.30-13.08.41:760][  0]LogConfig: Applying CVar settings from Section [ViewDistanceQuality@3] File [D:/GitRepositories/ProjectC/Project/Saved/Config/Windows/Scalability.ini]
[2023.05.30-13.08.41:760][  0]LogConfig: Setting CVar [[r.SkeletalMeshLODBias:0]]
[2023.05.30-13.08.41:760][  0]LogConfig: Setting CVar [[r.ViewDistanceScale:1.0]]
[2023.05.30-13.08.41:760][  0]LogConfig: Applying CVar settings from Section [AntiAliasingQuality@3] File [D:/GitRepositories/ProjectC/Project/Saved/Config/Windows/Scalability.ini]
[2023.05.30-13.08.41:760][  0]LogConfig: Setting CVar [[r.PostProcessAAQuality:4]]
[2023.05.30-13.08.41:760][  0]LogConfig: Applying CVar settings from Section [ShadowQuality@3] File [D:/GitRepositories/ProjectC/Project/Saved/Config/Windows/Scalability.ini]
[2023.05.30-13.08.41:760][  0]LogConfig: Setting CVar [[r.LightFunctionQuality:1]]
[2023.05.30-13.08.41:760][  0]LogConfig: Setting CVar [[r.ShadowQuality:5]]
[2023.05.30-13.08.41:760][  0]LogConfig: Setting CVar [[r.Shadow.CSM.MaxCascades:10]]
[2023.05.30-13.08.41:760][  0]LogConfig: Setting CVar [[r.Shadow.MaxResolution:2048]]
[2023.05.30-13.08.41:760][  0]LogConfig: Setting CVar [[r.Shadow.MaxCSMResolution:2048]]
[2023.05.30-13.08.41:760][  0]LogConfig: Setting CVar [[r.Shadow.RadiusThreshold:0.01]]
[2023.05.30-13.08.41:760][  0]LogConfig: Setting CVar [[r.Shadow.DistanceScale:1.0]]
[2023.05.30-13.08.41:760][  0]LogConfig: Setting CVar [[r.Shadow.CSM.TransitionScale:1.0]]
[2023.05.30-13.08.41:760][  0]LogConfig: Setting CVar [[r.Shadow.PreShadowResolutionFactor:1.0]]
[2023.05.30-13.08.41:760][  0]LogConfig: Setting CVar [[r.DistanceFieldShadowing:1]]
[2023.05.30-13.08.41:760][  0]LogConfig: Setting CVar [[r.DistanceFieldAO:1]]
[2023.05.30-13.08.41:760][  0]LogConfig: Setting CVar [[r.AOQuality:2]]
[2023.05.30-13.08.41:760][  0]LogConfig: Setting CVar [[r.VolumetricFog:1]]
[2023.05.30-13.08.41:760][  0]LogConfig: Setting CVar [[r.VolumetricFog.GridPixelSize:8]]
[2023.05.30-13.08.41:760][  0]LogConfig: Setting CVar [[r.VolumetricFog.GridSizeZ:128]]
[2023.05.30-13.08.41:760][  0]LogConfig: Setting CVar [[r.VolumetricFog.HistoryMissSupersampleCount:4]]
[2023.05.30-13.08.41:760][  0]LogConfig: Setting CVar [[r.LightMaxDrawDistanceScale:1]]
[2023.05.30-13.08.41:760][  0]LogConfig: Setting CVar [[r.CapsuleShadows:1]]
[2023.05.30-13.08.41:760][  0]LogConfig: Applying CVar settings from Section [PostProcessQuality@3] File [D:/GitRepositories/ProjectC/Project/Saved/Config/Windows/Scalability.ini]
[2023.05.30-13.08.41:760][  0]LogConfig: Setting CVar [[r.MotionBlurQuality:4]]
[2023.05.30-13.08.41:760][  0]LogConfig: Setting CVar [[r.AmbientOcclusionMipLevelFactor:0.4]]
[2023.05.30-13.08.41:760][  0]LogConfig: Setting CVar [[r.AmbientOcclusionMaxQuality:100]]
[2023.05.30-13.08.41:760][  0]LogConfig: Setting CVar [[r.AmbientOcclusionLevels:-1]]
[2023.05.30-13.08.41:760][  0]LogConfig: Setting CVar [[r.AmbientOcclusionRadiusScale:1.0]]
[2023.05.30-13.08.41:760][  0]LogConfig: Setting CVar [[r.DepthOfFieldQuality:2]]
[2023.05.30-13.08.41:760][  0]LogConfig: Setting CVar [[r.RenderTargetPoolMin:400]]
[2023.05.30-13.08.41:760][  0]LogConfig: Setting CVar [[r.LensFlareQuality:2]]
[2023.05.30-13.08.41:760][  0]LogConfig: Setting CVar [[r.SceneColorFringeQuality:1]]
[2023.05.30-13.08.41:760][  0]LogConfig: Setting CVar [[r.EyeAdaptationQuality:2]]
[2023.05.30-13.08.41:760][  0]LogConfig: Setting CVar [[r.BloomQuality:5]]
[2023.05.30-13.08.41:760][  0]LogConfig: Setting CVar [[r.FastBlurThreshold:100]]
[2023.05.30-13.08.41:760][  0]LogConfig: Setting CVar [[r.Upscale.Quality:3]]
[2023.05.30-13.08.41:760][  0]LogConfig: Setting CVar [[r.Tonemapper.GrainQuantization:1]]
[2023.05.30-13.08.41:760][  0]LogConfig: Setting CVar [[r.LightShaftQuality:1]]
[2023.05.30-13.08.41:760][  0]LogConfig: Setting CVar [[r.Filter.SizeScale:1]]
[2023.05.30-13.08.41:760][  0]LogConfig: Setting CVar [[r.Tonemapper.Quality:5]]
[2023.05.30-13.08.41:760][  0]LogConfig: Setting CVar [[r.DOF.Gather.AccumulatorQuality:1        ; higher gathering accumulator quality]]
[2023.05.30-13.08.41:760][  0]LogConfig: Setting CVar [[r.DOF.Gather.PostfilterMethod:1          ; Median3x3 postfilering method]]
[2023.05.30-13.08.41:760][  0]LogConfig: Setting CVar [[r.DOF.Gather.EnableBokehSettings:0       ; no bokeh simulation when gathering]]
[2023.05.30-13.08.41:760][  0]LogConfig: Setting CVar [[r.DOF.Gather.RingCount:4                 ; medium number of samples when gathering]]
[2023.05.30-13.08.41:760][  0]LogConfig: Setting CVar [[r.DOF.Scatter.ForegroundCompositing:1    ; additive foreground scattering]]
[2023.05.30-13.08.41:760][  0]LogConfig: Setting CVar [[r.DOF.Scatter.BackgroundCompositing:2    ; additive background scattering]]
[2023.05.30-13.08.41:760][  0]LogConfig: Setting CVar [[r.DOF.Scatter.EnableBokehSettings:1      ; bokeh simulation when scattering]]
[2023.05.30-13.08.41:760][  0]LogConfig: Setting CVar [[r.DOF.Scatter.MaxSpriteRatio:0.1         ; only a maximum of 10% of scattered bokeh]]
[2023.05.30-13.08.41:760][  0]LogConfig: Setting CVar [[r.DOF.Recombine.Quality:1                ; cheap slight out of focus]]
[2023.05.30-13.08.41:760][  0]LogConfig: Setting CVar [[r.DOF.Recombine.EnableBokehSettings:0    ; no bokeh simulation on slight out of focus]]
[2023.05.30-13.08.41:760][  0]LogConfig: Setting CVar [[r.DOF.TemporalAAQuality:1                ; more stable temporal accumulation]]
[2023.05.30-13.08.41:760][  0]LogConfig: Setting CVar [[r.DOF.Kernel.MaxForegroundRadius:0.025]]
[2023.05.30-13.08.41:760][  0]LogConfig: Setting CVar [[r.DOF.Kernel.MaxBackgroundRadius:0.025]]
[2023.05.30-13.08.41:760][  0]LogConfig: Applying CVar settings from Section [TextureQuality@3] File [D:/GitRepositories/ProjectC/Project/Saved/Config/Windows/Scalability.ini]
[2023.05.30-13.08.41:760][  0]LogConfig: Setting CVar [[r.Streaming.MipBias:0]]
[2023.05.30-13.08.41:760][  0]LogConfig: Setting CVar [[r.Streaming.AmortizeCPUToGPUCopy:0]]
[2023.05.30-13.08.41:760][  0]LogConfig: Setting CVar [[r.Streaming.MaxNumTexturesToStreamPerFrame:0]]
[2023.05.30-13.08.41:760][  0]LogConfig: Setting CVar [[r.Streaming.Boost:1]]
[2023.05.30-13.08.41:760][  0]LogConfig: Setting CVar [[r.MaxAnisotropy:8]]
[2023.05.30-13.08.41:760][  0]LogConfig: Setting CVar [[r.VT.MaxAnisotropy:8]]
[2023.05.30-13.08.41:760][  0]LogConfig: Setting CVar [[r.Streaming.LimitPoolSizeToVRAM:0]]
[2023.05.30-13.08.41:760][  0]LogConfig: Setting CVar [[r.Streaming.PoolSize:1000]]
[2023.05.30-13.08.41:760][  0]LogConfig: Setting CVar [[r.Streaming.MaxEffectiveScreenSize:0]]
[2023.05.30-13.08.41:760][  0]LogConfig: Applying CVar settings from Section [EffectsQuality@3] File [D:/GitRepositories/ProjectC/Project/Saved/Config/Windows/Scalability.ini]
[2023.05.30-13.08.41:760][  0]LogConfig: Setting CVar [[r.TranslucencyLightingVolumeDim:64]]
[2023.05.30-13.08.41:760][  0]LogConfig: Setting CVar [[r.RefractionQuality:2]]
[2023.05.30-13.08.41:760][  0]LogConfig: Setting CVar [[r.SSR.Quality:3]]
[2023.05.30-13.08.41:760][  0]LogConfig: Setting CVar [[r.SSR.HalfResSceneColor:0]]
[2023.05.30-13.08.41:760][  0]LogConfig: Setting CVar [[r.SceneColorFormat:4]]
[2023.05.30-13.08.41:760][  0]LogConfig: Setting CVar [[r.DetailMode:2]]
[2023.05.30-13.08.41:760][  0]LogConfig: Setting CVar [[r.TranslucencyVolumeBlur:1]]
[2023.05.30-13.08.41:760][  0]LogConfig: Setting CVar [[r.MaterialQualityLevel:1 ; High quality]]
[2023.05.30-13.08.41:760][  0]LogConfig: Setting CVar [[r.AnisotropicMaterials:1]]
[2023.05.30-13.08.41:760][  0]LogConfig: Setting CVar [[r.SSS.Scale:1]]
[2023.05.30-13.08.41:760][  0]LogConfig: Setting CVar [[r.SSS.SampleSet:2]]
[2023.05.30-13.08.41:761][  0]LogConfig: Setting CVar [[r.SSS.Quality:1]]
[2023.05.30-13.08.41:761][  0]LogConfig: Setting CVar [[r.SSS.HalfRes:0]]
[2023.05.30-13.08.41:761][  0]LogConfig: Setting CVar [[r.SSGI.Quality:3]]
[2023.05.30-13.08.41:761][  0]LogConfig: Setting CVar [[r.EmitterSpawnRateScale:1.0]]
[2023.05.30-13.08.41:761][  0]LogConfig: Setting CVar [[r.ParticleLightQuality:2]]
[2023.05.30-13.08.41:761][  0]LogConfig: Setting CVar [[r.SkyAtmosphere.AerialPerspectiveLUT.FastApplyOnOpaque:1 ; Always have FastSkyLUT 1 in this case to avoid wrong sky]]
[2023.05.30-13.08.41:761][  0]LogConfig: Setting CVar [[r.SkyAtmosphere.AerialPerspectiveLUT.SampleCountMaxPerSlice:4]]
[2023.05.30-13.08.41:761][  0]LogConfig: Setting CVar [[r.SkyAtmosphere.AerialPerspectiveLUT.DepthResolution:16.0]]
[2023.05.30-13.08.41:761][  0]LogConfig: Setting CVar [[r.SkyAtmosphere.FastSkyLUT:1]]
[2023.05.30-13.08.41:761][  0]LogConfig: Setting CVar [[r.SkyAtmosphere.FastSkyLUT.SampleCountMin:4.0]]
[2023.05.30-13.08.41:761][  0]LogConfig: Setting CVar [[r.SkyAtmosphere.FastSkyLUT.SampleCountMax:128.0]]
[2023.05.30-13.08.41:761][  0]LogConfig: Setting CVar [[r.SkyAtmosphere.SampleCountMin:4.0]]
[2023.05.30-13.08.41:761][  0]LogConfig: Setting CVar [[r.SkyAtmosphere.SampleCountMax:128.0]]
[2023.05.30-13.08.41:761][  0]LogConfig: Setting CVar [[r.SkyAtmosphere.TransmittanceLUT.UseSmallFormat:0]]
[2023.05.30-13.08.41:761][  0]LogConfig: Setting CVar [[r.SkyAtmosphere.TransmittanceLUT.SampleCount:10.0]]
[2023.05.30-13.08.41:761][  0]LogConfig: Setting CVar [[r.SkyAtmosphere.MultiScatteringLUT.SampleCount:15.0]]
[2023.05.30-13.08.41:761][  0]LogConfig: Setting CVar [[r.SkyLight.RealTimeReflectionCapture:1]]
[2023.05.30-13.08.41:761][  0]LogConfig: Applying CVar settings from Section [FoliageQuality@3] File [D:/GitRepositories/ProjectC/Project/Saved/Config/Windows/Scalability.ini]
[2023.05.30-13.08.41:761][  0]LogConfig: Setting CVar [[foliage.DensityScale:1.0]]
[2023.05.30-13.08.41:761][  0]LogConfig: Setting CVar [[grass.DensityScale:1.0]]
[2023.05.30-13.08.41:761][  0]LogConfig: Applying CVar settings from Section [ShadingQuality@3] File [D:/GitRepositories/ProjectC/Project/Saved/Config/Windows/Scalability.ini]
[2023.05.30-13.08.41:761][  0]LogConfig: Setting CVar [[r.HairStrands.SkyLighting.IntegrationType:2]]
[2023.05.30-13.08.41:761][  0]LogConfig: Setting CVar [[r.HairStrands.SkyAO.SampleCount:4]]
[2023.05.30-13.08.41:761][  0]LogConfig: Setting CVar [[r.HairStrands.Visibility.MSAA.SamplePerPixel:4]]
[2023.05.30-13.08.41:761][  0]LogInit: Selected Device Profile: [Windows]
[2023.05.30-13.08.41:761][  0]LogInit: Applying CVar settings loaded from the selected device profile: [Windows]
[2023.05.30-13.08.41:761][  0]LogHAL: Display: Platform has ~ 16 GB [17042870272 / 17179869184 / 16], which maps to Larger [LargestMinGB=32, LargerMinGB=12, DefaultMinGB=8, SmallerMinGB=6, SmallestMinGB=0)
[2023.05.30-13.08.41:761][  0]LogInit: Going up to parent DeviceProfile []
[2023.05.30-13.08.41:761][  0]LogConfig: Applying CVar settings from Section [ViewDistanceQuality@3] File [D:/GitRepositories/ProjectC/Project/Saved/Config/Windows/Scalability.ini]
[2023.05.30-13.08.41:761][  0]LogConfig: Setting CVar [[r.SkeletalMeshLODBias:0]]
[2023.05.30-13.08.41:761][  0]LogConfig: Setting CVar [[r.ViewDistanceScale:1.0]]
[2023.05.30-13.08.41:761][  0]LogConfig: Applying CVar settings from Section [AntiAliasingQuality@3] File [D:/GitRepositories/ProjectC/Project/Saved/Config/Windows/Scalability.ini]
[2023.05.30-13.08.41:761][  0]LogConfig: Setting CVar [[r.PostProcessAAQuality:4]]
[2023.05.30-13.08.41:761][  0]LogConfig: Applying CVar settings from Section [ShadowQuality@3] File [D:/GitRepositories/ProjectC/Project/Saved/Config/Windows/Scalability.ini]
[2023.05.30-13.08.41:761][  0]LogConfig: Setting CVar [[r.LightFunctionQuality:1]]
[2023.05.30-13.08.41:761][  0]LogConfig: Setting CVar [[r.ShadowQuality:5]]
[2023.05.30-13.08.41:761][  0]LogConfig: Setting CVar [[r.Shadow.CSM.MaxCascades:10]]
[2023.05.30-13.08.41:761][  0]LogConfig: Setting CVar [[r.Shadow.MaxResolution:2048]]
[2023.05.30-13.08.41:761][  0]LogConfig: Setting CVar [[r.Shadow.MaxCSMResolution:2048]]
[2023.05.30-13.08.41:761][  0]LogConfig: Setting CVar [[r.Shadow.RadiusThreshold:0.01]]
[2023.05.30-13.08.41:761][  0]LogConfig: Setting CVar [[r.Shadow.DistanceScale:1.0]]
[2023.05.30-13.08.41:761][  0]LogConfig: Setting CVar [[r.Shadow.CSM.TransitionScale:1.0]]
[2023.05.30-13.08.41:761][  0]LogConfig: Setting CVar [[r.Shadow.PreShadowResolutionFactor:1.0]]
[2023.05.30-13.08.41:761][  0]LogConfig: Setting CVar [[r.DistanceFieldShadowing:1]]
[2023.05.30-13.08.41:761][  0]LogConfig: Setting CVar [[r.DistanceFieldAO:1]]
[2023.05.30-13.08.41:761][  0]LogConfig: Setting CVar [[r.AOQuality:2]]
[2023.05.30-13.08.41:761][  0]LogConfig: Setting CVar [[r.VolumetricFog:1]]
[2023.05.30-13.08.41:761][  0]LogConfig: Setting CVar [[r.VolumetricFog.GridPixelSize:8]]
[2023.05.30-13.08.41:761][  0]LogConfig: Setting CVar [[r.VolumetricFog.GridSizeZ:128]]
[2023.05.30-13.08.41:761][  0]LogConfig: Setting CVar [[r.VolumetricFog.HistoryMissSupersampleCount:4]]
[2023.05.30-13.08.41:761][  0]LogConfig: Setting CVar [[r.LightMaxDrawDistanceScale:1]]
[2023.05.30-13.08.41:761][  0]LogConfig: Setting CVar [[r.CapsuleShadows:1]]
[2023.05.30-13.08.41:761][  0]LogConfig: Applying CVar settings from Section [PostProcessQuality@3] File [D:/GitRepositories/ProjectC/Project/Saved/Config/Windows/Scalability.ini]
[2023.05.30-13.08.41:761][  0]LogConfig: Setting CVar [[r.MotionBlurQuality:4]]
[2023.05.30-13.08.41:761][  0]LogConfig: Setting CVar [[r.AmbientOcclusionMipLevelFactor:0.4]]
[2023.05.30-13.08.41:761][  0]LogConfig: Setting CVar [[r.AmbientOcclusionMaxQuality:100]]
[2023.05.30-13.08.41:761][  0]LogConfig: Setting CVar [[r.AmbientOcclusionLevels:-1]]
[2023.05.30-13.08.41:761][  0]LogConfig: Setting CVar [[r.AmbientOcclusionRadiusScale:1.0]]
[2023.05.30-13.08.41:761][  0]LogConfig: Setting CVar [[r.DepthOfFieldQuality:2]]
[2023.05.30-13.08.41:761][  0]LogConfig: Setting CVar [[r.RenderTargetPoolMin:400]]
[2023.05.30-13.08.41:761][  0]LogConfig: Setting CVar [[r.LensFlareQuality:2]]
[2023.05.30-13.08.41:761][  0]LogConfig: Setting CVar [[r.SceneColorFringeQuality:1]]
[2023.05.30-13.08.41:761][  0]LogConfig: Setting CVar [[r.EyeAdaptationQuality:2]]
[2023.05.30-13.08.41:761][  0]LogConfig: Setting CVar [[r.BloomQuality:5]]
[2023.05.30-13.08.41:761][  0]LogConfig: Setting CVar [[r.FastBlurThreshold:100]]
[2023.05.30-13.08.41:761][  0]LogConfig: Setting CVar [[r.Upscale.Quality:3]]
[2023.05.30-13.08.41:761][  0]LogConfig: Setting CVar [[r.Tonemapper.GrainQuantization:1]]
[2023.05.30-13.08.41:761][  0]LogConfig: Setting CVar [[r.LightShaftQuality:1]]
[2023.05.30-13.08.41:761][  0]LogConfig: Setting CVar [[r.Filter.SizeScale:1]]
[2023.05.30-13.08.41:761][  0]LogConfig: Setting CVar [[r.Tonemapper.Quality:5]]
[2023.05.30-13.08.41:761][  0]LogConfig: Setting CVar [[r.DOF.Gather.AccumulatorQuality:1        ; higher gathering accumulator quality]]
[2023.05.30-13.08.41:761][  0]LogConfig: Setting CVar [[r.DOF.Gather.PostfilterMethod:1          ; Median3x3 postfilering method]]
[2023.05.30-13.08.41:761][  0]LogConfig: Setting CVar [[r.DOF.Gather.EnableBokehSettings:0       ; no bokeh simulation when gathering]]
[2023.05.30-13.08.41:761][  0]LogConfig: Setting CVar [[r.DOF.Gather.RingCount:4                 ; medium number of samples when gathering]]
[2023.05.30-13.08.41:761][  0]LogConfig: Setting CVar [[r.DOF.Scatter.ForegroundCompositing:1    ; additive foreground scattering]]
[2023.05.30-13.08.41:761][  0]LogConfig: Setting CVar [[r.DOF.Scatter.BackgroundCompositing:2    ; additive background scattering]]
[2023.05.30-13.08.41:761][  0]LogConfig: Setting CVar [[r.DOF.Scatter.EnableBokehSettings:1      ; bokeh simulation when scattering]]
[2023.05.30-13.08.41:761][  0]LogConfig: Setting CVar [[r.DOF.Scatter.MaxSpriteRatio:0.1         ; only a maximum of 10% of scattered bokeh]]
[2023.05.30-13.08.41:761][  0]LogConfig: Setting CVar [[r.DOF.Recombine.Quality:1                ; cheap slight out of focus]]
[2023.05.30-13.08.41:761][  0]LogConfig: Setting CVar [[r.DOF.Recombine.EnableBokehSettings:0    ; no bokeh simulation on slight out of focus]]
[2023.05.30-13.08.41:761][  0]LogConfig: Setting CVar [[r.DOF.TemporalAAQuality:1                ; more stable temporal accumulation]]
[2023.05.30-13.08.41:761][  0]LogConfig: Setting CVar [[r.DOF.Kernel.MaxForegroundRadius:0.025]]
[2023.05.30-13.08.41:761][  0]LogConfig: Setting CVar [[r.DOF.Kernel.MaxBackgroundRadius:0.025]]
[2023.05.30-13.08.41:761][  0]LogConfig: Applying CVar settings from Section [TextureQuality@3] File [D:/GitRepositories/ProjectC/Project/Saved/Config/Windows/Scalability.ini]
[2023.05.30-13.08.41:761][  0]LogConfig: Setting CVar [[r.Streaming.MipBias:0]]
[2023.05.30-13.08.41:761][  0]LogConfig: Setting CVar [[r.Streaming.AmortizeCPUToGPUCopy:0]]
[2023.05.30-13.08.41:761][  0]LogConfig: Setting CVar [[r.Streaming.MaxNumTexturesToStreamPerFrame:0]]
[2023.05.30-13.08.41:761][  0]LogConfig: Setting CVar [[r.Streaming.Boost:1]]
[2023.05.30-13.08.41:761][  0]LogConfig: Setting CVar [[r.MaxAnisotropy:8]]
[2023.05.30-13.08.41:761][  0]LogConfig: Setting CVar [[r.VT.MaxAnisotropy:8]]
[2023.05.30-13.08.41:761][  0]LogConfig: Setting CVar [[r.Streaming.LimitPoolSizeToVRAM:0]]
[2023.05.30-13.08.41:761][  0]LogConfig: Setting CVar [[r.Streaming.PoolSize:1000]]
[2023.05.30-13.08.41:761][  0]LogConfig: Setting CVar [[r.Streaming.MaxEffectiveScreenSize:0]]
[2023.05.30-13.08.41:761][  0]LogConfig: Applying CVar settings from Section [EffectsQuality@3] File [D:/GitRepositories/ProjectC/Project/Saved/Config/Windows/Scalability.ini]
[2023.05.30-13.08.41:761][  0]LogConfig: Setting CVar [[r.TranslucencyLightingVolumeDim:64]]
[2023.05.30-13.08.41:762][  0]LogConfig: Setting CVar [[r.RefractionQuality:2]]
[2023.05.30-13.08.41:762][  0]LogConfig: Setting CVar [[r.SSR.Quality:3]]
[2023.05.30-13.08.41:762][  0]LogConfig: Setting CVar [[r.SSR.HalfResSceneColor:0]]
[2023.05.30-13.08.41:762][  0]LogConfig: Setting CVar [[r.SceneColorFormat:4]]
[2023.05.30-13.08.41:762][  0]LogConfig: Setting CVar [[r.DetailMode:2]]
[2023.05.30-13.08.41:762][  0]LogConfig: Setting CVar [[r.TranslucencyVolumeBlur:1]]
[2023.05.30-13.08.41:762][  0]LogConfig: Setting CVar [[r.MaterialQualityLevel:1 ; High quality]]
[2023.05.30-13.08.41:762][  0]LogConfig: Setting CVar [[r.AnisotropicMaterials:1]]
[2023.05.30-13.08.41:762][  0]LogConfig: Setting CVar [[r.SSS.Scale:1]]
[2023.05.30-13.08.41:762][  0]LogConfig: Setting CVar [[r.SSS.SampleSet:2]]
[2023.05.30-13.08.41:762][  0]LogConfig: Setting CVar [[r.SSS.Quality:1]]
[2023.05.30-13.08.41:762][  0]LogConfig: Setting CVar [[r.SSS.HalfRes:0]]
[2023.05.30-13.08.41:762][  0]LogConfig: Setting CVar [[r.SSGI.Quality:3]]
[2023.05.30-13.08.41:762][  0]LogConfig: Setting CVar [[r.EmitterSpawnRateScale:1.0]]
[2023.05.30-13.08.41:762][  0]LogConfig: Setting CVar [[r.ParticleLightQuality:2]]
[2023.05.30-13.08.41:762][  0]LogConfig: Setting CVar [[r.SkyAtmosphere.AerialPerspectiveLUT.FastApplyOnOpaque:1 ; Always have FastSkyLUT 1 in this case to avoid wrong sky]]
[2023.05.30-13.08.41:762][  0]LogConfig: Setting CVar [[r.SkyAtmosphere.AerialPerspectiveLUT.SampleCountMaxPerSlice:4]]
[2023.05.30-13.08.41:762][  0]LogConfig: Setting CVar [[r.SkyAtmosphere.AerialPerspectiveLUT.DepthResolution:16.0]]
[2023.05.30-13.08.41:762][  0]LogConfig: Setting CVar [[r.SkyAtmosphere.FastSkyLUT:1]]
[2023.05.30-13.08.41:762][  0]LogConfig: Setting CVar [[r.SkyAtmosphere.FastSkyLUT.SampleCountMin:4.0]]
[2023.05.30-13.08.41:762][  0]LogConfig: Setting CVar [[r.SkyAtmosphere.FastSkyLUT.SampleCountMax:128.0]]
[2023.05.30-13.08.41:762][  0]LogConfig: Setting CVar [[r.SkyAtmosphere.SampleCountMin:4.0]]
[2023.05.30-13.08.41:762][  0]LogConfig: Setting CVar [[r.SkyAtmosphere.SampleCountMax:128.0]]
[2023.05.30-13.08.41:762][  0]LogConfig: Setting CVar [[r.SkyAtmosphere.TransmittanceLUT.UseSmallFormat:0]]
[2023.05.30-13.08.41:762][  0]LogConfig: Setting CVar [[r.SkyAtmosphere.TransmittanceLUT.SampleCount:10.0]]
[2023.05.30-13.08.41:762][  0]LogConfig: Setting CVar [[r.SkyAtmosphere.MultiScatteringLUT.SampleCount:15.0]]
[2023.05.30-13.08.41:762][  0]LogConfig: Setting CVar [[r.SkyLight.RealTimeReflectionCapture:1]]
[2023.05.30-13.08.41:762][  0]LogConfig: Applying CVar settings from Section [FoliageQuality@3] File [D:/GitRepositories/ProjectC/Project/Saved/Config/Windows/Scalability.ini]
[2023.05.30-13.08.41:762][  0]LogConfig: Setting CVar [[foliage.DensityScale:1.0]]
[2023.05.30-13.08.41:762][  0]LogConfig: Setting CVar [[grass.DensityScale:1.0]]
[2023.05.30-13.08.41:762][  0]LogConfig: Applying CVar settings from Section [ShadingQuality@3] File [D:/GitRepositories/ProjectC/Project/Saved/Config/Windows/Scalability.ini]
[2023.05.30-13.08.41:762][  0]LogConfig: Setting CVar [[r.HairStrands.SkyLighting.IntegrationType:2]]
[2023.05.30-13.08.41:762][  0]LogConfig: Setting CVar [[r.HairStrands.SkyAO.SampleCount:4]]
[2023.05.30-13.08.41:762][  0]LogConfig: Setting CVar [[r.HairStrands.Visibility.MSAA.SamplePerPixel:4]]
[2023.05.30-13.08.41:762][  0]LogConfig: Applying CVar settings from Section [Startup] File [../../../Engine/Config/ConsoleVariables.ini]
[2023.05.30-13.08.41:762][  0]LogConfig: Setting CVar [[net.UseAdaptiveNetUpdateFrequency:0]]
[2023.05.30-13.08.41:762][  0]LogConfig: Setting CVar [[p.chaos.AllowCreatePhysxBodies:1]]
[2023.05.30-13.08.41:762][  0]LogConfig: Setting CVar [[fx.SkipVectorVMBackendOptimizations:1]]
[2023.05.30-13.08.41:762][  0]LogConfig: Applying CVar settings from Section [ConsoleVariables] File [D:/GitRepositories/ProjectC/Project/Saved/Config/Windows/Engine.ini]
[2023.05.30-13.08.41:762][  0]LogConfig: Applying CVar settings from Section [ConsoleVariables] File [D:/GitRepositories/ProjectC/Project/Saved/Config/Windows/Editor.ini]
[2023.05.30-13.08.41:762][  0]LogInit: Computer: GLYNNPC
[2023.05.30-13.08.41:762][  0]LogInit: User: Glynn
[2023.05.30-13.08.41:762][  0]LogInit: CPU Page size=4096, Cores=10
[2023.05.30-13.08.41:762][  0]LogInit: High frequency timer resolution =10.000000 MHz
[2023.05.30-13.08.41:762][  0]LogMemory: Memory total: Physical=15.9GB (16GB approx)
[2023.05.30-13.08.41:762][  0]LogMemory: Platform Memory Stats for Windows
[2023.05.30-13.08.41:762][  0]LogMemory: Process Physical Memory: 151.35 MB used, 151.36 MB peak
[2023.05.30-13.08.41:762][  0]LogMemory: Process Virtual Memory: 124.72 MB used, 124.72 MB peak
[2023.05.30-13.08.41:762][  0]LogMemory: Physical Memory: 7442.00 MB used,  8811.35 MB free, 16253.35 MB total
[2023.05.30-13.08.41:762][  0]LogMemory: Virtual Memory: 134206056.00 MB used,  11670.62 MB free, 134217728.00 MB total
[2023.05.30-13.08.41:766][  0]LogWindows: WindowsPlatformFeatures enabled
[2023.05.30-13.08.41:797][  0]LogInit: Physics initialised using underlying interface: PhysX
[2023.05.30-13.08.41:797][  0]LogInit: Using OS detected language (en-US).
[2023.05.30-13.08.41:797][  0]LogInit: Using OS detected locale (en-AU).
[2023.05.30-13.08.41:798][  0]LogTextLocalizationManager: No specific localization for 'en-US' exists, so the 'en' localization will be used.
[2023.05.30-13.08.41:941][  0]LogWindowsTextInputMethodSystem: Display: IME system deactivated.
[2023.05.30-13.08.41:972][  0]LogSlate: New Slate User Created.  User Index 0, Is Virtual User: 0
[2023.05.30-13.08.41:973][  0]LogSlate: Slate User Registered.  User Index 0, Is Virtual User: 0
[2023.05.30-13.08.41:995][  0]LogD3D11RHI: Loaded GFSDK_Aftermath_Lib.x64.dll
[2023.05.30-13.08.41:997][  0]LogHMD: Failed to initialize OpenVR with code 110
[2023.05.30-13.08.41:997][  0]LogD3D11RHI: D3D11 min allowed feature level: 11_0
[2023.05.30-13.08.41:997][  0]LogD3D11RHI: D3D11 max allowed feature level: 11_0
[2023.05.30-13.08.41:997][  0]LogD3D11RHI: D3D11 adapters:
[2023.05.30-13.08.42:090][  0]LogD3D11RHI:    0. 'NVIDIA GeForce RTX 3080' (Feature Level 11_0)
[2023.05.30-13.08.42:090][  0]LogD3D11RHI:       10067/0/8126 MB DedicatedVideo/DedicatedSystem/SharedSystem, Outputs:2, VendorId:0x10de
[2023.05.30-13.08.42:092][  0]LogD3D11RHI:    1. 'Microsoft Basic Render Driver' (Feature Level 11_0)
[2023.05.30-13.08.42:092][  0]LogD3D11RHI:       0/0/8126 MB DedicatedVideo/DedicatedSystem/SharedSystem, Outputs:0, VendorId:0x1414
[2023.05.30-13.08.42:092][  0]LogD3D11RHI: Chosen D3D11 Adapter:
[2023.05.30-13.08.42:092][  0]LogD3D11RHI:     Description : NVIDIA GeForce RTX 3080
[2023.05.30-13.08.42:092][  0]LogD3D11RHI:     VendorId    : 10de
[2023.05.30-13.08.42:092][  0]LogD3D11RHI:     DeviceId    : 2216
[2023.05.30-13.08.42:092][  0]LogD3D11RHI:     SubSysId    : 403f1458
[2023.05.30-13.08.42:092][  0]LogD3D11RHI:     Revision    : 00a1
[2023.05.30-13.08.42:092][  0]LogD3D11RHI:     DedicatedVideoMemory : 10556014592 bytes
[2023.05.30-13.08.42:092][  0]LogD3D11RHI:     DedicatedSystemMemory : 0 bytes
[2023.05.30-13.08.42:092][  0]LogD3D11RHI:     SharedSystemMemory : 8521435136 bytes
[2023.05.30-13.08.42:092][  0]LogD3D11RHI:     AdapterLuid : 0 79247
[2023.05.30-13.08.42:096][  0]LogD3D11RHI: Creating new Direct3DDevice
[2023.05.30-13.08.42:096][  0]LogD3D11RHI:     GPU DeviceId: 0x2216 (for the marketing name, search the web for "GPU Device Id")
[2023.05.30-13.08.42:096][  0]LogWindows: EnumDisplayDevices:
[2023.05.30-13.08.42:096][  0]LogWindows:    0. 'NVIDIA GeForce RTX 3080' (P:1 D:1)
[2023.05.30-13.08.42:096][  0]LogWindows:    1. 'NVIDIA GeForce RTX 3080' (P:0 D:1)
[2023.05.30-13.08.42:096][  0]LogWindows:    2. 'NVIDIA GeForce RTX 3080' (P:0 D:0)
[2023.05.30-13.08.42:096][  0]LogWindows:    3. 'NVIDIA GeForce RTX 3080' (P:0 D:0)
[2023.05.30-13.08.42:097][  0]LogWindows: DebugString: FoundDriverCount:4 
[2023.05.30-13.08.42:097][  0]LogD3D11RHI:     Adapter Name: NVIDIA GeForce RTX 3080
[2023.05.30-13.08.42:097][  0]LogD3D11RHI:   Driver Version: 531.68 (internal:31.0.15.3168, unified:531.68)
[2023.05.30-13.08.42:097][  0]LogD3D11RHI:      Driver Date: 4-13-2023
[2023.05.30-13.08.42:097][  0]LogRHI: Texture pool is 7046 MB (70% of 10067 MB)
[2023.05.30-13.08.42:097][  0]LogD3D11RHI: Creating D3DDevice using adapter:
[2023.05.30-13.08.42:097][  0]LogD3D11RHI:     Description : NVIDIA GeForce RTX 3080
[2023.05.30-13.08.42:097][  0]LogD3D11RHI:     VendorId    : 10de
[2023.05.30-13.08.42:097][  0]LogD3D11RHI:     DeviceId    : 2216
[2023.05.30-13.08.42:097][  0]LogD3D11RHI:     SubSysId    : 403f1458
[2023.05.30-13.08.42:097][  0]LogD3D11RHI:     Revision    : 00a1
[2023.05.30-13.08.42:097][  0]LogD3D11RHI:     DedicatedVideoMemory : 10556014592 bytes
[2023.05.30-13.08.42:097][  0]LogD3D11RHI:     DedicatedSystemMemory : 0 bytes
[2023.05.30-13.08.42:097][  0]LogD3D11RHI:     SharedSystemMemory : 8521435136 bytes
[2023.05.30-13.08.42:097][  0]LogD3D11RHI:     AdapterLuid : 0 79247
[2023.05.30-13.08.42:163][  0]LogD3D11RHI: RHI has support for 64 bit atomics
[2023.05.30-13.08.42:163][  0]LogD3D11RHI: Async texture creation enabled
[2023.05.30-13.08.42:163][  0]LogD3D11RHI: Array index from any shader is supported
[2023.05.30-13.08.42:182][  0]LogD3D11RHI: GPU Timing Frequency: 1000.000000 (Debug: 2 2)
[2023.05.30-13.08.42:215][  0]LogRHI: GeForceNow SDK initialized: 1
[2023.05.30-13.08.42:442][  0]LogTargetPlatformManager: Display: Loaded TargetPlatform 'WindowsNoEditor'
[2023.05.30-13.08.42:445][  0]LogTargetPlatformManager: Display: Loaded TargetPlatform 'Windows'
[2023.05.30-13.08.42:448][  0]LogTargetPlatformManager: Display: Loaded TargetPlatform 'WindowsClient'
[2023.05.30-13.08.42:451][  0]LogTargetPlatformManager: Display: Loaded TargetPlatform 'WindowsServer'
[2023.05.30-13.08.42:451][  0]LogTargetPlatformManager: Display: Building Assets For Windows
[2023.05.30-13.08.42:456][  0]LogAudioDebug: Display: Lib vorbis DLL was dynamically loaded.
[2023.05.30-13.08.42:474][  0]LogTextureFormatOodle: Display: Oodle Texture 2.9.0 init RDO Off
[2023.05.30-13.08.42:493][  0]LogRendererCore: Ray tracing is disabled. Reason: r.RayTracing=0.
[2023.05.30-13.08.42:493][  0]LogShaderCompilers: Guid format shader working directory is -2 characters bigger than the processId version (../../../../../GitRepositories/ProjectC/Project/Intermediate/Shaders/WorkingDirectory/21864/).
[2023.05.30-13.08.42:493][  0]LogShaderCompilers: Cleaned the shader compiler working directory 'C:/Users/Glynn/AppData/Local/Temp/UnrealShaderWorkingDir/0D5020FC4988958DC7517B8192264691/'.
[2023.05.30-13.08.42:493][  0]LogXGEController: Cannot use XGE Controller as Incredibuild is not installed on this machine.
[2023.05.30-13.08.42:493][  0]LogShaderCompilers: Cannot use XGE Shader Compiler as Incredibuild is not installed on this machine.
[2023.05.30-13.08.42:493][  0]LogShaderCompilers: Display: Using Local Shader Compiler.
[2023.05.30-13.08.43:089][  0]LogDerivedDataCache: Display: Max Cache Size: 512 MB
[2023.05.30-13.08.43:131][  0]LogDerivedDataCache: Loaded boot cache 0.04s 94MB C:/Users/Glynn/AppData/Local/UnrealEngine/4.27/DerivedDataCache/Boot.ddc.
[2023.05.30-13.08.43:131][  0]LogDerivedDataCache: Display: Loaded Boot cache: C:/Users/Glynn/AppData/Local/UnrealEngine/4.27/DerivedDataCache/Boot.ddc
[2023.05.30-13.08.43:131][  0]LogDerivedDataCache: FDerivedDataBackendGraph:  Pak pak cache file ../../../../../GitRepositories/ProjectC/Project/DerivedDataCache/DDC.ddp not found, will not use a pak cache.
[2023.05.30-13.08.43:131][  0]LogDerivedDataCache: Unable to find inner node Pak for hierarchical cache Hierarchy.
[2023.05.30-13.08.43:131][  0]LogDerivedDataCache: FDerivedDataBackendGraph:  CompressedPak pak cache file ../../../../../GitRepositories/ProjectC/Project/DerivedDataCache/Compressed.ddp not found, will not use a pak cache.
[2023.05.30-13.08.43:131][  0]LogDerivedDataCache: Unable to find inner node CompressedPak for hierarchical cache Hierarchy.
[2023.05.30-13.08.43:144][  0]LogDerivedDataCache: Display: Pak cache opened for reading ../../../Engine/DerivedDataCache/Compressed.ddp.
[2023.05.30-13.08.43:144][  0]LogDerivedDataCache: FDerivedDataBackendGraph:  EnterprisePak pak cache file ../../../Enterprise/DerivedDataCache/Compressed.ddp not found, will not use a pak cache.
[2023.05.30-13.08.43:144][  0]LogDerivedDataCache: Unable to find inner node EnterprisePak for hierarchical cache Hierarchy.
[2023.05.30-13.08.43:149][  0]LogDerivedDataCache: Speed tests for C:/Users/Glynn/AppData/Local/UnrealEngine/Common/DerivedDataCache took 0.00 seconds
[2023.05.30-13.08.43:149][  0]LogDerivedDataCache: Display: Performance to C:/Users/Glynn/AppData/Local/UnrealEngine/Common/DerivedDataCache: Latency=0.03ms. RandomReadSpeed=1456.96MBs, RandomWriteSpeed=250.20MBs. Assigned SpeedClass 'Local'
[2023.05.30-13.08.43:150][  0]LogDerivedDataCache: Using Local data cache path C:/Users/Glynn/AppData/Local/UnrealEngine/Common/DerivedDataCache: Writable
[2023.05.30-13.08.43:150][  0]LogDerivedDataCache: Shared data cache path not found in *engine.ini, will not use an Shared cache.
[2023.05.30-13.08.43:150][  0]LogDerivedDataCache: Unable to find inner node Shared for hierarchical cache Hierarchy.
[2023.05.30-13.08.43:178][  0]LogSlate: Using FreeType 2.10.0
[2023.05.30-13.08.43:179][  0]LogSlate: SlateFontServices - WITH_FREETYPE: 1, WITH_HARFBUZZ: 1
[2023.05.30-13.08.43:232][  0]LogInit: Using OS detected language (en-US).
[2023.05.30-13.08.43:232][  0]LogInit: Using OS detected locale (en-AU).
[2023.05.30-13.08.43:233][  0]LogTextLocalizationManager: No localization for 'en-US' exists, so 'en' will be used for the language.
[2023.05.30-13.08.43:233][  0]LogTextLocalizationManager: No localization for 'en-AU' exists, so 'en' will be used for the locale.
[2023.05.30-13.08.43:233][  0]LogSlate: FontCache flush requested. Reason: Culture for localization was changed
[2023.05.30-13.08.43:233][  0]LogSlate: FontCache flush requested. Reason: Culture for localization was changed
[2023.05.30-13.08.43:234][  0]LogTextLocalizationManager: Compacting localization data took   0.00ms
[2023.05.30-13.08.43:234][  0]LogAssetRegistry: FAssetRegistry took 0.0012 seconds to start up
[2023.05.30-13.08.43:357][  0]LogPackageLocalizationCache: Processed 27 localized package path(s) for 1 prioritized culture(s) in 0.000907 seconds
[2023.05.30-13.08.43:404][  0]LogInit: Selected Device Profile: [Windows]
[2023.05.30-13.08.43:404][  0]LogInit: Active device profile: [00000250D31E1A00][00000250CC1E57C0 49] Windows
[2023.05.30-13.08.43:404][  0]LogInit: Profiles: [00000250D31E1A00][00000250CC1E57C0 49] Windows, [00000250D31AB100][00000250CC1E9940 49] WindowsNoEditor, [00000250D31E3700][00000250CC1EDAC0 49] WindowsServer, [00000250D31A8F00][00000250CC1F00C0 49] WindowsClient, [00000250D31E1000][00000250CC1F4240 49] IOS, [00000250D31A9A00][00000250CC1F83C0 49] iPadAir, [00000250D31E2000][00000250CC1FC540 49] iPadAir2, [00000250D3151300][00000250CC204800 49] IPadPro, [00000250D3151400][00000250CC200840 49] iPadAir3, [00000250D31A9D00][00000250CC2089C0 49] iPadAir4, [00000250D3153900][00000250CC20CB40 49] iPadMini2, [00000250D31AAD00][00000250CBA5CCC0 49] iPadMini3, [00000250D3151E00][00000250CBA60E40 49] iPadMini4, [00000250D31AA900][00000250CBA64FC0 49] iPadMini5, [00000250D3174C00][00000250CBA6D280 49] iPhone6, [00000250D3174D00][00000250CBA692C0 49] iPodTouch6, [00000250D31E1E00][00000250CC1E1540 49] iPhone7, [00000250D31E3900][00000250CBA71580 49] iPodTouch7, [00000250D3174300][00000250CBA756C0 49] iPhone5S, [00000250D3152800][00000250CBA79800 49] iPhone6Plus, [00000250D3176C00][00000250CBA7D940 49] iPhone6S, [00000250D3153F00][00000250CBA85AC0 49] iPhone6SPlus, [00000250D3176B00][00000250CBA880C0 49] iPhone7Plus, [00000250D3153D00][00000250CBA8C240 49] iPhoneSE, [00000250D31E0900][00000250CBA903C0 49] iPhone8, [00000250D3150900][00000250CBA94540 49] iPhone8Plus, [00000250D31E3E00][00000250CBA986C0 49] iPhoneX, [00000250D3152B00][00000250CBA9C840 49] iPhoneXS, [00000250D31E0400][00000250CBAA09C0 49] iPhoneXSMax, [00000250D3152200][00000250CBAA4B40 49] iPhoneXR, [00000250D31E2400][00000250CBFCCCC0 49] iPhone11, [00000250D3152500][00000250CBFD0E40 49] iPhone11Pro, [00000250D31E0D00][00000250CBFD4FC0 49] iPhone11ProMax, [00000250D3150200][00000250CBFD9140 49] iPhoneSE2, [00000250D31E2B00][00000250CBFDD2C0 49] iPhone12Mini, [00000250D3151800][00000250CBFE1440 49] iPhone12, [00000250D31E2300][00000250CBFE55C0 49] iPhone12Pro, [00000250D3151C00][00000250CBA81700 49] iPhone12ProMax, [00000250D31E1700][00000250CBFE9840 49] iPadPro105, [00000250D3152C00][00000250CBFED980 49] iPadPro129, [00000250D31E2100][00000250CBFF1AC0 49] iPadPro97, [00000250D3152700][00000250CBFF80C0 49] iPadPro2_129, [00000250D31E2C00][00000250CBFFC240 49] iPad5, [00000250D3151700][00000250CC0003C0 49] iPad6, [00000250D31E2E00][00000250CC004540 49] iPad7, [00000250D3150B00][00000250CC0086C0 49] iPad8, [00000250D31E2700][00000250CC00C840 49] iPadPro11, [00000250D3150400][00000250CC0109C0 49] iPadPro2_11, [00000250D31E1600][00000250CC014B40 49] iPadPro3_129, [00000250D3151600][00000250CC018CC0 49] iPadPro4_129, [00000250D31E1D00][00000250CC01CE40 49] AppleTV, [00000250D3152F00][00000250D3F02FC0 49] AppleTV4K, [00000250D31E0800][00000250D3F07140 49] TVOS, [00000250D3153A00][00000250D3F0B2C0 49] Mac, [00000250D31E3A00][00000250D3F0F440 49] MacClient, [00000250D3152D00][00000250D3F135C0 49] MacNoEditor, [00000250D31E2A00][00000250D3F17740 49] MacServer, [00000250D3153600][00000250D3F1B8C0 49] Linux, [00000250D31E3800][00000250CBFF5A00 49] LinuxAArch64, [00000250D3152100][00000250D3F1FB40 49] LinuxNoEditor, [00000250D31E1300][00000250D3F22100 49] LinuxAArch64NoEditor, [00000250D3153100][00000250D3F2A280 49] LinuxClient, [00000250D31E2600][00000250D3F2E400 49] LinuxAArch64Client, [00000250D3152900][00000250D3F32580 49] LinuxServer, [00000250D31E2500][00000250D3F36700 49] LinuxAArch64Server, [00000250D3151100][00000250D3F3A880 49] Android, [00000250D31E0B00][00000250D3F3EA00 49] Android_Low, [00000250D3151B00][00000250D3F42B80 49] Android_Mid, [00000250D31E3C00][00000250D3F46D00 49] Android_High, [00000250D3151D00][00000250D3F4AE80 49] Android_Default, [00000250D31E1400][00000250D3F4F000 49] Android_Adreno4xx, [00000250D3150300][00000250D3F53180 49] Android_Adreno5xx_Low, [00000250D31E2D00][00000250D3F57300 49] Android_Adreno5xx, [00000250D3153400][00000250D3F5B480 49] Android_Adreno6xx, [00000250D31E2F00][00000250D3F5F600 49] Android_Adreno6xx_Vulkan, [00000250D3153B00][00000250D3F63780 49] Android_Mali_T6xx, [00000250D31E1500][00000250D3F67900 49] Android_Mali_T7xx, [00000250D3150100][00000250D3F6BA80 49] Android_Mali_T8xx, [00000250D31E0A00][00000250D3F27BC0 49] Android_Mali_G71, [00000250D3151000][00000250D3F6E180 49] Android_Mali_G72, [00000250D31E3100][00000250D3F722C0 49] Android_Mali_G72_Vulkan, [00000250D3150E00][00000250D3F7A440 49] Android_Mali_G76, [00000250D31E2900][00000250D3F7E5C0 49] Android_Mali_G76_Vulkan, [00000250D31AAE00][00000250D3F82740 49] Android_Mali_G77, [00000250D3177A00][00000250D3F868C0 49] Android_Mali_G77_Vulkan, [00000250D31A8300][00000250D3F8AA40 49] Android_Mali_G78, [00000250D3176200][00000250D3F8EBC0 49] Android_Mali_G78_Vulkan, [00000250D31A9C00][00000250D3F92D40 49] Android_Mali_G710, [00000250D3175600][00000250D3F96EC0 49] Android_Mali_G710_Vulkan, [00000250D31A9400][00000250D3F9B040 49] Android_Vulkan_SM5, [00000250D3176900][00000250D3F9F1C0 49] Android_PowerVR_G6xxx, [00000250D31A9500][00000250D3FA3340 49] Android_PowerVR_GT7xxx, [00000250D3177600][00000250D3FA74C0 49] Android_PowerVR_GE8xxx, [00000250D31AA400][00000250D3FAB640 49] Android_PowerVR_GM9xxx, [00000250D3177400][00000250D3FAF7C0 49] Android_PowerVR_GM9xxx_Vulkan, [00000250D31A9900][00000250D3FB3940 49] Android_TegraK1, [00000250D3174F00][00000250D3FB7AC0 49] Android_Unknown_Vulkan, [00000250D31AAF00][00000250D3FBA0C0 49] Lumin, [00000250D3176D00][00000250D3F76200 49] Lumin_Desktop, [00000250D31ABC00][00000250D3FBE340 49] HoloLens, 
[2023.05.30-13.08.43:431][  0]LogMeshReduction: Using QuadricMeshReduction for automatic static mesh reduction
[2023.05.30-13.08.43:431][  0]LogMeshReduction: Using SimplygonMeshReduction for automatic skeletal mesh reduction
[2023.05.30-13.08.43:431][  0]LogMeshReduction: Using ProxyLODMeshReduction for automatic mesh merging
[2023.05.30-13.08.43:431][  0]LogMeshReduction: No distributed automatic mesh merging module available
[2023.05.30-13.08.43:431][  0]LogMeshMerging: No distributed automatic mesh merging module available
[2023.05.30-13.08.43:520][  0]LogNetVersion: Project 1.0.0, NetCL: 17155196, EngineNetVer: 17, GameNetVer: 0 (Checksum: 3814265607)
[2023.05.30-13.08.43:679][  0]LogTexture: Default maximum texture size for cubemaps generated from long-lat sources has been changed from 512 to unlimited. In order to preserve old behaiour for '/Engine/MapTemplates/Sky/DaylightAmbientCubemap.DaylightAmbientCubemap', its maximum texture size has been explicitly set to 512.
[2023.05.30-13.08.43:717][  0]LogHMD: PokeAHoleMaterial loaded successfully
[2023.05.30-13.08.43:780][  0]LogMoviePlayer: Initializing movie player
[2023.05.30-13.08.43:851][  0]LogNiagaraDebuggerClient: Niagara Debugger Client Initialized | Session: E858D1C04E63348F2D051C97FBE5D0C2 | Instance: 03344B144C3C1F2DF295618AA2931BE8 (GLYNNPC-21864).
[2023.05.30-13.08.43:865][  0]LogCollectionManager: Loaded 0 collections in 0.000465 seconds
[2023.05.30-13.08.43:867][  0]LogFileCache: Scanning file cache for directory 'D:/GitRepositories/ProjectC/Project/Saved/Collections/' took 0.00s
[2023.05.30-13.08.43:867][  0]LogFileCache: Scanning file cache for directory 'D:/GitRepositories/ProjectC/Project/Content/Developers/Glynn/Collections/' took 0.00s
[2023.05.30-13.08.43:867][  0]LogFileCache: Scanning file cache for directory 'D:/GitRepositories/ProjectC/Project/Content/Collections/' took 0.00s
[2023.05.30-13.08.43:867][  0]LogCollectionManager: Fixed up redirectors for 0 collections in 0.000001 seconds (updated 0 objects)
[2023.05.30-13.08.43:882][  0]LogPython: Using Python 3.7.7
[2023.05.30-13.08.44:276][  0]LogTcpMessaging: Initializing TcpMessaging bridge
[2023.05.30-13.08.44:279][  0]LogUdpMessaging: Initializing bridge on interface 0.0.0.0:0 to multicast group 230.0.0.1:6666.
[2023.05.30-13.08.44:338][  0]SourceControl: Source control is disabled
[2023.05.30-13.08.44:338][  0]SourceControl: Source control is disabled
[2023.05.30-13.08.44:341][  0]SourceControl: Source control is disabled
[2023.05.30-13.08.44:345][  0]LogUProjectInfo: Found projects:
[2023.05.30-13.08.44:397][  0]LogOpenImageDenoise: OIDN starting up
[2023.05.30-13.08.44:418][  0]LogAndroidPermission: UAndroidPermissionCallbackProxy::GetInstance
[2023.05.30-13.08.44:431][  0]LogAudioCaptureCore: Display: No Audio Capture implementations found. Audio input will be silent.
[2023.05.30-13.08.44:431][  0]LogAudioCaptureCore: Display: No Audio Capture implementations found. Audio input will be silent.
[2023.05.30-13.08.44:478][  0]LogOcInput: OculusInput pre-init called
[2023.05.30-13.08.44:484][  0]LogUObjectArray: 22121 objects as part of root set at end of initial load.
[2023.05.30-13.08.44:484][  0]LogUObjectAllocator: 5975632 out of 0 bytes used by permanent object pool.
[2023.05.30-13.08.44:484][  0]LogUObjectArray: CloseDisregardForGC: 0/0 objects in disregard for GC pool
[2023.05.30-13.08.44:519][  0]LogEngine: Initializing Engine...
[2023.05.30-13.08.44:520][  0]LogHMD: Failed to enumerate extensions. Please check that you have a valid OpenXR runtime installed.
[2023.05.30-13.08.44:521][  0]LogHMD: Failed to initialize OpenVR with code 110
[2023.05.30-13.08.44:521][  0]LogMagicLeap: Warning: VR disabled because ZI is not enabled.  To enable, in the editor, Edit -> Project Settings -> Plugins -> Magic Leap Plugin -> Enable Zero Iteration
[2023.05.30-13.08.44:522][  0]LogStats: UGameplayTagsManager::InitializeManager -  0.000 s
[2023.05.30-13.08.44:588][  0]LogInit: Initializing FReadOnlyCVARCache
[2023.05.30-13.08.44:588][  0]LogAudio: Display: Initializing Audio Device Manager...
[2023.05.30-13.08.44:590][  0]LogAudio: Display: Loading Default Audio Settings Objects...
[2023.05.30-13.08.44:590][  0]LogAudio: Display: No default SoundConcurrencyObject specified (or failed to load).
[2023.05.30-13.08.44:591][  0]LogAudio: Display: Audio Device Manager Initialized
[2023.05.30-13.08.44:591][  0]LogAudio: Display: Creating Audio Device:                 Id: 1, Scope: Shared, Realtime: True
[2023.05.30-13.08.44:591][  0]LogAudioMixer: Display: Audio Mixer Platform Settings:
[2023.05.30-13.08.44:591][  0]LogAudioMixer: Display: 	Sample Rate:						  48000
[2023.05.30-13.08.44:591][  0]LogAudioMixer: Display: 	Callback Buffer Frame Size Requested: 1024
[2023.05.30-13.08.44:591][  0]LogAudioMixer: Display: 	Callback Buffer Frame Size To Use:	  1024
[2023.05.30-13.08.44:591][  0]LogAudioMixer: Display: 	Number of buffers to queue:			  2
[2023.05.30-13.08.44:591][  0]LogAudioMixer: Display: 	Max Channels (voices):				  32
[2023.05.30-13.08.44:591][  0]LogAudioMixer: Display: 	Number of Async Source Workers:		  0
[2023.05.30-13.08.44:591][  0]LogAudio: Display: AudioDevice MaxSources: 32
[2023.05.30-13.08.44:591][  0]LogAudio: Display: Audio Spatialization Plugin: None (built-in).
[2023.05.30-13.08.44:591][  0]LogAudio: Display: Audio Reverb Plugin: None (built-in).
[2023.05.30-13.08.44:591][  0]LogAudio: Display: Audio Occlusion Plugin: None (built-in).
[2023.05.30-13.08.44:591][  0]LogAudioMixer: Display: Initializing audio mixer.
[2023.05.30-13.08.44:602][  0]LogAudioMixer: Display: 0: FrontLeft
[2023.05.30-13.08.44:602][  0]LogAudioMixer: Display: 1: FrontRight
[2023.05.30-13.08.44:611][  0]LogAudioMixer: Display: Using Audio Device Speakers (Realtek(R) Audio)
[2023.05.30-13.08.44:615][  0]LogAudioMixer: Display: Initializing Sound Submixes...
[2023.05.30-13.08.44:616][  0]LogAudioMixer: Display: Creating Master Submix 'MasterSubmixDefault'
[2023.05.30-13.08.44:616][  0]LogAudioMixer: Display: Creating Master Submix 'MasterReverbSubmixDefault'
[2023.05.30-13.08.44:617][  0]LogAudioMixer: Display: Creating Master Submix 'MasterEQSubmixDefault'
[2023.05.30-13.08.44:617][  0]LogAudioMixer: FMixerPlatformXAudio2::StartAudioStream() called
[2023.05.30-13.08.44:617][  0]LogAudioMixer: Display: Output buffers initialized: Frames=1024, Channels=2, Samples=2048
[2023.05.30-13.08.44:618][  0]LogAudioMixer: Display: Starting AudioMixerPlatformInterface::RunInternal()
[2023.05.30-13.08.44:618][  0]LogAudioMixer: Display: FMixerPlatformXAudio2::SubmitBuffer() called for the first time
[2023.05.30-13.08.44:618][  0]LogInit: FAudioDevice initialized.
[2023.05.30-13.08.44:619][  0]LogNetVersion: Set ProjectVersion to 1.0.0.0. Version Checksum will be recalculated on next use.
[2023.05.30-13.08.44:619][  0]LogInit: Texture streaming: Enabled
[2023.05.30-13.08.44:663][  0]LogAudio: Display: Audio Device (ID: 1) registered with world 'Untitled'.
[2023.05.30-13.08.44:663][  0]LogSlate: Updating window title bar state: overlay mode, drag disabled, window buttons hidden, title bar hidden
[2023.05.30-13.08.44:664][  0]LogInit: Display: Game Engine Initialized.
[2023.05.30-13.08.44:664][  0]LogNiagaraEditor: GEditor isn't valid! Particle reset commands will not work for Niagara components!
[2023.05.30-13.08.44:740][  0]LogInit: Display: Starting Game.
[2023.05.30-13.08.44:740][  0]LogNet: Browse: /Game/Level/MainMenu?Name=Player
[2023.05.30-13.08.44:740][  0]LogLoad: LoadMap: /Game/Level/MainMenu?Name=Player
[2023.05.30-13.08.44:741][  0]LogWorld: BeginTearingDown for /Temp/Untitled_0
[2023.05.30-13.08.44:741][  0]LogWorld: UWorld::CleanupWorld for Untitled, bSessionEnded=true, bCleanupResources=true
[2023.05.30-13.08.44:741][  0]LogSlate: InvalidateAllWidgets triggered.  All widgets were invalidated
[2023.05.30-13.08.44:745][  0]LogAudio: Display: Audio Device unregistered from world 'None'.
[2023.05.30-13.08.44:746][  0]LogUObjectHash: Compacting FUObjectHashTables data took   0.58ms
[2023.05.30-13.08.44:770][  0]LogAudio: Display: Audio Device (ID: 1) registered with world 'MainMenu'.
[2023.05.30-13.08.44:775][  0]LogAIModule: Creating AISystem for world MainMenu
[2023.05.30-13.08.44:775][  0]LogLoad: Game class is 'GameModeBase'
[2023.05.30-13.08.44:776][  0]LogWorld: Bringing World /Game/Level/MainMenu.MainMenu up for play (max tick rate 0) at 2023.05.30-23.08.44
[2023.05.30-13.08.44:776][  0]LogWorld: Bringing up level for play took: 0.000359
[2023.05.30-13.08.44:776][  0]LogGameMode: FindPlayerStart: PATHS NOT DEFINED or NO PLAYERSTART with positive rating
[2023.05.30-13.08.44:778][  0]LogLoad: Took 0.037010 seconds to LoadMap(/Game/Level/MainMenu)
[2023.05.30-13.08.44:871][  0]LogSlate: Took 0.000127 seconds to synchronously load lazily loaded font '../../../Engine/Content/Slate/Fonts/Roboto-Regular.ttf' (155K)
[2023.05.30-13.08.44:913][  0]LogRenderer: Reallocating scene render targets to support 1912x1008 Format 10 NumSamples 1 (Frame:1).
[2023.05.30-13.08.44:913][  0]LogInit: Display: Engine is initialized. Leaving FEngineLoop::Init()
[2023.05.30-13.08.44:913][  0]LogLoad: (Engine Initialization) Total time: 3.82 seconds
[2023.05.30-13.08.44:913][  0]LogLoad: (Engine Initialization) Total Blueprint compile time: 0.00 seconds
[2023.05.30-13.08.44:915][  0]LogContentStreaming: Texture pool size now 1000 MB
[2023.05.30-13.08.44:916][  0]LogAudio: Warning: Detected orphaned looping sound 'SC_TitleScreen'.
[2023.05.30-13.08.44:916][  0]LogSlate: InvalidateAllWidgets triggered.  All widgets were invalidated
[2023.05.30-13.08.44:923][  1]LogSlate: Took 0.000087 seconds to synchronously load lazily loaded font '../../../Engine/Content/Slate/Fonts/Roboto-Regular.ttf' (155K)
[2023.05.30-13.08.48:314][503]LogRenderer: Reallocating scene render targets to support 1920x1080 Format 10 NumSamples 1 (Frame:2505).
[2023.05.30-13.08.48:314][503]LogConfig: Applying CVar settings from Section [ViewDistanceQuality@3] File [D:/GitRepositories/ProjectC/Project/Saved/Config/Windows/Scalability.ini]
[2023.05.30-13.08.48:314][503]LogConfig: Setting CVar [[r.SkeletalMeshLODBias:0]]
[2023.05.30-13.08.48:314][503]LogConfig: Setting CVar [[r.ViewDistanceScale:1.0]]
[2023.05.30-13.08.48:314][503]LogConfig: Applying CVar settings from Section [AntiAliasingQuality@3] File [D:/GitRepositories/ProjectC/Project/Saved/Config/Windows/Scalability.ini]
[2023.05.30-13.08.48:314][503]LogConfig: Setting CVar [[r.PostProcessAAQuality:4]]
[2023.05.30-13.08.48:314][503]LogConfig: Applying CVar settings from Section [ShadowQuality@3] File [D:/GitRepositories/ProjectC/Project/Saved/Config/Windows/Scalability.ini]
[2023.05.30-13.08.48:314][503]LogConfig: Setting CVar [[r.LightFunctionQuality:1]]
[2023.05.30-13.08.48:314][503]LogConfig: Setting CVar [[r.ShadowQuality:5]]
[2023.05.30-13.08.48:314][503]LogConfig: Setting CVar [[r.Shadow.CSM.MaxCascades:10]]
[2023.05.30-13.08.48:314][503]LogConfig: Setting CVar [[r.Shadow.MaxResolution:2048]]
[2023.05.30-13.08.48:314][503]LogConfig: Setting CVar [[r.Shadow.MaxCSMResolution:2048]]
[2023.05.30-13.08.48:314][503]LogConfig: Setting CVar [[r.Shadow.RadiusThreshold:0.01]]
[2023.05.30-13.08.48:314][503]LogConfig: Setting CVar [[r.Shadow.DistanceScale:1.0]]
[2023.05.30-13.08.48:314][503]LogConfig: Setting CVar [[r.Shadow.CSM.TransitionScale:1.0]]
[2023.05.30-13.08.48:314][503]LogConfig: Setting CVar [[r.Shadow.PreShadowResolutionFactor:1.0]]
[2023.05.30-13.08.48:314][503]LogConfig: Setting CVar [[r.DistanceFieldShadowing:1]]
[2023.05.30-13.08.48:314][503]LogConfig: Setting CVar [[r.DistanceFieldAO:1]]
[2023.05.30-13.08.48:314][503]LogConfig: Setting CVar [[r.AOQuality:2]]
[2023.05.30-13.08.48:314][503]LogConfig: Setting CVar [[r.VolumetricFog:1]]
[2023.05.30-13.08.48:314][503]LogConfig: Setting CVar [[r.VolumetricFog.GridPixelSize:8]]
[2023.05.30-13.08.48:314][503]LogConfig: Setting CVar [[r.VolumetricFog.GridSizeZ:128]]
[2023.05.30-13.08.48:314][503]LogConfig: Setting CVar [[r.VolumetricFog.HistoryMissSupersampleCount:4]]
[2023.05.30-13.08.48:314][503]LogConfig: Setting CVar [[r.LightMaxDrawDistanceScale:1]]
[2023.05.30-13.08.48:314][503]LogConfig: Setting CVar [[r.CapsuleShadows:1]]
[2023.05.30-13.08.48:314][503]LogConfig: Applying CVar settings from Section [PostProcessQuality@3] File [D:/GitRepositories/ProjectC/Project/Saved/Config/Windows/Scalability.ini]
[2023.05.30-13.08.48:314][503]LogConfig: Setting CVar [[r.MotionBlurQuality:4]]
[2023.05.30-13.08.48:314][503]LogConfig: Setting CVar [[r.AmbientOcclusionMipLevelFactor:0.4]]
[2023.05.30-13.08.48:314][503]LogConfig: Setting CVar [[r.AmbientOcclusionMaxQuality:100]]
[2023.05.30-13.08.48:314][503]LogConfig: Setting CVar [[r.AmbientOcclusionLevels:-1]]
[2023.05.30-13.08.48:314][503]LogConfig: Setting CVar [[r.AmbientOcclusionRadiusScale:1.0]]
[2023.05.30-13.08.48:314][503]LogConfig: Setting CVar [[r.DepthOfFieldQuality:2]]
[2023.05.30-13.08.48:314][503]LogConfig: Setting CVar [[r.RenderTargetPoolMin:400]]
[2023.05.30-13.08.48:314][503]LogConfig: Setting CVar [[r.LensFlareQuality:2]]
[2023.05.30-13.08.48:314][503]LogConfig: Setting CVar [[r.SceneColorFringeQuality:1]]
[2023.05.30-13.08.48:314][503]LogConfig: Setting CVar [[r.EyeAdaptationQuality:2]]
[2023.05.30-13.08.48:314][503]LogConfig: Setting CVar [[r.BloomQuality:5]]
[2023.05.30-13.08.48:314][503]LogConfig: Setting CVar [[r.FastBlurThreshold:100]]
[2023.05.30-13.08.48:314][503]LogConfig: Setting CVar [[r.Upscale.Quality:3]]
[2023.05.30-13.08.48:314][503]LogConfig: Setting CVar [[r.Tonemapper.GrainQuantization:1]]
[2023.05.30-13.08.48:314][503]LogConfig: Setting CVar [[r.LightShaftQuality:1]]
[2023.05.30-13.08.48:314][503]LogConfig: Setting CVar [[r.Filter.SizeScale:1]]
[2023.05.30-13.08.48:314][503]LogConfig: Setting CVar [[r.Tonemapper.Quality:5]]
[2023.05.30-13.08.48:314][503]LogConfig: Setting CVar [[r.DOF.Gather.AccumulatorQuality:1        ; higher gathering accumulator quality]]
[2023.05.30-13.08.48:314][503]LogConfig: Setting CVar [[r.DOF.Gather.PostfilterMethod:1          ; Median3x3 postfilering method]]
[2023.05.30-13.08.48:314][503]LogConfig: Setting CVar [[r.DOF.Gather.EnableBokehSettings:0       ; no bokeh simulation when gathering]]
[2023.05.30-13.08.48:314][503]LogConfig: Setting CVar [[r.DOF.Gather.RingCount:4                 ; medium number of samples when gathering]]
[2023.05.30-13.08.48:314][503]LogConfig: Setting CVar [[r.DOF.Scatter.ForegroundCompositing:1    ; additive foreground scattering]]
[2023.05.30-13.08.48:314][503]LogConfig: Setting CVar [[r.DOF.Scatter.BackgroundCompositing:2    ; additive background scattering]]
[2023.05.30-13.08.48:314][503]LogConfig: Setting CVar [[r.DOF.Scatter.EnableBokehSettings:1      ; bokeh simulation when scattering]]
[2023.05.30-13.08.48:314][503]LogConfig: Setting CVar [[r.DOF.Scatter.MaxSpriteRatio:0.1         ; only a maximum of 10% of scattered bokeh]]
[2023.05.30-13.08.48:314][503]LogConfig: Setting CVar [[r.DOF.Recombine.Quality:1                ; cheap slight out of focus]]
[2023.05.30-13.08.48:314][503]LogConfig: Setting CVar [[r.DOF.Recombine.EnableBokehSettings:0    ; no bokeh simulation on slight out of focus]]
[2023.05.30-13.08.48:314][503]LogConfig: Setting CVar [[r.DOF.TemporalAAQuality:1                ; more stable temporal accumulation]]
[2023.05.30-13.08.48:314][503]LogConfig: Setting CVar [[r.DOF.Kernel.MaxForegroundRadius:0.025]]
[2023.05.30-13.08.48:314][503]LogConfig: Setting CVar [[r.DOF.Kernel.MaxBackgroundRadius:0.025]]
[2023.05.30-13.08.48:314][503]LogConfig: Applying CVar settings from Section [TextureQuality@3] File [D:/GitRepositories/ProjectC/Project/Saved/Config/Windows/Scalability.ini]
[2023.05.30-13.08.48:314][503]LogConfig: Setting CVar [[r.Streaming.MipBias:0]]
[2023.05.30-13.08.48:314][503]LogConfig: Setting CVar [[r.Streaming.AmortizeCPUToGPUCopy:0]]
[2023.05.30-13.08.48:314][503]LogConfig: Setting CVar [[r.Streaming.MaxNumTexturesToStreamPerFrame:0]]
[2023.05.30-13.08.48:314][503]LogConfig: Setting CVar [[r.Streaming.Boost:1]]
[2023.05.30-13.08.48:314][503]LogConfig: Setting CVar [[r.MaxAnisotropy:8]]
[2023.05.30-13.08.48:314][503]LogConfig: Setting CVar [[r.VT.MaxAnisotropy:8]]
[2023.05.30-13.08.48:314][503]LogConfig: Setting CVar [[r.Streaming.LimitPoolSizeToVRAM:0]]
[2023.05.30-13.08.48:314][503]LogConfig: Setting CVar [[r.Streaming.PoolSize:1000]]
[2023.05.30-13.08.48:314][503]LogConfig: Setting CVar [[r.Streaming.MaxEffectiveScreenSize:0]]
[2023.05.30-13.08.48:314][503]LogConfig: Applying CVar settings from Section [EffectsQuality@3] File [D:/GitRepositories/ProjectC/Project/Saved/Config/Windows/Scalability.ini]
[2023.05.30-13.08.48:314][503]LogConfig: Setting CVar [[r.TranslucencyLightingVolumeDim:64]]
[2023.05.30-13.08.48:314][503]LogConfig: Setting CVar [[r.RefractionQuality:2]]
[2023.05.30-13.08.48:314][503]LogConfig: Setting CVar [[r.SSR.Quality:3]]
[2023.05.30-13.08.48:314][503]LogConfig: Setting CVar [[r.SSR.HalfResSceneColor:0]]
[2023.05.30-13.08.48:314][503]LogConfig: Setting CVar [[r.SceneColorFormat:4]]
[2023.05.30-13.08.48:315][503]LogConfig: Setting CVar [[r.DetailMode:2]]
[2023.05.30-13.08.48:315][503]LogConfig: Setting CVar [[r.TranslucencyVolumeBlur:1]]
[2023.05.30-13.08.48:315][503]LogConfig: Setting CVar [[r.MaterialQualityLevel:1 ; High quality]]
[2023.05.30-13.08.48:315][503]LogConfig: Setting CVar [[r.AnisotropicMaterials:1]]
[2023.05.30-13.08.48:315][503]LogConfig: Setting CVar [[r.SSS.Scale:1]]
[2023.05.30-13.08.48:315][503]LogConfig: Setting CVar [[r.SSS.SampleSet:2]]
[2023.05.30-13.08.48:315][503]LogConfig: Setting CVar [[r.SSS.Quality:1]]
[2023.05.30-13.08.48:315][503]LogConfig: Setting CVar [[r.SSS.HalfRes:0]]
[2023.05.30-13.08.48:315][503]LogConfig: Setting CVar [[r.SSGI.Quality:3]]
[2023.05.30-13.08.48:315][503]LogConfig: Setting CVar [[r.EmitterSpawnRateScale:1.0]]
[2023.05.30-13.08.48:315][503]LogConfig: Setting CVar [[r.ParticleLightQuality:2]]
[2023.05.30-13.08.48:315][503]LogConfig: Setting CVar [[r.SkyAtmosphere.AerialPerspectiveLUT.FastApplyOnOpaque:1 ; Always have FastSkyLUT 1 in this case to avoid wrong sky]]
[2023.05.30-13.08.48:315][503]LogConfig: Setting CVar [[r.SkyAtmosphere.AerialPerspectiveLUT.SampleCountMaxPerSlice:4]]
[2023.05.30-13.08.48:315][503]LogConfig: Setting CVar [[r.SkyAtmosphere.AerialPerspectiveLUT.DepthResolution:16.0]]
[2023.05.30-13.08.48:315][503]LogConfig: Setting CVar [[r.SkyAtmosphere.FastSkyLUT:1]]
[2023.05.30-13.08.48:315][503]LogConfig: Setting CVar [[r.SkyAtmosphere.FastSkyLUT.SampleCountMin:4.0]]
[2023.05.30-13.08.48:315][503]LogConfig: Setting CVar [[r.SkyAtmosphere.FastSkyLUT.SampleCountMax:128.0]]
[2023.05.30-13.08.48:315][503]LogConfig: Setting CVar [[r.SkyAtmosphere.SampleCountMin:4.0]]
[2023.05.30-13.08.48:315][503]LogConfig: Setting CVar [[r.SkyAtmosphere.SampleCountMax:128.0]]
[2023.05.30-13.08.48:315][503]LogConfig: Setting CVar [[r.SkyAtmosphere.TransmittanceLUT.UseSmallFormat:0]]
[2023.05.30-13.08.48:315][503]LogConfig: Setting CVar [[r.SkyAtmosphere.TransmittanceLUT.SampleCount:10.0]]
[2023.05.30-13.08.48:315][503]LogConfig: Setting CVar [[r.SkyAtmosphere.MultiScatteringLUT.SampleCount:15.0]]
[2023.05.30-13.08.48:315][503]LogConfig: Setting CVar [[r.SkyLight.RealTimeReflectionCapture:1]]
[2023.05.30-13.08.48:315][503]LogConfig: Setting CVar [[fx.Niagara.QualityLevel:3]]
[2023.05.30-13.08.48:315][503]LogConfig: Applying CVar settings from Section [FoliageQuality@3] File [D:/GitRepositories/ProjectC/Project/Saved/Config/Windows/Scalability.ini]
[2023.05.30-13.08.48:315][503]LogConfig: Setting CVar [[foliage.DensityScale:1.0]]
[2023.05.30-13.08.48:315][503]LogConfig: Setting CVar [[grass.DensityScale:1.0]]
[2023.05.30-13.08.48:315][503]LogConfig: Applying CVar settings from Section [ShadingQuality@3] File [D:/GitRepositories/ProjectC/Project/Saved/Config/Windows/Scalability.ini]
[2023.05.30-13.08.48:315][503]LogConfig: Setting CVar [[r.HairStrands.SkyLighting.IntegrationType:2]]
[2023.05.30-13.08.48:315][503]LogConfig: Setting CVar [[r.HairStrands.SkyAO.SampleCount:4]]
[2023.05.30-13.08.48:315][503]LogConfig: Setting CVar [[r.HairStrands.Visibility.MSAA.SamplePerPixel:4]]
[2023.05.30-13.08.51:917][141]LogViewport: Display: Viewport MouseLockMode Changed, LockOnCapture -> DoNotLock
[2023.05.30-13.08.51:917][141]LogViewport: Display: Viewport MouseCaptureMode Changed, CapturePermanently_IncludingInitialMouseDown -> NoCapture
[2023.05.30-13.08.54:170][815]LogPackageName: SearchForPackageOnDisk took   0.047s to resolve MainLevel.umap.
[2023.05.30-13.08.54:216][815]LogPackageName: SearchForPackageOnDisk took   0.045s to resolve MainLevel.umap.
[2023.05.30-13.08.54:216][815]LogNet: Browse: /Game/Level/MainLevel?Name=Player
[2023.05.30-13.08.54:216][815]LogLoad: LoadMap: /Game/Level/MainLevel?Name=Player
[2023.05.30-13.08.54:216][815]LogWorld: BeginTearingDown for /Game/Level/MainMenu
[2023.05.30-13.08.54:217][815]LogWorld: UWorld::CleanupWorld for MainMenu, bSessionEnded=true, bCleanupResources=true
[2023.05.30-13.08.54:217][815]LogSlate: InvalidateAllWidgets triggered.  All widgets were invalidated
[2023.05.30-13.08.54:253][815]LogAudio: Display: Waited 35.386398 ms for audio thread.
[2023.05.30-13.08.54:260][815]LogAudio: Display: Waited 42.798401 ms for audio thread.
[2023.05.30-13.08.54:265][815]LogAudio: Display: Audio Device unregistered from world 'None'.
[2023.05.30-13.08.54:267][815]LogUObjectHash: Compacting FUObjectHashTables data took   0.57ms
[2023.05.30-13.08.54:493][815]LogAudio: Display: Audio Device (ID: 1) registered with world 'MainLevel'.
[2023.05.30-13.08.54:494][815]LogAIModule: Creating AISystem for world MainLevel
[2023.05.30-13.08.54:495][815]LogLoad: Game class is 'GM_Survival_C'
[2023.05.30-13.08.54:499][815]LogWorld: Bringing World /Game/Level/MainLevel.MainLevel up for play (max tick rate 0) at 2023.05.30-23.08.54
[2023.05.30-13.08.54:499][815]LogWorld: Bringing up level for play took: 0.004155
[2023.05.30-13.08.54:499][815]LogGameMode: FindPlayerStart: PATHS NOT DEFINED or NO PLAYERSTART with positive rating
[2023.05.30-13.08.54:500][815]LogViewport: Display: Viewport MouseLockMode Changed, DoNotLock -> LockOnCapture
[2023.05.30-13.08.54:500][815]LogViewport: Display: Viewport MouseCaptureMode Changed, NoCapture -> CapturePermanently
[2023.05.30-13.08.54:500][815]LogLoad: Took 0.284697 seconds to LoadMap(/Game/Level/MainLevel)
[2023.05.30-13.09.04:139][785]LogAudio: Warning: Detected orphaned looping sound 'AmbientBuzz'.
[2023.05.30-13.09.24:180][763]LogAudio: Warning: Detected orphaned looping sound 'AmbientMum'.
[2023.05.30-13.09.34:752][744]LogBlueprintUserMessages: [BP_Door_5] Hello
[2023.05.30-13.09.52:466][730]LogBlueprintUserMessages: [BP_Door_5] Hello
[2023.05.30-13.09.56:861][958]LogBlueprintUserMessages: [BP_Door_5] Hello
[2023.05.30-13.10.07:798][  3]LogBlueprintUserMessages: [BP_Door_5] Hello
[2023.05.30-13.10.07:936][ 29]LogPackageName: SearchForPackageOnDisk took   0.045s to resolve MainMenu.umap.
[2023.05.30-13.10.07:982][ 30]LogPackageName: SearchForPackageOnDisk took   0.045s to resolve MainMenu.umap.
[2023.05.30-13.10.07:982][ 30]LogNet: Browse: /Game/Level/MainMenu
[2023.05.30-13.10.07:982][ 30]LogLoad: LoadMap: /Game/Level/MainMenu
[2023.05.30-13.10.07:982][ 30]LogWorld: BeginTearingDown for /Game/Level/MainLevel
[2023.05.30-13.10.07:982][ 30]LogWorld: UWorld::CleanupWorld for MainLevel, bSessionEnded=true, bCleanupResources=true
[2023.05.30-13.10.07:982][ 30]LogSlate: InvalidateAllWidgets triggered.  All widgets were invalidated
[2023.05.30-13.10.08:014][ 30]LogAudio: Display: Audio Device unregistered from world 'None'.
[2023.05.30-13.10.08:018][ 30]LogUObjectHash: Compacting FUObjectHashTables data took   0.54ms
[2023.05.30-13.10.08:042][ 30]LogAudio: Display: Audio Device (ID: 1) registered with world 'MainMenu'.
[2023.05.30-13.10.08:042][ 30]LogAIModule: Creating AISystem for world MainMenu
[2023.05.30-13.10.08:042][ 30]LogLoad: Game class is 'GameModeBase'
[2023.05.30-13.10.08:043][ 30]LogWorld: Bringing World /Game/Level/MainMenu.MainMenu up for play (max tick rate 0) at 2023.05.30-23.10.08
[2023.05.30-13.10.08:043][ 30]LogWorld: Bringing up level for play took: 0.000687
[2023.05.30-13.10.08:044][ 30]LogGameMode: FindPlayerStart: PATHS NOT DEFINED or NO PLAYERSTART with positive rating
[2023.05.30-13.10.08:044][ 30]LogLoad: Took 0.063426 seconds to LoadMap(/Game/Level/MainMenu)
[2023.05.30-13.10.08:045][ 31]LogAudio: Warning: Detected orphaned looping sound 'SC_TitleScreen'.
[2023.05.30-13.10.09:642][211]LogWindowsDesktop: Alt-F4 pressed!
[2023.05.30-13.10.09:646][211]LogSlate: Window 'Project (64-bit Development PCD3D_SM5) ' being destroyed
[2023.05.30-13.10.09:647][211]LogWindowsTextInputMethodSystem: Display: IME system deactivated.
[2023.05.30-13.10.09:649][211]LogWindowsTextInputMethodSystem: Display: IME system deactivated.
[2023.05.30-13.10.09:650][211]LogSlate: Updating window title bar state: overlay mode, drag disabled, window buttons hidden, title bar hidden
[2023.05.30-13.10.09:650][211]LogEngine: All Windows Closed
[2023.05.30-13.10.09:650][211]LogWindows: FPlatformMisc::RequestExit(0)
[2023.05.30-13.10.09:650][211]LogWindows: FPlatformMisc::RequestExitWithStatus(0, 0)
[2023.05.30-13.10.09:650][211]LogCore: Engine exit requested (reason: Win RequestExit)
[2023.05.30-13.10.09:651][212]LogCore: Engine exit requested (reason: EngineExit() was called; note: exit was already requested)
[2023.05.30-13.10.09:651][212]LogInit: Display: PreExit Game.
[2023.05.30-13.10.09:651][212]LogWorld: BeginTearingDown for /Game/Level/MainMenu
[2023.05.30-13.10.09:651][212]LogWorld: UWorld::CleanupWorld for MainMenu, bSessionEnded=true, bCleanupResources=true
[2023.05.30-13.10.09:651][212]LogSlate: InvalidateAllWidgets triggered.  All widgets were invalidated
[2023.05.30-13.10.10:569][212]LogAudio: Display: Beginning Audio Device Manager Shutdown (Module: AudioMixerXAudio2)...
[2023.05.30-13.10.10:569][212]LogAudio: Display: Destroying 1 Remaining Audio Device(s)...
[2023.05.30-13.10.10:569][212]LogAudio: Display: Audio Device unregistered from world 'MainMenu'.
[2023.05.30-13.10.10:609][212]LogAudioMixer: FMixerPlatformXAudio2::StopAudioStream() called
[2023.05.30-13.10.10:610][212]LogAudioMixer: FMixerPlatformXAudio2::StopAudioStream() called
[2023.05.30-13.10.10:612][212]LogAudio: Display: Audio Device Manager Shutdown
[2023.05.30-13.10.10:614][212]LogExit: Preparing to exit.
[2023.05.30-13.10.11:336][212]LogSlate: Updating window title bar state: overlay mode, drag disabled, window buttons hidden, title bar hidden
[2023.05.30-13.10.11:337][212]LogUObjectHash: Compacting FUObjectHashTables data took   0.62ms
[2023.05.30-13.10.11:377][212]LogMoviePlayer: Shutting down movie player
[2023.05.30-13.10.11:559][212]LogDemo: Cleaned up 0 splitscreen connections with owner deletion
[2023.05.30-13.10.11:562][212]LogExit: Game engine shut down
[2023.05.30-13.10.11:592][212]LogExit: Object subsystem successfully closed.
[2023.05.30-13.10.11:605][212]LogShaderCompilers: Display: === FShaderJobCache stats ===
[2023.05.30-13.10.11:605][212]LogShaderCompilers: Display: Total job queries 0, among them cache hits 0 (0.00%)
[2023.05.30-13.10.11:605][212]LogShaderCompilers: Display: Tracking 0 distinct input hashes that result in 0 distinct outputs (0.00%)
[2023.05.30-13.10.11:605][212]LogShaderCompilers: Display: RAM used: 0.00 MB (0.00 GB) of 819.20 MB (0.80 GB) budget. Usage: 0.00%
[2023.05.30-13.10.11:605][212]LogShaderCompilers: Display: ================================================
[2023.05.30-13.10.11:610][212]LogShaderCompilers: Display: Shaders left to compile 0
[2023.05.30-13.10.11:616][212]LogModuleManager: Shutting down and abandoning module SequenceRecorderSections (558)
[2023.05.30-13.10.11:616][212]LogModuleManager: Shutting down and abandoning module SequenceRecorder (556)
[2023.05.30-13.10.11:616][212]LogModuleManager: Shutting down and abandoning module AutomationController (554)
[2023.05.30-13.10.11:616][212]LogModuleManager: Shutting down and abandoning module AutomationWorker (552)
[2023.05.30-13.10.11:616][212]LogModuleManager: Shutting down and abandoning module Voice (550)
[2023.05.30-13.10.11:616][212]LogModuleManager: Shutting down and abandoning module AIModule (548)
[2023.05.30-13.10.11:616][212]LogModuleManager: Shutting down and abandoning module GameplayDebugger (547)
[2023.05.30-13.10.11:616][212]LogModuleManager: Shutting down and abandoning module AITestSuite (545)
[2023.05.30-13.10.11:616][212]LogModuleManager: Shutting down and abandoning module NavigationSystem (543)
[2023.05.30-13.10.11:616][212]LogModuleManager: Shutting down and abandoning module SteamVREditor (540)
[2023.05.30-13.10.11:616][212]LogModuleManager: Shutting down and abandoning module ToolMenus (539)
[2023.05.30-13.10.11:616][212]LogModuleManager: Shutting down and abandoning module OculusMR (536)
[2023.05.30-13.10.11:616][212]LogModuleManager: Shutting down and abandoning module TakeRecorderSources (534)
[2023.05.30-13.10.11:616][212]LogModuleManager: Shutting down and abandoning module TakeRecorder (533)
[2023.05.30-13.10.11:616][212]LogModuleManager: Shutting down and abandoning module TakeTrackRecorders (530)
[2023.05.30-13.10.11:616][212]LogModuleManager: Shutting down and abandoning module TakesCore (528)
[2023.05.30-13.10.11:616][212]LogModuleManager: Shutting down and abandoning module OpenXRInput (526)
[2023.05.30-13.10.11:616][212]LogModuleManager: Shutting down and abandoning module WmfMediaFactory (524)
[2023.05.30-13.10.11:616][212]LogModuleManager: Shutting down and abandoning module WebMMediaFactory (522)
[2023.05.30-13.10.11:616][212]LogModuleManager: Shutting down and abandoning module WebMMedia (520)
[2023.05.30-13.10.11:616][212]LogModuleManager: Shutting down and abandoning module OpenExrWrapper (518)
[2023.05.30-13.10.11:616][212]LogModuleManager: Shutting down and abandoning module ImgMediaFactory (516)
[2023.05.30-13.10.11:616][212]LogModuleManager: Shutting down and abandoning module AvfMediaFactory (514)
[2023.05.30-13.10.11:616][212]LogModuleManager: Shutting down and abandoning module MagicLeapMediaCodecFactory (512)
[2023.05.30-13.10.11:616][212]LogModuleManager: Shutting down and abandoning module MagicLeapMediaFactory (510)
[2023.05.30-13.10.11:616][212]LogModuleManager: Shutting down and abandoning module PlanarCut (508)
[2023.05.30-13.10.11:616][212]LogModuleManager: Shutting down and abandoning module CharacterAI (506)
[2023.05.30-13.10.11:616][212]LogModuleManager: Shutting down and abandoning module SessionServices (504)
[2023.05.30-13.10.11:616][212]LogModuleManager: Shutting down and abandoning module MovieSceneCapture (502)
[2023.05.30-13.10.11:616][212]LogModuleManager: Shutting down and abandoning module LiveCoding (500)
[2023.05.30-13.10.11:616][212]LogModuleManager: Shutting down and abandoning module LevelSequence (498)
[2023.05.30-13.10.11:616][212]LogModuleManager: Shutting down and abandoning module MovieSceneTracks (496)
[2023.05.30-13.10.11:616][212]LogModuleManager: Shutting down and abandoning module MovieScene (494)
[2023.05.30-13.10.11:616][212]LogModuleManager: Shutting down and abandoning module StreamingPauseRendering (492)
[2023.05.30-13.10.11:616][212]LogModuleManager: Shutting down and abandoning module PortalServices (490)
[2023.05.30-13.10.11:616][212]LogModuleManager: Shutting down and abandoning module PortalRpc (488)
[2023.05.30-13.10.11:616][212]LogModuleManager: Shutting down and abandoning module MessagingRpc (486)
[2023.05.30-13.10.11:616][212]LogModuleManager: Shutting down and abandoning module AudioMixerXAudio2 (484)
[2023.05.30-13.10.11:616][212]LogModuleManager: Shutting down and abandoning module AudioMixerCore (483)
[2023.05.30-13.10.11:616][212]LogModuleManager: Shutting down and abandoning module ImageWriteQueue (480)
[2023.05.30-13.10.11:619][212]LogModuleManager: Shutting down and abandoning module ProfilerService (478)
[2023.05.30-13.10.11:691][212]LogModuleManager: Shutting down and abandoning module TaskGraph (476)
[2023.05.30-13.10.11:691][212]LogModuleManager: Shutting down and abandoning module OculusInput (474)
[2023.05.30-13.10.11:691][212]LogModuleManager: Shutting down and abandoning module TakeMovieScene (472)
[2023.05.30-13.10.11:691][212]LogModuleManager: Shutting down and abandoning module Synthesis (470)
[2023.05.30-13.10.11:691][212]LogModuleManager: Shutting down and abandoning module ProceduralMeshComponent (468)
[2023.05.30-13.10.11:691][212]LogModuleManager: Shutting down and abandoning module MobilePatchingUtils (466)
[2023.05.30-13.10.11:691][212]LogModuleManager: Shutting down and abandoning module EditableMesh (464)
[2023.05.30-13.10.11:691][212]LogModuleManager: Shutting down and abandoning module GooglePAD (462)
[2023.05.30-13.10.11:691][212]LogModuleManager: Shutting down and abandoning module CableComponent (460)
[2023.05.30-13.10.11:691][212]LogModuleManager: Shutting down and abandoning module CustomMeshComponent (458)
[2023.05.30-13.10.11:691][212]LogModuleManager: Shutting down and abandoning module AudioCapture (456)
[2023.05.30-13.10.11:691][212]LogModuleManager: Shutting down and abandoning module AudioCaptureRtAudio (455)
[2023.05.30-13.10.11:691][212]LogModuleManager: Shutting down and abandoning module AssetTags (452)
[2023.05.30-13.10.11:691][212]LogModuleManager: Shutting down and abandoning module ArchVisCharacter (450)
[2023.05.30-13.10.11:691][212]LogModuleManager: Shutting down and abandoning module AppleImageUtilsBlueprintSupport (448)
[2023.05.30-13.10.11:691][212]LogModuleManager: Shutting down and abandoning module AppleImageUtils (446)
[2023.05.30-13.10.11:691][212]LogModuleManager: Shutting down and abandoning module AndroidPermission (444)
[2023.05.30-13.10.11:691][212]LogModuleManager: Shutting down and abandoning module ActorLayerUtilities (442)
[2023.05.30-13.10.11:691][212]LogModuleManager: Shutting down and abandoning module TemplateSequence (440)
[2023.05.30-13.10.11:691][212]LogModuleManager: Shutting down and abandoning module MediaCompositing (438)
[2023.05.30-13.10.11:691][212]LogModuleManager: Shutting down and abandoning module ImgMedia (436)
[2023.05.30-13.10.11:691][212]LogModuleManager: Shutting down and abandoning module MagicLeapSharedWorld (434)
[2023.05.30-13.10.11:691][212]LogModuleManager: Shutting down and abandoning module MagicLeapLightEstimation (432)
[2023.05.30-13.10.11:691][212]LogModuleManager: Shutting down and abandoning module MagicLeapHelperVulkan (430)
[2023.05.30-13.10.11:691][212]LogModuleManager: Shutting down and abandoning module MagicLeapHelperOpenGL (428)
[2023.05.30-13.10.11:691][212]LogModuleManager: Shutting down and abandoning module MagicLeapAudio (426)
[2023.05.30-13.10.11:691][212]LogModuleManager: Shutting down and abandoning module OpenImageDenoise (424)
[2023.05.30-13.10.11:691][212]LogOpenImageDenoise: OIDN shutting down
[2023.05.30-13.10.11:691][212]LogModuleManager: Shutting down and abandoning module MotoSynth (422)
[2023.05.30-13.10.11:691][212]LogModuleManager: Shutting down and abandoning module MeshConversion (420)
[2023.05.30-13.10.11:691][212]LogModuleManager: Shutting down and abandoning module DynamicMesh (418)
[2023.05.30-13.10.11:691][212]LogModuleManager: Shutting down and abandoning module GeometryAlgorithms (416)
[2023.05.30-13.10.11:691][212]LogModuleManager: Shutting down and abandoning module GeometricObjects (414)
[2023.05.30-13.10.11:691][212]LogModuleManager: Shutting down and abandoning module GeometryCollectionTracks (412)
[2023.05.30-13.10.11:691][212]LogModuleManager: Shutting down and abandoning module GeometryCollectionSequencer (411)
[2023.05.30-13.10.11:691][212]LogModuleManager: Shutting down and abandoning module GeometryCacheTracks (408)
[2023.05.30-13.10.11:691][212]LogModuleManager: Shutting down and abandoning module GeometryCacheSequencer (407)
[2023.05.30-13.10.11:691][212]LogModuleManager: Shutting down and abandoning module GeometryCache (404)
[2023.05.30-13.10.11:692][212]LogModuleManager: Shutting down and abandoning module GeometryCacheEd (403)
[2023.05.30-13.10.11:692][212]LogModuleManager: Shutting down and abandoning module ChaosNiagara (400)
[2023.05.30-13.10.11:692][212]LogModuleManager: Shutting down and abandoning module FieldSystemEngine (399)
[2023.05.30-13.10.11:692][212]LogModuleManager: Shutting down and abandoning module BackChannel (396)
[2023.05.30-13.10.11:692][212]LogModuleManager: Shutting down and abandoning module AutomationUtils (394)
[2023.05.30-13.10.11:692][212]LogModuleManager: Shutting down and abandoning module VisualStudioSourceCodeAccess (392)
[2023.05.30-13.10.11:692][212]LogModuleManager: Shutting down and abandoning module HotReload (391)
[2023.05.30-13.10.11:692][212]LogModuleManager: Shutting down and abandoning module VisualStudioCodeSourceCodeAccess (388)
[2023.05.30-13.10.11:692][212]LogModuleManager: Shutting down and abandoning module UObjectPlugin (386)
[2023.05.30-13.10.11:692][212]LogModuleManager: Shutting down and abandoning module SubversionSourceControl (384)
[2023.05.30-13.10.11:692][212]LogModuleManager: Shutting down and abandoning module OodleNetworkHandlerComponent (382)
[2023.05.30-13.10.11:692][212]LogModuleManager: Shutting down and abandoning module PerforceSourceControl (380)
[2023.05.30-13.10.11:692][212]LogModuleManager: Shutting down and abandoning module SourceControl (379)
[2023.05.30-13.10.11:692][212]LogModuleManager: Shutting down and abandoning module CLionSourceCodeAccess (376)
[2023.05.30-13.10.11:692][212]LogModuleManager: Shutting down and abandoning module LiveLinkSequencer (374)
[2023.05.30-13.10.11:692][212]LogModuleManager: Shutting down and abandoning module LiveLinkMovieScene (372)
[2023.05.30-13.10.11:692][212]LogModuleManager: Shutting down and abandoning module LiveLinkGraphNode (370)
[2023.05.30-13.10.11:692][212]LogModuleManager: Shutting down and abandoning module LiveLinkComponents (368)
[2023.05.30-13.10.11:692][212]LogModuleManager: Shutting down and abandoning module LiveLink (366)
